[2021-07-23 16:19:56,638] {scheduler_job.py:181} INFO - Started process (PID=809) to work on /home/dennismutia/.virtualenvs/wefarm/lib/python3.8/site-packages/airflow/example_dags/example_kubernetes_executor.py
[2021-07-23 16:19:56,639] {scheduler_job.py:632} INFO - Processing file /home/dennismutia/.virtualenvs/wefarm/lib/python3.8/site-packages/airflow/example_dags/example_kubernetes_executor.py for tasks to queue
[2021-07-23 16:19:56,639] {logging_mixin.py:104} INFO - [2021-07-23 16:19:56,639] {dagbag.py:496} INFO - Filling up the DagBag from /home/dennismutia/.virtualenvs/wefarm/lib/python3.8/site-packages/airflow/example_dags/example_kubernetes_executor.py
[2021-07-23 16:19:56,650] {scheduler_job.py:642} INFO - DAG(s) dict_keys(['example_kubernetes_executor']) retrieved from /home/dennismutia/.virtualenvs/wefarm/lib/python3.8/site-packages/airflow/example_dags/example_kubernetes_executor.py
[2021-07-23 16:19:56,838] {logging_mixin.py:104} INFO - [2021-07-23 16:19:56,838] {dag.py:1833} INFO - Sync 1 DAGs
[2021-07-23 16:19:56,846] {logging_mixin.py:104} INFO - [2021-07-23 16:19:56,846] {dag.py:2306} INFO - Setting next_dagrun for example_kubernetes_executor to None
[2021-07-23 16:19:56,861] {scheduler_job.py:189} INFO - Processing /home/dennismutia/.virtualenvs/wefarm/lib/python3.8/site-packages/airflow/example_dags/example_kubernetes_executor.py took 0.225 seconds
[2021-07-23 16:19:59,512] {scheduler_job.py:181} INFO - Started process (PID=872) to work on /home/dennismutia/.virtualenvs/wefarm/lib/python3.8/site-packages/airflow/example_dags/example_kubernetes_executor.py
[2021-07-23 16:19:59,513] {scheduler_job.py:632} INFO - Processing file /home/dennismutia/.virtualenvs/wefarm/lib/python3.8/site-packages/airflow/example_dags/example_kubernetes_executor.py for tasks to queue
[2021-07-23 16:19:59,513] {logging_mixin.py:104} INFO - [2021-07-23 16:19:59,513] {dagbag.py:496} INFO - Filling up the DagBag from /home/dennismutia/.virtualenvs/wefarm/lib/python3.8/site-packages/airflow/example_dags/example_kubernetes_executor.py
[2021-07-23 16:19:59,526] {scheduler_job.py:642} INFO - DAG(s) dict_keys(['example_kubernetes_executor']) retrieved from /home/dennismutia/.virtualenvs/wefarm/lib/python3.8/site-packages/airflow/example_dags/example_kubernetes_executor.py
[2021-07-23 16:19:59,541] {logging_mixin.py:104} INFO - [2021-07-23 16:19:59,541] {dag.py:1833} INFO - Sync 1 DAGs
[2021-07-23 16:19:59,598] {logging_mixin.py:104} INFO - [2021-07-23 16:19:59,598] {dag.py:2306} INFO - Setting next_dagrun for example_kubernetes_executor to None
[2021-07-23 16:19:59,607] {scheduler_job.py:189} INFO - Processing /home/dennismutia/.virtualenvs/wefarm/lib/python3.8/site-packages/airflow/example_dags/example_kubernetes_executor.py took 0.098 seconds
[2021-07-23 16:20:01,293] {scheduler_job.py:181} INFO - Started process (PID=932) to work on /home/dennismutia/.virtualenvs/wefarm/lib/python3.8/site-packages/airflow/example_dags/example_kubernetes_executor.py
[2021-07-23 16:20:01,294] {scheduler_job.py:632} INFO - Processing file /home/dennismutia/.virtualenvs/wefarm/lib/python3.8/site-packages/airflow/example_dags/example_kubernetes_executor.py for tasks to queue
[2021-07-23 16:20:01,294] {logging_mixin.py:104} INFO - [2021-07-23 16:20:01,294] {dagbag.py:496} INFO - Filling up the DagBag from /home/dennismutia/.virtualenvs/wefarm/lib/python3.8/site-packages/airflow/example_dags/example_kubernetes_executor.py
[2021-07-23 16:20:01,306] {scheduler_job.py:642} INFO - DAG(s) dict_keys(['example_kubernetes_executor']) retrieved from /home/dennismutia/.virtualenvs/wefarm/lib/python3.8/site-packages/airflow/example_dags/example_kubernetes_executor.py
[2021-07-23 16:20:01,327] {logging_mixin.py:104} INFO - [2021-07-23 16:20:01,327] {dag.py:1833} INFO - Sync 1 DAGs
[2021-07-23 16:20:01,379] {logging_mixin.py:104} INFO - [2021-07-23 16:20:01,379] {dag.py:2306} INFO - Setting next_dagrun for example_kubernetes_executor to None
[2021-07-23 16:20:01,389] {scheduler_job.py:189} INFO - Processing /home/dennismutia/.virtualenvs/wefarm/lib/python3.8/site-packages/airflow/example_dags/example_kubernetes_executor.py took 0.098 seconds
[2021-07-23 16:20:03,364] {scheduler_job.py:181} INFO - Started process (PID=1035) to work on /home/dennismutia/.virtualenvs/wefarm/lib/python3.8/site-packages/airflow/example_dags/example_kubernetes_executor.py
[2021-07-23 16:20:03,365] {scheduler_job.py:632} INFO - Processing file /home/dennismutia/.virtualenvs/wefarm/lib/python3.8/site-packages/airflow/example_dags/example_kubernetes_executor.py for tasks to queue
[2021-07-23 16:20:03,365] {logging_mixin.py:104} INFO - [2021-07-23 16:20:03,365] {dagbag.py:496} INFO - Filling up the DagBag from /home/dennismutia/.virtualenvs/wefarm/lib/python3.8/site-packages/airflow/example_dags/example_kubernetes_executor.py
[2021-07-23 16:20:03,378] {scheduler_job.py:642} INFO - DAG(s) dict_keys(['example_kubernetes_executor']) retrieved from /home/dennismutia/.virtualenvs/wefarm/lib/python3.8/site-packages/airflow/example_dags/example_kubernetes_executor.py
[2021-07-23 16:20:03,407] {logging_mixin.py:104} INFO - [2021-07-23 16:20:03,407] {dag.py:1833} INFO - Sync 1 DAGs
[2021-07-23 16:20:03,459] {logging_mixin.py:104} INFO - [2021-07-23 16:20:03,459] {dag.py:2306} INFO - Setting next_dagrun for example_kubernetes_executor to None
[2021-07-23 16:20:03,475] {scheduler_job.py:189} INFO - Processing /home/dennismutia/.virtualenvs/wefarm/lib/python3.8/site-packages/airflow/example_dags/example_kubernetes_executor.py took 0.114 seconds
[2021-07-23 16:20:05,272] {scheduler_job.py:181} INFO - Started process (PID=1103) to work on /home/dennismutia/.virtualenvs/wefarm/lib/python3.8/site-packages/airflow/example_dags/example_kubernetes_executor.py
[2021-07-23 16:20:05,273] {scheduler_job.py:632} INFO - Processing file /home/dennismutia/.virtualenvs/wefarm/lib/python3.8/site-packages/airflow/example_dags/example_kubernetes_executor.py for tasks to queue
[2021-07-23 16:20:05,274] {logging_mixin.py:104} INFO - [2021-07-23 16:20:05,274] {dagbag.py:496} INFO - Filling up the DagBag from /home/dennismutia/.virtualenvs/wefarm/lib/python3.8/site-packages/airflow/example_dags/example_kubernetes_executor.py
[2021-07-23 16:20:05,283] {scheduler_job.py:642} INFO - DAG(s) dict_keys(['example_kubernetes_executor']) retrieved from /home/dennismutia/.virtualenvs/wefarm/lib/python3.8/site-packages/airflow/example_dags/example_kubernetes_executor.py
[2021-07-23 16:20:05,366] {logging_mixin.py:104} INFO - [2021-07-23 16:20:05,366] {dag.py:1833} INFO - Sync 1 DAGs
[2021-07-23 16:20:05,377] {logging_mixin.py:104} INFO - [2021-07-23 16:20:05,377] {dag.py:2306} INFO - Setting next_dagrun for example_kubernetes_executor to None
[2021-07-23 16:20:05,386] {scheduler_job.py:189} INFO - Processing /home/dennismutia/.virtualenvs/wefarm/lib/python3.8/site-packages/airflow/example_dags/example_kubernetes_executor.py took 0.116 seconds
[2021-07-23 16:20:07,134] {scheduler_job.py:181} INFO - Started process (PID=1164) to work on /home/dennismutia/.virtualenvs/wefarm/lib/python3.8/site-packages/airflow/example_dags/example_kubernetes_executor.py
[2021-07-23 16:20:07,135] {scheduler_job.py:632} INFO - Processing file /home/dennismutia/.virtualenvs/wefarm/lib/python3.8/site-packages/airflow/example_dags/example_kubernetes_executor.py for tasks to queue
[2021-07-23 16:20:07,135] {logging_mixin.py:104} INFO - [2021-07-23 16:20:07,135] {dagbag.py:496} INFO - Filling up the DagBag from /home/dennismutia/.virtualenvs/wefarm/lib/python3.8/site-packages/airflow/example_dags/example_kubernetes_executor.py
[2021-07-23 16:20:07,148] {scheduler_job.py:642} INFO - DAG(s) dict_keys(['example_kubernetes_executor']) retrieved from /home/dennismutia/.virtualenvs/wefarm/lib/python3.8/site-packages/airflow/example_dags/example_kubernetes_executor.py
[2021-07-23 16:20:07,232] {logging_mixin.py:104} INFO - [2021-07-23 16:20:07,232] {dag.py:1833} INFO - Sync 1 DAGs
[2021-07-23 16:20:07,243] {logging_mixin.py:104} INFO - [2021-07-23 16:20:07,243] {dag.py:2306} INFO - Setting next_dagrun for example_kubernetes_executor to None
[2021-07-23 16:20:07,253] {scheduler_job.py:189} INFO - Processing /home/dennismutia/.virtualenvs/wefarm/lib/python3.8/site-packages/airflow/example_dags/example_kubernetes_executor.py took 0.122 seconds
[2021-07-23 16:20:09,159] {scheduler_job.py:181} INFO - Started process (PID=1244) to work on /home/dennismutia/.virtualenvs/wefarm/lib/python3.8/site-packages/airflow/example_dags/example_kubernetes_executor.py
[2021-07-23 16:20:09,160] {scheduler_job.py:632} INFO - Processing file /home/dennismutia/.virtualenvs/wefarm/lib/python3.8/site-packages/airflow/example_dags/example_kubernetes_executor.py for tasks to queue
[2021-07-23 16:20:09,160] {logging_mixin.py:104} INFO - [2021-07-23 16:20:09,160] {dagbag.py:496} INFO - Filling up the DagBag from /home/dennismutia/.virtualenvs/wefarm/lib/python3.8/site-packages/airflow/example_dags/example_kubernetes_executor.py
[2021-07-23 16:20:09,175] {scheduler_job.py:642} INFO - DAG(s) dict_keys(['example_kubernetes_executor']) retrieved from /home/dennismutia/.virtualenvs/wefarm/lib/python3.8/site-packages/airflow/example_dags/example_kubernetes_executor.py
[2021-07-23 16:20:09,300] {logging_mixin.py:104} INFO - [2021-07-23 16:20:09,300] {dag.py:1833} INFO - Sync 1 DAGs
[2021-07-23 16:20:09,327] {logging_mixin.py:104} INFO - [2021-07-23 16:20:09,327] {dag.py:2306} INFO - Setting next_dagrun for example_kubernetes_executor to None
[2021-07-23 16:20:09,345] {scheduler_job.py:189} INFO - Processing /home/dennismutia/.virtualenvs/wefarm/lib/python3.8/site-packages/airflow/example_dags/example_kubernetes_executor.py took 0.189 seconds
[2021-07-23 16:20:11,098] {scheduler_job.py:181} INFO - Started process (PID=1306) to work on /home/dennismutia/.virtualenvs/wefarm/lib/python3.8/site-packages/airflow/example_dags/example_kubernetes_executor.py
[2021-07-23 16:20:11,099] {scheduler_job.py:632} INFO - Processing file /home/dennismutia/.virtualenvs/wefarm/lib/python3.8/site-packages/airflow/example_dags/example_kubernetes_executor.py for tasks to queue
[2021-07-23 16:20:11,100] {logging_mixin.py:104} INFO - [2021-07-23 16:20:11,100] {dagbag.py:496} INFO - Filling up the DagBag from /home/dennismutia/.virtualenvs/wefarm/lib/python3.8/site-packages/airflow/example_dags/example_kubernetes_executor.py
[2021-07-23 16:20:11,116] {scheduler_job.py:642} INFO - DAG(s) dict_keys(['example_kubernetes_executor']) retrieved from /home/dennismutia/.virtualenvs/wefarm/lib/python3.8/site-packages/airflow/example_dags/example_kubernetes_executor.py
[2021-07-23 16:20:11,179] {logging_mixin.py:104} INFO - [2021-07-23 16:20:11,179] {dag.py:1833} INFO - Sync 1 DAGs
[2021-07-23 16:20:11,191] {logging_mixin.py:104} INFO - [2021-07-23 16:20:11,189] {dag.py:2306} INFO - Setting next_dagrun for example_kubernetes_executor to None
[2021-07-23 16:20:11,203] {scheduler_job.py:189} INFO - Processing /home/dennismutia/.virtualenvs/wefarm/lib/python3.8/site-packages/airflow/example_dags/example_kubernetes_executor.py took 0.108 seconds
[2021-07-23 16:20:13,136] {scheduler_job.py:181} INFO - Started process (PID=1368) to work on /home/dennismutia/.virtualenvs/wefarm/lib/python3.8/site-packages/airflow/example_dags/example_kubernetes_executor.py
[2021-07-23 16:20:13,137] {scheduler_job.py:632} INFO - Processing file /home/dennismutia/.virtualenvs/wefarm/lib/python3.8/site-packages/airflow/example_dags/example_kubernetes_executor.py for tasks to queue
[2021-07-23 16:20:13,137] {logging_mixin.py:104} INFO - [2021-07-23 16:20:13,137] {dagbag.py:496} INFO - Filling up the DagBag from /home/dennismutia/.virtualenvs/wefarm/lib/python3.8/site-packages/airflow/example_dags/example_kubernetes_executor.py
[2021-07-23 16:20:13,151] {scheduler_job.py:642} INFO - DAG(s) dict_keys(['example_kubernetes_executor']) retrieved from /home/dennismutia/.virtualenvs/wefarm/lib/python3.8/site-packages/airflow/example_dags/example_kubernetes_executor.py
[2021-07-23 16:20:13,237] {logging_mixin.py:104} INFO - [2021-07-23 16:20:13,236] {dag.py:1833} INFO - Sync 1 DAGs
[2021-07-23 16:20:13,252] {logging_mixin.py:104} INFO - [2021-07-23 16:20:13,252] {dag.py:2306} INFO - Setting next_dagrun for example_kubernetes_executor to None
[2021-07-23 16:20:13,263] {scheduler_job.py:189} INFO - Processing /home/dennismutia/.virtualenvs/wefarm/lib/python3.8/site-packages/airflow/example_dags/example_kubernetes_executor.py took 0.131 seconds
[2021-07-23 16:20:15,504] {scheduler_job.py:181} INFO - Started process (PID=1428) to work on /home/dennismutia/.virtualenvs/wefarm/lib/python3.8/site-packages/airflow/example_dags/example_kubernetes_executor.py
[2021-07-23 16:20:15,505] {scheduler_job.py:632} INFO - Processing file /home/dennismutia/.virtualenvs/wefarm/lib/python3.8/site-packages/airflow/example_dags/example_kubernetes_executor.py for tasks to queue
[2021-07-23 16:20:15,505] {logging_mixin.py:104} INFO - [2021-07-23 16:20:15,505] {dagbag.py:496} INFO - Filling up the DagBag from /home/dennismutia/.virtualenvs/wefarm/lib/python3.8/site-packages/airflow/example_dags/example_kubernetes_executor.py
[2021-07-23 16:20:15,526] {scheduler_job.py:642} INFO - DAG(s) dict_keys(['example_kubernetes_executor']) retrieved from /home/dennismutia/.virtualenvs/wefarm/lib/python3.8/site-packages/airflow/example_dags/example_kubernetes_executor.py
[2021-07-23 16:20:15,612] {logging_mixin.py:104} INFO - [2021-07-23 16:20:15,612] {dag.py:1833} INFO - Sync 1 DAGs
[2021-07-23 16:20:15,627] {logging_mixin.py:104} INFO - [2021-07-23 16:20:15,627] {dag.py:2306} INFO - Setting next_dagrun for example_kubernetes_executor to None
[2021-07-23 16:20:15,642] {scheduler_job.py:189} INFO - Processing /home/dennismutia/.virtualenvs/wefarm/lib/python3.8/site-packages/airflow/example_dags/example_kubernetes_executor.py took 0.142 seconds
[2021-07-23 16:20:17,925] {scheduler_job.py:181} INFO - Started process (PID=1488) to work on /home/dennismutia/.virtualenvs/wefarm/lib/python3.8/site-packages/airflow/example_dags/example_kubernetes_executor.py
[2021-07-23 16:20:17,929] {scheduler_job.py:632} INFO - Processing file /home/dennismutia/.virtualenvs/wefarm/lib/python3.8/site-packages/airflow/example_dags/example_kubernetes_executor.py for tasks to queue
[2021-07-23 16:20:17,931] {logging_mixin.py:104} INFO - [2021-07-23 16:20:17,931] {dagbag.py:496} INFO - Filling up the DagBag from /home/dennismutia/.virtualenvs/wefarm/lib/python3.8/site-packages/airflow/example_dags/example_kubernetes_executor.py
[2021-07-23 16:20:17,950] {scheduler_job.py:642} INFO - DAG(s) dict_keys(['example_kubernetes_executor']) retrieved from /home/dennismutia/.virtualenvs/wefarm/lib/python3.8/site-packages/airflow/example_dags/example_kubernetes_executor.py
[2021-07-23 16:20:18,027] {logging_mixin.py:104} INFO - [2021-07-23 16:20:18,027] {dag.py:1833} INFO - Sync 1 DAGs
[2021-07-23 16:20:18,041] {logging_mixin.py:104} INFO - [2021-07-23 16:20:18,041] {dag.py:2306} INFO - Setting next_dagrun for example_kubernetes_executor to None
[2021-07-23 16:20:18,058] {scheduler_job.py:189} INFO - Processing /home/dennismutia/.virtualenvs/wefarm/lib/python3.8/site-packages/airflow/example_dags/example_kubernetes_executor.py took 0.137 seconds
[2021-07-23 16:20:20,244] {scheduler_job.py:181} INFO - Started process (PID=1548) to work on /home/dennismutia/.virtualenvs/wefarm/lib/python3.8/site-packages/airflow/example_dags/example_kubernetes_executor.py
[2021-07-23 16:20:20,245] {scheduler_job.py:632} INFO - Processing file /home/dennismutia/.virtualenvs/wefarm/lib/python3.8/site-packages/airflow/example_dags/example_kubernetes_executor.py for tasks to queue
[2021-07-23 16:20:20,246] {logging_mixin.py:104} INFO - [2021-07-23 16:20:20,246] {dagbag.py:496} INFO - Filling up the DagBag from /home/dennismutia/.virtualenvs/wefarm/lib/python3.8/site-packages/airflow/example_dags/example_kubernetes_executor.py
[2021-07-23 16:20:20,263] {scheduler_job.py:642} INFO - DAG(s) dict_keys(['example_kubernetes_executor']) retrieved from /home/dennismutia/.virtualenvs/wefarm/lib/python3.8/site-packages/airflow/example_dags/example_kubernetes_executor.py
[2021-07-23 16:20:20,340] {logging_mixin.py:104} INFO - [2021-07-23 16:20:20,340] {dag.py:1833} INFO - Sync 1 DAGs
[2021-07-23 16:20:20,355] {logging_mixin.py:104} INFO - [2021-07-23 16:20:20,355] {dag.py:2306} INFO - Setting next_dagrun for example_kubernetes_executor to None
[2021-07-23 16:20:20,371] {scheduler_job.py:189} INFO - Processing /home/dennismutia/.virtualenvs/wefarm/lib/python3.8/site-packages/airflow/example_dags/example_kubernetes_executor.py took 0.130 seconds
[2021-07-23 16:20:22,685] {scheduler_job.py:181} INFO - Started process (PID=1610) to work on /home/dennismutia/.virtualenvs/wefarm/lib/python3.8/site-packages/airflow/example_dags/example_kubernetes_executor.py
[2021-07-23 16:20:22,688] {scheduler_job.py:632} INFO - Processing file /home/dennismutia/.virtualenvs/wefarm/lib/python3.8/site-packages/airflow/example_dags/example_kubernetes_executor.py for tasks to queue
[2021-07-23 16:20:22,690] {logging_mixin.py:104} INFO - [2021-07-23 16:20:22,690] {dagbag.py:496} INFO - Filling up the DagBag from /home/dennismutia/.virtualenvs/wefarm/lib/python3.8/site-packages/airflow/example_dags/example_kubernetes_executor.py
[2021-07-23 16:20:22,729] {scheduler_job.py:642} INFO - DAG(s) dict_keys(['example_kubernetes_executor']) retrieved from /home/dennismutia/.virtualenvs/wefarm/lib/python3.8/site-packages/airflow/example_dags/example_kubernetes_executor.py
[2021-07-23 16:20:22,869] {logging_mixin.py:104} INFO - [2021-07-23 16:20:22,868] {dag.py:1833} INFO - Sync 1 DAGs
[2021-07-23 16:20:22,889] {logging_mixin.py:104} INFO - [2021-07-23 16:20:22,889] {dag.py:2306} INFO - Setting next_dagrun for example_kubernetes_executor to None
[2021-07-23 16:20:22,911] {scheduler_job.py:189} INFO - Processing /home/dennismutia/.virtualenvs/wefarm/lib/python3.8/site-packages/airflow/example_dags/example_kubernetes_executor.py took 0.229 seconds
[2021-07-23 16:20:25,538] {scheduler_job.py:181} INFO - Started process (PID=1674) to work on /home/dennismutia/.virtualenvs/wefarm/lib/python3.8/site-packages/airflow/example_dags/example_kubernetes_executor.py
[2021-07-23 16:20:25,541] {scheduler_job.py:632} INFO - Processing file /home/dennismutia/.virtualenvs/wefarm/lib/python3.8/site-packages/airflow/example_dags/example_kubernetes_executor.py for tasks to queue
[2021-07-23 16:20:25,542] {logging_mixin.py:104} INFO - [2021-07-23 16:20:25,542] {dagbag.py:496} INFO - Filling up the DagBag from /home/dennismutia/.virtualenvs/wefarm/lib/python3.8/site-packages/airflow/example_dags/example_kubernetes_executor.py
[2021-07-23 16:20:25,563] {scheduler_job.py:642} INFO - DAG(s) dict_keys(['example_kubernetes_executor']) retrieved from /home/dennismutia/.virtualenvs/wefarm/lib/python3.8/site-packages/airflow/example_dags/example_kubernetes_executor.py
[2021-07-23 16:20:25,710] {logging_mixin.py:104} INFO - [2021-07-23 16:20:25,710] {dag.py:1833} INFO - Sync 1 DAGs
[2021-07-23 16:20:25,730] {logging_mixin.py:104} INFO - [2021-07-23 16:20:25,730] {dag.py:2306} INFO - Setting next_dagrun for example_kubernetes_executor to None
[2021-07-23 16:20:25,751] {scheduler_job.py:189} INFO - Processing /home/dennismutia/.virtualenvs/wefarm/lib/python3.8/site-packages/airflow/example_dags/example_kubernetes_executor.py took 0.218 seconds
[2021-07-23 16:20:28,935] {scheduler_job.py:181} INFO - Started process (PID=1734) to work on /home/dennismutia/.virtualenvs/wefarm/lib/python3.8/site-packages/airflow/example_dags/example_kubernetes_executor.py
[2021-07-23 16:20:28,936] {scheduler_job.py:632} INFO - Processing file /home/dennismutia/.virtualenvs/wefarm/lib/python3.8/site-packages/airflow/example_dags/example_kubernetes_executor.py for tasks to queue
[2021-07-23 16:20:28,937] {logging_mixin.py:104} INFO - [2021-07-23 16:20:28,937] {dagbag.py:496} INFO - Filling up the DagBag from /home/dennismutia/.virtualenvs/wefarm/lib/python3.8/site-packages/airflow/example_dags/example_kubernetes_executor.py
[2021-07-23 16:20:28,972] {scheduler_job.py:642} INFO - DAG(s) dict_keys(['example_kubernetes_executor']) retrieved from /home/dennismutia/.virtualenvs/wefarm/lib/python3.8/site-packages/airflow/example_dags/example_kubernetes_executor.py
[2021-07-23 16:20:29,188] {logging_mixin.py:104} INFO - [2021-07-23 16:20:29,188] {dag.py:1833} INFO - Sync 1 DAGs
[2021-07-23 16:20:29,202] {logging_mixin.py:104} INFO - [2021-07-23 16:20:29,202] {dag.py:2306} INFO - Setting next_dagrun for example_kubernetes_executor to None
[2021-07-23 16:20:29,214] {scheduler_job.py:189} INFO - Processing /home/dennismutia/.virtualenvs/wefarm/lib/python3.8/site-packages/airflow/example_dags/example_kubernetes_executor.py took 0.283 seconds
[2021-07-23 16:20:38,216] {scheduler_job.py:181} INFO - Started process (PID=1814) to work on /home/dennismutia/.virtualenvs/wefarm/lib/python3.8/site-packages/airflow/example_dags/example_kubernetes_executor.py
[2021-07-23 16:20:38,229] {scheduler_job.py:632} INFO - Processing file /home/dennismutia/.virtualenvs/wefarm/lib/python3.8/site-packages/airflow/example_dags/example_kubernetes_executor.py for tasks to queue
[2021-07-23 16:20:38,231] {logging_mixin.py:104} INFO - [2021-07-23 16:20:38,231] {dagbag.py:496} INFO - Filling up the DagBag from /home/dennismutia/.virtualenvs/wefarm/lib/python3.8/site-packages/airflow/example_dags/example_kubernetes_executor.py
[2021-07-23 16:20:38,269] {scheduler_job.py:642} INFO - DAG(s) dict_keys(['example_kubernetes_executor']) retrieved from /home/dennismutia/.virtualenvs/wefarm/lib/python3.8/site-packages/airflow/example_dags/example_kubernetes_executor.py
[2021-07-23 16:20:38,549] {logging_mixin.py:104} INFO - [2021-07-23 16:20:38,549] {dag.py:1833} INFO - Sync 1 DAGs
[2021-07-23 16:20:38,575] {logging_mixin.py:104} INFO - [2021-07-23 16:20:38,575] {dag.py:2306} INFO - Setting next_dagrun for example_kubernetes_executor to None
[2021-07-23 16:20:38,611] {scheduler_job.py:189} INFO - Processing /home/dennismutia/.virtualenvs/wefarm/lib/python3.8/site-packages/airflow/example_dags/example_kubernetes_executor.py took 0.399 seconds
[2021-07-23 16:20:44,704] {scheduler_job.py:181} INFO - Started process (PID=1876) to work on /home/dennismutia/.virtualenvs/wefarm/lib/python3.8/site-packages/airflow/example_dags/example_kubernetes_executor.py
[2021-07-23 16:20:44,706] {scheduler_job.py:632} INFO - Processing file /home/dennismutia/.virtualenvs/wefarm/lib/python3.8/site-packages/airflow/example_dags/example_kubernetes_executor.py for tasks to queue
[2021-07-23 16:20:44,707] {logging_mixin.py:104} INFO - [2021-07-23 16:20:44,707] {dagbag.py:496} INFO - Filling up the DagBag from /home/dennismutia/.virtualenvs/wefarm/lib/python3.8/site-packages/airflow/example_dags/example_kubernetes_executor.py
[2021-07-23 16:20:44,772] {scheduler_job.py:642} INFO - DAG(s) dict_keys(['example_kubernetes_executor']) retrieved from /home/dennismutia/.virtualenvs/wefarm/lib/python3.8/site-packages/airflow/example_dags/example_kubernetes_executor.py
[2021-07-23 16:20:45,048] {logging_mixin.py:104} INFO - [2021-07-23 16:20:45,048] {dag.py:1833} INFO - Sync 1 DAGs
[2021-07-23 16:20:45,075] {logging_mixin.py:104} INFO - [2021-07-23 16:20:45,074] {dag.py:2306} INFO - Setting next_dagrun for example_kubernetes_executor to None
[2021-07-23 16:20:45,140] {scheduler_job.py:189} INFO - Processing /home/dennismutia/.virtualenvs/wefarm/lib/python3.8/site-packages/airflow/example_dags/example_kubernetes_executor.py took 0.441 seconds
[2021-07-23 16:20:52,227] {scheduler_job.py:181} INFO - Started process (PID=1937) to work on /home/dennismutia/.virtualenvs/wefarm/lib/python3.8/site-packages/airflow/example_dags/example_kubernetes_executor.py
[2021-07-23 16:20:52,257] {scheduler_job.py:632} INFO - Processing file /home/dennismutia/.virtualenvs/wefarm/lib/python3.8/site-packages/airflow/example_dags/example_kubernetes_executor.py for tasks to queue
[2021-07-23 16:20:52,258] {logging_mixin.py:104} INFO - [2021-07-23 16:20:52,258] {dagbag.py:496} INFO - Filling up the DagBag from /home/dennismutia/.virtualenvs/wefarm/lib/python3.8/site-packages/airflow/example_dags/example_kubernetes_executor.py
[2021-07-23 16:20:52,379] {scheduler_job.py:642} INFO - DAG(s) dict_keys(['example_kubernetes_executor']) retrieved from /home/dennismutia/.virtualenvs/wefarm/lib/python3.8/site-packages/airflow/example_dags/example_kubernetes_executor.py
[2021-07-23 16:20:52,564] {logging_mixin.py:104} INFO - [2021-07-23 16:20:52,564] {dag.py:1833} INFO - Sync 1 DAGs
[2021-07-23 16:20:52,585] {logging_mixin.py:104} INFO - [2021-07-23 16:20:52,585] {dag.py:2306} INFO - Setting next_dagrun for example_kubernetes_executor to None
[2021-07-23 16:20:52,607] {scheduler_job.py:189} INFO - Processing /home/dennismutia/.virtualenvs/wefarm/lib/python3.8/site-packages/airflow/example_dags/example_kubernetes_executor.py took 0.384 seconds
[2021-07-23 16:20:57,001] {scheduler_job.py:181} INFO - Started process (PID=1997) to work on /home/dennismutia/.virtualenvs/wefarm/lib/python3.8/site-packages/airflow/example_dags/example_kubernetes_executor.py
[2021-07-23 16:20:57,002] {scheduler_job.py:632} INFO - Processing file /home/dennismutia/.virtualenvs/wefarm/lib/python3.8/site-packages/airflow/example_dags/example_kubernetes_executor.py for tasks to queue
[2021-07-23 16:20:57,003] {logging_mixin.py:104} INFO - [2021-07-23 16:20:57,003] {dagbag.py:496} INFO - Filling up the DagBag from /home/dennismutia/.virtualenvs/wefarm/lib/python3.8/site-packages/airflow/example_dags/example_kubernetes_executor.py
[2021-07-23 16:20:57,024] {scheduler_job.py:642} INFO - DAG(s) dict_keys(['example_kubernetes_executor']) retrieved from /home/dennismutia/.virtualenvs/wefarm/lib/python3.8/site-packages/airflow/example_dags/example_kubernetes_executor.py
[2021-07-23 16:20:57,117] {logging_mixin.py:104} INFO - [2021-07-23 16:20:57,117] {dag.py:1833} INFO - Sync 1 DAGs
[2021-07-23 16:20:57,135] {logging_mixin.py:104} INFO - [2021-07-23 16:20:57,135] {dag.py:2306} INFO - Setting next_dagrun for example_kubernetes_executor to None
[2021-07-23 16:20:57,151] {scheduler_job.py:189} INFO - Processing /home/dennismutia/.virtualenvs/wefarm/lib/python3.8/site-packages/airflow/example_dags/example_kubernetes_executor.py took 0.154 seconds
[2021-07-23 16:21:00,387] {scheduler_job.py:181} INFO - Started process (PID=2057) to work on /home/dennismutia/.virtualenvs/wefarm/lib/python3.8/site-packages/airflow/example_dags/example_kubernetes_executor.py
[2021-07-23 16:21:00,388] {scheduler_job.py:632} INFO - Processing file /home/dennismutia/.virtualenvs/wefarm/lib/python3.8/site-packages/airflow/example_dags/example_kubernetes_executor.py for tasks to queue
[2021-07-23 16:21:00,389] {logging_mixin.py:104} INFO - [2021-07-23 16:21:00,389] {dagbag.py:496} INFO - Filling up the DagBag from /home/dennismutia/.virtualenvs/wefarm/lib/python3.8/site-packages/airflow/example_dags/example_kubernetes_executor.py
[2021-07-23 16:21:00,406] {scheduler_job.py:642} INFO - DAG(s) dict_keys(['example_kubernetes_executor']) retrieved from /home/dennismutia/.virtualenvs/wefarm/lib/python3.8/site-packages/airflow/example_dags/example_kubernetes_executor.py
[2021-07-23 16:21:00,496] {logging_mixin.py:104} INFO - [2021-07-23 16:21:00,496] {dag.py:1833} INFO - Sync 1 DAGs
[2021-07-23 16:21:00,510] {logging_mixin.py:104} INFO - [2021-07-23 16:21:00,510] {dag.py:2306} INFO - Setting next_dagrun for example_kubernetes_executor to None
[2021-07-23 16:21:00,521] {scheduler_job.py:189} INFO - Processing /home/dennismutia/.virtualenvs/wefarm/lib/python3.8/site-packages/airflow/example_dags/example_kubernetes_executor.py took 0.144 seconds
[2021-07-23 16:21:04,355] {scheduler_job.py:181} INFO - Started process (PID=2117) to work on /home/dennismutia/.virtualenvs/wefarm/lib/python3.8/site-packages/airflow/example_dags/example_kubernetes_executor.py
[2021-07-23 16:21:04,358] {scheduler_job.py:632} INFO - Processing file /home/dennismutia/.virtualenvs/wefarm/lib/python3.8/site-packages/airflow/example_dags/example_kubernetes_executor.py for tasks to queue
[2021-07-23 16:21:04,359] {logging_mixin.py:104} INFO - [2021-07-23 16:21:04,359] {dagbag.py:496} INFO - Filling up the DagBag from /home/dennismutia/.virtualenvs/wefarm/lib/python3.8/site-packages/airflow/example_dags/example_kubernetes_executor.py
[2021-07-23 16:21:04,380] {scheduler_job.py:642} INFO - DAG(s) dict_keys(['example_kubernetes_executor']) retrieved from /home/dennismutia/.virtualenvs/wefarm/lib/python3.8/site-packages/airflow/example_dags/example_kubernetes_executor.py
[2021-07-23 16:21:04,506] {logging_mixin.py:104} INFO - [2021-07-23 16:21:04,505] {dag.py:1833} INFO - Sync 1 DAGs
[2021-07-23 16:21:04,526] {logging_mixin.py:104} INFO - [2021-07-23 16:21:04,526] {dag.py:2306} INFO - Setting next_dagrun for example_kubernetes_executor to None
[2021-07-23 16:21:04,551] {scheduler_job.py:189} INFO - Processing /home/dennismutia/.virtualenvs/wefarm/lib/python3.8/site-packages/airflow/example_dags/example_kubernetes_executor.py took 0.201 seconds
[2021-07-23 16:21:06,950] {scheduler_job.py:181} INFO - Started process (PID=2177) to work on /home/dennismutia/.virtualenvs/wefarm/lib/python3.8/site-packages/airflow/example_dags/example_kubernetes_executor.py
[2021-07-23 16:21:06,951] {scheduler_job.py:632} INFO - Processing file /home/dennismutia/.virtualenvs/wefarm/lib/python3.8/site-packages/airflow/example_dags/example_kubernetes_executor.py for tasks to queue
[2021-07-23 16:21:06,952] {logging_mixin.py:104} INFO - [2021-07-23 16:21:06,952] {dagbag.py:496} INFO - Filling up the DagBag from /home/dennismutia/.virtualenvs/wefarm/lib/python3.8/site-packages/airflow/example_dags/example_kubernetes_executor.py
[2021-07-23 16:21:06,972] {scheduler_job.py:642} INFO - DAG(s) dict_keys(['example_kubernetes_executor']) retrieved from /home/dennismutia/.virtualenvs/wefarm/lib/python3.8/site-packages/airflow/example_dags/example_kubernetes_executor.py
[2021-07-23 16:21:07,073] {logging_mixin.py:104} INFO - [2021-07-23 16:21:07,073] {dag.py:1833} INFO - Sync 1 DAGs
[2021-07-23 16:21:07,091] {logging_mixin.py:104} INFO - [2021-07-23 16:21:07,091] {dag.py:2306} INFO - Setting next_dagrun for example_kubernetes_executor to None
[2021-07-23 16:21:07,107] {scheduler_job.py:189} INFO - Processing /home/dennismutia/.virtualenvs/wefarm/lib/python3.8/site-packages/airflow/example_dags/example_kubernetes_executor.py took 0.162 seconds
[2021-07-23 16:21:10,026] {scheduler_job.py:181} INFO - Started process (PID=2281) to work on /home/dennismutia/.virtualenvs/wefarm/lib/python3.8/site-packages/airflow/example_dags/example_kubernetes_executor.py
[2021-07-23 16:21:10,027] {scheduler_job.py:632} INFO - Processing file /home/dennismutia/.virtualenvs/wefarm/lib/python3.8/site-packages/airflow/example_dags/example_kubernetes_executor.py for tasks to queue
[2021-07-23 16:21:10,028] {logging_mixin.py:104} INFO - [2021-07-23 16:21:10,027] {dagbag.py:496} INFO - Filling up the DagBag from /home/dennismutia/.virtualenvs/wefarm/lib/python3.8/site-packages/airflow/example_dags/example_kubernetes_executor.py
[2021-07-23 16:21:10,060] {scheduler_job.py:642} INFO - DAG(s) dict_keys(['example_kubernetes_executor']) retrieved from /home/dennismutia/.virtualenvs/wefarm/lib/python3.8/site-packages/airflow/example_dags/example_kubernetes_executor.py
[2021-07-23 16:21:10,145] {logging_mixin.py:104} INFO - [2021-07-23 16:21:10,144] {dag.py:1833} INFO - Sync 1 DAGs
[2021-07-23 16:21:10,158] {logging_mixin.py:104} INFO - [2021-07-23 16:21:10,158] {dag.py:2306} INFO - Setting next_dagrun for example_kubernetes_executor to None
[2021-07-23 16:21:10,172] {scheduler_job.py:189} INFO - Processing /home/dennismutia/.virtualenvs/wefarm/lib/python3.8/site-packages/airflow/example_dags/example_kubernetes_executor.py took 0.149 seconds
[2021-07-23 16:21:12,763] {scheduler_job.py:181} INFO - Started process (PID=2349) to work on /home/dennismutia/.virtualenvs/wefarm/lib/python3.8/site-packages/airflow/example_dags/example_kubernetes_executor.py
[2021-07-23 16:21:12,764] {scheduler_job.py:632} INFO - Processing file /home/dennismutia/.virtualenvs/wefarm/lib/python3.8/site-packages/airflow/example_dags/example_kubernetes_executor.py for tasks to queue
[2021-07-23 16:21:12,765] {logging_mixin.py:104} INFO - [2021-07-23 16:21:12,765] {dagbag.py:496} INFO - Filling up the DagBag from /home/dennismutia/.virtualenvs/wefarm/lib/python3.8/site-packages/airflow/example_dags/example_kubernetes_executor.py
[2021-07-23 16:21:12,780] {scheduler_job.py:642} INFO - DAG(s) dict_keys(['example_kubernetes_executor']) retrieved from /home/dennismutia/.virtualenvs/wefarm/lib/python3.8/site-packages/airflow/example_dags/example_kubernetes_executor.py
[2021-07-23 16:21:12,883] {logging_mixin.py:104} INFO - [2021-07-23 16:21:12,883] {dag.py:1833} INFO - Sync 1 DAGs
[2021-07-23 16:21:12,896] {logging_mixin.py:104} INFO - [2021-07-23 16:21:12,896] {dag.py:2306} INFO - Setting next_dagrun for example_kubernetes_executor to None
[2021-07-23 16:21:12,908] {scheduler_job.py:189} INFO - Processing /home/dennismutia/.virtualenvs/wefarm/lib/python3.8/site-packages/airflow/example_dags/example_kubernetes_executor.py took 0.149 seconds
[2021-07-23 16:21:15,222] {scheduler_job.py:181} INFO - Started process (PID=2408) to work on /home/dennismutia/.virtualenvs/wefarm/lib/python3.8/site-packages/airflow/example_dags/example_kubernetes_executor.py
[2021-07-23 16:21:15,223] {scheduler_job.py:632} INFO - Processing file /home/dennismutia/.virtualenvs/wefarm/lib/python3.8/site-packages/airflow/example_dags/example_kubernetes_executor.py for tasks to queue
[2021-07-23 16:21:15,224] {logging_mixin.py:104} INFO - [2021-07-23 16:21:15,224] {dagbag.py:496} INFO - Filling up the DagBag from /home/dennismutia/.virtualenvs/wefarm/lib/python3.8/site-packages/airflow/example_dags/example_kubernetes_executor.py
[2021-07-23 16:21:15,241] {scheduler_job.py:642} INFO - DAG(s) dict_keys(['example_kubernetes_executor']) retrieved from /home/dennismutia/.virtualenvs/wefarm/lib/python3.8/site-packages/airflow/example_dags/example_kubernetes_executor.py
[2021-07-23 16:21:15,329] {logging_mixin.py:104} INFO - [2021-07-23 16:21:15,329] {dag.py:1833} INFO - Sync 1 DAGs
[2021-07-23 16:21:15,342] {logging_mixin.py:104} INFO - [2021-07-23 16:21:15,342] {dag.py:2306} INFO - Setting next_dagrun for example_kubernetes_executor to None
[2021-07-23 16:21:15,357] {scheduler_job.py:189} INFO - Processing /home/dennismutia/.virtualenvs/wefarm/lib/python3.8/site-packages/airflow/example_dags/example_kubernetes_executor.py took 0.139 seconds
[2021-07-23 16:21:17,609] {scheduler_job.py:181} INFO - Started process (PID=2469) to work on /home/dennismutia/.virtualenvs/wefarm/lib/python3.8/site-packages/airflow/example_dags/example_kubernetes_executor.py
[2021-07-23 16:21:17,611] {scheduler_job.py:632} INFO - Processing file /home/dennismutia/.virtualenvs/wefarm/lib/python3.8/site-packages/airflow/example_dags/example_kubernetes_executor.py for tasks to queue
[2021-07-23 16:21:17,611] {logging_mixin.py:104} INFO - [2021-07-23 16:21:17,611] {dagbag.py:496} INFO - Filling up the DagBag from /home/dennismutia/.virtualenvs/wefarm/lib/python3.8/site-packages/airflow/example_dags/example_kubernetes_executor.py
[2021-07-23 16:21:17,625] {scheduler_job.py:642} INFO - DAG(s) dict_keys(['example_kubernetes_executor']) retrieved from /home/dennismutia/.virtualenvs/wefarm/lib/python3.8/site-packages/airflow/example_dags/example_kubernetes_executor.py
[2021-07-23 16:21:17,704] {logging_mixin.py:104} INFO - [2021-07-23 16:21:17,703] {dag.py:1833} INFO - Sync 1 DAGs
[2021-07-23 16:21:17,718] {logging_mixin.py:104} INFO - [2021-07-23 16:21:17,718] {dag.py:2306} INFO - Setting next_dagrun for example_kubernetes_executor to None
[2021-07-23 16:21:17,729] {scheduler_job.py:189} INFO - Processing /home/dennismutia/.virtualenvs/wefarm/lib/python3.8/site-packages/airflow/example_dags/example_kubernetes_executor.py took 0.123 seconds
[2021-07-23 16:21:19,863] {scheduler_job.py:181} INFO - Started process (PID=2528) to work on /home/dennismutia/.virtualenvs/wefarm/lib/python3.8/site-packages/airflow/example_dags/example_kubernetes_executor.py
[2021-07-23 16:21:19,865] {scheduler_job.py:632} INFO - Processing file /home/dennismutia/.virtualenvs/wefarm/lib/python3.8/site-packages/airflow/example_dags/example_kubernetes_executor.py for tasks to queue
[2021-07-23 16:21:19,868] {logging_mixin.py:104} INFO - [2021-07-23 16:21:19,867] {dagbag.py:496} INFO - Filling up the DagBag from /home/dennismutia/.virtualenvs/wefarm/lib/python3.8/site-packages/airflow/example_dags/example_kubernetes_executor.py
[2021-07-23 16:21:19,884] {scheduler_job.py:642} INFO - DAG(s) dict_keys(['example_kubernetes_executor']) retrieved from /home/dennismutia/.virtualenvs/wefarm/lib/python3.8/site-packages/airflow/example_dags/example_kubernetes_executor.py
[2021-07-23 16:21:19,970] {logging_mixin.py:104} INFO - [2021-07-23 16:21:19,970] {dag.py:1833} INFO - Sync 1 DAGs
[2021-07-23 16:21:19,984] {logging_mixin.py:104} INFO - [2021-07-23 16:21:19,984] {dag.py:2306} INFO - Setting next_dagrun for example_kubernetes_executor to None
[2021-07-23 16:21:20,000] {scheduler_job.py:189} INFO - Processing /home/dennismutia/.virtualenvs/wefarm/lib/python3.8/site-packages/airflow/example_dags/example_kubernetes_executor.py took 0.145 seconds
[2021-07-23 16:21:22,415] {scheduler_job.py:181} INFO - Started process (PID=2589) to work on /home/dennismutia/.virtualenvs/wefarm/lib/python3.8/site-packages/airflow/example_dags/example_kubernetes_executor.py
[2021-07-23 16:21:22,417] {scheduler_job.py:632} INFO - Processing file /home/dennismutia/.virtualenvs/wefarm/lib/python3.8/site-packages/airflow/example_dags/example_kubernetes_executor.py for tasks to queue
[2021-07-23 16:21:22,422] {logging_mixin.py:104} INFO - [2021-07-23 16:21:22,422] {dagbag.py:496} INFO - Filling up the DagBag from /home/dennismutia/.virtualenvs/wefarm/lib/python3.8/site-packages/airflow/example_dags/example_kubernetes_executor.py
[2021-07-23 16:21:22,444] {scheduler_job.py:642} INFO - DAG(s) dict_keys(['example_kubernetes_executor']) retrieved from /home/dennismutia/.virtualenvs/wefarm/lib/python3.8/site-packages/airflow/example_dags/example_kubernetes_executor.py
[2021-07-23 16:21:22,532] {logging_mixin.py:104} INFO - [2021-07-23 16:21:22,531] {dag.py:1833} INFO - Sync 1 DAGs
[2021-07-23 16:21:22,572] {logging_mixin.py:104} INFO - [2021-07-23 16:21:22,572] {dag.py:2306} INFO - Setting next_dagrun for example_kubernetes_executor to None
[2021-07-23 16:21:22,625] {scheduler_job.py:189} INFO - Processing /home/dennismutia/.virtualenvs/wefarm/lib/python3.8/site-packages/airflow/example_dags/example_kubernetes_executor.py took 0.213 seconds
[2021-07-23 16:21:24,861] {scheduler_job.py:181} INFO - Started process (PID=2649) to work on /home/dennismutia/.virtualenvs/wefarm/lib/python3.8/site-packages/airflow/example_dags/example_kubernetes_executor.py
[2021-07-23 16:21:24,862] {scheduler_job.py:632} INFO - Processing file /home/dennismutia/.virtualenvs/wefarm/lib/python3.8/site-packages/airflow/example_dags/example_kubernetes_executor.py for tasks to queue
[2021-07-23 16:21:24,863] {logging_mixin.py:104} INFO - [2021-07-23 16:21:24,863] {dagbag.py:496} INFO - Filling up the DagBag from /home/dennismutia/.virtualenvs/wefarm/lib/python3.8/site-packages/airflow/example_dags/example_kubernetes_executor.py
[2021-07-23 16:21:24,877] {scheduler_job.py:642} INFO - DAG(s) dict_keys(['example_kubernetes_executor']) retrieved from /home/dennismutia/.virtualenvs/wefarm/lib/python3.8/site-packages/airflow/example_dags/example_kubernetes_executor.py
[2021-07-23 16:21:24,949] {logging_mixin.py:104} INFO - [2021-07-23 16:21:24,949] {dag.py:1833} INFO - Sync 1 DAGs
[2021-07-23 16:21:24,963] {logging_mixin.py:104} INFO - [2021-07-23 16:21:24,963] {dag.py:2306} INFO - Setting next_dagrun for example_kubernetes_executor to None
[2021-07-23 16:21:24,979] {scheduler_job.py:189} INFO - Processing /home/dennismutia/.virtualenvs/wefarm/lib/python3.8/site-packages/airflow/example_dags/example_kubernetes_executor.py took 0.122 seconds
[2021-07-23 16:21:27,328] {scheduler_job.py:181} INFO - Started process (PID=2730) to work on /home/dennismutia/.virtualenvs/wefarm/lib/python3.8/site-packages/airflow/example_dags/example_kubernetes_executor.py
[2021-07-23 16:21:27,329] {scheduler_job.py:632} INFO - Processing file /home/dennismutia/.virtualenvs/wefarm/lib/python3.8/site-packages/airflow/example_dags/example_kubernetes_executor.py for tasks to queue
[2021-07-23 16:21:27,330] {logging_mixin.py:104} INFO - [2021-07-23 16:21:27,330] {dagbag.py:496} INFO - Filling up the DagBag from /home/dennismutia/.virtualenvs/wefarm/lib/python3.8/site-packages/airflow/example_dags/example_kubernetes_executor.py
[2021-07-23 16:21:27,346] {scheduler_job.py:642} INFO - DAG(s) dict_keys(['example_kubernetes_executor']) retrieved from /home/dennismutia/.virtualenvs/wefarm/lib/python3.8/site-packages/airflow/example_dags/example_kubernetes_executor.py
[2021-07-23 16:21:27,430] {logging_mixin.py:104} INFO - [2021-07-23 16:21:27,430] {dag.py:1833} INFO - Sync 1 DAGs
[2021-07-23 16:21:27,443] {logging_mixin.py:104} INFO - [2021-07-23 16:21:27,443] {dag.py:2306} INFO - Setting next_dagrun for example_kubernetes_executor to None
[2021-07-23 16:21:27,461] {scheduler_job.py:189} INFO - Processing /home/dennismutia/.virtualenvs/wefarm/lib/python3.8/site-packages/airflow/example_dags/example_kubernetes_executor.py took 0.136 seconds
[2021-07-23 16:21:30,020] {scheduler_job.py:181} INFO - Started process (PID=2790) to work on /home/dennismutia/.virtualenvs/wefarm/lib/python3.8/site-packages/airflow/example_dags/example_kubernetes_executor.py
[2021-07-23 16:21:30,023] {scheduler_job.py:632} INFO - Processing file /home/dennismutia/.virtualenvs/wefarm/lib/python3.8/site-packages/airflow/example_dags/example_kubernetes_executor.py for tasks to queue
[2021-07-23 16:21:30,023] {logging_mixin.py:104} INFO - [2021-07-23 16:21:30,023] {dagbag.py:496} INFO - Filling up the DagBag from /home/dennismutia/.virtualenvs/wefarm/lib/python3.8/site-packages/airflow/example_dags/example_kubernetes_executor.py
[2021-07-23 16:21:30,042] {scheduler_job.py:642} INFO - DAG(s) dict_keys(['example_kubernetes_executor']) retrieved from /home/dennismutia/.virtualenvs/wefarm/lib/python3.8/site-packages/airflow/example_dags/example_kubernetes_executor.py
[2021-07-23 16:21:30,127] {logging_mixin.py:104} INFO - [2021-07-23 16:21:30,127] {dag.py:1833} INFO - Sync 1 DAGs
[2021-07-23 16:21:30,145] {logging_mixin.py:104} INFO - [2021-07-23 16:21:30,145] {dag.py:2306} INFO - Setting next_dagrun for example_kubernetes_executor to None
[2021-07-23 16:21:30,158] {scheduler_job.py:189} INFO - Processing /home/dennismutia/.virtualenvs/wefarm/lib/python3.8/site-packages/airflow/example_dags/example_kubernetes_executor.py took 0.142 seconds
[2021-07-23 16:21:32,880] {scheduler_job.py:181} INFO - Started process (PID=2849) to work on /home/dennismutia/.virtualenvs/wefarm/lib/python3.8/site-packages/airflow/example_dags/example_kubernetes_executor.py
[2021-07-23 16:21:32,884] {scheduler_job.py:632} INFO - Processing file /home/dennismutia/.virtualenvs/wefarm/lib/python3.8/site-packages/airflow/example_dags/example_kubernetes_executor.py for tasks to queue
[2021-07-23 16:21:32,886] {logging_mixin.py:104} INFO - [2021-07-23 16:21:32,886] {dagbag.py:496} INFO - Filling up the DagBag from /home/dennismutia/.virtualenvs/wefarm/lib/python3.8/site-packages/airflow/example_dags/example_kubernetes_executor.py
[2021-07-23 16:21:32,906] {scheduler_job.py:642} INFO - DAG(s) dict_keys(['example_kubernetes_executor']) retrieved from /home/dennismutia/.virtualenvs/wefarm/lib/python3.8/site-packages/airflow/example_dags/example_kubernetes_executor.py
[2021-07-23 16:21:33,002] {logging_mixin.py:104} INFO - [2021-07-23 16:21:33,002] {dag.py:1833} INFO - Sync 1 DAGs
[2021-07-23 16:21:33,020] {logging_mixin.py:104} INFO - [2021-07-23 16:21:33,020] {dag.py:2306} INFO - Setting next_dagrun for example_kubernetes_executor to None
[2021-07-23 16:21:33,038] {scheduler_job.py:189} INFO - Processing /home/dennismutia/.virtualenvs/wefarm/lib/python3.8/site-packages/airflow/example_dags/example_kubernetes_executor.py took 0.161 seconds
[2021-07-23 16:21:36,224] {scheduler_job.py:181} INFO - Started process (PID=2910) to work on /home/dennismutia/.virtualenvs/wefarm/lib/python3.8/site-packages/airflow/example_dags/example_kubernetes_executor.py
[2021-07-23 16:21:36,225] {scheduler_job.py:632} INFO - Processing file /home/dennismutia/.virtualenvs/wefarm/lib/python3.8/site-packages/airflow/example_dags/example_kubernetes_executor.py for tasks to queue
[2021-07-23 16:21:36,226] {logging_mixin.py:104} INFO - [2021-07-23 16:21:36,226] {dagbag.py:496} INFO - Filling up the DagBag from /home/dennismutia/.virtualenvs/wefarm/lib/python3.8/site-packages/airflow/example_dags/example_kubernetes_executor.py
[2021-07-23 16:21:36,331] {scheduler_job.py:642} INFO - DAG(s) dict_keys(['example_kubernetes_executor']) retrieved from /home/dennismutia/.virtualenvs/wefarm/lib/python3.8/site-packages/airflow/example_dags/example_kubernetes_executor.py
[2021-07-23 16:21:36,370] {logging_mixin.py:104} INFO - [2021-07-23 16:21:36,370] {dag.py:1833} INFO - Sync 1 DAGs
[2021-07-23 16:21:36,402] {logging_mixin.py:104} INFO - [2021-07-23 16:21:36,402] {dag.py:2306} INFO - Setting next_dagrun for example_kubernetes_executor to None
[2021-07-23 16:21:36,448] {scheduler_job.py:189} INFO - Processing /home/dennismutia/.virtualenvs/wefarm/lib/python3.8/site-packages/airflow/example_dags/example_kubernetes_executor.py took 0.234 seconds
[2021-07-23 16:21:39,060] {scheduler_job.py:181} INFO - Started process (PID=2970) to work on /home/dennismutia/.virtualenvs/wefarm/lib/python3.8/site-packages/airflow/example_dags/example_kubernetes_executor.py
[2021-07-23 16:21:39,061] {scheduler_job.py:632} INFO - Processing file /home/dennismutia/.virtualenvs/wefarm/lib/python3.8/site-packages/airflow/example_dags/example_kubernetes_executor.py for tasks to queue
[2021-07-23 16:21:39,061] {logging_mixin.py:104} INFO - [2021-07-23 16:21:39,061] {dagbag.py:496} INFO - Filling up the DagBag from /home/dennismutia/.virtualenvs/wefarm/lib/python3.8/site-packages/airflow/example_dags/example_kubernetes_executor.py
[2021-07-23 16:21:39,129] {scheduler_job.py:642} INFO - DAG(s) dict_keys(['example_kubernetes_executor']) retrieved from /home/dennismutia/.virtualenvs/wefarm/lib/python3.8/site-packages/airflow/example_dags/example_kubernetes_executor.py
[2021-07-23 16:21:39,158] {logging_mixin.py:104} INFO - [2021-07-23 16:21:39,158] {dag.py:1833} INFO - Sync 1 DAGs
[2021-07-23 16:21:39,170] {logging_mixin.py:104} INFO - [2021-07-23 16:21:39,170] {dag.py:2306} INFO - Setting next_dagrun for example_kubernetes_executor to None
[2021-07-23 16:21:39,186] {scheduler_job.py:189} INFO - Processing /home/dennismutia/.virtualenvs/wefarm/lib/python3.8/site-packages/airflow/example_dags/example_kubernetes_executor.py took 0.129 seconds
[2021-07-23 16:21:42,013] {scheduler_job.py:181} INFO - Started process (PID=3030) to work on /home/dennismutia/.virtualenvs/wefarm/lib/python3.8/site-packages/airflow/example_dags/example_kubernetes_executor.py
[2021-07-23 16:21:42,014] {scheduler_job.py:632} INFO - Processing file /home/dennismutia/.virtualenvs/wefarm/lib/python3.8/site-packages/airflow/example_dags/example_kubernetes_executor.py for tasks to queue
[2021-07-23 16:21:42,015] {logging_mixin.py:104} INFO - [2021-07-23 16:21:42,015] {dagbag.py:496} INFO - Filling up the DagBag from /home/dennismutia/.virtualenvs/wefarm/lib/python3.8/site-packages/airflow/example_dags/example_kubernetes_executor.py
[2021-07-23 16:21:42,164] {scheduler_job.py:642} INFO - DAG(s) dict_keys(['example_kubernetes_executor']) retrieved from /home/dennismutia/.virtualenvs/wefarm/lib/python3.8/site-packages/airflow/example_dags/example_kubernetes_executor.py
[2021-07-23 16:21:42,202] {logging_mixin.py:104} INFO - [2021-07-23 16:21:42,201] {dag.py:1833} INFO - Sync 1 DAGs
[2021-07-23 16:21:42,240] {logging_mixin.py:104} INFO - [2021-07-23 16:21:42,240] {dag.py:2306} INFO - Setting next_dagrun for example_kubernetes_executor to None
[2021-07-23 16:21:42,270] {scheduler_job.py:189} INFO - Processing /home/dennismutia/.virtualenvs/wefarm/lib/python3.8/site-packages/airflow/example_dags/example_kubernetes_executor.py took 0.264 seconds
[2021-07-23 16:21:46,375] {scheduler_job.py:181} INFO - Started process (PID=3090) to work on /home/dennismutia/.virtualenvs/wefarm/lib/python3.8/site-packages/airflow/example_dags/example_kubernetes_executor.py
[2021-07-23 16:21:46,377] {scheduler_job.py:632} INFO - Processing file /home/dennismutia/.virtualenvs/wefarm/lib/python3.8/site-packages/airflow/example_dags/example_kubernetes_executor.py for tasks to queue
[2021-07-23 16:21:46,378] {logging_mixin.py:104} INFO - [2021-07-23 16:21:46,378] {dagbag.py:496} INFO - Filling up the DagBag from /home/dennismutia/.virtualenvs/wefarm/lib/python3.8/site-packages/airflow/example_dags/example_kubernetes_executor.py
[2021-07-23 16:21:46,526] {scheduler_job.py:642} INFO - DAG(s) dict_keys(['example_kubernetes_executor']) retrieved from /home/dennismutia/.virtualenvs/wefarm/lib/python3.8/site-packages/airflow/example_dags/example_kubernetes_executor.py
[2021-07-23 16:21:46,573] {logging_mixin.py:104} INFO - [2021-07-23 16:21:46,573] {dag.py:1833} INFO - Sync 1 DAGs
[2021-07-23 16:21:46,618] {logging_mixin.py:104} INFO - [2021-07-23 16:21:46,618] {dag.py:2306} INFO - Setting next_dagrun for example_kubernetes_executor to None
[2021-07-23 16:21:46,658] {scheduler_job.py:189} INFO - Processing /home/dennismutia/.virtualenvs/wefarm/lib/python3.8/site-packages/airflow/example_dags/example_kubernetes_executor.py took 0.291 seconds
[2021-07-23 16:21:49,793] {scheduler_job.py:181} INFO - Started process (PID=3151) to work on /home/dennismutia/.virtualenvs/wefarm/lib/python3.8/site-packages/airflow/example_dags/example_kubernetes_executor.py
[2021-07-23 16:21:49,795] {scheduler_job.py:632} INFO - Processing file /home/dennismutia/.virtualenvs/wefarm/lib/python3.8/site-packages/airflow/example_dags/example_kubernetes_executor.py for tasks to queue
[2021-07-23 16:21:49,795] {logging_mixin.py:104} INFO - [2021-07-23 16:21:49,795] {dagbag.py:496} INFO - Filling up the DagBag from /home/dennismutia/.virtualenvs/wefarm/lib/python3.8/site-packages/airflow/example_dags/example_kubernetes_executor.py
[2021-07-23 16:21:49,878] {scheduler_job.py:642} INFO - DAG(s) dict_keys(['example_kubernetes_executor']) retrieved from /home/dennismutia/.virtualenvs/wefarm/lib/python3.8/site-packages/airflow/example_dags/example_kubernetes_executor.py
[2021-07-23 16:21:49,913] {logging_mixin.py:104} INFO - [2021-07-23 16:21:49,913] {dag.py:1833} INFO - Sync 1 DAGs
[2021-07-23 16:21:49,927] {logging_mixin.py:104} INFO - [2021-07-23 16:21:49,927] {dag.py:2306} INFO - Setting next_dagrun for example_kubernetes_executor to None
[2021-07-23 16:21:49,948] {scheduler_job.py:189} INFO - Processing /home/dennismutia/.virtualenvs/wefarm/lib/python3.8/site-packages/airflow/example_dags/example_kubernetes_executor.py took 0.158 seconds
[2021-07-23 16:21:53,547] {scheduler_job.py:181} INFO - Started process (PID=3211) to work on /home/dennismutia/.virtualenvs/wefarm/lib/python3.8/site-packages/airflow/example_dags/example_kubernetes_executor.py
[2021-07-23 16:21:53,551] {scheduler_job.py:632} INFO - Processing file /home/dennismutia/.virtualenvs/wefarm/lib/python3.8/site-packages/airflow/example_dags/example_kubernetes_executor.py for tasks to queue
[2021-07-23 16:21:53,551] {logging_mixin.py:104} INFO - [2021-07-23 16:21:53,551] {dagbag.py:496} INFO - Filling up the DagBag from /home/dennismutia/.virtualenvs/wefarm/lib/python3.8/site-packages/airflow/example_dags/example_kubernetes_executor.py
[2021-07-23 16:21:53,637] {scheduler_job.py:642} INFO - DAG(s) dict_keys(['example_kubernetes_executor']) retrieved from /home/dennismutia/.virtualenvs/wefarm/lib/python3.8/site-packages/airflow/example_dags/example_kubernetes_executor.py
[2021-07-23 16:21:53,669] {logging_mixin.py:104} INFO - [2021-07-23 16:21:53,668] {dag.py:1833} INFO - Sync 1 DAGs
[2021-07-23 16:21:53,692] {logging_mixin.py:104} INFO - [2021-07-23 16:21:53,692] {dag.py:2306} INFO - Setting next_dagrun for example_kubernetes_executor to None
[2021-07-23 16:21:53,717] {scheduler_job.py:189} INFO - Processing /home/dennismutia/.virtualenvs/wefarm/lib/python3.8/site-packages/airflow/example_dags/example_kubernetes_executor.py took 0.174 seconds
