[2021-07-23 16:19:55,486] {scheduler_job.py:181} INFO - Started process (PID=793) to work on /home/dennismutia/.virtualenvs/wefarm/lib/python3.8/site-packages/airflow/example_dags/example_task_group_decorator.py
[2021-07-23 16:19:55,487] {scheduler_job.py:632} INFO - Processing file /home/dennismutia/.virtualenvs/wefarm/lib/python3.8/site-packages/airflow/example_dags/example_task_group_decorator.py for tasks to queue
[2021-07-23 16:19:55,488] {logging_mixin.py:104} INFO - [2021-07-23 16:19:55,488] {dagbag.py:496} INFO - Filling up the DagBag from /home/dennismutia/.virtualenvs/wefarm/lib/python3.8/site-packages/airflow/example_dags/example_task_group_decorator.py
[2021-07-23 16:19:55,554] {scheduler_job.py:642} INFO - DAG(s) dict_keys(['example_task_group_decorator']) retrieved from /home/dennismutia/.virtualenvs/wefarm/lib/python3.8/site-packages/airflow/example_dags/example_task_group_decorator.py
[2021-07-23 16:19:55,767] {logging_mixin.py:104} INFO - [2021-07-23 16:19:55,767] {dag.py:1833} INFO - Sync 1 DAGs
[2021-07-23 16:19:55,782] {logging_mixin.py:104} INFO - [2021-07-23 16:19:55,781] {dag.py:2306} INFO - Setting next_dagrun for example_task_group_decorator to 2021-07-21 00:00:00+00:00
[2021-07-23 16:19:55,795] {scheduler_job.py:189} INFO - Processing /home/dennismutia/.virtualenvs/wefarm/lib/python3.8/site-packages/airflow/example_dags/example_task_group_decorator.py took 0.314 seconds
[2021-07-23 16:19:59,032] {scheduler_job.py:181} INFO - Started process (PID=855) to work on /home/dennismutia/.virtualenvs/wefarm/lib/python3.8/site-packages/airflow/example_dags/example_task_group_decorator.py
[2021-07-23 16:19:59,032] {scheduler_job.py:632} INFO - Processing file /home/dennismutia/.virtualenvs/wefarm/lib/python3.8/site-packages/airflow/example_dags/example_task_group_decorator.py for tasks to queue
[2021-07-23 16:19:59,033] {logging_mixin.py:104} INFO - [2021-07-23 16:19:59,033] {dagbag.py:496} INFO - Filling up the DagBag from /home/dennismutia/.virtualenvs/wefarm/lib/python3.8/site-packages/airflow/example_dags/example_task_group_decorator.py
[2021-07-23 16:19:59,096] {scheduler_job.py:642} INFO - DAG(s) dict_keys(['example_task_group_decorator']) retrieved from /home/dennismutia/.virtualenvs/wefarm/lib/python3.8/site-packages/airflow/example_dags/example_task_group_decorator.py
[2021-07-23 16:19:59,111] {logging_mixin.py:104} INFO - [2021-07-23 16:19:59,111] {dag.py:1833} INFO - Sync 1 DAGs
[2021-07-23 16:19:59,122] {logging_mixin.py:104} INFO - [2021-07-23 16:19:59,122] {dag.py:2306} INFO - Setting next_dagrun for example_task_group_decorator to 2021-07-21 00:00:00+00:00
[2021-07-23 16:19:59,132] {scheduler_job.py:189} INFO - Processing /home/dennismutia/.virtualenvs/wefarm/lib/python3.8/site-packages/airflow/example_dags/example_task_group_decorator.py took 0.103 seconds
[2021-07-23 16:20:00,787] {scheduler_job.py:181} INFO - Started process (PID=915) to work on /home/dennismutia/.virtualenvs/wefarm/lib/python3.8/site-packages/airflow/example_dags/example_task_group_decorator.py
[2021-07-23 16:20:00,788] {scheduler_job.py:632} INFO - Processing file /home/dennismutia/.virtualenvs/wefarm/lib/python3.8/site-packages/airflow/example_dags/example_task_group_decorator.py for tasks to queue
[2021-07-23 16:20:00,788] {logging_mixin.py:104} INFO - [2021-07-23 16:20:00,788] {dagbag.py:496} INFO - Filling up the DagBag from /home/dennismutia/.virtualenvs/wefarm/lib/python3.8/site-packages/airflow/example_dags/example_task_group_decorator.py
[2021-07-23 16:20:00,853] {scheduler_job.py:642} INFO - DAG(s) dict_keys(['example_task_group_decorator']) retrieved from /home/dennismutia/.virtualenvs/wefarm/lib/python3.8/site-packages/airflow/example_dags/example_task_group_decorator.py
[2021-07-23 16:20:00,874] {logging_mixin.py:104} INFO - [2021-07-23 16:20:00,874] {dag.py:1833} INFO - Sync 1 DAGs
[2021-07-23 16:20:00,889] {logging_mixin.py:104} INFO - [2021-07-23 16:20:00,889] {dag.py:2306} INFO - Setting next_dagrun for example_task_group_decorator to 2021-07-21 00:00:00+00:00
[2021-07-23 16:20:00,917] {scheduler_job.py:189} INFO - Processing /home/dennismutia/.virtualenvs/wefarm/lib/python3.8/site-packages/airflow/example_dags/example_task_group_decorator.py took 0.132 seconds
[2021-07-23 16:20:02,872] {scheduler_job.py:181} INFO - Started process (PID=1019) to work on /home/dennismutia/.virtualenvs/wefarm/lib/python3.8/site-packages/airflow/example_dags/example_task_group_decorator.py
[2021-07-23 16:20:02,873] {scheduler_job.py:632} INFO - Processing file /home/dennismutia/.virtualenvs/wefarm/lib/python3.8/site-packages/airflow/example_dags/example_task_group_decorator.py for tasks to queue
[2021-07-23 16:20:02,875] {logging_mixin.py:104} INFO - [2021-07-23 16:20:02,874] {dagbag.py:496} INFO - Filling up the DagBag from /home/dennismutia/.virtualenvs/wefarm/lib/python3.8/site-packages/airflow/example_dags/example_task_group_decorator.py
[2021-07-23 16:20:02,943] {scheduler_job.py:642} INFO - DAG(s) dict_keys(['example_task_group_decorator']) retrieved from /home/dennismutia/.virtualenvs/wefarm/lib/python3.8/site-packages/airflow/example_dags/example_task_group_decorator.py
[2021-07-23 16:20:02,957] {logging_mixin.py:104} INFO - [2021-07-23 16:20:02,957] {dag.py:1833} INFO - Sync 1 DAGs
[2021-07-23 16:20:02,968] {logging_mixin.py:104} INFO - [2021-07-23 16:20:02,968] {dag.py:2306} INFO - Setting next_dagrun for example_task_group_decorator to 2021-07-21 00:00:00+00:00
[2021-07-23 16:20:02,977] {scheduler_job.py:189} INFO - Processing /home/dennismutia/.virtualenvs/wefarm/lib/python3.8/site-packages/airflow/example_dags/example_task_group_decorator.py took 0.109 seconds
[2021-07-23 16:20:04,797] {scheduler_job.py:181} INFO - Started process (PID=1086) to work on /home/dennismutia/.virtualenvs/wefarm/lib/python3.8/site-packages/airflow/example_dags/example_task_group_decorator.py
[2021-07-23 16:20:04,798] {scheduler_job.py:632} INFO - Processing file /home/dennismutia/.virtualenvs/wefarm/lib/python3.8/site-packages/airflow/example_dags/example_task_group_decorator.py for tasks to queue
[2021-07-23 16:20:04,799] {logging_mixin.py:104} INFO - [2021-07-23 16:20:04,799] {dagbag.py:496} INFO - Filling up the DagBag from /home/dennismutia/.virtualenvs/wefarm/lib/python3.8/site-packages/airflow/example_dags/example_task_group_decorator.py
[2021-07-23 16:20:04,863] {scheduler_job.py:642} INFO - DAG(s) dict_keys(['example_task_group_decorator']) retrieved from /home/dennismutia/.virtualenvs/wefarm/lib/python3.8/site-packages/airflow/example_dags/example_task_group_decorator.py
[2021-07-23 16:20:04,875] {logging_mixin.py:104} INFO - [2021-07-23 16:20:04,875] {dag.py:1833} INFO - Sync 1 DAGs
[2021-07-23 16:20:04,886] {logging_mixin.py:104} INFO - [2021-07-23 16:20:04,886] {dag.py:2306} INFO - Setting next_dagrun for example_task_group_decorator to 2021-07-21 00:00:00+00:00
[2021-07-23 16:20:04,900] {scheduler_job.py:189} INFO - Processing /home/dennismutia/.virtualenvs/wefarm/lib/python3.8/site-packages/airflow/example_dags/example_task_group_decorator.py took 0.105 seconds
[2021-07-23 16:20:06,562] {scheduler_job.py:181} INFO - Started process (PID=1146) to work on /home/dennismutia/.virtualenvs/wefarm/lib/python3.8/site-packages/airflow/example_dags/example_task_group_decorator.py
[2021-07-23 16:20:06,563] {scheduler_job.py:632} INFO - Processing file /home/dennismutia/.virtualenvs/wefarm/lib/python3.8/site-packages/airflow/example_dags/example_task_group_decorator.py for tasks to queue
[2021-07-23 16:20:06,563] {logging_mixin.py:104} INFO - [2021-07-23 16:20:06,563] {dagbag.py:496} INFO - Filling up the DagBag from /home/dennismutia/.virtualenvs/wefarm/lib/python3.8/site-packages/airflow/example_dags/example_task_group_decorator.py
[2021-07-23 16:20:06,632] {scheduler_job.py:642} INFO - DAG(s) dict_keys(['example_task_group_decorator']) retrieved from /home/dennismutia/.virtualenvs/wefarm/lib/python3.8/site-packages/airflow/example_dags/example_task_group_decorator.py
[2021-07-23 16:20:06,647] {logging_mixin.py:104} INFO - [2021-07-23 16:20:06,646] {dag.py:1833} INFO - Sync 1 DAGs
[2021-07-23 16:20:06,659] {logging_mixin.py:104} INFO - [2021-07-23 16:20:06,658] {dag.py:2306} INFO - Setting next_dagrun for example_task_group_decorator to 2021-07-21 00:00:00+00:00
[2021-07-23 16:20:06,686] {scheduler_job.py:189} INFO - Processing /home/dennismutia/.virtualenvs/wefarm/lib/python3.8/site-packages/airflow/example_dags/example_task_group_decorator.py took 0.126 seconds
[2021-07-23 16:20:08,643] {scheduler_job.py:181} INFO - Started process (PID=1226) to work on /home/dennismutia/.virtualenvs/wefarm/lib/python3.8/site-packages/airflow/example_dags/example_task_group_decorator.py
[2021-07-23 16:20:08,644] {scheduler_job.py:632} INFO - Processing file /home/dennismutia/.virtualenvs/wefarm/lib/python3.8/site-packages/airflow/example_dags/example_task_group_decorator.py for tasks to queue
[2021-07-23 16:20:08,644] {logging_mixin.py:104} INFO - [2021-07-23 16:20:08,644] {dagbag.py:496} INFO - Filling up the DagBag from /home/dennismutia/.virtualenvs/wefarm/lib/python3.8/site-packages/airflow/example_dags/example_task_group_decorator.py
[2021-07-23 16:20:08,716] {scheduler_job.py:642} INFO - DAG(s) dict_keys(['example_task_group_decorator']) retrieved from /home/dennismutia/.virtualenvs/wefarm/lib/python3.8/site-packages/airflow/example_dags/example_task_group_decorator.py
[2021-07-23 16:20:08,736] {logging_mixin.py:104} INFO - [2021-07-23 16:20:08,736] {dag.py:1833} INFO - Sync 1 DAGs
[2021-07-23 16:20:08,749] {logging_mixin.py:104} INFO - [2021-07-23 16:20:08,749] {dag.py:2306} INFO - Setting next_dagrun for example_task_group_decorator to 2021-07-21 00:00:00+00:00
[2021-07-23 16:20:08,758] {scheduler_job.py:189} INFO - Processing /home/dennismutia/.virtualenvs/wefarm/lib/python3.8/site-packages/airflow/example_dags/example_task_group_decorator.py took 0.119 seconds
[2021-07-23 16:20:10,629] {scheduler_job.py:181} INFO - Started process (PID=1290) to work on /home/dennismutia/.virtualenvs/wefarm/lib/python3.8/site-packages/airflow/example_dags/example_task_group_decorator.py
[2021-07-23 16:20:10,630] {scheduler_job.py:632} INFO - Processing file /home/dennismutia/.virtualenvs/wefarm/lib/python3.8/site-packages/airflow/example_dags/example_task_group_decorator.py for tasks to queue
[2021-07-23 16:20:10,630] {logging_mixin.py:104} INFO - [2021-07-23 16:20:10,630] {dagbag.py:496} INFO - Filling up the DagBag from /home/dennismutia/.virtualenvs/wefarm/lib/python3.8/site-packages/airflow/example_dags/example_task_group_decorator.py
[2021-07-23 16:20:10,701] {scheduler_job.py:642} INFO - DAG(s) dict_keys(['example_task_group_decorator']) retrieved from /home/dennismutia/.virtualenvs/wefarm/lib/python3.8/site-packages/airflow/example_dags/example_task_group_decorator.py
[2021-07-23 16:20:10,719] {logging_mixin.py:104} INFO - [2021-07-23 16:20:10,719] {dag.py:1833} INFO - Sync 1 DAGs
[2021-07-23 16:20:10,731] {logging_mixin.py:104} INFO - [2021-07-23 16:20:10,731] {dag.py:2306} INFO - Setting next_dagrun for example_task_group_decorator to 2021-07-21 00:00:00+00:00
[2021-07-23 16:20:10,746] {scheduler_job.py:189} INFO - Processing /home/dennismutia/.virtualenvs/wefarm/lib/python3.8/site-packages/airflow/example_dags/example_task_group_decorator.py took 0.120 seconds
[2021-07-23 16:20:12,509] {scheduler_job.py:181} INFO - Started process (PID=1351) to work on /home/dennismutia/.virtualenvs/wefarm/lib/python3.8/site-packages/airflow/example_dags/example_task_group_decorator.py
[2021-07-23 16:20:12,510] {scheduler_job.py:632} INFO - Processing file /home/dennismutia/.virtualenvs/wefarm/lib/python3.8/site-packages/airflow/example_dags/example_task_group_decorator.py for tasks to queue
[2021-07-23 16:20:12,511] {logging_mixin.py:104} INFO - [2021-07-23 16:20:12,511] {dagbag.py:496} INFO - Filling up the DagBag from /home/dennismutia/.virtualenvs/wefarm/lib/python3.8/site-packages/airflow/example_dags/example_task_group_decorator.py
[2021-07-23 16:20:12,592] {scheduler_job.py:642} INFO - DAG(s) dict_keys(['example_task_group_decorator']) retrieved from /home/dennismutia/.virtualenvs/wefarm/lib/python3.8/site-packages/airflow/example_dags/example_task_group_decorator.py
[2021-07-23 16:20:12,619] {logging_mixin.py:104} INFO - [2021-07-23 16:20:12,619] {dag.py:1833} INFO - Sync 1 DAGs
[2021-07-23 16:20:12,633] {logging_mixin.py:104} INFO - [2021-07-23 16:20:12,633] {dag.py:2306} INFO - Setting next_dagrun for example_task_group_decorator to 2021-07-21 00:00:00+00:00
[2021-07-23 16:20:12,645] {scheduler_job.py:189} INFO - Processing /home/dennismutia/.virtualenvs/wefarm/lib/python3.8/site-packages/airflow/example_dags/example_task_group_decorator.py took 0.139 seconds
[2021-07-23 16:20:14,780] {scheduler_job.py:181} INFO - Started process (PID=1411) to work on /home/dennismutia/.virtualenvs/wefarm/lib/python3.8/site-packages/airflow/example_dags/example_task_group_decorator.py
[2021-07-23 16:20:14,782] {scheduler_job.py:632} INFO - Processing file /home/dennismutia/.virtualenvs/wefarm/lib/python3.8/site-packages/airflow/example_dags/example_task_group_decorator.py for tasks to queue
[2021-07-23 16:20:14,783] {logging_mixin.py:104} INFO - [2021-07-23 16:20:14,783] {dagbag.py:496} INFO - Filling up the DagBag from /home/dennismutia/.virtualenvs/wefarm/lib/python3.8/site-packages/airflow/example_dags/example_task_group_decorator.py
[2021-07-23 16:20:14,942] {scheduler_job.py:642} INFO - DAG(s) dict_keys(['example_task_group_decorator']) retrieved from /home/dennismutia/.virtualenvs/wefarm/lib/python3.8/site-packages/airflow/example_dags/example_task_group_decorator.py
[2021-07-23 16:20:14,978] {logging_mixin.py:104} INFO - [2021-07-23 16:20:14,977] {dag.py:1833} INFO - Sync 1 DAGs
[2021-07-23 16:20:14,992] {logging_mixin.py:104} INFO - [2021-07-23 16:20:14,992] {dag.py:2306} INFO - Setting next_dagrun for example_task_group_decorator to 2021-07-21 00:00:00+00:00
[2021-07-23 16:20:15,004] {scheduler_job.py:189} INFO - Processing /home/dennismutia/.virtualenvs/wefarm/lib/python3.8/site-packages/airflow/example_dags/example_task_group_decorator.py took 0.227 seconds
[2021-07-23 16:20:17,270] {scheduler_job.py:181} INFO - Started process (PID=1471) to work on /home/dennismutia/.virtualenvs/wefarm/lib/python3.8/site-packages/airflow/example_dags/example_task_group_decorator.py
[2021-07-23 16:20:17,271] {scheduler_job.py:632} INFO - Processing file /home/dennismutia/.virtualenvs/wefarm/lib/python3.8/site-packages/airflow/example_dags/example_task_group_decorator.py for tasks to queue
[2021-07-23 16:20:17,272] {logging_mixin.py:104} INFO - [2021-07-23 16:20:17,271] {dagbag.py:496} INFO - Filling up the DagBag from /home/dennismutia/.virtualenvs/wefarm/lib/python3.8/site-packages/airflow/example_dags/example_task_group_decorator.py
[2021-07-23 16:20:17,363] {scheduler_job.py:642} INFO - DAG(s) dict_keys(['example_task_group_decorator']) retrieved from /home/dennismutia/.virtualenvs/wefarm/lib/python3.8/site-packages/airflow/example_dags/example_task_group_decorator.py
[2021-07-23 16:20:17,390] {logging_mixin.py:104} INFO - [2021-07-23 16:20:17,390] {dag.py:1833} INFO - Sync 1 DAGs
[2021-07-23 16:20:17,410] {logging_mixin.py:104} INFO - [2021-07-23 16:20:17,409] {dag.py:2306} INFO - Setting next_dagrun for example_task_group_decorator to 2021-07-21 00:00:00+00:00
[2021-07-23 16:20:17,420] {scheduler_job.py:189} INFO - Processing /home/dennismutia/.virtualenvs/wefarm/lib/python3.8/site-packages/airflow/example_dags/example_task_group_decorator.py took 0.155 seconds
[2021-07-23 16:20:19,594] {scheduler_job.py:181} INFO - Started process (PID=1532) to work on /home/dennismutia/.virtualenvs/wefarm/lib/python3.8/site-packages/airflow/example_dags/example_task_group_decorator.py
[2021-07-23 16:20:19,596] {scheduler_job.py:632} INFO - Processing file /home/dennismutia/.virtualenvs/wefarm/lib/python3.8/site-packages/airflow/example_dags/example_task_group_decorator.py for tasks to queue
[2021-07-23 16:20:19,597] {logging_mixin.py:104} INFO - [2021-07-23 16:20:19,596] {dagbag.py:496} INFO - Filling up the DagBag from /home/dennismutia/.virtualenvs/wefarm/lib/python3.8/site-packages/airflow/example_dags/example_task_group_decorator.py
[2021-07-23 16:20:19,683] {scheduler_job.py:642} INFO - DAG(s) dict_keys(['example_task_group_decorator']) retrieved from /home/dennismutia/.virtualenvs/wefarm/lib/python3.8/site-packages/airflow/example_dags/example_task_group_decorator.py
[2021-07-23 16:20:19,706] {logging_mixin.py:104} INFO - [2021-07-23 16:20:19,706] {dag.py:1833} INFO - Sync 1 DAGs
[2021-07-23 16:20:19,721] {logging_mixin.py:104} INFO - [2021-07-23 16:20:19,721] {dag.py:2306} INFO - Setting next_dagrun for example_task_group_decorator to 2021-07-21 00:00:00+00:00
[2021-07-23 16:20:19,732] {scheduler_job.py:189} INFO - Processing /home/dennismutia/.virtualenvs/wefarm/lib/python3.8/site-packages/airflow/example_dags/example_task_group_decorator.py took 0.141 seconds
[2021-07-23 16:20:21,903] {scheduler_job.py:181} INFO - Started process (PID=1591) to work on /home/dennismutia/.virtualenvs/wefarm/lib/python3.8/site-packages/airflow/example_dags/example_task_group_decorator.py
[2021-07-23 16:20:21,906] {scheduler_job.py:632} INFO - Processing file /home/dennismutia/.virtualenvs/wefarm/lib/python3.8/site-packages/airflow/example_dags/example_task_group_decorator.py for tasks to queue
[2021-07-23 16:20:21,906] {logging_mixin.py:104} INFO - [2021-07-23 16:20:21,906] {dagbag.py:496} INFO - Filling up the DagBag from /home/dennismutia/.virtualenvs/wefarm/lib/python3.8/site-packages/airflow/example_dags/example_task_group_decorator.py
[2021-07-23 16:20:22,010] {scheduler_job.py:642} INFO - DAG(s) dict_keys(['example_task_group_decorator']) retrieved from /home/dennismutia/.virtualenvs/wefarm/lib/python3.8/site-packages/airflow/example_dags/example_task_group_decorator.py
[2021-07-23 16:20:22,041] {logging_mixin.py:104} INFO - [2021-07-23 16:20:22,041] {dag.py:1833} INFO - Sync 1 DAGs
[2021-07-23 16:20:22,059] {logging_mixin.py:104} INFO - [2021-07-23 16:20:22,059] {dag.py:2306} INFO - Setting next_dagrun for example_task_group_decorator to 2021-07-21 00:00:00+00:00
[2021-07-23 16:20:22,084] {scheduler_job.py:189} INFO - Processing /home/dennismutia/.virtualenvs/wefarm/lib/python3.8/site-packages/airflow/example_dags/example_task_group_decorator.py took 0.184 seconds
[2021-07-23 16:20:24,816] {scheduler_job.py:181} INFO - Started process (PID=1656) to work on /home/dennismutia/.virtualenvs/wefarm/lib/python3.8/site-packages/airflow/example_dags/example_task_group_decorator.py
[2021-07-23 16:20:24,830] {scheduler_job.py:632} INFO - Processing file /home/dennismutia/.virtualenvs/wefarm/lib/python3.8/site-packages/airflow/example_dags/example_task_group_decorator.py for tasks to queue
[2021-07-23 16:20:24,834] {logging_mixin.py:104} INFO - [2021-07-23 16:20:24,834] {dagbag.py:496} INFO - Filling up the DagBag from /home/dennismutia/.virtualenvs/wefarm/lib/python3.8/site-packages/airflow/example_dags/example_task_group_decorator.py
[2021-07-23 16:20:24,944] {scheduler_job.py:642} INFO - DAG(s) dict_keys(['example_task_group_decorator']) retrieved from /home/dennismutia/.virtualenvs/wefarm/lib/python3.8/site-packages/airflow/example_dags/example_task_group_decorator.py
[2021-07-23 16:20:24,971] {logging_mixin.py:104} INFO - [2021-07-23 16:20:24,971] {dag.py:1833} INFO - Sync 1 DAGs
[2021-07-23 16:20:24,990] {logging_mixin.py:104} INFO - [2021-07-23 16:20:24,989] {dag.py:2306} INFO - Setting next_dagrun for example_task_group_decorator to 2021-07-21 00:00:00+00:00
[2021-07-23 16:20:25,002] {scheduler_job.py:189} INFO - Processing /home/dennismutia/.virtualenvs/wefarm/lib/python3.8/site-packages/airflow/example_dags/example_task_group_decorator.py took 0.189 seconds
[2021-07-23 16:20:27,789] {scheduler_job.py:181} INFO - Started process (PID=1719) to work on /home/dennismutia/.virtualenvs/wefarm/lib/python3.8/site-packages/airflow/example_dags/example_task_group_decorator.py
[2021-07-23 16:20:27,794] {scheduler_job.py:632} INFO - Processing file /home/dennismutia/.virtualenvs/wefarm/lib/python3.8/site-packages/airflow/example_dags/example_task_group_decorator.py for tasks to queue
[2021-07-23 16:20:27,798] {logging_mixin.py:104} INFO - [2021-07-23 16:20:27,798] {dagbag.py:496} INFO - Filling up the DagBag from /home/dennismutia/.virtualenvs/wefarm/lib/python3.8/site-packages/airflow/example_dags/example_task_group_decorator.py
[2021-07-23 16:20:27,890] {scheduler_job.py:642} INFO - DAG(s) dict_keys(['example_task_group_decorator']) retrieved from /home/dennismutia/.virtualenvs/wefarm/lib/python3.8/site-packages/airflow/example_dags/example_task_group_decorator.py
[2021-07-23 16:20:28,243] {logging_mixin.py:104} INFO - [2021-07-23 16:20:28,243] {dag.py:1833} INFO - Sync 1 DAGs
[2021-07-23 16:20:28,256] {logging_mixin.py:104} INFO - [2021-07-23 16:20:28,256] {dag.py:2306} INFO - Setting next_dagrun for example_task_group_decorator to 2021-07-21 00:00:00+00:00
[2021-07-23 16:20:28,280] {scheduler_job.py:189} INFO - Processing /home/dennismutia/.virtualenvs/wefarm/lib/python3.8/site-packages/airflow/example_dags/example_task_group_decorator.py took 0.494 seconds
[2021-07-23 16:20:36,057] {scheduler_job.py:181} INFO - Started process (PID=1785) to work on /home/dennismutia/.virtualenvs/wefarm/lib/python3.8/site-packages/airflow/example_dags/example_task_group_decorator.py
[2021-07-23 16:20:36,150] {scheduler_job.py:632} INFO - Processing file /home/dennismutia/.virtualenvs/wefarm/lib/python3.8/site-packages/airflow/example_dags/example_task_group_decorator.py for tasks to queue
[2021-07-23 16:20:36,151] {logging_mixin.py:104} INFO - [2021-07-23 16:20:36,151] {dagbag.py:496} INFO - Filling up the DagBag from /home/dennismutia/.virtualenvs/wefarm/lib/python3.8/site-packages/airflow/example_dags/example_task_group_decorator.py
[2021-07-23 16:20:36,889] {scheduler_job.py:642} INFO - DAG(s) dict_keys(['example_task_group_decorator']) retrieved from /home/dennismutia/.virtualenvs/wefarm/lib/python3.8/site-packages/airflow/example_dags/example_task_group_decorator.py
[2021-07-23 16:20:37,000] {logging_mixin.py:104} INFO - [2021-07-23 16:20:37,000] {dag.py:1833} INFO - Sync 1 DAGs
[2021-07-23 16:20:37,034] {logging_mixin.py:104} INFO - [2021-07-23 16:20:37,034] {dag.py:2306} INFO - Setting next_dagrun for example_task_group_decorator to 2021-07-21 00:00:00+00:00
[2021-07-23 16:20:37,073] {scheduler_job.py:189} INFO - Processing /home/dennismutia/.virtualenvs/wefarm/lib/python3.8/site-packages/airflow/example_dags/example_task_group_decorator.py took 1.047 seconds
[2021-07-23 16:20:42,473] {scheduler_job.py:181} INFO - Started process (PID=1859) to work on /home/dennismutia/.virtualenvs/wefarm/lib/python3.8/site-packages/airflow/example_dags/example_task_group_decorator.py
[2021-07-23 16:20:42,476] {scheduler_job.py:632} INFO - Processing file /home/dennismutia/.virtualenvs/wefarm/lib/python3.8/site-packages/airflow/example_dags/example_task_group_decorator.py for tasks to queue
[2021-07-23 16:20:42,477] {logging_mixin.py:104} INFO - [2021-07-23 16:20:42,476] {dagbag.py:496} INFO - Filling up the DagBag from /home/dennismutia/.virtualenvs/wefarm/lib/python3.8/site-packages/airflow/example_dags/example_task_group_decorator.py
[2021-07-23 16:20:42,834] {scheduler_job.py:642} INFO - DAG(s) dict_keys(['example_task_group_decorator']) retrieved from /home/dennismutia/.virtualenvs/wefarm/lib/python3.8/site-packages/airflow/example_dags/example_task_group_decorator.py
[2021-07-23 16:20:42,924] {logging_mixin.py:104} INFO - [2021-07-23 16:20:42,924] {dag.py:1833} INFO - Sync 1 DAGs
[2021-07-23 16:20:43,005] {logging_mixin.py:104} INFO - [2021-07-23 16:20:43,005] {dag.py:2306} INFO - Setting next_dagrun for example_task_group_decorator to 2021-07-21 00:00:00+00:00
[2021-07-23 16:20:43,053] {scheduler_job.py:189} INFO - Processing /home/dennismutia/.virtualenvs/wefarm/lib/python3.8/site-packages/airflow/example_dags/example_task_group_decorator.py took 0.583 seconds
[2021-07-23 16:20:50,432] {scheduler_job.py:181} INFO - Started process (PID=1921) to work on /home/dennismutia/.virtualenvs/wefarm/lib/python3.8/site-packages/airflow/example_dags/example_task_group_decorator.py
[2021-07-23 16:20:50,436] {scheduler_job.py:632} INFO - Processing file /home/dennismutia/.virtualenvs/wefarm/lib/python3.8/site-packages/airflow/example_dags/example_task_group_decorator.py for tasks to queue
[2021-07-23 16:20:50,440] {logging_mixin.py:104} INFO - [2021-07-23 16:20:50,439] {dagbag.py:496} INFO - Filling up the DagBag from /home/dennismutia/.virtualenvs/wefarm/lib/python3.8/site-packages/airflow/example_dags/example_task_group_decorator.py
[2021-07-23 16:20:50,648] {scheduler_job.py:642} INFO - DAG(s) dict_keys(['example_task_group_decorator']) retrieved from /home/dennismutia/.virtualenvs/wefarm/lib/python3.8/site-packages/airflow/example_dags/example_task_group_decorator.py
[2021-07-23 16:20:50,690] {logging_mixin.py:104} INFO - [2021-07-23 16:20:50,690] {dag.py:1833} INFO - Sync 1 DAGs
[2021-07-23 16:20:50,722] {logging_mixin.py:104} INFO - [2021-07-23 16:20:50,721] {dag.py:2306} INFO - Setting next_dagrun for example_task_group_decorator to 2021-07-21 00:00:00+00:00
[2021-07-23 16:20:50,756] {scheduler_job.py:189} INFO - Processing /home/dennismutia/.virtualenvs/wefarm/lib/python3.8/site-packages/airflow/example_dags/example_task_group_decorator.py took 0.350 seconds
[2021-07-23 16:20:55,582] {scheduler_job.py:181} INFO - Started process (PID=1980) to work on /home/dennismutia/.virtualenvs/wefarm/lib/python3.8/site-packages/airflow/example_dags/example_task_group_decorator.py
[2021-07-23 16:20:55,585] {scheduler_job.py:632} INFO - Processing file /home/dennismutia/.virtualenvs/wefarm/lib/python3.8/site-packages/airflow/example_dags/example_task_group_decorator.py for tasks to queue
[2021-07-23 16:20:55,587] {logging_mixin.py:104} INFO - [2021-07-23 16:20:55,587] {dagbag.py:496} INFO - Filling up the DagBag from /home/dennismutia/.virtualenvs/wefarm/lib/python3.8/site-packages/airflow/example_dags/example_task_group_decorator.py
[2021-07-23 16:20:55,801] {scheduler_job.py:642} INFO - DAG(s) dict_keys(['example_task_group_decorator']) retrieved from /home/dennismutia/.virtualenvs/wefarm/lib/python3.8/site-packages/airflow/example_dags/example_task_group_decorator.py
[2021-07-23 16:20:55,853] {logging_mixin.py:104} INFO - [2021-07-23 16:20:55,853] {dag.py:1833} INFO - Sync 1 DAGs
[2021-07-23 16:20:55,934] {logging_mixin.py:104} INFO - [2021-07-23 16:20:55,934] {dag.py:2306} INFO - Setting next_dagrun for example_task_group_decorator to 2021-07-21 00:00:00+00:00
[2021-07-23 16:20:56,006] {scheduler_job.py:189} INFO - Processing /home/dennismutia/.virtualenvs/wefarm/lib/python3.8/site-packages/airflow/example_dags/example_task_group_decorator.py took 0.430 seconds
[2021-07-23 16:20:59,191] {scheduler_job.py:181} INFO - Started process (PID=2041) to work on /home/dennismutia/.virtualenvs/wefarm/lib/python3.8/site-packages/airflow/example_dags/example_task_group_decorator.py
[2021-07-23 16:20:59,197] {scheduler_job.py:632} INFO - Processing file /home/dennismutia/.virtualenvs/wefarm/lib/python3.8/site-packages/airflow/example_dags/example_task_group_decorator.py for tasks to queue
[2021-07-23 16:20:59,203] {logging_mixin.py:104} INFO - [2021-07-23 16:20:59,203] {dagbag.py:496} INFO - Filling up the DagBag from /home/dennismutia/.virtualenvs/wefarm/lib/python3.8/site-packages/airflow/example_dags/example_task_group_decorator.py
[2021-07-23 16:20:59,312] {scheduler_job.py:642} INFO - DAG(s) dict_keys(['example_task_group_decorator']) retrieved from /home/dennismutia/.virtualenvs/wefarm/lib/python3.8/site-packages/airflow/example_dags/example_task_group_decorator.py
[2021-07-23 16:20:59,628] {logging_mixin.py:104} INFO - [2021-07-23 16:20:59,628] {dag.py:1833} INFO - Sync 1 DAGs
[2021-07-23 16:20:59,650] {logging_mixin.py:104} INFO - [2021-07-23 16:20:59,649] {dag.py:2306} INFO - Setting next_dagrun for example_task_group_decorator to 2021-07-21 00:00:00+00:00
[2021-07-23 16:20:59,670] {scheduler_job.py:189} INFO - Processing /home/dennismutia/.virtualenvs/wefarm/lib/python3.8/site-packages/airflow/example_dags/example_task_group_decorator.py took 0.486 seconds
[2021-07-23 16:21:03,627] {scheduler_job.py:181} INFO - Started process (PID=2100) to work on /home/dennismutia/.virtualenvs/wefarm/lib/python3.8/site-packages/airflow/example_dags/example_task_group_decorator.py
[2021-07-23 16:21:03,628] {scheduler_job.py:632} INFO - Processing file /home/dennismutia/.virtualenvs/wefarm/lib/python3.8/site-packages/airflow/example_dags/example_task_group_decorator.py for tasks to queue
[2021-07-23 16:21:03,629] {logging_mixin.py:104} INFO - [2021-07-23 16:21:03,629] {dagbag.py:496} INFO - Filling up the DagBag from /home/dennismutia/.virtualenvs/wefarm/lib/python3.8/site-packages/airflow/example_dags/example_task_group_decorator.py
[2021-07-23 16:21:03,719] {scheduler_job.py:642} INFO - DAG(s) dict_keys(['example_task_group_decorator']) retrieved from /home/dennismutia/.virtualenvs/wefarm/lib/python3.8/site-packages/airflow/example_dags/example_task_group_decorator.py
[2021-07-23 16:21:03,738] {logging_mixin.py:104} INFO - [2021-07-23 16:21:03,738] {dag.py:1833} INFO - Sync 1 DAGs
[2021-07-23 16:21:03,753] {logging_mixin.py:104} INFO - [2021-07-23 16:21:03,753] {dag.py:2306} INFO - Setting next_dagrun for example_task_group_decorator to 2021-07-21 00:00:00+00:00
[2021-07-23 16:21:03,765] {scheduler_job.py:189} INFO - Processing /home/dennismutia/.virtualenvs/wefarm/lib/python3.8/site-packages/airflow/example_dags/example_task_group_decorator.py took 0.140 seconds
[2021-07-23 16:21:06,112] {scheduler_job.py:181} INFO - Started process (PID=2161) to work on /home/dennismutia/.virtualenvs/wefarm/lib/python3.8/site-packages/airflow/example_dags/example_task_group_decorator.py
[2021-07-23 16:21:06,113] {scheduler_job.py:632} INFO - Processing file /home/dennismutia/.virtualenvs/wefarm/lib/python3.8/site-packages/airflow/example_dags/example_task_group_decorator.py for tasks to queue
[2021-07-23 16:21:06,114] {logging_mixin.py:104} INFO - [2021-07-23 16:21:06,114] {dagbag.py:496} INFO - Filling up the DagBag from /home/dennismutia/.virtualenvs/wefarm/lib/python3.8/site-packages/airflow/example_dags/example_task_group_decorator.py
[2021-07-23 16:21:06,207] {scheduler_job.py:642} INFO - DAG(s) dict_keys(['example_task_group_decorator']) retrieved from /home/dennismutia/.virtualenvs/wefarm/lib/python3.8/site-packages/airflow/example_dags/example_task_group_decorator.py
[2021-07-23 16:21:06,229] {logging_mixin.py:104} INFO - [2021-07-23 16:21:06,229] {dag.py:1833} INFO - Sync 1 DAGs
[2021-07-23 16:21:06,246] {logging_mixin.py:104} INFO - [2021-07-23 16:21:06,246] {dag.py:2306} INFO - Setting next_dagrun for example_task_group_decorator to 2021-07-21 00:00:00+00:00
[2021-07-23 16:21:06,261] {scheduler_job.py:189} INFO - Processing /home/dennismutia/.virtualenvs/wefarm/lib/python3.8/site-packages/airflow/example_dags/example_task_group_decorator.py took 0.153 seconds
[2021-07-23 16:21:09,077] {scheduler_job.py:181} INFO - Started process (PID=2235) to work on /home/dennismutia/.virtualenvs/wefarm/lib/python3.8/site-packages/airflow/example_dags/example_task_group_decorator.py
[2021-07-23 16:21:09,079] {scheduler_job.py:632} INFO - Processing file /home/dennismutia/.virtualenvs/wefarm/lib/python3.8/site-packages/airflow/example_dags/example_task_group_decorator.py for tasks to queue
[2021-07-23 16:21:09,080] {logging_mixin.py:104} INFO - [2021-07-23 16:21:09,080] {dagbag.py:496} INFO - Filling up the DagBag from /home/dennismutia/.virtualenvs/wefarm/lib/python3.8/site-packages/airflow/example_dags/example_task_group_decorator.py
[2021-07-23 16:21:09,186] {scheduler_job.py:642} INFO - DAG(s) dict_keys(['example_task_group_decorator']) retrieved from /home/dennismutia/.virtualenvs/wefarm/lib/python3.8/site-packages/airflow/example_dags/example_task_group_decorator.py
[2021-07-23 16:21:09,215] {logging_mixin.py:104} INFO - [2021-07-23 16:21:09,215] {dag.py:1833} INFO - Sync 1 DAGs
[2021-07-23 16:21:09,240] {logging_mixin.py:104} INFO - [2021-07-23 16:21:09,240] {dag.py:2306} INFO - Setting next_dagrun for example_task_group_decorator to 2021-07-21 00:00:00+00:00
[2021-07-23 16:21:09,260] {scheduler_job.py:189} INFO - Processing /home/dennismutia/.virtualenvs/wefarm/lib/python3.8/site-packages/airflow/example_dags/example_task_group_decorator.py took 0.188 seconds
[2021-07-23 16:21:12,064] {scheduler_job.py:181} INFO - Started process (PID=2332) to work on /home/dennismutia/.virtualenvs/wefarm/lib/python3.8/site-packages/airflow/example_dags/example_task_group_decorator.py
[2021-07-23 16:21:12,066] {scheduler_job.py:632} INFO - Processing file /home/dennismutia/.virtualenvs/wefarm/lib/python3.8/site-packages/airflow/example_dags/example_task_group_decorator.py for tasks to queue
[2021-07-23 16:21:12,067] {logging_mixin.py:104} INFO - [2021-07-23 16:21:12,066] {dagbag.py:496} INFO - Filling up the DagBag from /home/dennismutia/.virtualenvs/wefarm/lib/python3.8/site-packages/airflow/example_dags/example_task_group_decorator.py
[2021-07-23 16:21:12,153] {scheduler_job.py:642} INFO - DAG(s) dict_keys(['example_task_group_decorator']) retrieved from /home/dennismutia/.virtualenvs/wefarm/lib/python3.8/site-packages/airflow/example_dags/example_task_group_decorator.py
[2021-07-23 16:21:12,174] {logging_mixin.py:104} INFO - [2021-07-23 16:21:12,174] {dag.py:1833} INFO - Sync 1 DAGs
[2021-07-23 16:21:12,191] {logging_mixin.py:104} INFO - [2021-07-23 16:21:12,191] {dag.py:2306} INFO - Setting next_dagrun for example_task_group_decorator to 2021-07-21 00:00:00+00:00
[2021-07-23 16:21:12,254] {scheduler_job.py:189} INFO - Processing /home/dennismutia/.virtualenvs/wefarm/lib/python3.8/site-packages/airflow/example_dags/example_task_group_decorator.py took 0.195 seconds
[2021-07-23 16:21:14,508] {scheduler_job.py:181} INFO - Started process (PID=2393) to work on /home/dennismutia/.virtualenvs/wefarm/lib/python3.8/site-packages/airflow/example_dags/example_task_group_decorator.py
[2021-07-23 16:21:14,509] {scheduler_job.py:632} INFO - Processing file /home/dennismutia/.virtualenvs/wefarm/lib/python3.8/site-packages/airflow/example_dags/example_task_group_decorator.py for tasks to queue
[2021-07-23 16:21:14,510] {logging_mixin.py:104} INFO - [2021-07-23 16:21:14,509] {dagbag.py:496} INFO - Filling up the DagBag from /home/dennismutia/.virtualenvs/wefarm/lib/python3.8/site-packages/airflow/example_dags/example_task_group_decorator.py
[2021-07-23 16:21:14,598] {scheduler_job.py:642} INFO - DAG(s) dict_keys(['example_task_group_decorator']) retrieved from /home/dennismutia/.virtualenvs/wefarm/lib/python3.8/site-packages/airflow/example_dags/example_task_group_decorator.py
[2021-07-23 16:21:14,624] {logging_mixin.py:104} INFO - [2021-07-23 16:21:14,623] {dag.py:1833} INFO - Sync 1 DAGs
[2021-07-23 16:21:14,649] {logging_mixin.py:104} INFO - [2021-07-23 16:21:14,649] {dag.py:2306} INFO - Setting next_dagrun for example_task_group_decorator to 2021-07-21 00:00:00+00:00
[2021-07-23 16:21:14,662] {scheduler_job.py:189} INFO - Processing /home/dennismutia/.virtualenvs/wefarm/lib/python3.8/site-packages/airflow/example_dags/example_task_group_decorator.py took 0.157 seconds
[2021-07-23 16:21:16,958] {scheduler_job.py:181} INFO - Started process (PID=2452) to work on /home/dennismutia/.virtualenvs/wefarm/lib/python3.8/site-packages/airflow/example_dags/example_task_group_decorator.py
[2021-07-23 16:21:16,959] {scheduler_job.py:632} INFO - Processing file /home/dennismutia/.virtualenvs/wefarm/lib/python3.8/site-packages/airflow/example_dags/example_task_group_decorator.py for tasks to queue
[2021-07-23 16:21:16,960] {logging_mixin.py:104} INFO - [2021-07-23 16:21:16,960] {dagbag.py:496} INFO - Filling up the DagBag from /home/dennismutia/.virtualenvs/wefarm/lib/python3.8/site-packages/airflow/example_dags/example_task_group_decorator.py
[2021-07-23 16:21:17,043] {scheduler_job.py:642} INFO - DAG(s) dict_keys(['example_task_group_decorator']) retrieved from /home/dennismutia/.virtualenvs/wefarm/lib/python3.8/site-packages/airflow/example_dags/example_task_group_decorator.py
[2021-07-23 16:21:17,063] {logging_mixin.py:104} INFO - [2021-07-23 16:21:17,063] {dag.py:1833} INFO - Sync 1 DAGs
[2021-07-23 16:21:17,075] {logging_mixin.py:104} INFO - [2021-07-23 16:21:17,075] {dag.py:2306} INFO - Setting next_dagrun for example_task_group_decorator to 2021-07-21 00:00:00+00:00
[2021-07-23 16:21:17,088] {scheduler_job.py:189} INFO - Processing /home/dennismutia/.virtualenvs/wefarm/lib/python3.8/site-packages/airflow/example_dags/example_task_group_decorator.py took 0.133 seconds
[2021-07-23 16:21:19,210] {scheduler_job.py:181} INFO - Started process (PID=2512) to work on /home/dennismutia/.virtualenvs/wefarm/lib/python3.8/site-packages/airflow/example_dags/example_task_group_decorator.py
[2021-07-23 16:21:19,214] {scheduler_job.py:632} INFO - Processing file /home/dennismutia/.virtualenvs/wefarm/lib/python3.8/site-packages/airflow/example_dags/example_task_group_decorator.py for tasks to queue
[2021-07-23 16:21:19,217] {logging_mixin.py:104} INFO - [2021-07-23 16:21:19,217] {dagbag.py:496} INFO - Filling up the DagBag from /home/dennismutia/.virtualenvs/wefarm/lib/python3.8/site-packages/airflow/example_dags/example_task_group_decorator.py
[2021-07-23 16:21:19,305] {scheduler_job.py:642} INFO - DAG(s) dict_keys(['example_task_group_decorator']) retrieved from /home/dennismutia/.virtualenvs/wefarm/lib/python3.8/site-packages/airflow/example_dags/example_task_group_decorator.py
[2021-07-23 16:21:19,323] {logging_mixin.py:104} INFO - [2021-07-23 16:21:19,323] {dag.py:1833} INFO - Sync 1 DAGs
[2021-07-23 16:21:19,344] {logging_mixin.py:104} INFO - [2021-07-23 16:21:19,344] {dag.py:2306} INFO - Setting next_dagrun for example_task_group_decorator to 2021-07-21 00:00:00+00:00
[2021-07-23 16:21:19,360] {scheduler_job.py:189} INFO - Processing /home/dennismutia/.virtualenvs/wefarm/lib/python3.8/site-packages/airflow/example_dags/example_task_group_decorator.py took 0.153 seconds
[2021-07-23 16:21:21,730] {scheduler_job.py:181} INFO - Started process (PID=2572) to work on /home/dennismutia/.virtualenvs/wefarm/lib/python3.8/site-packages/airflow/example_dags/example_task_group_decorator.py
[2021-07-23 16:21:21,733] {scheduler_job.py:632} INFO - Processing file /home/dennismutia/.virtualenvs/wefarm/lib/python3.8/site-packages/airflow/example_dags/example_task_group_decorator.py for tasks to queue
[2021-07-23 16:21:21,734] {logging_mixin.py:104} INFO - [2021-07-23 16:21:21,734] {dagbag.py:496} INFO - Filling up the DagBag from /home/dennismutia/.virtualenvs/wefarm/lib/python3.8/site-packages/airflow/example_dags/example_task_group_decorator.py
[2021-07-23 16:21:21,833] {scheduler_job.py:642} INFO - DAG(s) dict_keys(['example_task_group_decorator']) retrieved from /home/dennismutia/.virtualenvs/wefarm/lib/python3.8/site-packages/airflow/example_dags/example_task_group_decorator.py
[2021-07-23 16:21:21,862] {logging_mixin.py:104} INFO - [2021-07-23 16:21:21,862] {dag.py:1833} INFO - Sync 1 DAGs
[2021-07-23 16:21:21,879] {logging_mixin.py:104} INFO - [2021-07-23 16:21:21,879] {dag.py:2306} INFO - Setting next_dagrun for example_task_group_decorator to 2021-07-21 00:00:00+00:00
[2021-07-23 16:21:21,891] {scheduler_job.py:189} INFO - Processing /home/dennismutia/.virtualenvs/wefarm/lib/python3.8/site-packages/airflow/example_dags/example_task_group_decorator.py took 0.164 seconds
[2021-07-23 16:21:24,200] {scheduler_job.py:181} INFO - Started process (PID=2632) to work on /home/dennismutia/.virtualenvs/wefarm/lib/python3.8/site-packages/airflow/example_dags/example_task_group_decorator.py
[2021-07-23 16:21:24,201] {scheduler_job.py:632} INFO - Processing file /home/dennismutia/.virtualenvs/wefarm/lib/python3.8/site-packages/airflow/example_dags/example_task_group_decorator.py for tasks to queue
[2021-07-23 16:21:24,202] {logging_mixin.py:104} INFO - [2021-07-23 16:21:24,202] {dagbag.py:496} INFO - Filling up the DagBag from /home/dennismutia/.virtualenvs/wefarm/lib/python3.8/site-packages/airflow/example_dags/example_task_group_decorator.py
[2021-07-23 16:21:24,289] {scheduler_job.py:642} INFO - DAG(s) dict_keys(['example_task_group_decorator']) retrieved from /home/dennismutia/.virtualenvs/wefarm/lib/python3.8/site-packages/airflow/example_dags/example_task_group_decorator.py
[2021-07-23 16:21:24,314] {logging_mixin.py:104} INFO - [2021-07-23 16:21:24,314] {dag.py:1833} INFO - Sync 1 DAGs
[2021-07-23 16:21:24,327] {logging_mixin.py:104} INFO - [2021-07-23 16:21:24,327] {dag.py:2306} INFO - Setting next_dagrun for example_task_group_decorator to 2021-07-21 00:00:00+00:00
[2021-07-23 16:21:24,338] {scheduler_job.py:189} INFO - Processing /home/dennismutia/.virtualenvs/wefarm/lib/python3.8/site-packages/airflow/example_dags/example_task_group_decorator.py took 0.141 seconds
[2021-07-23 16:21:26,692] {scheduler_job.py:181} INFO - Started process (PID=2712) to work on /home/dennismutia/.virtualenvs/wefarm/lib/python3.8/site-packages/airflow/example_dags/example_task_group_decorator.py
[2021-07-23 16:21:26,693] {scheduler_job.py:632} INFO - Processing file /home/dennismutia/.virtualenvs/wefarm/lib/python3.8/site-packages/airflow/example_dags/example_task_group_decorator.py for tasks to queue
[2021-07-23 16:21:26,693] {logging_mixin.py:104} INFO - [2021-07-23 16:21:26,693] {dagbag.py:496} INFO - Filling up the DagBag from /home/dennismutia/.virtualenvs/wefarm/lib/python3.8/site-packages/airflow/example_dags/example_task_group_decorator.py
[2021-07-23 16:21:26,779] {scheduler_job.py:642} INFO - DAG(s) dict_keys(['example_task_group_decorator']) retrieved from /home/dennismutia/.virtualenvs/wefarm/lib/python3.8/site-packages/airflow/example_dags/example_task_group_decorator.py
[2021-07-23 16:21:26,800] {logging_mixin.py:104} INFO - [2021-07-23 16:21:26,800] {dag.py:1833} INFO - Sync 1 DAGs
[2021-07-23 16:21:26,825] {logging_mixin.py:104} INFO - [2021-07-23 16:21:26,825] {dag.py:2306} INFO - Setting next_dagrun for example_task_group_decorator to 2021-07-21 00:00:00+00:00
[2021-07-23 16:21:26,836] {scheduler_job.py:189} INFO - Processing /home/dennismutia/.virtualenvs/wefarm/lib/python3.8/site-packages/airflow/example_dags/example_task_group_decorator.py took 0.147 seconds
[2021-07-23 16:21:29,260] {scheduler_job.py:181} INFO - Started process (PID=2774) to work on /home/dennismutia/.virtualenvs/wefarm/lib/python3.8/site-packages/airflow/example_dags/example_task_group_decorator.py
[2021-07-23 16:21:29,262] {scheduler_job.py:632} INFO - Processing file /home/dennismutia/.virtualenvs/wefarm/lib/python3.8/site-packages/airflow/example_dags/example_task_group_decorator.py for tasks to queue
[2021-07-23 16:21:29,264] {logging_mixin.py:104} INFO - [2021-07-23 16:21:29,264] {dagbag.py:496} INFO - Filling up the DagBag from /home/dennismutia/.virtualenvs/wefarm/lib/python3.8/site-packages/airflow/example_dags/example_task_group_decorator.py
[2021-07-23 16:21:29,348] {scheduler_job.py:642} INFO - DAG(s) dict_keys(['example_task_group_decorator']) retrieved from /home/dennismutia/.virtualenvs/wefarm/lib/python3.8/site-packages/airflow/example_dags/example_task_group_decorator.py
[2021-07-23 16:21:29,369] {logging_mixin.py:104} INFO - [2021-07-23 16:21:29,369] {dag.py:1833} INFO - Sync 1 DAGs
[2021-07-23 16:21:29,382] {logging_mixin.py:104} INFO - [2021-07-23 16:21:29,382] {dag.py:2306} INFO - Setting next_dagrun for example_task_group_decorator to 2021-07-21 00:00:00+00:00
[2021-07-23 16:21:29,398] {scheduler_job.py:189} INFO - Processing /home/dennismutia/.virtualenvs/wefarm/lib/python3.8/site-packages/airflow/example_dags/example_task_group_decorator.py took 0.141 seconds
[2021-07-23 16:21:31,910] {scheduler_job.py:181} INFO - Started process (PID=2833) to work on /home/dennismutia/.virtualenvs/wefarm/lib/python3.8/site-packages/airflow/example_dags/example_task_group_decorator.py
[2021-07-23 16:21:31,911] {scheduler_job.py:632} INFO - Processing file /home/dennismutia/.virtualenvs/wefarm/lib/python3.8/site-packages/airflow/example_dags/example_task_group_decorator.py for tasks to queue
[2021-07-23 16:21:31,912] {logging_mixin.py:104} INFO - [2021-07-23 16:21:31,912] {dagbag.py:496} INFO - Filling up the DagBag from /home/dennismutia/.virtualenvs/wefarm/lib/python3.8/site-packages/airflow/example_dags/example_task_group_decorator.py
[2021-07-23 16:21:32,005] {scheduler_job.py:642} INFO - DAG(s) dict_keys(['example_task_group_decorator']) retrieved from /home/dennismutia/.virtualenvs/wefarm/lib/python3.8/site-packages/airflow/example_dags/example_task_group_decorator.py
[2021-07-23 16:21:32,283] {logging_mixin.py:104} INFO - [2021-07-23 16:21:32,283] {dag.py:1833} INFO - Sync 1 DAGs
[2021-07-23 16:21:32,298] {logging_mixin.py:104} INFO - [2021-07-23 16:21:32,298] {dag.py:2306} INFO - Setting next_dagrun for example_task_group_decorator to 2021-07-21 00:00:00+00:00
[2021-07-23 16:21:32,319] {scheduler_job.py:189} INFO - Processing /home/dennismutia/.virtualenvs/wefarm/lib/python3.8/site-packages/airflow/example_dags/example_task_group_decorator.py took 0.413 seconds
[2021-07-23 16:21:35,300] {scheduler_job.py:181} INFO - Started process (PID=2893) to work on /home/dennismutia/.virtualenvs/wefarm/lib/python3.8/site-packages/airflow/example_dags/example_task_group_decorator.py
[2021-07-23 16:21:35,302] {scheduler_job.py:632} INFO - Processing file /home/dennismutia/.virtualenvs/wefarm/lib/python3.8/site-packages/airflow/example_dags/example_task_group_decorator.py for tasks to queue
[2021-07-23 16:21:35,304] {logging_mixin.py:104} INFO - [2021-07-23 16:21:35,304] {dagbag.py:496} INFO - Filling up the DagBag from /home/dennismutia/.virtualenvs/wefarm/lib/python3.8/site-packages/airflow/example_dags/example_task_group_decorator.py
[2021-07-23 16:21:35,408] {scheduler_job.py:642} INFO - DAG(s) dict_keys(['example_task_group_decorator']) retrieved from /home/dennismutia/.virtualenvs/wefarm/lib/python3.8/site-packages/airflow/example_dags/example_task_group_decorator.py
[2021-07-23 16:21:35,439] {logging_mixin.py:104} INFO - [2021-07-23 16:21:35,439] {dag.py:1833} INFO - Sync 1 DAGs
[2021-07-23 16:21:35,456] {logging_mixin.py:104} INFO - [2021-07-23 16:21:35,456] {dag.py:2306} INFO - Setting next_dagrun for example_task_group_decorator to 2021-07-21 00:00:00+00:00
[2021-07-23 16:21:35,474] {scheduler_job.py:189} INFO - Processing /home/dennismutia/.virtualenvs/wefarm/lib/python3.8/site-packages/airflow/example_dags/example_task_group_decorator.py took 0.178 seconds
[2021-07-23 16:21:38,402] {scheduler_job.py:181} INFO - Started process (PID=2953) to work on /home/dennismutia/.virtualenvs/wefarm/lib/python3.8/site-packages/airflow/example_dags/example_task_group_decorator.py
[2021-07-23 16:21:38,404] {scheduler_job.py:632} INFO - Processing file /home/dennismutia/.virtualenvs/wefarm/lib/python3.8/site-packages/airflow/example_dags/example_task_group_decorator.py for tasks to queue
[2021-07-23 16:21:38,405] {logging_mixin.py:104} INFO - [2021-07-23 16:21:38,404] {dagbag.py:496} INFO - Filling up the DagBag from /home/dennismutia/.virtualenvs/wefarm/lib/python3.8/site-packages/airflow/example_dags/example_task_group_decorator.py
[2021-07-23 16:21:38,504] {scheduler_job.py:642} INFO - DAG(s) dict_keys(['example_task_group_decorator']) retrieved from /home/dennismutia/.virtualenvs/wefarm/lib/python3.8/site-packages/airflow/example_dags/example_task_group_decorator.py
[2021-07-23 16:21:38,523] {logging_mixin.py:104} INFO - [2021-07-23 16:21:38,523] {dag.py:1833} INFO - Sync 1 DAGs
[2021-07-23 16:21:38,540] {logging_mixin.py:104} INFO - [2021-07-23 16:21:38,540] {dag.py:2306} INFO - Setting next_dagrun for example_task_group_decorator to 2021-07-21 00:00:00+00:00
[2021-07-23 16:21:38,553] {scheduler_job.py:189} INFO - Processing /home/dennismutia/.virtualenvs/wefarm/lib/python3.8/site-packages/airflow/example_dags/example_task_group_decorator.py took 0.154 seconds
[2021-07-23 16:21:41,052] {scheduler_job.py:181} INFO - Started process (PID=3013) to work on /home/dennismutia/.virtualenvs/wefarm/lib/python3.8/site-packages/airflow/example_dags/example_task_group_decorator.py
[2021-07-23 16:21:41,053] {scheduler_job.py:632} INFO - Processing file /home/dennismutia/.virtualenvs/wefarm/lib/python3.8/site-packages/airflow/example_dags/example_task_group_decorator.py for tasks to queue
[2021-07-23 16:21:41,055] {logging_mixin.py:104} INFO - [2021-07-23 16:21:41,054] {dagbag.py:496} INFO - Filling up the DagBag from /home/dennismutia/.virtualenvs/wefarm/lib/python3.8/site-packages/airflow/example_dags/example_task_group_decorator.py
[2021-07-23 16:21:41,143] {scheduler_job.py:642} INFO - DAG(s) dict_keys(['example_task_group_decorator']) retrieved from /home/dennismutia/.virtualenvs/wefarm/lib/python3.8/site-packages/airflow/example_dags/example_task_group_decorator.py
[2021-07-23 16:21:41,176] {logging_mixin.py:104} INFO - [2021-07-23 16:21:41,176] {dag.py:1833} INFO - Sync 1 DAGs
[2021-07-23 16:21:41,193] {logging_mixin.py:104} INFO - [2021-07-23 16:21:41,192] {dag.py:2306} INFO - Setting next_dagrun for example_task_group_decorator to 2021-07-21 00:00:00+00:00
[2021-07-23 16:21:41,212] {scheduler_job.py:189} INFO - Processing /home/dennismutia/.virtualenvs/wefarm/lib/python3.8/site-packages/airflow/example_dags/example_task_group_decorator.py took 0.164 seconds
[2021-07-23 16:21:45,316] {scheduler_job.py:181} INFO - Started process (PID=3073) to work on /home/dennismutia/.virtualenvs/wefarm/lib/python3.8/site-packages/airflow/example_dags/example_task_group_decorator.py
[2021-07-23 16:21:45,317] {scheduler_job.py:632} INFO - Processing file /home/dennismutia/.virtualenvs/wefarm/lib/python3.8/site-packages/airflow/example_dags/example_task_group_decorator.py for tasks to queue
[2021-07-23 16:21:45,317] {logging_mixin.py:104} INFO - [2021-07-23 16:21:45,317] {dagbag.py:496} INFO - Filling up the DagBag from /home/dennismutia/.virtualenvs/wefarm/lib/python3.8/site-packages/airflow/example_dags/example_task_group_decorator.py
[2021-07-23 16:21:45,445] {scheduler_job.py:642} INFO - DAG(s) dict_keys(['example_task_group_decorator']) retrieved from /home/dennismutia/.virtualenvs/wefarm/lib/python3.8/site-packages/airflow/example_dags/example_task_group_decorator.py
[2021-07-23 16:21:45,469] {logging_mixin.py:104} INFO - [2021-07-23 16:21:45,469] {dag.py:1833} INFO - Sync 1 DAGs
[2021-07-23 16:21:45,483] {logging_mixin.py:104} INFO - [2021-07-23 16:21:45,483] {dag.py:2306} INFO - Setting next_dagrun for example_task_group_decorator to 2021-07-21 00:00:00+00:00
[2021-07-23 16:21:45,495] {scheduler_job.py:189} INFO - Processing /home/dennismutia/.virtualenvs/wefarm/lib/python3.8/site-packages/airflow/example_dags/example_task_group_decorator.py took 0.184 seconds
[2021-07-23 16:21:48,988] {scheduler_job.py:181} INFO - Started process (PID=3134) to work on /home/dennismutia/.virtualenvs/wefarm/lib/python3.8/site-packages/airflow/example_dags/example_task_group_decorator.py
[2021-07-23 16:21:48,995] {scheduler_job.py:632} INFO - Processing file /home/dennismutia/.virtualenvs/wefarm/lib/python3.8/site-packages/airflow/example_dags/example_task_group_decorator.py for tasks to queue
[2021-07-23 16:21:49,001] {logging_mixin.py:104} INFO - [2021-07-23 16:21:49,001] {dagbag.py:496} INFO - Filling up the DagBag from /home/dennismutia/.virtualenvs/wefarm/lib/python3.8/site-packages/airflow/example_dags/example_task_group_decorator.py
[2021-07-23 16:21:49,143] {scheduler_job.py:642} INFO - DAG(s) dict_keys(['example_task_group_decorator']) retrieved from /home/dennismutia/.virtualenvs/wefarm/lib/python3.8/site-packages/airflow/example_dags/example_task_group_decorator.py
[2021-07-23 16:21:49,165] {logging_mixin.py:104} INFO - [2021-07-23 16:21:49,165] {dag.py:1833} INFO - Sync 1 DAGs
[2021-07-23 16:21:49,187] {logging_mixin.py:104} INFO - [2021-07-23 16:21:49,187] {dag.py:2306} INFO - Setting next_dagrun for example_task_group_decorator to 2021-07-21 00:00:00+00:00
[2021-07-23 16:21:49,205] {scheduler_job.py:189} INFO - Processing /home/dennismutia/.virtualenvs/wefarm/lib/python3.8/site-packages/airflow/example_dags/example_task_group_decorator.py took 0.221 seconds
[2021-07-23 16:21:52,375] {scheduler_job.py:181} INFO - Started process (PID=3194) to work on /home/dennismutia/.virtualenvs/wefarm/lib/python3.8/site-packages/airflow/example_dags/example_task_group_decorator.py
[2021-07-23 16:21:52,390] {scheduler_job.py:632} INFO - Processing file /home/dennismutia/.virtualenvs/wefarm/lib/python3.8/site-packages/airflow/example_dags/example_task_group_decorator.py for tasks to queue
[2021-07-23 16:21:52,393] {logging_mixin.py:104} INFO - [2021-07-23 16:21:52,393] {dagbag.py:496} INFO - Filling up the DagBag from /home/dennismutia/.virtualenvs/wefarm/lib/python3.8/site-packages/airflow/example_dags/example_task_group_decorator.py
[2021-07-23 16:21:52,582] {scheduler_job.py:642} INFO - DAG(s) dict_keys(['example_task_group_decorator']) retrieved from /home/dennismutia/.virtualenvs/wefarm/lib/python3.8/site-packages/airflow/example_dags/example_task_group_decorator.py
[2021-07-23 16:21:52,628] {logging_mixin.py:104} INFO - [2021-07-23 16:21:52,628] {dag.py:1833} INFO - Sync 1 DAGs
[2021-07-23 16:21:52,650] {logging_mixin.py:104} INFO - [2021-07-23 16:21:52,650] {dag.py:2306} INFO - Setting next_dagrun for example_task_group_decorator to 2021-07-21 00:00:00+00:00
[2021-07-23 16:21:52,680] {scheduler_job.py:189} INFO - Processing /home/dennismutia/.virtualenvs/wefarm/lib/python3.8/site-packages/airflow/example_dags/example_task_group_decorator.py took 0.308 seconds
