[2021-07-23 16:19:58,004] {scheduler_job.py:181} INFO - Started process (PID=834) to work on /home/dennismutia/.virtualenvs/wefarm/lib/python3.8/site-packages/airflow/example_dags/example_branch_datetime_operator.py
[2021-07-23 16:19:58,007] {scheduler_job.py:632} INFO - Processing file /home/dennismutia/.virtualenvs/wefarm/lib/python3.8/site-packages/airflow/example_dags/example_branch_datetime_operator.py for tasks to queue
[2021-07-23 16:19:58,009] {logging_mixin.py:104} INFO - [2021-07-23 16:19:58,009] {dagbag.py:496} INFO - Filling up the DagBag from /home/dennismutia/.virtualenvs/wefarm/lib/python3.8/site-packages/airflow/example_dags/example_branch_datetime_operator.py
[2021-07-23 16:19:58,022] {scheduler_job.py:642} INFO - DAG(s) dict_keys(['example_branch_datetime_operator_2']) retrieved from /home/dennismutia/.virtualenvs/wefarm/lib/python3.8/site-packages/airflow/example_dags/example_branch_datetime_operator.py
[2021-07-23 16:19:58,307] {logging_mixin.py:104} INFO - [2021-07-23 16:19:58,307] {dag.py:1833} INFO - Sync 1 DAGs
[2021-07-23 16:19:58,320] {logging_mixin.py:104} INFO - [2021-07-23 16:19:58,320] {dag.py:2306} INFO - Setting next_dagrun for example_branch_datetime_operator_2 to 2021-07-21 00:00:00+00:00
[2021-07-23 16:19:58,341] {scheduler_job.py:189} INFO - Processing /home/dennismutia/.virtualenvs/wefarm/lib/python3.8/site-packages/airflow/example_dags/example_branch_datetime_operator.py took 0.340 seconds
[2021-07-23 16:20:00,151] {scheduler_job.py:181} INFO - Started process (PID=896) to work on /home/dennismutia/.virtualenvs/wefarm/lib/python3.8/site-packages/airflow/example_dags/example_branch_datetime_operator.py
[2021-07-23 16:20:00,152] {scheduler_job.py:632} INFO - Processing file /home/dennismutia/.virtualenvs/wefarm/lib/python3.8/site-packages/airflow/example_dags/example_branch_datetime_operator.py for tasks to queue
[2021-07-23 16:20:00,153] {logging_mixin.py:104} INFO - [2021-07-23 16:20:00,152] {dagbag.py:496} INFO - Filling up the DagBag from /home/dennismutia/.virtualenvs/wefarm/lib/python3.8/site-packages/airflow/example_dags/example_branch_datetime_operator.py
[2021-07-23 16:20:00,165] {scheduler_job.py:642} INFO - DAG(s) dict_keys(['example_branch_datetime_operator_2']) retrieved from /home/dennismutia/.virtualenvs/wefarm/lib/python3.8/site-packages/airflow/example_dags/example_branch_datetime_operator.py
[2021-07-23 16:20:00,182] {logging_mixin.py:104} INFO - [2021-07-23 16:20:00,182] {dag.py:1833} INFO - Sync 1 DAGs
[2021-07-23 16:20:00,249] {logging_mixin.py:104} INFO - [2021-07-23 16:20:00,249] {dag.py:2306} INFO - Setting next_dagrun for example_branch_datetime_operator_2 to 2021-07-21 00:00:00+00:00
[2021-07-23 16:20:00,265] {scheduler_job.py:189} INFO - Processing /home/dennismutia/.virtualenvs/wefarm/lib/python3.8/site-packages/airflow/example_dags/example_branch_datetime_operator.py took 0.116 seconds
[2021-07-23 16:20:02,237] {scheduler_job.py:181} INFO - Started process (PID=999) to work on /home/dennismutia/.virtualenvs/wefarm/lib/python3.8/site-packages/airflow/example_dags/example_branch_datetime_operator.py
[2021-07-23 16:20:02,238] {scheduler_job.py:632} INFO - Processing file /home/dennismutia/.virtualenvs/wefarm/lib/python3.8/site-packages/airflow/example_dags/example_branch_datetime_operator.py for tasks to queue
[2021-07-23 16:20:02,238] {logging_mixin.py:104} INFO - [2021-07-23 16:20:02,238] {dagbag.py:496} INFO - Filling up the DagBag from /home/dennismutia/.virtualenvs/wefarm/lib/python3.8/site-packages/airflow/example_dags/example_branch_datetime_operator.py
[2021-07-23 16:20:02,253] {scheduler_job.py:642} INFO - DAG(s) dict_keys(['example_branch_datetime_operator_2']) retrieved from /home/dennismutia/.virtualenvs/wefarm/lib/python3.8/site-packages/airflow/example_dags/example_branch_datetime_operator.py
[2021-07-23 16:20:02,275] {logging_mixin.py:104} INFO - [2021-07-23 16:20:02,275] {dag.py:1833} INFO - Sync 1 DAGs
[2021-07-23 16:20:02,342] {logging_mixin.py:104} INFO - [2021-07-23 16:20:02,342] {dag.py:2306} INFO - Setting next_dagrun for example_branch_datetime_operator_2 to 2021-07-21 00:00:00+00:00
[2021-07-23 16:20:02,351] {scheduler_job.py:189} INFO - Processing /home/dennismutia/.virtualenvs/wefarm/lib/python3.8/site-packages/airflow/example_dags/example_branch_datetime_operator.py took 0.118 seconds
[2021-07-23 16:20:04,058] {scheduler_job.py:181} INFO - Started process (PID=1059) to work on /home/dennismutia/.virtualenvs/wefarm/lib/python3.8/site-packages/airflow/example_dags/example_branch_datetime_operator.py
[2021-07-23 16:20:04,059] {scheduler_job.py:632} INFO - Processing file /home/dennismutia/.virtualenvs/wefarm/lib/python3.8/site-packages/airflow/example_dags/example_branch_datetime_operator.py for tasks to queue
[2021-07-23 16:20:04,060] {logging_mixin.py:104} INFO - [2021-07-23 16:20:04,059] {dagbag.py:496} INFO - Filling up the DagBag from /home/dennismutia/.virtualenvs/wefarm/lib/python3.8/site-packages/airflow/example_dags/example_branch_datetime_operator.py
[2021-07-23 16:20:04,091] {scheduler_job.py:642} INFO - DAG(s) dict_keys(['example_branch_datetime_operator_2']) retrieved from /home/dennismutia/.virtualenvs/wefarm/lib/python3.8/site-packages/airflow/example_dags/example_branch_datetime_operator.py
[2021-07-23 16:20:04,146] {logging_mixin.py:104} INFO - [2021-07-23 16:20:04,146] {dag.py:1833} INFO - Sync 1 DAGs
[2021-07-23 16:20:04,216] {logging_mixin.py:104} INFO - [2021-07-23 16:20:04,216] {dag.py:2306} INFO - Setting next_dagrun for example_branch_datetime_operator_2 to 2021-07-21 00:00:00+00:00
[2021-07-23 16:20:04,231] {scheduler_job.py:189} INFO - Processing /home/dennismutia/.virtualenvs/wefarm/lib/python3.8/site-packages/airflow/example_dags/example_branch_datetime_operator.py took 0.175 seconds
[2021-07-23 16:20:05,931] {scheduler_job.py:181} INFO - Started process (PID=1127) to work on /home/dennismutia/.virtualenvs/wefarm/lib/python3.8/site-packages/airflow/example_dags/example_branch_datetime_operator.py
[2021-07-23 16:20:05,932] {scheduler_job.py:632} INFO - Processing file /home/dennismutia/.virtualenvs/wefarm/lib/python3.8/site-packages/airflow/example_dags/example_branch_datetime_operator.py for tasks to queue
[2021-07-23 16:20:05,933] {logging_mixin.py:104} INFO - [2021-07-23 16:20:05,932] {dagbag.py:496} INFO - Filling up the DagBag from /home/dennismutia/.virtualenvs/wefarm/lib/python3.8/site-packages/airflow/example_dags/example_branch_datetime_operator.py
[2021-07-23 16:20:05,945] {scheduler_job.py:642} INFO - DAG(s) dict_keys(['example_branch_datetime_operator_2']) retrieved from /home/dennismutia/.virtualenvs/wefarm/lib/python3.8/site-packages/airflow/example_dags/example_branch_datetime_operator.py
[2021-07-23 16:20:05,959] {logging_mixin.py:104} INFO - [2021-07-23 16:20:05,959] {dag.py:1833} INFO - Sync 1 DAGs
[2021-07-23 16:20:06,018] {logging_mixin.py:104} INFO - [2021-07-23 16:20:06,017] {dag.py:2306} INFO - Setting next_dagrun for example_branch_datetime_operator_2 to 2021-07-21 00:00:00+00:00
[2021-07-23 16:20:06,036] {scheduler_job.py:189} INFO - Processing /home/dennismutia/.virtualenvs/wefarm/lib/python3.8/site-packages/airflow/example_dags/example_branch_datetime_operator.py took 0.107 seconds
[2021-07-23 16:20:07,901] {scheduler_job.py:181} INFO - Started process (PID=1187) to work on /home/dennismutia/.virtualenvs/wefarm/lib/python3.8/site-packages/airflow/example_dags/example_branch_datetime_operator.py
[2021-07-23 16:20:07,902] {scheduler_job.py:632} INFO - Processing file /home/dennismutia/.virtualenvs/wefarm/lib/python3.8/site-packages/airflow/example_dags/example_branch_datetime_operator.py for tasks to queue
[2021-07-23 16:20:07,902] {logging_mixin.py:104} INFO - [2021-07-23 16:20:07,902] {dagbag.py:496} INFO - Filling up the DagBag from /home/dennismutia/.virtualenvs/wefarm/lib/python3.8/site-packages/airflow/example_dags/example_branch_datetime_operator.py
[2021-07-23 16:20:07,916] {scheduler_job.py:642} INFO - DAG(s) dict_keys(['example_branch_datetime_operator_2']) retrieved from /home/dennismutia/.virtualenvs/wefarm/lib/python3.8/site-packages/airflow/example_dags/example_branch_datetime_operator.py
[2021-07-23 16:20:07,940] {logging_mixin.py:104} INFO - [2021-07-23 16:20:07,940] {dag.py:1833} INFO - Sync 1 DAGs
[2021-07-23 16:20:07,992] {logging_mixin.py:104} INFO - [2021-07-23 16:20:07,992] {dag.py:2306} INFO - Setting next_dagrun for example_branch_datetime_operator_2 to 2021-07-21 00:00:00+00:00
[2021-07-23 16:20:08,011] {scheduler_job.py:189} INFO - Processing /home/dennismutia/.virtualenvs/wefarm/lib/python3.8/site-packages/airflow/example_dags/example_branch_datetime_operator.py took 0.112 seconds
[2021-07-23 16:20:09,908] {scheduler_job.py:181} INFO - Started process (PID=1268) to work on /home/dennismutia/.virtualenvs/wefarm/lib/python3.8/site-packages/airflow/example_dags/example_branch_datetime_operator.py
[2021-07-23 16:20:09,909] {scheduler_job.py:632} INFO - Processing file /home/dennismutia/.virtualenvs/wefarm/lib/python3.8/site-packages/airflow/example_dags/example_branch_datetime_operator.py for tasks to queue
[2021-07-23 16:20:09,910] {logging_mixin.py:104} INFO - [2021-07-23 16:20:09,910] {dagbag.py:496} INFO - Filling up the DagBag from /home/dennismutia/.virtualenvs/wefarm/lib/python3.8/site-packages/airflow/example_dags/example_branch_datetime_operator.py
[2021-07-23 16:20:09,922] {scheduler_job.py:642} INFO - DAG(s) dict_keys(['example_branch_datetime_operator_2']) retrieved from /home/dennismutia/.virtualenvs/wefarm/lib/python3.8/site-packages/airflow/example_dags/example_branch_datetime_operator.py
[2021-07-23 16:20:09,942] {logging_mixin.py:104} INFO - [2021-07-23 16:20:09,942] {dag.py:1833} INFO - Sync 1 DAGs
[2021-07-23 16:20:10,002] {logging_mixin.py:104} INFO - [2021-07-23 16:20:10,001] {dag.py:2306} INFO - Setting next_dagrun for example_branch_datetime_operator_2 to 2021-07-21 00:00:00+00:00
[2021-07-23 16:20:10,010] {scheduler_job.py:189} INFO - Processing /home/dennismutia/.virtualenvs/wefarm/lib/python3.8/site-packages/airflow/example_dags/example_branch_datetime_operator.py took 0.105 seconds
[2021-07-23 16:20:11,822] {scheduler_job.py:181} INFO - Started process (PID=1332) to work on /home/dennismutia/.virtualenvs/wefarm/lib/python3.8/site-packages/airflow/example_dags/example_branch_datetime_operator.py
[2021-07-23 16:20:11,823] {scheduler_job.py:632} INFO - Processing file /home/dennismutia/.virtualenvs/wefarm/lib/python3.8/site-packages/airflow/example_dags/example_branch_datetime_operator.py for tasks to queue
[2021-07-23 16:20:11,824] {logging_mixin.py:104} INFO - [2021-07-23 16:20:11,824] {dagbag.py:496} INFO - Filling up the DagBag from /home/dennismutia/.virtualenvs/wefarm/lib/python3.8/site-packages/airflow/example_dags/example_branch_datetime_operator.py
[2021-07-23 16:20:11,835] {scheduler_job.py:642} INFO - DAG(s) dict_keys(['example_branch_datetime_operator_2']) retrieved from /home/dennismutia/.virtualenvs/wefarm/lib/python3.8/site-packages/airflow/example_dags/example_branch_datetime_operator.py
[2021-07-23 16:20:11,863] {logging_mixin.py:104} INFO - [2021-07-23 16:20:11,863] {dag.py:1833} INFO - Sync 1 DAGs
[2021-07-23 16:20:11,934] {logging_mixin.py:104} INFO - [2021-07-23 16:20:11,934] {dag.py:2306} INFO - Setting next_dagrun for example_branch_datetime_operator_2 to 2021-07-21 00:00:00+00:00
[2021-07-23 16:20:11,948] {scheduler_job.py:189} INFO - Processing /home/dennismutia/.virtualenvs/wefarm/lib/python3.8/site-packages/airflow/example_dags/example_branch_datetime_operator.py took 0.128 seconds
[2021-07-23 16:20:13,995] {scheduler_job.py:181} INFO - Started process (PID=1392) to work on /home/dennismutia/.virtualenvs/wefarm/lib/python3.8/site-packages/airflow/example_dags/example_branch_datetime_operator.py
[2021-07-23 16:20:13,998] {scheduler_job.py:632} INFO - Processing file /home/dennismutia/.virtualenvs/wefarm/lib/python3.8/site-packages/airflow/example_dags/example_branch_datetime_operator.py for tasks to queue
[2021-07-23 16:20:14,000] {logging_mixin.py:104} INFO - [2021-07-23 16:20:14,000] {dagbag.py:496} INFO - Filling up the DagBag from /home/dennismutia/.virtualenvs/wefarm/lib/python3.8/site-packages/airflow/example_dags/example_branch_datetime_operator.py
[2021-07-23 16:20:14,017] {scheduler_job.py:642} INFO - DAG(s) dict_keys(['example_branch_datetime_operator_2']) retrieved from /home/dennismutia/.virtualenvs/wefarm/lib/python3.8/site-packages/airflow/example_dags/example_branch_datetime_operator.py
[2021-07-23 16:20:14,041] {logging_mixin.py:104} INFO - [2021-07-23 16:20:14,041] {dag.py:1833} INFO - Sync 1 DAGs
[2021-07-23 16:20:14,115] {logging_mixin.py:104} INFO - [2021-07-23 16:20:14,115] {dag.py:2306} INFO - Setting next_dagrun for example_branch_datetime_operator_2 to 2021-07-21 00:00:00+00:00
[2021-07-23 16:20:14,129] {scheduler_job.py:189} INFO - Processing /home/dennismutia/.virtualenvs/wefarm/lib/python3.8/site-packages/airflow/example_dags/example_branch_datetime_operator.py took 0.137 seconds
[2021-07-23 16:20:16,396] {scheduler_job.py:181} INFO - Started process (PID=1452) to work on /home/dennismutia/.virtualenvs/wefarm/lib/python3.8/site-packages/airflow/example_dags/example_branch_datetime_operator.py
[2021-07-23 16:20:16,397] {scheduler_job.py:632} INFO - Processing file /home/dennismutia/.virtualenvs/wefarm/lib/python3.8/site-packages/airflow/example_dags/example_branch_datetime_operator.py for tasks to queue
[2021-07-23 16:20:16,397] {logging_mixin.py:104} INFO - [2021-07-23 16:20:16,397] {dagbag.py:496} INFO - Filling up the DagBag from /home/dennismutia/.virtualenvs/wefarm/lib/python3.8/site-packages/airflow/example_dags/example_branch_datetime_operator.py
[2021-07-23 16:20:16,412] {scheduler_job.py:642} INFO - DAG(s) dict_keys(['example_branch_datetime_operator_2']) retrieved from /home/dennismutia/.virtualenvs/wefarm/lib/python3.8/site-packages/airflow/example_dags/example_branch_datetime_operator.py
[2021-07-23 16:20:16,431] {logging_mixin.py:104} INFO - [2021-07-23 16:20:16,431] {dag.py:1833} INFO - Sync 1 DAGs
[2021-07-23 16:20:16,502] {logging_mixin.py:104} INFO - [2021-07-23 16:20:16,502] {dag.py:2306} INFO - Setting next_dagrun for example_branch_datetime_operator_2 to 2021-07-21 00:00:00+00:00
[2021-07-23 16:20:16,526] {scheduler_job.py:189} INFO - Processing /home/dennismutia/.virtualenvs/wefarm/lib/python3.8/site-packages/airflow/example_dags/example_branch_datetime_operator.py took 0.133 seconds
[2021-07-23 16:20:18,790] {scheduler_job.py:181} INFO - Started process (PID=1512) to work on /home/dennismutia/.virtualenvs/wefarm/lib/python3.8/site-packages/airflow/example_dags/example_branch_datetime_operator.py
[2021-07-23 16:20:18,792] {scheduler_job.py:632} INFO - Processing file /home/dennismutia/.virtualenvs/wefarm/lib/python3.8/site-packages/airflow/example_dags/example_branch_datetime_operator.py for tasks to queue
[2021-07-23 16:20:18,792] {logging_mixin.py:104} INFO - [2021-07-23 16:20:18,792] {dagbag.py:496} INFO - Filling up the DagBag from /home/dennismutia/.virtualenvs/wefarm/lib/python3.8/site-packages/airflow/example_dags/example_branch_datetime_operator.py
[2021-07-23 16:20:18,809] {scheduler_job.py:642} INFO - DAG(s) dict_keys(['example_branch_datetime_operator_2']) retrieved from /home/dennismutia/.virtualenvs/wefarm/lib/python3.8/site-packages/airflow/example_dags/example_branch_datetime_operator.py
[2021-07-23 16:20:18,829] {logging_mixin.py:104} INFO - [2021-07-23 16:20:18,829] {dag.py:1833} INFO - Sync 1 DAGs
[2021-07-23 16:20:18,909] {logging_mixin.py:104} INFO - [2021-07-23 16:20:18,909] {dag.py:2306} INFO - Setting next_dagrun for example_branch_datetime_operator_2 to 2021-07-21 00:00:00+00:00
[2021-07-23 16:20:18,935] {scheduler_job.py:189} INFO - Processing /home/dennismutia/.virtualenvs/wefarm/lib/python3.8/site-packages/airflow/example_dags/example_branch_datetime_operator.py took 0.149 seconds
[2021-07-23 16:20:21,089] {scheduler_job.py:181} INFO - Started process (PID=1572) to work on /home/dennismutia/.virtualenvs/wefarm/lib/python3.8/site-packages/airflow/example_dags/example_branch_datetime_operator.py
[2021-07-23 16:20:21,090] {scheduler_job.py:632} INFO - Processing file /home/dennismutia/.virtualenvs/wefarm/lib/python3.8/site-packages/airflow/example_dags/example_branch_datetime_operator.py for tasks to queue
[2021-07-23 16:20:21,091] {logging_mixin.py:104} INFO - [2021-07-23 16:20:21,091] {dagbag.py:496} INFO - Filling up the DagBag from /home/dennismutia/.virtualenvs/wefarm/lib/python3.8/site-packages/airflow/example_dags/example_branch_datetime_operator.py
[2021-07-23 16:20:21,115] {scheduler_job.py:642} INFO - DAG(s) dict_keys(['example_branch_datetime_operator_2']) retrieved from /home/dennismutia/.virtualenvs/wefarm/lib/python3.8/site-packages/airflow/example_dags/example_branch_datetime_operator.py
[2021-07-23 16:20:21,142] {logging_mixin.py:104} INFO - [2021-07-23 16:20:21,142] {dag.py:1833} INFO - Sync 1 DAGs
[2021-07-23 16:20:21,246] {logging_mixin.py:104} INFO - [2021-07-23 16:20:21,246] {dag.py:2306} INFO - Setting next_dagrun for example_branch_datetime_operator_2 to 2021-07-21 00:00:00+00:00
[2021-07-23 16:20:21,258] {scheduler_job.py:189} INFO - Processing /home/dennismutia/.virtualenvs/wefarm/lib/python3.8/site-packages/airflow/example_dags/example_branch_datetime_operator.py took 0.173 seconds
[2021-07-23 16:20:23,828] {scheduler_job.py:181} INFO - Started process (PID=1637) to work on /home/dennismutia/.virtualenvs/wefarm/lib/python3.8/site-packages/airflow/example_dags/example_branch_datetime_operator.py
[2021-07-23 16:20:23,829] {scheduler_job.py:632} INFO - Processing file /home/dennismutia/.virtualenvs/wefarm/lib/python3.8/site-packages/airflow/example_dags/example_branch_datetime_operator.py for tasks to queue
[2021-07-23 16:20:23,830] {logging_mixin.py:104} INFO - [2021-07-23 16:20:23,830] {dagbag.py:496} INFO - Filling up the DagBag from /home/dennismutia/.virtualenvs/wefarm/lib/python3.8/site-packages/airflow/example_dags/example_branch_datetime_operator.py
[2021-07-23 16:20:23,852] {scheduler_job.py:642} INFO - DAG(s) dict_keys(['example_branch_datetime_operator_2']) retrieved from /home/dennismutia/.virtualenvs/wefarm/lib/python3.8/site-packages/airflow/example_dags/example_branch_datetime_operator.py
[2021-07-23 16:20:23,879] {logging_mixin.py:104} INFO - [2021-07-23 16:20:23,879] {dag.py:1833} INFO - Sync 1 DAGs
[2021-07-23 16:20:23,995] {logging_mixin.py:104} INFO - [2021-07-23 16:20:23,994] {dag.py:2306} INFO - Setting next_dagrun for example_branch_datetime_operator_2 to 2021-07-21 00:00:00+00:00
[2021-07-23 16:20:24,025] {scheduler_job.py:189} INFO - Processing /home/dennismutia/.virtualenvs/wefarm/lib/python3.8/site-packages/airflow/example_dags/example_branch_datetime_operator.py took 0.205 seconds
[2021-07-23 16:20:26,608] {scheduler_job.py:181} INFO - Started process (PID=1698) to work on /home/dennismutia/.virtualenvs/wefarm/lib/python3.8/site-packages/airflow/example_dags/example_branch_datetime_operator.py
[2021-07-23 16:20:26,611] {scheduler_job.py:632} INFO - Processing file /home/dennismutia/.virtualenvs/wefarm/lib/python3.8/site-packages/airflow/example_dags/example_branch_datetime_operator.py for tasks to queue
[2021-07-23 16:20:26,614] {logging_mixin.py:104} INFO - [2021-07-23 16:20:26,614] {dagbag.py:496} INFO - Filling up the DagBag from /home/dennismutia/.virtualenvs/wefarm/lib/python3.8/site-packages/airflow/example_dags/example_branch_datetime_operator.py
[2021-07-23 16:20:26,635] {scheduler_job.py:642} INFO - DAG(s) dict_keys(['example_branch_datetime_operator_2']) retrieved from /home/dennismutia/.virtualenvs/wefarm/lib/python3.8/site-packages/airflow/example_dags/example_branch_datetime_operator.py
[2021-07-23 16:20:26,659] {logging_mixin.py:104} INFO - [2021-07-23 16:20:26,659] {dag.py:1833} INFO - Sync 1 DAGs
[2021-07-23 16:20:26,751] {logging_mixin.py:104} INFO - [2021-07-23 16:20:26,751] {dag.py:2306} INFO - Setting next_dagrun for example_branch_datetime_operator_2 to 2021-07-21 00:00:00+00:00
[2021-07-23 16:20:26,771] {scheduler_job.py:189} INFO - Processing /home/dennismutia/.virtualenvs/wefarm/lib/python3.8/site-packages/airflow/example_dags/example_branch_datetime_operator.py took 0.167 seconds
[2021-07-23 16:20:32,297] {scheduler_job.py:181} INFO - Started process (PID=1761) to work on /home/dennismutia/.virtualenvs/wefarm/lib/python3.8/site-packages/airflow/example_dags/example_branch_datetime_operator.py
[2021-07-23 16:20:32,299] {scheduler_job.py:632} INFO - Processing file /home/dennismutia/.virtualenvs/wefarm/lib/python3.8/site-packages/airflow/example_dags/example_branch_datetime_operator.py for tasks to queue
[2021-07-23 16:20:32,299] {logging_mixin.py:104} INFO - [2021-07-23 16:20:32,299] {dagbag.py:496} INFO - Filling up the DagBag from /home/dennismutia/.virtualenvs/wefarm/lib/python3.8/site-packages/airflow/example_dags/example_branch_datetime_operator.py
[2021-07-23 16:20:32,347] {scheduler_job.py:642} INFO - DAG(s) dict_keys(['example_branch_datetime_operator_2']) retrieved from /home/dennismutia/.virtualenvs/wefarm/lib/python3.8/site-packages/airflow/example_dags/example_branch_datetime_operator.py
[2021-07-23 16:20:32,598] {logging_mixin.py:104} INFO - [2021-07-23 16:20:32,598] {dag.py:1833} INFO - Sync 1 DAGs
[2021-07-23 16:20:32,635] {logging_mixin.py:104} INFO - [2021-07-23 16:20:32,635] {dag.py:2306} INFO - Setting next_dagrun for example_branch_datetime_operator_2 to 2021-07-21 00:00:00+00:00
[2021-07-23 16:20:32,720] {scheduler_job.py:189} INFO - Processing /home/dennismutia/.virtualenvs/wefarm/lib/python3.8/site-packages/airflow/example_dags/example_branch_datetime_operator.py took 0.438 seconds
[2021-07-23 16:20:40,856] {scheduler_job.py:181} INFO - Started process (PID=1838) to work on /home/dennismutia/.virtualenvs/wefarm/lib/python3.8/site-packages/airflow/example_dags/example_branch_datetime_operator.py
[2021-07-23 16:20:40,873] {scheduler_job.py:632} INFO - Processing file /home/dennismutia/.virtualenvs/wefarm/lib/python3.8/site-packages/airflow/example_dags/example_branch_datetime_operator.py for tasks to queue
[2021-07-23 16:20:40,889] {logging_mixin.py:104} INFO - [2021-07-23 16:20:40,889] {dagbag.py:496} INFO - Filling up the DagBag from /home/dennismutia/.virtualenvs/wefarm/lib/python3.8/site-packages/airflow/example_dags/example_branch_datetime_operator.py
[2021-07-23 16:20:40,917] {scheduler_job.py:642} INFO - DAG(s) dict_keys(['example_branch_datetime_operator_2']) retrieved from /home/dennismutia/.virtualenvs/wefarm/lib/python3.8/site-packages/airflow/example_dags/example_branch_datetime_operator.py
[2021-07-23 16:20:41,168] {logging_mixin.py:104} INFO - [2021-07-23 16:20:41,168] {dag.py:1833} INFO - Sync 1 DAGs
[2021-07-23 16:20:41,191] {logging_mixin.py:104} INFO - [2021-07-23 16:20:41,191] {dag.py:2306} INFO - Setting next_dagrun for example_branch_datetime_operator_2 to 2021-07-21 00:00:00+00:00
[2021-07-23 16:20:41,243] {scheduler_job.py:189} INFO - Processing /home/dennismutia/.virtualenvs/wefarm/lib/python3.8/site-packages/airflow/example_dags/example_branch_datetime_operator.py took 0.391 seconds
[2021-07-23 16:20:47,605] {scheduler_job.py:181} INFO - Started process (PID=1901) to work on /home/dennismutia/.virtualenvs/wefarm/lib/python3.8/site-packages/airflow/example_dags/example_branch_datetime_operator.py
[2021-07-23 16:20:47,676] {scheduler_job.py:632} INFO - Processing file /home/dennismutia/.virtualenvs/wefarm/lib/python3.8/site-packages/airflow/example_dags/example_branch_datetime_operator.py for tasks to queue
[2021-07-23 16:20:47,677] {logging_mixin.py:104} INFO - [2021-07-23 16:20:47,676] {dagbag.py:496} INFO - Filling up the DagBag from /home/dennismutia/.virtualenvs/wefarm/lib/python3.8/site-packages/airflow/example_dags/example_branch_datetime_operator.py
[2021-07-23 16:20:47,827] {scheduler_job.py:642} INFO - DAG(s) dict_keys(['example_branch_datetime_operator_2']) retrieved from /home/dennismutia/.virtualenvs/wefarm/lib/python3.8/site-packages/airflow/example_dags/example_branch_datetime_operator.py
[2021-07-23 16:20:48,175] {logging_mixin.py:104} INFO - [2021-07-23 16:20:48,174] {dag.py:1833} INFO - Sync 1 DAGs
[2021-07-23 16:20:48,338] {logging_mixin.py:104} INFO - [2021-07-23 16:20:48,337] {dag.py:2306} INFO - Setting next_dagrun for example_branch_datetime_operator_2 to 2021-07-21 00:00:00+00:00
[2021-07-23 16:20:48,396] {scheduler_job.py:189} INFO - Processing /home/dennismutia/.virtualenvs/wefarm/lib/python3.8/site-packages/airflow/example_dags/example_branch_datetime_operator.py took 0.795 seconds
[2021-07-23 16:20:54,154] {scheduler_job.py:181} INFO - Started process (PID=1960) to work on /home/dennismutia/.virtualenvs/wefarm/lib/python3.8/site-packages/airflow/example_dags/example_branch_datetime_operator.py
[2021-07-23 16:20:54,157] {scheduler_job.py:632} INFO - Processing file /home/dennismutia/.virtualenvs/wefarm/lib/python3.8/site-packages/airflow/example_dags/example_branch_datetime_operator.py for tasks to queue
[2021-07-23 16:20:54,159] {logging_mixin.py:104} INFO - [2021-07-23 16:20:54,158] {dagbag.py:496} INFO - Filling up the DagBag from /home/dennismutia/.virtualenvs/wefarm/lib/python3.8/site-packages/airflow/example_dags/example_branch_datetime_operator.py
[2021-07-23 16:20:54,187] {scheduler_job.py:642} INFO - DAG(s) dict_keys(['example_branch_datetime_operator_2']) retrieved from /home/dennismutia/.virtualenvs/wefarm/lib/python3.8/site-packages/airflow/example_dags/example_branch_datetime_operator.py
[2021-07-23 16:20:54,433] {logging_mixin.py:104} INFO - [2021-07-23 16:20:54,433] {dag.py:1833} INFO - Sync 1 DAGs
[2021-07-23 16:20:54,459] {logging_mixin.py:104} INFO - [2021-07-23 16:20:54,459] {dag.py:2306} INFO - Setting next_dagrun for example_branch_datetime_operator_2 to 2021-07-21 00:00:00+00:00
[2021-07-23 16:20:54,503] {scheduler_job.py:189} INFO - Processing /home/dennismutia/.virtualenvs/wefarm/lib/python3.8/site-packages/airflow/example_dags/example_branch_datetime_operator.py took 0.353 seconds
[2021-07-23 16:20:58,027] {scheduler_job.py:181} INFO - Started process (PID=2020) to work on /home/dennismutia/.virtualenvs/wefarm/lib/python3.8/site-packages/airflow/example_dags/example_branch_datetime_operator.py
[2021-07-23 16:20:58,031] {scheduler_job.py:632} INFO - Processing file /home/dennismutia/.virtualenvs/wefarm/lib/python3.8/site-packages/airflow/example_dags/example_branch_datetime_operator.py for tasks to queue
[2021-07-23 16:20:58,033] {logging_mixin.py:104} INFO - [2021-07-23 16:20:58,033] {dagbag.py:496} INFO - Filling up the DagBag from /home/dennismutia/.virtualenvs/wefarm/lib/python3.8/site-packages/airflow/example_dags/example_branch_datetime_operator.py
[2021-07-23 16:20:58,054] {scheduler_job.py:642} INFO - DAG(s) dict_keys(['example_branch_datetime_operator_2']) retrieved from /home/dennismutia/.virtualenvs/wefarm/lib/python3.8/site-packages/airflow/example_dags/example_branch_datetime_operator.py
[2021-07-23 16:20:58,160] {logging_mixin.py:104} INFO - [2021-07-23 16:20:58,160] {dag.py:1833} INFO - Sync 1 DAGs
[2021-07-23 16:20:58,179] {logging_mixin.py:104} INFO - [2021-07-23 16:20:58,179] {dag.py:2306} INFO - Setting next_dagrun for example_branch_datetime_operator_2 to 2021-07-21 00:00:00+00:00
[2021-07-23 16:20:58,199] {scheduler_job.py:189} INFO - Processing /home/dennismutia/.virtualenvs/wefarm/lib/python3.8/site-packages/airflow/example_dags/example_branch_datetime_operator.py took 0.177 seconds
[2021-07-23 16:21:02,353] {scheduler_job.py:181} INFO - Started process (PID=2081) to work on /home/dennismutia/.virtualenvs/wefarm/lib/python3.8/site-packages/airflow/example_dags/example_branch_datetime_operator.py
[2021-07-23 16:21:02,358] {scheduler_job.py:632} INFO - Processing file /home/dennismutia/.virtualenvs/wefarm/lib/python3.8/site-packages/airflow/example_dags/example_branch_datetime_operator.py for tasks to queue
[2021-07-23 16:21:02,359] {logging_mixin.py:104} INFO - [2021-07-23 16:21:02,359] {dagbag.py:496} INFO - Filling up the DagBag from /home/dennismutia/.virtualenvs/wefarm/lib/python3.8/site-packages/airflow/example_dags/example_branch_datetime_operator.py
[2021-07-23 16:21:02,383] {scheduler_job.py:642} INFO - DAG(s) dict_keys(['example_branch_datetime_operator_2']) retrieved from /home/dennismutia/.virtualenvs/wefarm/lib/python3.8/site-packages/airflow/example_dags/example_branch_datetime_operator.py
[2021-07-23 16:21:02,533] {logging_mixin.py:104} INFO - [2021-07-23 16:21:02,533] {dag.py:1833} INFO - Sync 1 DAGs
[2021-07-23 16:21:02,560] {logging_mixin.py:104} INFO - [2021-07-23 16:21:02,560] {dag.py:2306} INFO - Setting next_dagrun for example_branch_datetime_operator_2 to 2021-07-21 00:00:00+00:00
[2021-07-23 16:21:02,578] {scheduler_job.py:189} INFO - Processing /home/dennismutia/.virtualenvs/wefarm/lib/python3.8/site-packages/airflow/example_dags/example_branch_datetime_operator.py took 0.228 seconds
[2021-07-23 16:21:05,274] {scheduler_job.py:181} INFO - Started process (PID=2140) to work on /home/dennismutia/.virtualenvs/wefarm/lib/python3.8/site-packages/airflow/example_dags/example_branch_datetime_operator.py
[2021-07-23 16:21:05,275] {scheduler_job.py:632} INFO - Processing file /home/dennismutia/.virtualenvs/wefarm/lib/python3.8/site-packages/airflow/example_dags/example_branch_datetime_operator.py for tasks to queue
[2021-07-23 16:21:05,276] {logging_mixin.py:104} INFO - [2021-07-23 16:21:05,276] {dagbag.py:496} INFO - Filling up the DagBag from /home/dennismutia/.virtualenvs/wefarm/lib/python3.8/site-packages/airflow/example_dags/example_branch_datetime_operator.py
[2021-07-23 16:21:05,296] {scheduler_job.py:642} INFO - DAG(s) dict_keys(['example_branch_datetime_operator_2']) retrieved from /home/dennismutia/.virtualenvs/wefarm/lib/python3.8/site-packages/airflow/example_dags/example_branch_datetime_operator.py
[2021-07-23 16:21:05,383] {logging_mixin.py:104} INFO - [2021-07-23 16:21:05,383] {dag.py:1833} INFO - Sync 1 DAGs
[2021-07-23 16:21:05,408] {logging_mixin.py:104} INFO - [2021-07-23 16:21:05,408] {dag.py:2306} INFO - Setting next_dagrun for example_branch_datetime_operator_2 to 2021-07-21 00:00:00+00:00
[2021-07-23 16:21:05,421] {scheduler_job.py:189} INFO - Processing /home/dennismutia/.virtualenvs/wefarm/lib/python3.8/site-packages/airflow/example_dags/example_branch_datetime_operator.py took 0.150 seconds
[2021-07-23 16:21:08,030] {scheduler_job.py:181} INFO - Started process (PID=2201) to work on /home/dennismutia/.virtualenvs/wefarm/lib/python3.8/site-packages/airflow/example_dags/example_branch_datetime_operator.py
[2021-07-23 16:21:08,033] {scheduler_job.py:632} INFO - Processing file /home/dennismutia/.virtualenvs/wefarm/lib/python3.8/site-packages/airflow/example_dags/example_branch_datetime_operator.py for tasks to queue
[2021-07-23 16:21:08,034] {logging_mixin.py:104} INFO - [2021-07-23 16:21:08,034] {dagbag.py:496} INFO - Filling up the DagBag from /home/dennismutia/.virtualenvs/wefarm/lib/python3.8/site-packages/airflow/example_dags/example_branch_datetime_operator.py
[2021-07-23 16:21:08,059] {scheduler_job.py:642} INFO - DAG(s) dict_keys(['example_branch_datetime_operator_2']) retrieved from /home/dennismutia/.virtualenvs/wefarm/lib/python3.8/site-packages/airflow/example_dags/example_branch_datetime_operator.py
[2021-07-23 16:21:08,151] {logging_mixin.py:104} INFO - [2021-07-23 16:21:08,151] {dag.py:1833} INFO - Sync 1 DAGs
[2021-07-23 16:21:08,172] {logging_mixin.py:104} INFO - [2021-07-23 16:21:08,172] {dag.py:2306} INFO - Setting next_dagrun for example_branch_datetime_operator_2 to 2021-07-21 00:00:00+00:00
[2021-07-23 16:21:08,184] {scheduler_job.py:189} INFO - Processing /home/dennismutia/.virtualenvs/wefarm/lib/python3.8/site-packages/airflow/example_dags/example_branch_datetime_operator.py took 0.162 seconds
[2021-07-23 16:21:10,983] {scheduler_job.py:181} INFO - Started process (PID=2304) to work on /home/dennismutia/.virtualenvs/wefarm/lib/python3.8/site-packages/airflow/example_dags/example_branch_datetime_operator.py
[2021-07-23 16:21:10,984] {scheduler_job.py:632} INFO - Processing file /home/dennismutia/.virtualenvs/wefarm/lib/python3.8/site-packages/airflow/example_dags/example_branch_datetime_operator.py for tasks to queue
[2021-07-23 16:21:10,985] {logging_mixin.py:104} INFO - [2021-07-23 16:21:10,985] {dagbag.py:496} INFO - Filling up the DagBag from /home/dennismutia/.virtualenvs/wefarm/lib/python3.8/site-packages/airflow/example_dags/example_branch_datetime_operator.py
[2021-07-23 16:21:11,013] {scheduler_job.py:642} INFO - DAG(s) dict_keys(['example_branch_datetime_operator_2']) retrieved from /home/dennismutia/.virtualenvs/wefarm/lib/python3.8/site-packages/airflow/example_dags/example_branch_datetime_operator.py
[2021-07-23 16:21:11,142] {logging_mixin.py:104} INFO - [2021-07-23 16:21:11,141] {dag.py:1833} INFO - Sync 1 DAGs
[2021-07-23 16:21:11,161] {logging_mixin.py:104} INFO - [2021-07-23 16:21:11,161] {dag.py:2306} INFO - Setting next_dagrun for example_branch_datetime_operator_2 to 2021-07-21 00:00:00+00:00
[2021-07-23 16:21:11,197] {scheduler_job.py:189} INFO - Processing /home/dennismutia/.virtualenvs/wefarm/lib/python3.8/site-packages/airflow/example_dags/example_branch_datetime_operator.py took 0.218 seconds
[2021-07-23 16:21:13,676] {scheduler_job.py:181} INFO - Started process (PID=2372) to work on /home/dennismutia/.virtualenvs/wefarm/lib/python3.8/site-packages/airflow/example_dags/example_branch_datetime_operator.py
[2021-07-23 16:21:13,680] {scheduler_job.py:632} INFO - Processing file /home/dennismutia/.virtualenvs/wefarm/lib/python3.8/site-packages/airflow/example_dags/example_branch_datetime_operator.py for tasks to queue
[2021-07-23 16:21:13,681] {logging_mixin.py:104} INFO - [2021-07-23 16:21:13,680] {dagbag.py:496} INFO - Filling up the DagBag from /home/dennismutia/.virtualenvs/wefarm/lib/python3.8/site-packages/airflow/example_dags/example_branch_datetime_operator.py
[2021-07-23 16:21:13,699] {scheduler_job.py:642} INFO - DAG(s) dict_keys(['example_branch_datetime_operator_2']) retrieved from /home/dennismutia/.virtualenvs/wefarm/lib/python3.8/site-packages/airflow/example_dags/example_branch_datetime_operator.py
[2021-07-23 16:21:13,786] {logging_mixin.py:104} INFO - [2021-07-23 16:21:13,786] {dag.py:1833} INFO - Sync 1 DAGs
[2021-07-23 16:21:13,806] {logging_mixin.py:104} INFO - [2021-07-23 16:21:13,806] {dag.py:2306} INFO - Setting next_dagrun for example_branch_datetime_operator_2 to 2021-07-21 00:00:00+00:00
[2021-07-23 16:21:13,821] {scheduler_job.py:189} INFO - Processing /home/dennismutia/.virtualenvs/wefarm/lib/python3.8/site-packages/airflow/example_dags/example_branch_datetime_operator.py took 0.150 seconds
[2021-07-23 16:21:16,183] {scheduler_job.py:181} INFO - Started process (PID=2432) to work on /home/dennismutia/.virtualenvs/wefarm/lib/python3.8/site-packages/airflow/example_dags/example_branch_datetime_operator.py
[2021-07-23 16:21:16,186] {scheduler_job.py:632} INFO - Processing file /home/dennismutia/.virtualenvs/wefarm/lib/python3.8/site-packages/airflow/example_dags/example_branch_datetime_operator.py for tasks to queue
[2021-07-23 16:21:16,188] {logging_mixin.py:104} INFO - [2021-07-23 16:21:16,187] {dagbag.py:496} INFO - Filling up the DagBag from /home/dennismutia/.virtualenvs/wefarm/lib/python3.8/site-packages/airflow/example_dags/example_branch_datetime_operator.py
[2021-07-23 16:21:16,204] {scheduler_job.py:642} INFO - DAG(s) dict_keys(['example_branch_datetime_operator_2']) retrieved from /home/dennismutia/.virtualenvs/wefarm/lib/python3.8/site-packages/airflow/example_dags/example_branch_datetime_operator.py
[2021-07-23 16:21:16,298] {logging_mixin.py:104} INFO - [2021-07-23 16:21:16,298] {dag.py:1833} INFO - Sync 1 DAGs
[2021-07-23 16:21:16,318] {logging_mixin.py:104} INFO - [2021-07-23 16:21:16,318] {dag.py:2306} INFO - Setting next_dagrun for example_branch_datetime_operator_2 to 2021-07-21 00:00:00+00:00
[2021-07-23 16:21:16,332] {scheduler_job.py:189} INFO - Processing /home/dennismutia/.virtualenvs/wefarm/lib/python3.8/site-packages/airflow/example_dags/example_branch_datetime_operator.py took 0.152 seconds
[2021-07-23 16:21:18,475] {scheduler_job.py:181} INFO - Started process (PID=2492) to work on /home/dennismutia/.virtualenvs/wefarm/lib/python3.8/site-packages/airflow/example_dags/example_branch_datetime_operator.py
[2021-07-23 16:21:18,476] {scheduler_job.py:632} INFO - Processing file /home/dennismutia/.virtualenvs/wefarm/lib/python3.8/site-packages/airflow/example_dags/example_branch_datetime_operator.py for tasks to queue
[2021-07-23 16:21:18,477] {logging_mixin.py:104} INFO - [2021-07-23 16:21:18,477] {dagbag.py:496} INFO - Filling up the DagBag from /home/dennismutia/.virtualenvs/wefarm/lib/python3.8/site-packages/airflow/example_dags/example_branch_datetime_operator.py
[2021-07-23 16:21:18,492] {scheduler_job.py:642} INFO - DAG(s) dict_keys(['example_branch_datetime_operator_2']) retrieved from /home/dennismutia/.virtualenvs/wefarm/lib/python3.8/site-packages/airflow/example_dags/example_branch_datetime_operator.py
[2021-07-23 16:21:18,573] {logging_mixin.py:104} INFO - [2021-07-23 16:21:18,573] {dag.py:1833} INFO - Sync 1 DAGs
[2021-07-23 16:21:18,594] {logging_mixin.py:104} INFO - [2021-07-23 16:21:18,594] {dag.py:2306} INFO - Setting next_dagrun for example_branch_datetime_operator_2 to 2021-07-21 00:00:00+00:00
[2021-07-23 16:21:18,607] {scheduler_job.py:189} INFO - Processing /home/dennismutia/.virtualenvs/wefarm/lib/python3.8/site-packages/airflow/example_dags/example_branch_datetime_operator.py took 0.135 seconds
[2021-07-23 16:21:20,801] {scheduler_job.py:181} INFO - Started process (PID=2553) to work on /home/dennismutia/.virtualenvs/wefarm/lib/python3.8/site-packages/airflow/example_dags/example_branch_datetime_operator.py
[2021-07-23 16:21:20,802] {scheduler_job.py:632} INFO - Processing file /home/dennismutia/.virtualenvs/wefarm/lib/python3.8/site-packages/airflow/example_dags/example_branch_datetime_operator.py for tasks to queue
[2021-07-23 16:21:20,803] {logging_mixin.py:104} INFO - [2021-07-23 16:21:20,803] {dagbag.py:496} INFO - Filling up the DagBag from /home/dennismutia/.virtualenvs/wefarm/lib/python3.8/site-packages/airflow/example_dags/example_branch_datetime_operator.py
[2021-07-23 16:21:20,821] {scheduler_job.py:642} INFO - DAG(s) dict_keys(['example_branch_datetime_operator_2']) retrieved from /home/dennismutia/.virtualenvs/wefarm/lib/python3.8/site-packages/airflow/example_dags/example_branch_datetime_operator.py
[2021-07-23 16:21:20,910] {logging_mixin.py:104} INFO - [2021-07-23 16:21:20,910] {dag.py:1833} INFO - Sync 1 DAGs
[2021-07-23 16:21:20,926] {logging_mixin.py:104} INFO - [2021-07-23 16:21:20,926] {dag.py:2306} INFO - Setting next_dagrun for example_branch_datetime_operator_2 to 2021-07-21 00:00:00+00:00
[2021-07-23 16:21:20,938] {scheduler_job.py:189} INFO - Processing /home/dennismutia/.virtualenvs/wefarm/lib/python3.8/site-packages/airflow/example_dags/example_branch_datetime_operator.py took 0.140 seconds
[2021-07-23 16:21:23,376] {scheduler_job.py:181} INFO - Started process (PID=2612) to work on /home/dennismutia/.virtualenvs/wefarm/lib/python3.8/site-packages/airflow/example_dags/example_branch_datetime_operator.py
[2021-07-23 16:21:23,377] {scheduler_job.py:632} INFO - Processing file /home/dennismutia/.virtualenvs/wefarm/lib/python3.8/site-packages/airflow/example_dags/example_branch_datetime_operator.py for tasks to queue
[2021-07-23 16:21:23,378] {logging_mixin.py:104} INFO - [2021-07-23 16:21:23,378] {dagbag.py:496} INFO - Filling up the DagBag from /home/dennismutia/.virtualenvs/wefarm/lib/python3.8/site-packages/airflow/example_dags/example_branch_datetime_operator.py
[2021-07-23 16:21:23,393] {scheduler_job.py:642} INFO - DAG(s) dict_keys(['example_branch_datetime_operator_2']) retrieved from /home/dennismutia/.virtualenvs/wefarm/lib/python3.8/site-packages/airflow/example_dags/example_branch_datetime_operator.py
[2021-07-23 16:21:23,478] {logging_mixin.py:104} INFO - [2021-07-23 16:21:23,478] {dag.py:1833} INFO - Sync 1 DAGs
[2021-07-23 16:21:23,504] {logging_mixin.py:104} INFO - [2021-07-23 16:21:23,502] {dag.py:2306} INFO - Setting next_dagrun for example_branch_datetime_operator_2 to 2021-07-21 00:00:00+00:00
[2021-07-23 16:21:23,520] {scheduler_job.py:189} INFO - Processing /home/dennismutia/.virtualenvs/wefarm/lib/python3.8/site-packages/airflow/example_dags/example_branch_datetime_operator.py took 0.148 seconds
[2021-07-23 16:21:25,815] {scheduler_job.py:181} INFO - Started process (PID=2672) to work on /home/dennismutia/.virtualenvs/wefarm/lib/python3.8/site-packages/airflow/example_dags/example_branch_datetime_operator.py
[2021-07-23 16:21:25,816] {scheduler_job.py:632} INFO - Processing file /home/dennismutia/.virtualenvs/wefarm/lib/python3.8/site-packages/airflow/example_dags/example_branch_datetime_operator.py for tasks to queue
[2021-07-23 16:21:25,817] {logging_mixin.py:104} INFO - [2021-07-23 16:21:25,816] {dagbag.py:496} INFO - Filling up the DagBag from /home/dennismutia/.virtualenvs/wefarm/lib/python3.8/site-packages/airflow/example_dags/example_branch_datetime_operator.py
[2021-07-23 16:21:25,833] {scheduler_job.py:642} INFO - DAG(s) dict_keys(['example_branch_datetime_operator_2']) retrieved from /home/dennismutia/.virtualenvs/wefarm/lib/python3.8/site-packages/airflow/example_dags/example_branch_datetime_operator.py
[2021-07-23 16:21:25,927] {logging_mixin.py:104} INFO - [2021-07-23 16:21:25,927] {dag.py:1833} INFO - Sync 1 DAGs
[2021-07-23 16:21:25,954] {logging_mixin.py:104} INFO - [2021-07-23 16:21:25,953] {dag.py:2306} INFO - Setting next_dagrun for example_branch_datetime_operator_2 to 2021-07-21 00:00:00+00:00
[2021-07-23 16:21:25,966] {scheduler_job.py:189} INFO - Processing /home/dennismutia/.virtualenvs/wefarm/lib/python3.8/site-packages/airflow/example_dags/example_branch_datetime_operator.py took 0.155 seconds
[2021-07-23 16:21:28,210] {scheduler_job.py:181} INFO - Started process (PID=2753) to work on /home/dennismutia/.virtualenvs/wefarm/lib/python3.8/site-packages/airflow/example_dags/example_branch_datetime_operator.py
[2021-07-23 16:21:28,213] {scheduler_job.py:632} INFO - Processing file /home/dennismutia/.virtualenvs/wefarm/lib/python3.8/site-packages/airflow/example_dags/example_branch_datetime_operator.py for tasks to queue
[2021-07-23 16:21:28,216] {logging_mixin.py:104} INFO - [2021-07-23 16:21:28,216] {dagbag.py:496} INFO - Filling up the DagBag from /home/dennismutia/.virtualenvs/wefarm/lib/python3.8/site-packages/airflow/example_dags/example_branch_datetime_operator.py
[2021-07-23 16:21:28,235] {scheduler_job.py:642} INFO - DAG(s) dict_keys(['example_branch_datetime_operator_2']) retrieved from /home/dennismutia/.virtualenvs/wefarm/lib/python3.8/site-packages/airflow/example_dags/example_branch_datetime_operator.py
[2021-07-23 16:21:28,320] {logging_mixin.py:104} INFO - [2021-07-23 16:21:28,320] {dag.py:1833} INFO - Sync 1 DAGs
[2021-07-23 16:21:28,340] {logging_mixin.py:104} INFO - [2021-07-23 16:21:28,340] {dag.py:2306} INFO - Setting next_dagrun for example_branch_datetime_operator_2 to 2021-07-21 00:00:00+00:00
[2021-07-23 16:21:28,352] {scheduler_job.py:189} INFO - Processing /home/dennismutia/.virtualenvs/wefarm/lib/python3.8/site-packages/airflow/example_dags/example_branch_datetime_operator.py took 0.145 seconds
[2021-07-23 16:21:31,003] {scheduler_job.py:181} INFO - Started process (PID=2813) to work on /home/dennismutia/.virtualenvs/wefarm/lib/python3.8/site-packages/airflow/example_dags/example_branch_datetime_operator.py
[2021-07-23 16:21:31,007] {scheduler_job.py:632} INFO - Processing file /home/dennismutia/.virtualenvs/wefarm/lib/python3.8/site-packages/airflow/example_dags/example_branch_datetime_operator.py for tasks to queue
[2021-07-23 16:21:31,008] {logging_mixin.py:104} INFO - [2021-07-23 16:21:31,008] {dagbag.py:496} INFO - Filling up the DagBag from /home/dennismutia/.virtualenvs/wefarm/lib/python3.8/site-packages/airflow/example_dags/example_branch_datetime_operator.py
[2021-07-23 16:21:31,053] {scheduler_job.py:642} INFO - DAG(s) dict_keys(['example_branch_datetime_operator_2']) retrieved from /home/dennismutia/.virtualenvs/wefarm/lib/python3.8/site-packages/airflow/example_dags/example_branch_datetime_operator.py
[2021-07-23 16:21:31,158] {logging_mixin.py:104} INFO - [2021-07-23 16:21:31,158] {dag.py:1833} INFO - Sync 1 DAGs
[2021-07-23 16:21:31,180] {logging_mixin.py:104} INFO - [2021-07-23 16:21:31,180] {dag.py:2306} INFO - Setting next_dagrun for example_branch_datetime_operator_2 to 2021-07-21 00:00:00+00:00
[2021-07-23 16:21:31,199] {scheduler_job.py:189} INFO - Processing /home/dennismutia/.virtualenvs/wefarm/lib/python3.8/site-packages/airflow/example_dags/example_branch_datetime_operator.py took 0.202 seconds
[2021-07-23 16:21:34,208] {scheduler_job.py:181} INFO - Started process (PID=2873) to work on /home/dennismutia/.virtualenvs/wefarm/lib/python3.8/site-packages/airflow/example_dags/example_branch_datetime_operator.py
[2021-07-23 16:21:34,210] {scheduler_job.py:632} INFO - Processing file /home/dennismutia/.virtualenvs/wefarm/lib/python3.8/site-packages/airflow/example_dags/example_branch_datetime_operator.py for tasks to queue
[2021-07-23 16:21:34,211] {logging_mixin.py:104} INFO - [2021-07-23 16:21:34,211] {dagbag.py:496} INFO - Filling up the DagBag from /home/dennismutia/.virtualenvs/wefarm/lib/python3.8/site-packages/airflow/example_dags/example_branch_datetime_operator.py
[2021-07-23 16:21:34,226] {scheduler_job.py:642} INFO - DAG(s) dict_keys(['example_branch_datetime_operator_2']) retrieved from /home/dennismutia/.virtualenvs/wefarm/lib/python3.8/site-packages/airflow/example_dags/example_branch_datetime_operator.py
[2021-07-23 16:21:34,317] {logging_mixin.py:104} INFO - [2021-07-23 16:21:34,317] {dag.py:1833} INFO - Sync 1 DAGs
[2021-07-23 16:21:34,354] {logging_mixin.py:104} INFO - [2021-07-23 16:21:34,354] {dag.py:2306} INFO - Setting next_dagrun for example_branch_datetime_operator_2 to 2021-07-21 00:00:00+00:00
[2021-07-23 16:21:34,390] {scheduler_job.py:189} INFO - Processing /home/dennismutia/.virtualenvs/wefarm/lib/python3.8/site-packages/airflow/example_dags/example_branch_datetime_operator.py took 0.185 seconds
[2021-07-23 16:21:37,436] {scheduler_job.py:181} INFO - Started process (PID=2933) to work on /home/dennismutia/.virtualenvs/wefarm/lib/python3.8/site-packages/airflow/example_dags/example_branch_datetime_operator.py
[2021-07-23 16:21:37,440] {scheduler_job.py:632} INFO - Processing file /home/dennismutia/.virtualenvs/wefarm/lib/python3.8/site-packages/airflow/example_dags/example_branch_datetime_operator.py for tasks to queue
[2021-07-23 16:21:37,441] {logging_mixin.py:104} INFO - [2021-07-23 16:21:37,441] {dagbag.py:496} INFO - Filling up the DagBag from /home/dennismutia/.virtualenvs/wefarm/lib/python3.8/site-packages/airflow/example_dags/example_branch_datetime_operator.py
[2021-07-23 16:21:37,471] {scheduler_job.py:642} INFO - DAG(s) dict_keys(['example_branch_datetime_operator_2']) retrieved from /home/dennismutia/.virtualenvs/wefarm/lib/python3.8/site-packages/airflow/example_dags/example_branch_datetime_operator.py
[2021-07-23 16:21:37,582] {logging_mixin.py:104} INFO - [2021-07-23 16:21:37,581] {dag.py:1833} INFO - Sync 1 DAGs
[2021-07-23 16:21:37,612] {logging_mixin.py:104} INFO - [2021-07-23 16:21:37,612] {dag.py:2306} INFO - Setting next_dagrun for example_branch_datetime_operator_2 to 2021-07-21 00:00:00+00:00
[2021-07-23 16:21:37,632] {scheduler_job.py:189} INFO - Processing /home/dennismutia/.virtualenvs/wefarm/lib/python3.8/site-packages/airflow/example_dags/example_branch_datetime_operator.py took 0.202 seconds
[2021-07-23 16:21:40,061] {scheduler_job.py:181} INFO - Started process (PID=2993) to work on /home/dennismutia/.virtualenvs/wefarm/lib/python3.8/site-packages/airflow/example_dags/example_branch_datetime_operator.py
[2021-07-23 16:21:40,062] {scheduler_job.py:632} INFO - Processing file /home/dennismutia/.virtualenvs/wefarm/lib/python3.8/site-packages/airflow/example_dags/example_branch_datetime_operator.py for tasks to queue
[2021-07-23 16:21:40,063] {logging_mixin.py:104} INFO - [2021-07-23 16:21:40,063] {dagbag.py:496} INFO - Filling up the DagBag from /home/dennismutia/.virtualenvs/wefarm/lib/python3.8/site-packages/airflow/example_dags/example_branch_datetime_operator.py
[2021-07-23 16:21:40,080] {scheduler_job.py:642} INFO - DAG(s) dict_keys(['example_branch_datetime_operator_2']) retrieved from /home/dennismutia/.virtualenvs/wefarm/lib/python3.8/site-packages/airflow/example_dags/example_branch_datetime_operator.py
[2021-07-23 16:21:40,170] {logging_mixin.py:104} INFO - [2021-07-23 16:21:40,170] {dag.py:1833} INFO - Sync 1 DAGs
[2021-07-23 16:21:40,208] {logging_mixin.py:104} INFO - [2021-07-23 16:21:40,208] {dag.py:2306} INFO - Setting next_dagrun for example_branch_datetime_operator_2 to 2021-07-21 00:00:00+00:00
[2021-07-23 16:21:40,253] {scheduler_job.py:189} INFO - Processing /home/dennismutia/.virtualenvs/wefarm/lib/python3.8/site-packages/airflow/example_dags/example_branch_datetime_operator.py took 0.199 seconds
[2021-07-23 16:21:43,805] {scheduler_job.py:181} INFO - Started process (PID=3053) to work on /home/dennismutia/.virtualenvs/wefarm/lib/python3.8/site-packages/airflow/example_dags/example_branch_datetime_operator.py
[2021-07-23 16:21:43,806] {scheduler_job.py:632} INFO - Processing file /home/dennismutia/.virtualenvs/wefarm/lib/python3.8/site-packages/airflow/example_dags/example_branch_datetime_operator.py for tasks to queue
[2021-07-23 16:21:43,818] {logging_mixin.py:104} INFO - [2021-07-23 16:21:43,818] {dagbag.py:496} INFO - Filling up the DagBag from /home/dennismutia/.virtualenvs/wefarm/lib/python3.8/site-packages/airflow/example_dags/example_branch_datetime_operator.py
[2021-07-23 16:21:43,848] {scheduler_job.py:642} INFO - DAG(s) dict_keys(['example_branch_datetime_operator_2']) retrieved from /home/dennismutia/.virtualenvs/wefarm/lib/python3.8/site-packages/airflow/example_dags/example_branch_datetime_operator.py
[2021-07-23 16:21:44,027] {logging_mixin.py:104} INFO - [2021-07-23 16:21:44,027] {dag.py:1833} INFO - Sync 1 DAGs
[2021-07-23 16:21:44,060] {logging_mixin.py:104} INFO - [2021-07-23 16:21:44,060] {dag.py:2306} INFO - Setting next_dagrun for example_branch_datetime_operator_2 to 2021-07-21 00:00:00+00:00
[2021-07-23 16:21:44,103] {scheduler_job.py:189} INFO - Processing /home/dennismutia/.virtualenvs/wefarm/lib/python3.8/site-packages/airflow/example_dags/example_branch_datetime_operator.py took 0.302 seconds
[2021-07-23 16:21:47,917] {scheduler_job.py:181} INFO - Started process (PID=3114) to work on /home/dennismutia/.virtualenvs/wefarm/lib/python3.8/site-packages/airflow/example_dags/example_branch_datetime_operator.py
[2021-07-23 16:21:47,927] {scheduler_job.py:632} INFO - Processing file /home/dennismutia/.virtualenvs/wefarm/lib/python3.8/site-packages/airflow/example_dags/example_branch_datetime_operator.py for tasks to queue
[2021-07-23 16:21:47,931] {logging_mixin.py:104} INFO - [2021-07-23 16:21:47,931] {dagbag.py:496} INFO - Filling up the DagBag from /home/dennismutia/.virtualenvs/wefarm/lib/python3.8/site-packages/airflow/example_dags/example_branch_datetime_operator.py
[2021-07-23 16:21:47,966] {scheduler_job.py:642} INFO - DAG(s) dict_keys(['example_branch_datetime_operator_2']) retrieved from /home/dennismutia/.virtualenvs/wefarm/lib/python3.8/site-packages/airflow/example_dags/example_branch_datetime_operator.py
[2021-07-23 16:21:48,115] {logging_mixin.py:104} INFO - [2021-07-23 16:21:48,114] {dag.py:1833} INFO - Sync 1 DAGs
[2021-07-23 16:21:48,160] {logging_mixin.py:104} INFO - [2021-07-23 16:21:48,160] {dag.py:2306} INFO - Setting next_dagrun for example_branch_datetime_operator_2 to 2021-07-21 00:00:00+00:00
[2021-07-23 16:21:48,177] {scheduler_job.py:189} INFO - Processing /home/dennismutia/.virtualenvs/wefarm/lib/python3.8/site-packages/airflow/example_dags/example_branch_datetime_operator.py took 0.265 seconds
[2021-07-23 16:21:50,970] {scheduler_job.py:181} INFO - Started process (PID=3174) to work on /home/dennismutia/.virtualenvs/wefarm/lib/python3.8/site-packages/airflow/example_dags/example_branch_datetime_operator.py
[2021-07-23 16:21:50,972] {scheduler_job.py:632} INFO - Processing file /home/dennismutia/.virtualenvs/wefarm/lib/python3.8/site-packages/airflow/example_dags/example_branch_datetime_operator.py for tasks to queue
[2021-07-23 16:21:50,972] {logging_mixin.py:104} INFO - [2021-07-23 16:21:50,972] {dagbag.py:496} INFO - Filling up the DagBag from /home/dennismutia/.virtualenvs/wefarm/lib/python3.8/site-packages/airflow/example_dags/example_branch_datetime_operator.py
[2021-07-23 16:21:50,992] {scheduler_job.py:642} INFO - DAG(s) dict_keys(['example_branch_datetime_operator_2']) retrieved from /home/dennismutia/.virtualenvs/wefarm/lib/python3.8/site-packages/airflow/example_dags/example_branch_datetime_operator.py
[2021-07-23 16:21:51,098] {logging_mixin.py:104} INFO - [2021-07-23 16:21:51,098] {dag.py:1833} INFO - Sync 1 DAGs
[2021-07-23 16:21:51,174] {logging_mixin.py:104} INFO - [2021-07-23 16:21:51,174] {dag.py:2306} INFO - Setting next_dagrun for example_branch_datetime_operator_2 to 2021-07-21 00:00:00+00:00
[2021-07-23 16:21:51,200] {scheduler_job.py:189} INFO - Processing /home/dennismutia/.virtualenvs/wefarm/lib/python3.8/site-packages/airflow/example_dags/example_branch_datetime_operator.py took 0.234 seconds
