[2021-07-23 16:19:57,221] {scheduler_job.py:181} INFO - Started process (PID=821) to work on /home/dennismutia/.virtualenvs/wefarm/lib/python3.8/site-packages/airflow/example_dags/example_branch_day_of_week_operator.py
[2021-07-23 16:19:57,221] {scheduler_job.py:632} INFO - Processing file /home/dennismutia/.virtualenvs/wefarm/lib/python3.8/site-packages/airflow/example_dags/example_branch_day_of_week_operator.py for tasks to queue
[2021-07-23 16:19:57,222] {logging_mixin.py:104} INFO - [2021-07-23 16:19:57,222] {dagbag.py:496} INFO - Filling up the DagBag from /home/dennismutia/.virtualenvs/wefarm/lib/python3.8/site-packages/airflow/example_dags/example_branch_day_of_week_operator.py
[2021-07-23 16:19:57,232] {scheduler_job.py:642} INFO - DAG(s) dict_keys(['example_weekday_branch_operator']) retrieved from /home/dennismutia/.virtualenvs/wefarm/lib/python3.8/site-packages/airflow/example_dags/example_branch_day_of_week_operator.py
[2021-07-23 16:19:57,424] {logging_mixin.py:104} INFO - [2021-07-23 16:19:57,424] {dag.py:1833} INFO - Sync 1 DAGs
[2021-07-23 16:19:57,434] {logging_mixin.py:104} INFO - [2021-07-23 16:19:57,434] {dag.py:2306} INFO - Setting next_dagrun for example_weekday_branch_operator to 2021-07-21 00:00:00+00:00
[2021-07-23 16:19:57,443] {scheduler_job.py:189} INFO - Processing /home/dennismutia/.virtualenvs/wefarm/lib/python3.8/site-packages/airflow/example_dags/example_branch_day_of_week_operator.py took 0.225 seconds
[2021-07-23 16:19:59,770] {scheduler_job.py:181} INFO - Started process (PID=883) to work on /home/dennismutia/.virtualenvs/wefarm/lib/python3.8/site-packages/airflow/example_dags/example_branch_day_of_week_operator.py
[2021-07-23 16:19:59,771] {scheduler_job.py:632} INFO - Processing file /home/dennismutia/.virtualenvs/wefarm/lib/python3.8/site-packages/airflow/example_dags/example_branch_day_of_week_operator.py for tasks to queue
[2021-07-23 16:19:59,771] {logging_mixin.py:104} INFO - [2021-07-23 16:19:59,771] {dagbag.py:496} INFO - Filling up the DagBag from /home/dennismutia/.virtualenvs/wefarm/lib/python3.8/site-packages/airflow/example_dags/example_branch_day_of_week_operator.py
[2021-07-23 16:19:59,786] {scheduler_job.py:642} INFO - DAG(s) dict_keys(['example_weekday_branch_operator']) retrieved from /home/dennismutia/.virtualenvs/wefarm/lib/python3.8/site-packages/airflow/example_dags/example_branch_day_of_week_operator.py
[2021-07-23 16:19:59,805] {logging_mixin.py:104} INFO - [2021-07-23 16:19:59,805] {dag.py:1833} INFO - Sync 1 DAGs
[2021-07-23 16:19:59,874] {logging_mixin.py:104} INFO - [2021-07-23 16:19:59,874] {dag.py:2306} INFO - Setting next_dagrun for example_weekday_branch_operator to 2021-07-21 00:00:00+00:00
[2021-07-23 16:19:59,885] {scheduler_job.py:189} INFO - Processing /home/dennismutia/.virtualenvs/wefarm/lib/python3.8/site-packages/airflow/example_dags/example_branch_day_of_week_operator.py took 0.118 seconds
[2021-07-23 16:20:01,565] {scheduler_job.py:181} INFO - Started process (PID=943) to work on /home/dennismutia/.virtualenvs/wefarm/lib/python3.8/site-packages/airflow/example_dags/example_branch_day_of_week_operator.py
[2021-07-23 16:20:01,566] {scheduler_job.py:632} INFO - Processing file /home/dennismutia/.virtualenvs/wefarm/lib/python3.8/site-packages/airflow/example_dags/example_branch_day_of_week_operator.py for tasks to queue
[2021-07-23 16:20:01,567] {logging_mixin.py:104} INFO - [2021-07-23 16:20:01,567] {dagbag.py:496} INFO - Filling up the DagBag from /home/dennismutia/.virtualenvs/wefarm/lib/python3.8/site-packages/airflow/example_dags/example_branch_day_of_week_operator.py
[2021-07-23 16:20:01,583] {scheduler_job.py:642} INFO - DAG(s) dict_keys(['example_weekday_branch_operator']) retrieved from /home/dennismutia/.virtualenvs/wefarm/lib/python3.8/site-packages/airflow/example_dags/example_branch_day_of_week_operator.py
[2021-07-23 16:20:01,604] {logging_mixin.py:104} INFO - [2021-07-23 16:20:01,604] {dag.py:1833} INFO - Sync 1 DAGs
[2021-07-23 16:20:01,721] {logging_mixin.py:104} INFO - [2021-07-23 16:20:01,721] {dag.py:2306} INFO - Setting next_dagrun for example_weekday_branch_operator to 2021-07-21 00:00:00+00:00
[2021-07-23 16:20:01,748] {scheduler_job.py:189} INFO - Processing /home/dennismutia/.virtualenvs/wefarm/lib/python3.8/site-packages/airflow/example_dags/example_branch_day_of_week_operator.py took 0.186 seconds
[2021-07-23 16:20:03,621] {scheduler_job.py:181} INFO - Started process (PID=1046) to work on /home/dennismutia/.virtualenvs/wefarm/lib/python3.8/site-packages/airflow/example_dags/example_branch_day_of_week_operator.py
[2021-07-23 16:20:03,624] {scheduler_job.py:632} INFO - Processing file /home/dennismutia/.virtualenvs/wefarm/lib/python3.8/site-packages/airflow/example_dags/example_branch_day_of_week_operator.py for tasks to queue
[2021-07-23 16:20:03,626] {logging_mixin.py:104} INFO - [2021-07-23 16:20:03,626] {dagbag.py:496} INFO - Filling up the DagBag from /home/dennismutia/.virtualenvs/wefarm/lib/python3.8/site-packages/airflow/example_dags/example_branch_day_of_week_operator.py
[2021-07-23 16:20:03,647] {scheduler_job.py:642} INFO - DAG(s) dict_keys(['example_weekday_branch_operator']) retrieved from /home/dennismutia/.virtualenvs/wefarm/lib/python3.8/site-packages/airflow/example_dags/example_branch_day_of_week_operator.py
[2021-07-23 16:20:03,674] {logging_mixin.py:104} INFO - [2021-07-23 16:20:03,674] {dag.py:1833} INFO - Sync 1 DAGs
[2021-07-23 16:20:03,752] {logging_mixin.py:104} INFO - [2021-07-23 16:20:03,752] {dag.py:2306} INFO - Setting next_dagrun for example_weekday_branch_operator to 2021-07-21 00:00:00+00:00
[2021-07-23 16:20:03,771] {scheduler_job.py:189} INFO - Processing /home/dennismutia/.virtualenvs/wefarm/lib/python3.8/site-packages/airflow/example_dags/example_branch_day_of_week_operator.py took 0.152 seconds
[2021-07-23 16:20:05,573] {scheduler_job.py:181} INFO - Started process (PID=1115) to work on /home/dennismutia/.virtualenvs/wefarm/lib/python3.8/site-packages/airflow/example_dags/example_branch_day_of_week_operator.py
[2021-07-23 16:20:05,574] {scheduler_job.py:632} INFO - Processing file /home/dennismutia/.virtualenvs/wefarm/lib/python3.8/site-packages/airflow/example_dags/example_branch_day_of_week_operator.py for tasks to queue
[2021-07-23 16:20:05,575] {logging_mixin.py:104} INFO - [2021-07-23 16:20:05,575] {dagbag.py:496} INFO - Filling up the DagBag from /home/dennismutia/.virtualenvs/wefarm/lib/python3.8/site-packages/airflow/example_dags/example_branch_day_of_week_operator.py
[2021-07-23 16:20:05,587] {scheduler_job.py:642} INFO - DAG(s) dict_keys(['example_weekday_branch_operator']) retrieved from /home/dennismutia/.virtualenvs/wefarm/lib/python3.8/site-packages/airflow/example_dags/example_branch_day_of_week_operator.py
[2021-07-23 16:20:05,602] {logging_mixin.py:104} INFO - [2021-07-23 16:20:05,602] {dag.py:1833} INFO - Sync 1 DAGs
[2021-07-23 16:20:05,663] {logging_mixin.py:104} INFO - [2021-07-23 16:20:05,663] {dag.py:2306} INFO - Setting next_dagrun for example_weekday_branch_operator to 2021-07-21 00:00:00+00:00
[2021-07-23 16:20:05,673] {scheduler_job.py:189} INFO - Processing /home/dennismutia/.virtualenvs/wefarm/lib/python3.8/site-packages/airflow/example_dags/example_branch_day_of_week_operator.py took 0.103 seconds
[2021-07-23 16:20:07,537] {scheduler_job.py:181} INFO - Started process (PID=1176) to work on /home/dennismutia/.virtualenvs/wefarm/lib/python3.8/site-packages/airflow/example_dags/example_branch_day_of_week_operator.py
[2021-07-23 16:20:07,539] {scheduler_job.py:632} INFO - Processing file /home/dennismutia/.virtualenvs/wefarm/lib/python3.8/site-packages/airflow/example_dags/example_branch_day_of_week_operator.py for tasks to queue
[2021-07-23 16:20:07,540] {logging_mixin.py:104} INFO - [2021-07-23 16:20:07,539] {dagbag.py:496} INFO - Filling up the DagBag from /home/dennismutia/.virtualenvs/wefarm/lib/python3.8/site-packages/airflow/example_dags/example_branch_day_of_week_operator.py
[2021-07-23 16:20:07,555] {scheduler_job.py:642} INFO - DAG(s) dict_keys(['example_weekday_branch_operator']) retrieved from /home/dennismutia/.virtualenvs/wefarm/lib/python3.8/site-packages/airflow/example_dags/example_branch_day_of_week_operator.py
[2021-07-23 16:20:07,571] {logging_mixin.py:104} INFO - [2021-07-23 16:20:07,570] {dag.py:1833} INFO - Sync 1 DAGs
[2021-07-23 16:20:07,636] {logging_mixin.py:104} INFO - [2021-07-23 16:20:07,636] {dag.py:2306} INFO - Setting next_dagrun for example_weekday_branch_operator to 2021-07-21 00:00:00+00:00
[2021-07-23 16:20:07,646] {scheduler_job.py:189} INFO - Processing /home/dennismutia/.virtualenvs/wefarm/lib/python3.8/site-packages/airflow/example_dags/example_branch_day_of_week_operator.py took 0.113 seconds
[2021-07-23 16:20:09,525] {scheduler_job.py:181} INFO - Started process (PID=1255) to work on /home/dennismutia/.virtualenvs/wefarm/lib/python3.8/site-packages/airflow/example_dags/example_branch_day_of_week_operator.py
[2021-07-23 16:20:09,526] {scheduler_job.py:632} INFO - Processing file /home/dennismutia/.virtualenvs/wefarm/lib/python3.8/site-packages/airflow/example_dags/example_branch_day_of_week_operator.py for tasks to queue
[2021-07-23 16:20:09,526] {logging_mixin.py:104} INFO - [2021-07-23 16:20:09,526] {dagbag.py:496} INFO - Filling up the DagBag from /home/dennismutia/.virtualenvs/wefarm/lib/python3.8/site-packages/airflow/example_dags/example_branch_day_of_week_operator.py
[2021-07-23 16:20:09,538] {scheduler_job.py:642} INFO - DAG(s) dict_keys(['example_weekday_branch_operator']) retrieved from /home/dennismutia/.virtualenvs/wefarm/lib/python3.8/site-packages/airflow/example_dags/example_branch_day_of_week_operator.py
[2021-07-23 16:20:09,561] {logging_mixin.py:104} INFO - [2021-07-23 16:20:09,561] {dag.py:1833} INFO - Sync 1 DAGs
[2021-07-23 16:20:09,636] {logging_mixin.py:104} INFO - [2021-07-23 16:20:09,635] {dag.py:2306} INFO - Setting next_dagrun for example_weekday_branch_operator to 2021-07-21 00:00:00+00:00
[2021-07-23 16:20:09,646] {scheduler_job.py:189} INFO - Processing /home/dennismutia/.virtualenvs/wefarm/lib/python3.8/site-packages/airflow/example_dags/example_branch_day_of_week_operator.py took 0.123 seconds
[2021-07-23 16:20:11,409] {scheduler_job.py:181} INFO - Started process (PID=1317) to work on /home/dennismutia/.virtualenvs/wefarm/lib/python3.8/site-packages/airflow/example_dags/example_branch_day_of_week_operator.py
[2021-07-23 16:20:11,410] {scheduler_job.py:632} INFO - Processing file /home/dennismutia/.virtualenvs/wefarm/lib/python3.8/site-packages/airflow/example_dags/example_branch_day_of_week_operator.py for tasks to queue
[2021-07-23 16:20:11,411] {logging_mixin.py:104} INFO - [2021-07-23 16:20:11,411] {dagbag.py:496} INFO - Filling up the DagBag from /home/dennismutia/.virtualenvs/wefarm/lib/python3.8/site-packages/airflow/example_dags/example_branch_day_of_week_operator.py
[2021-07-23 16:20:11,430] {scheduler_job.py:642} INFO - DAG(s) dict_keys(['example_weekday_branch_operator']) retrieved from /home/dennismutia/.virtualenvs/wefarm/lib/python3.8/site-packages/airflow/example_dags/example_branch_day_of_week_operator.py
[2021-07-23 16:20:11,448] {logging_mixin.py:104} INFO - [2021-07-23 16:20:11,448] {dag.py:1833} INFO - Sync 1 DAGs
[2021-07-23 16:20:11,520] {logging_mixin.py:104} INFO - [2021-07-23 16:20:11,520] {dag.py:2306} INFO - Setting next_dagrun for example_weekday_branch_operator to 2021-07-21 00:00:00+00:00
[2021-07-23 16:20:11,532] {scheduler_job.py:189} INFO - Processing /home/dennismutia/.virtualenvs/wefarm/lib/python3.8/site-packages/airflow/example_dags/example_branch_day_of_week_operator.py took 0.125 seconds
[2021-07-23 16:20:13,500] {scheduler_job.py:181} INFO - Started process (PID=1380) to work on /home/dennismutia/.virtualenvs/wefarm/lib/python3.8/site-packages/airflow/example_dags/example_branch_day_of_week_operator.py
[2021-07-23 16:20:13,502] {scheduler_job.py:632} INFO - Processing file /home/dennismutia/.virtualenvs/wefarm/lib/python3.8/site-packages/airflow/example_dags/example_branch_day_of_week_operator.py for tasks to queue
[2021-07-23 16:20:13,503] {logging_mixin.py:104} INFO - [2021-07-23 16:20:13,502] {dagbag.py:496} INFO - Filling up the DagBag from /home/dennismutia/.virtualenvs/wefarm/lib/python3.8/site-packages/airflow/example_dags/example_branch_day_of_week_operator.py
[2021-07-23 16:20:13,517] {scheduler_job.py:642} INFO - DAG(s) dict_keys(['example_weekday_branch_operator']) retrieved from /home/dennismutia/.virtualenvs/wefarm/lib/python3.8/site-packages/airflow/example_dags/example_branch_day_of_week_operator.py
[2021-07-23 16:20:13,540] {logging_mixin.py:104} INFO - [2021-07-23 16:20:13,540] {dag.py:1833} INFO - Sync 1 DAGs
[2021-07-23 16:20:13,620] {logging_mixin.py:104} INFO - [2021-07-23 16:20:13,620] {dag.py:2306} INFO - Setting next_dagrun for example_weekday_branch_operator to 2021-07-21 00:00:00+00:00
[2021-07-23 16:20:13,638] {scheduler_job.py:189} INFO - Processing /home/dennismutia/.virtualenvs/wefarm/lib/python3.8/site-packages/airflow/example_dags/example_branch_day_of_week_operator.py took 0.142 seconds
[2021-07-23 16:20:15,893] {scheduler_job.py:181} INFO - Started process (PID=1440) to work on /home/dennismutia/.virtualenvs/wefarm/lib/python3.8/site-packages/airflow/example_dags/example_branch_day_of_week_operator.py
[2021-07-23 16:20:15,898] {scheduler_job.py:632} INFO - Processing file /home/dennismutia/.virtualenvs/wefarm/lib/python3.8/site-packages/airflow/example_dags/example_branch_day_of_week_operator.py for tasks to queue
[2021-07-23 16:20:15,901] {logging_mixin.py:104} INFO - [2021-07-23 16:20:15,900] {dagbag.py:496} INFO - Filling up the DagBag from /home/dennismutia/.virtualenvs/wefarm/lib/python3.8/site-packages/airflow/example_dags/example_branch_day_of_week_operator.py
[2021-07-23 16:20:15,919] {scheduler_job.py:642} INFO - DAG(s) dict_keys(['example_weekday_branch_operator']) retrieved from /home/dennismutia/.virtualenvs/wefarm/lib/python3.8/site-packages/airflow/example_dags/example_branch_day_of_week_operator.py
[2021-07-23 16:20:15,937] {logging_mixin.py:104} INFO - [2021-07-23 16:20:15,937] {dag.py:1833} INFO - Sync 1 DAGs
[2021-07-23 16:20:16,023] {logging_mixin.py:104} INFO - [2021-07-23 16:20:16,022] {dag.py:2306} INFO - Setting next_dagrun for example_weekday_branch_operator to 2021-07-21 00:00:00+00:00
[2021-07-23 16:20:16,037] {scheduler_job.py:189} INFO - Processing /home/dennismutia/.virtualenvs/wefarm/lib/python3.8/site-packages/airflow/example_dags/example_branch_day_of_week_operator.py took 0.147 seconds
[2021-07-23 16:20:18,300] {scheduler_job.py:181} INFO - Started process (PID=1500) to work on /home/dennismutia/.virtualenvs/wefarm/lib/python3.8/site-packages/airflow/example_dags/example_branch_day_of_week_operator.py
[2021-07-23 16:20:18,304] {scheduler_job.py:632} INFO - Processing file /home/dennismutia/.virtualenvs/wefarm/lib/python3.8/site-packages/airflow/example_dags/example_branch_day_of_week_operator.py for tasks to queue
[2021-07-23 16:20:18,307] {logging_mixin.py:104} INFO - [2021-07-23 16:20:18,307] {dagbag.py:496} INFO - Filling up the DagBag from /home/dennismutia/.virtualenvs/wefarm/lib/python3.8/site-packages/airflow/example_dags/example_branch_day_of_week_operator.py
[2021-07-23 16:20:18,326] {scheduler_job.py:642} INFO - DAG(s) dict_keys(['example_weekday_branch_operator']) retrieved from /home/dennismutia/.virtualenvs/wefarm/lib/python3.8/site-packages/airflow/example_dags/example_branch_day_of_week_operator.py
[2021-07-23 16:20:18,358] {logging_mixin.py:104} INFO - [2021-07-23 16:20:18,358] {dag.py:1833} INFO - Sync 1 DAGs
[2021-07-23 16:20:18,458] {logging_mixin.py:104} INFO - [2021-07-23 16:20:18,458] {dag.py:2306} INFO - Setting next_dagrun for example_weekday_branch_operator to 2021-07-21 00:00:00+00:00
[2021-07-23 16:20:18,473] {scheduler_job.py:189} INFO - Processing /home/dennismutia/.virtualenvs/wefarm/lib/python3.8/site-packages/airflow/example_dags/example_branch_day_of_week_operator.py took 0.177 seconds
[2021-07-23 16:20:20,626] {scheduler_job.py:181} INFO - Started process (PID=1560) to work on /home/dennismutia/.virtualenvs/wefarm/lib/python3.8/site-packages/airflow/example_dags/example_branch_day_of_week_operator.py
[2021-07-23 16:20:20,631] {scheduler_job.py:632} INFO - Processing file /home/dennismutia/.virtualenvs/wefarm/lib/python3.8/site-packages/airflow/example_dags/example_branch_day_of_week_operator.py for tasks to queue
[2021-07-23 16:20:20,634] {logging_mixin.py:104} INFO - [2021-07-23 16:20:20,634] {dagbag.py:496} INFO - Filling up the DagBag from /home/dennismutia/.virtualenvs/wefarm/lib/python3.8/site-packages/airflow/example_dags/example_branch_day_of_week_operator.py
[2021-07-23 16:20:20,653] {scheduler_job.py:642} INFO - DAG(s) dict_keys(['example_weekday_branch_operator']) retrieved from /home/dennismutia/.virtualenvs/wefarm/lib/python3.8/site-packages/airflow/example_dags/example_branch_day_of_week_operator.py
[2021-07-23 16:20:20,676] {logging_mixin.py:104} INFO - [2021-07-23 16:20:20,676] {dag.py:1833} INFO - Sync 1 DAGs
[2021-07-23 16:20:20,750] {logging_mixin.py:104} INFO - [2021-07-23 16:20:20,749] {dag.py:2306} INFO - Setting next_dagrun for example_weekday_branch_operator to 2021-07-21 00:00:00+00:00
[2021-07-23 16:20:20,763] {scheduler_job.py:189} INFO - Processing /home/dennismutia/.virtualenvs/wefarm/lib/python3.8/site-packages/airflow/example_dags/example_branch_day_of_week_operator.py took 0.141 seconds
[2021-07-23 16:20:23,234] {scheduler_job.py:181} INFO - Started process (PID=1621) to work on /home/dennismutia/.virtualenvs/wefarm/lib/python3.8/site-packages/airflow/example_dags/example_branch_day_of_week_operator.py
[2021-07-23 16:20:23,235] {scheduler_job.py:632} INFO - Processing file /home/dennismutia/.virtualenvs/wefarm/lib/python3.8/site-packages/airflow/example_dags/example_branch_day_of_week_operator.py for tasks to queue
[2021-07-23 16:20:23,236] {logging_mixin.py:104} INFO - [2021-07-23 16:20:23,236] {dagbag.py:496} INFO - Filling up the DagBag from /home/dennismutia/.virtualenvs/wefarm/lib/python3.8/site-packages/airflow/example_dags/example_branch_day_of_week_operator.py
[2021-07-23 16:20:23,259] {scheduler_job.py:642} INFO - DAG(s) dict_keys(['example_weekday_branch_operator']) retrieved from /home/dennismutia/.virtualenvs/wefarm/lib/python3.8/site-packages/airflow/example_dags/example_branch_day_of_week_operator.py
[2021-07-23 16:20:23,293] {logging_mixin.py:104} INFO - [2021-07-23 16:20:23,293] {dag.py:1833} INFO - Sync 1 DAGs
[2021-07-23 16:20:23,395] {logging_mixin.py:104} INFO - [2021-07-23 16:20:23,395] {dag.py:2306} INFO - Setting next_dagrun for example_weekday_branch_operator to 2021-07-21 00:00:00+00:00
[2021-07-23 16:20:23,415] {scheduler_job.py:189} INFO - Processing /home/dennismutia/.virtualenvs/wefarm/lib/python3.8/site-packages/airflow/example_dags/example_branch_day_of_week_operator.py took 0.184 seconds
[2021-07-23 16:20:26,033] {scheduler_job.py:181} INFO - Started process (PID=1685) to work on /home/dennismutia/.virtualenvs/wefarm/lib/python3.8/site-packages/airflow/example_dags/example_branch_day_of_week_operator.py
[2021-07-23 16:20:26,034] {scheduler_job.py:632} INFO - Processing file /home/dennismutia/.virtualenvs/wefarm/lib/python3.8/site-packages/airflow/example_dags/example_branch_day_of_week_operator.py for tasks to queue
[2021-07-23 16:20:26,035] {logging_mixin.py:104} INFO - [2021-07-23 16:20:26,035] {dagbag.py:496} INFO - Filling up the DagBag from /home/dennismutia/.virtualenvs/wefarm/lib/python3.8/site-packages/airflow/example_dags/example_branch_day_of_week_operator.py
[2021-07-23 16:20:26,050] {scheduler_job.py:642} INFO - DAG(s) dict_keys(['example_weekday_branch_operator']) retrieved from /home/dennismutia/.virtualenvs/wefarm/lib/python3.8/site-packages/airflow/example_dags/example_branch_day_of_week_operator.py
[2021-07-23 16:20:26,074] {logging_mixin.py:104} INFO - [2021-07-23 16:20:26,074] {dag.py:1833} INFO - Sync 1 DAGs
[2021-07-23 16:20:26,160] {logging_mixin.py:104} INFO - [2021-07-23 16:20:26,160] {dag.py:2306} INFO - Setting next_dagrun for example_weekday_branch_operator to 2021-07-21 00:00:00+00:00
[2021-07-23 16:20:26,193] {scheduler_job.py:189} INFO - Processing /home/dennismutia/.virtualenvs/wefarm/lib/python3.8/site-packages/airflow/example_dags/example_branch_day_of_week_operator.py took 0.165 seconds
[2021-07-23 16:20:30,473] {scheduler_job.py:181} INFO - Started process (PID=1747) to work on /home/dennismutia/.virtualenvs/wefarm/lib/python3.8/site-packages/airflow/example_dags/example_branch_day_of_week_operator.py
[2021-07-23 16:20:30,517] {scheduler_job.py:632} INFO - Processing file /home/dennismutia/.virtualenvs/wefarm/lib/python3.8/site-packages/airflow/example_dags/example_branch_day_of_week_operator.py for tasks to queue
[2021-07-23 16:20:30,518] {logging_mixin.py:104} INFO - [2021-07-23 16:20:30,518] {dagbag.py:496} INFO - Filling up the DagBag from /home/dennismutia/.virtualenvs/wefarm/lib/python3.8/site-packages/airflow/example_dags/example_branch_day_of_week_operator.py
[2021-07-23 16:20:30,647] {scheduler_job.py:642} INFO - DAG(s) dict_keys(['example_weekday_branch_operator']) retrieved from /home/dennismutia/.virtualenvs/wefarm/lib/python3.8/site-packages/airflow/example_dags/example_branch_day_of_week_operator.py
[2021-07-23 16:20:31,080] {logging_mixin.py:104} INFO - [2021-07-23 16:20:31,079] {dag.py:1833} INFO - Sync 1 DAGs
[2021-07-23 16:20:31,145] {logging_mixin.py:104} INFO - [2021-07-23 16:20:31,145] {dag.py:2306} INFO - Setting next_dagrun for example_weekday_branch_operator to 2021-07-21 00:00:00+00:00
[2021-07-23 16:20:31,224] {scheduler_job.py:189} INFO - Processing /home/dennismutia/.virtualenvs/wefarm/lib/python3.8/site-packages/airflow/example_dags/example_branch_day_of_week_operator.py took 0.754 seconds
[2021-07-23 16:20:39,420] {scheduler_job.py:181} INFO - Started process (PID=1826) to work on /home/dennismutia/.virtualenvs/wefarm/lib/python3.8/site-packages/airflow/example_dags/example_branch_day_of_week_operator.py
[2021-07-23 16:20:39,422] {scheduler_job.py:632} INFO - Processing file /home/dennismutia/.virtualenvs/wefarm/lib/python3.8/site-packages/airflow/example_dags/example_branch_day_of_week_operator.py for tasks to queue
[2021-07-23 16:20:39,438] {logging_mixin.py:104} INFO - [2021-07-23 16:20:39,438] {dagbag.py:496} INFO - Filling up the DagBag from /home/dennismutia/.virtualenvs/wefarm/lib/python3.8/site-packages/airflow/example_dags/example_branch_day_of_week_operator.py
[2021-07-23 16:20:39,455] {scheduler_job.py:642} INFO - DAG(s) dict_keys(['example_weekday_branch_operator']) retrieved from /home/dennismutia/.virtualenvs/wefarm/lib/python3.8/site-packages/airflow/example_dags/example_branch_day_of_week_operator.py
[2021-07-23 16:20:39,785] {logging_mixin.py:104} INFO - [2021-07-23 16:20:39,784] {dag.py:1833} INFO - Sync 1 DAGs
[2021-07-23 16:20:39,809] {logging_mixin.py:104} INFO - [2021-07-23 16:20:39,809] {dag.py:2306} INFO - Setting next_dagrun for example_weekday_branch_operator to 2021-07-21 00:00:00+00:00
[2021-07-23 16:20:39,826] {scheduler_job.py:189} INFO - Processing /home/dennismutia/.virtualenvs/wefarm/lib/python3.8/site-packages/airflow/example_dags/example_branch_day_of_week_operator.py took 0.409 seconds
[2021-07-23 16:20:46,104] {scheduler_job.py:181} INFO - Started process (PID=1888) to work on /home/dennismutia/.virtualenvs/wefarm/lib/python3.8/site-packages/airflow/example_dags/example_branch_day_of_week_operator.py
[2021-07-23 16:20:46,121] {scheduler_job.py:632} INFO - Processing file /home/dennismutia/.virtualenvs/wefarm/lib/python3.8/site-packages/airflow/example_dags/example_branch_day_of_week_operator.py for tasks to queue
[2021-07-23 16:20:46,123] {logging_mixin.py:104} INFO - [2021-07-23 16:20:46,123] {dagbag.py:496} INFO - Filling up the DagBag from /home/dennismutia/.virtualenvs/wefarm/lib/python3.8/site-packages/airflow/example_dags/example_branch_day_of_week_operator.py
[2021-07-23 16:20:46,171] {scheduler_job.py:642} INFO - DAG(s) dict_keys(['example_weekday_branch_operator']) retrieved from /home/dennismutia/.virtualenvs/wefarm/lib/python3.8/site-packages/airflow/example_dags/example_branch_day_of_week_operator.py
[2021-07-23 16:20:46,405] {logging_mixin.py:104} INFO - [2021-07-23 16:20:46,404] {dag.py:1833} INFO - Sync 1 DAGs
[2021-07-23 16:20:46,465] {logging_mixin.py:104} INFO - [2021-07-23 16:20:46,465] {dag.py:2306} INFO - Setting next_dagrun for example_weekday_branch_operator to 2021-07-21 00:00:00+00:00
[2021-07-23 16:20:46,500] {scheduler_job.py:189} INFO - Processing /home/dennismutia/.virtualenvs/wefarm/lib/python3.8/site-packages/airflow/example_dags/example_branch_day_of_week_operator.py took 0.409 seconds
[2021-07-23 16:20:53,120] {scheduler_job.py:181} INFO - Started process (PID=1948) to work on /home/dennismutia/.virtualenvs/wefarm/lib/python3.8/site-packages/airflow/example_dags/example_branch_day_of_week_operator.py
[2021-07-23 16:20:53,121] {scheduler_job.py:632} INFO - Processing file /home/dennismutia/.virtualenvs/wefarm/lib/python3.8/site-packages/airflow/example_dags/example_branch_day_of_week_operator.py for tasks to queue
[2021-07-23 16:20:53,122] {logging_mixin.py:104} INFO - [2021-07-23 16:20:53,122] {dagbag.py:496} INFO - Filling up the DagBag from /home/dennismutia/.virtualenvs/wefarm/lib/python3.8/site-packages/airflow/example_dags/example_branch_day_of_week_operator.py
[2021-07-23 16:20:53,146] {scheduler_job.py:642} INFO - DAG(s) dict_keys(['example_weekday_branch_operator']) retrieved from /home/dennismutia/.virtualenvs/wefarm/lib/python3.8/site-packages/airflow/example_dags/example_branch_day_of_week_operator.py
[2021-07-23 16:20:53,372] {logging_mixin.py:104} INFO - [2021-07-23 16:20:53,372] {dag.py:1833} INFO - Sync 1 DAGs
[2021-07-23 16:20:53,427] {logging_mixin.py:104} INFO - [2021-07-23 16:20:53,427] {dag.py:2306} INFO - Setting next_dagrun for example_weekday_branch_operator to 2021-07-21 00:00:00+00:00
[2021-07-23 16:20:53,469] {scheduler_job.py:189} INFO - Processing /home/dennismutia/.virtualenvs/wefarm/lib/python3.8/site-packages/airflow/example_dags/example_branch_day_of_week_operator.py took 0.352 seconds
[2021-07-23 16:20:57,437] {scheduler_job.py:181} INFO - Started process (PID=2009) to work on /home/dennismutia/.virtualenvs/wefarm/lib/python3.8/site-packages/airflow/example_dags/example_branch_day_of_week_operator.py
[2021-07-23 16:20:57,442] {scheduler_job.py:632} INFO - Processing file /home/dennismutia/.virtualenvs/wefarm/lib/python3.8/site-packages/airflow/example_dags/example_branch_day_of_week_operator.py for tasks to queue
[2021-07-23 16:20:57,446] {logging_mixin.py:104} INFO - [2021-07-23 16:20:57,446] {dagbag.py:496} INFO - Filling up the DagBag from /home/dennismutia/.virtualenvs/wefarm/lib/python3.8/site-packages/airflow/example_dags/example_branch_day_of_week_operator.py
[2021-07-23 16:20:57,467] {scheduler_job.py:642} INFO - DAG(s) dict_keys(['example_weekday_branch_operator']) retrieved from /home/dennismutia/.virtualenvs/wefarm/lib/python3.8/site-packages/airflow/example_dags/example_branch_day_of_week_operator.py
[2021-07-23 16:20:57,565] {logging_mixin.py:104} INFO - [2021-07-23 16:20:57,565] {dag.py:1833} INFO - Sync 1 DAGs
[2021-07-23 16:20:57,595] {logging_mixin.py:104} INFO - [2021-07-23 16:20:57,594] {dag.py:2306} INFO - Setting next_dagrun for example_weekday_branch_operator to 2021-07-21 00:00:00+00:00
[2021-07-23 16:20:57,615] {scheduler_job.py:189} INFO - Processing /home/dennismutia/.virtualenvs/wefarm/lib/python3.8/site-packages/airflow/example_dags/example_branch_day_of_week_operator.py took 0.182 seconds
[2021-07-23 16:21:01,421] {scheduler_job.py:181} INFO - Started process (PID=2069) to work on /home/dennismutia/.virtualenvs/wefarm/lib/python3.8/site-packages/airflow/example_dags/example_branch_day_of_week_operator.py
[2021-07-23 16:21:01,434] {scheduler_job.py:632} INFO - Processing file /home/dennismutia/.virtualenvs/wefarm/lib/python3.8/site-packages/airflow/example_dags/example_branch_day_of_week_operator.py for tasks to queue
[2021-07-23 16:21:01,435] {logging_mixin.py:104} INFO - [2021-07-23 16:21:01,435] {dagbag.py:496} INFO - Filling up the DagBag from /home/dennismutia/.virtualenvs/wefarm/lib/python3.8/site-packages/airflow/example_dags/example_branch_day_of_week_operator.py
[2021-07-23 16:21:01,510] {scheduler_job.py:642} INFO - DAG(s) dict_keys(['example_weekday_branch_operator']) retrieved from /home/dennismutia/.virtualenvs/wefarm/lib/python3.8/site-packages/airflow/example_dags/example_branch_day_of_week_operator.py
[2021-07-23 16:21:01,739] {logging_mixin.py:104} INFO - [2021-07-23 16:21:01,739] {dag.py:1833} INFO - Sync 1 DAGs
[2021-07-23 16:21:01,780] {logging_mixin.py:104} INFO - [2021-07-23 16:21:01,780] {dag.py:2306} INFO - Setting next_dagrun for example_weekday_branch_operator to 2021-07-21 00:00:00+00:00
[2021-07-23 16:21:01,813] {scheduler_job.py:189} INFO - Processing /home/dennismutia/.virtualenvs/wefarm/lib/python3.8/site-packages/airflow/example_dags/example_branch_day_of_week_operator.py took 0.396 seconds
[2021-07-23 16:21:04,795] {scheduler_job.py:181} INFO - Started process (PID=2128) to work on /home/dennismutia/.virtualenvs/wefarm/lib/python3.8/site-packages/airflow/example_dags/example_branch_day_of_week_operator.py
[2021-07-23 16:21:04,796] {scheduler_job.py:632} INFO - Processing file /home/dennismutia/.virtualenvs/wefarm/lib/python3.8/site-packages/airflow/example_dags/example_branch_day_of_week_operator.py for tasks to queue
[2021-07-23 16:21:04,797] {logging_mixin.py:104} INFO - [2021-07-23 16:21:04,797] {dagbag.py:496} INFO - Filling up the DagBag from /home/dennismutia/.virtualenvs/wefarm/lib/python3.8/site-packages/airflow/example_dags/example_branch_day_of_week_operator.py
[2021-07-23 16:21:04,814] {scheduler_job.py:642} INFO - DAG(s) dict_keys(['example_weekday_branch_operator']) retrieved from /home/dennismutia/.virtualenvs/wefarm/lib/python3.8/site-packages/airflow/example_dags/example_branch_day_of_week_operator.py
[2021-07-23 16:21:04,899] {logging_mixin.py:104} INFO - [2021-07-23 16:21:04,898] {dag.py:1833} INFO - Sync 1 DAGs
[2021-07-23 16:21:04,920] {logging_mixin.py:104} INFO - [2021-07-23 16:21:04,920] {dag.py:2306} INFO - Setting next_dagrun for example_weekday_branch_operator to 2021-07-21 00:00:00+00:00
[2021-07-23 16:21:04,957] {scheduler_job.py:189} INFO - Processing /home/dennismutia/.virtualenvs/wefarm/lib/python3.8/site-packages/airflow/example_dags/example_branch_day_of_week_operator.py took 0.166 seconds
[2021-07-23 16:21:07,431] {scheduler_job.py:181} INFO - Started process (PID=2190) to work on /home/dennismutia/.virtualenvs/wefarm/lib/python3.8/site-packages/airflow/example_dags/example_branch_day_of_week_operator.py
[2021-07-23 16:21:07,432] {scheduler_job.py:632} INFO - Processing file /home/dennismutia/.virtualenvs/wefarm/lib/python3.8/site-packages/airflow/example_dags/example_branch_day_of_week_operator.py for tasks to queue
[2021-07-23 16:21:07,433] {logging_mixin.py:104} INFO - [2021-07-23 16:21:07,433] {dagbag.py:496} INFO - Filling up the DagBag from /home/dennismutia/.virtualenvs/wefarm/lib/python3.8/site-packages/airflow/example_dags/example_branch_day_of_week_operator.py
[2021-07-23 16:21:07,451] {scheduler_job.py:642} INFO - DAG(s) dict_keys(['example_weekday_branch_operator']) retrieved from /home/dennismutia/.virtualenvs/wefarm/lib/python3.8/site-packages/airflow/example_dags/example_branch_day_of_week_operator.py
[2021-07-23 16:21:07,553] {logging_mixin.py:104} INFO - [2021-07-23 16:21:07,553] {dag.py:1833} INFO - Sync 1 DAGs
[2021-07-23 16:21:07,579] {logging_mixin.py:104} INFO - [2021-07-23 16:21:07,579] {dag.py:2306} INFO - Setting next_dagrun for example_weekday_branch_operator to 2021-07-21 00:00:00+00:00
[2021-07-23 16:21:07,599] {scheduler_job.py:189} INFO - Processing /home/dennismutia/.virtualenvs/wefarm/lib/python3.8/site-packages/airflow/example_dags/example_branch_day_of_week_operator.py took 0.173 seconds
[2021-07-23 16:21:10,403] {scheduler_job.py:181} INFO - Started process (PID=2292) to work on /home/dennismutia/.virtualenvs/wefarm/lib/python3.8/site-packages/airflow/example_dags/example_branch_day_of_week_operator.py
[2021-07-23 16:21:10,404] {scheduler_job.py:632} INFO - Processing file /home/dennismutia/.virtualenvs/wefarm/lib/python3.8/site-packages/airflow/example_dags/example_branch_day_of_week_operator.py for tasks to queue
[2021-07-23 16:21:10,404] {logging_mixin.py:104} INFO - [2021-07-23 16:21:10,404] {dagbag.py:496} INFO - Filling up the DagBag from /home/dennismutia/.virtualenvs/wefarm/lib/python3.8/site-packages/airflow/example_dags/example_branch_day_of_week_operator.py
[2021-07-23 16:21:10,422] {scheduler_job.py:642} INFO - DAG(s) dict_keys(['example_weekday_branch_operator']) retrieved from /home/dennismutia/.virtualenvs/wefarm/lib/python3.8/site-packages/airflow/example_dags/example_branch_day_of_week_operator.py
[2021-07-23 16:21:10,520] {logging_mixin.py:104} INFO - [2021-07-23 16:21:10,519] {dag.py:1833} INFO - Sync 1 DAGs
[2021-07-23 16:21:10,543] {logging_mixin.py:104} INFO - [2021-07-23 16:21:10,543] {dag.py:2306} INFO - Setting next_dagrun for example_weekday_branch_operator to 2021-07-21 00:00:00+00:00
[2021-07-23 16:21:10,560] {scheduler_job.py:189} INFO - Processing /home/dennismutia/.virtualenvs/wefarm/lib/python3.8/site-packages/airflow/example_dags/example_branch_day_of_week_operator.py took 0.160 seconds
[2021-07-23 16:21:13,168] {scheduler_job.py:181} INFO - Started process (PID=2361) to work on /home/dennismutia/.virtualenvs/wefarm/lib/python3.8/site-packages/airflow/example_dags/example_branch_day_of_week_operator.py
[2021-07-23 16:21:13,172] {scheduler_job.py:632} INFO - Processing file /home/dennismutia/.virtualenvs/wefarm/lib/python3.8/site-packages/airflow/example_dags/example_branch_day_of_week_operator.py for tasks to queue
[2021-07-23 16:21:13,175] {logging_mixin.py:104} INFO - [2021-07-23 16:21:13,175] {dagbag.py:496} INFO - Filling up the DagBag from /home/dennismutia/.virtualenvs/wefarm/lib/python3.8/site-packages/airflow/example_dags/example_branch_day_of_week_operator.py
[2021-07-23 16:21:13,193] {scheduler_job.py:642} INFO - DAG(s) dict_keys(['example_weekday_branch_operator']) retrieved from /home/dennismutia/.virtualenvs/wefarm/lib/python3.8/site-packages/airflow/example_dags/example_branch_day_of_week_operator.py
[2021-07-23 16:21:13,282] {logging_mixin.py:104} INFO - [2021-07-23 16:21:13,282] {dag.py:1833} INFO - Sync 1 DAGs
[2021-07-23 16:21:13,302] {logging_mixin.py:104} INFO - [2021-07-23 16:21:13,302] {dag.py:2306} INFO - Setting next_dagrun for example_weekday_branch_operator to 2021-07-21 00:00:00+00:00
[2021-07-23 16:21:13,315] {scheduler_job.py:189} INFO - Processing /home/dennismutia/.virtualenvs/wefarm/lib/python3.8/site-packages/airflow/example_dags/example_branch_day_of_week_operator.py took 0.150 seconds
[2021-07-23 16:21:15,727] {scheduler_job.py:181} INFO - Started process (PID=2421) to work on /home/dennismutia/.virtualenvs/wefarm/lib/python3.8/site-packages/airflow/example_dags/example_branch_day_of_week_operator.py
[2021-07-23 16:21:15,728] {scheduler_job.py:632} INFO - Processing file /home/dennismutia/.virtualenvs/wefarm/lib/python3.8/site-packages/airflow/example_dags/example_branch_day_of_week_operator.py for tasks to queue
[2021-07-23 16:21:15,729] {logging_mixin.py:104} INFO - [2021-07-23 16:21:15,729] {dagbag.py:496} INFO - Filling up the DagBag from /home/dennismutia/.virtualenvs/wefarm/lib/python3.8/site-packages/airflow/example_dags/example_branch_day_of_week_operator.py
[2021-07-23 16:21:15,744] {scheduler_job.py:642} INFO - DAG(s) dict_keys(['example_weekday_branch_operator']) retrieved from /home/dennismutia/.virtualenvs/wefarm/lib/python3.8/site-packages/airflow/example_dags/example_branch_day_of_week_operator.py
[2021-07-23 16:21:15,836] {logging_mixin.py:104} INFO - [2021-07-23 16:21:15,835] {dag.py:1833} INFO - Sync 1 DAGs
[2021-07-23 16:21:15,854] {logging_mixin.py:104} INFO - [2021-07-23 16:21:15,853] {dag.py:2306} INFO - Setting next_dagrun for example_weekday_branch_operator to 2021-07-21 00:00:00+00:00
[2021-07-23 16:21:15,865] {scheduler_job.py:189} INFO - Processing /home/dennismutia/.virtualenvs/wefarm/lib/python3.8/site-packages/airflow/example_dags/example_branch_day_of_week_operator.py took 0.140 seconds
[2021-07-23 16:21:17,997] {scheduler_job.py:181} INFO - Started process (PID=2481) to work on /home/dennismutia/.virtualenvs/wefarm/lib/python3.8/site-packages/airflow/example_dags/example_branch_day_of_week_operator.py
[2021-07-23 16:21:18,000] {scheduler_job.py:632} INFO - Processing file /home/dennismutia/.virtualenvs/wefarm/lib/python3.8/site-packages/airflow/example_dags/example_branch_day_of_week_operator.py for tasks to queue
[2021-07-23 16:21:18,003] {logging_mixin.py:104} INFO - [2021-07-23 16:21:18,003] {dagbag.py:496} INFO - Filling up the DagBag from /home/dennismutia/.virtualenvs/wefarm/lib/python3.8/site-packages/airflow/example_dags/example_branch_day_of_week_operator.py
[2021-07-23 16:21:18,018] {scheduler_job.py:642} INFO - DAG(s) dict_keys(['example_weekday_branch_operator']) retrieved from /home/dennismutia/.virtualenvs/wefarm/lib/python3.8/site-packages/airflow/example_dags/example_branch_day_of_week_operator.py
[2021-07-23 16:21:18,116] {logging_mixin.py:104} INFO - [2021-07-23 16:21:18,116] {dag.py:1833} INFO - Sync 1 DAGs
[2021-07-23 16:21:18,139] {logging_mixin.py:104} INFO - [2021-07-23 16:21:18,139] {dag.py:2306} INFO - Setting next_dagrun for example_weekday_branch_operator to 2021-07-21 00:00:00+00:00
[2021-07-23 16:21:18,150] {scheduler_job.py:189} INFO - Processing /home/dennismutia/.virtualenvs/wefarm/lib/python3.8/site-packages/airflow/example_dags/example_branch_day_of_week_operator.py took 0.156 seconds
[2021-07-23 16:21:20,305] {scheduler_job.py:181} INFO - Started process (PID=2541) to work on /home/dennismutia/.virtualenvs/wefarm/lib/python3.8/site-packages/airflow/example_dags/example_branch_day_of_week_operator.py
[2021-07-23 16:21:20,307] {scheduler_job.py:632} INFO - Processing file /home/dennismutia/.virtualenvs/wefarm/lib/python3.8/site-packages/airflow/example_dags/example_branch_day_of_week_operator.py for tasks to queue
[2021-07-23 16:21:20,307] {logging_mixin.py:104} INFO - [2021-07-23 16:21:20,307] {dagbag.py:496} INFO - Filling up the DagBag from /home/dennismutia/.virtualenvs/wefarm/lib/python3.8/site-packages/airflow/example_dags/example_branch_day_of_week_operator.py
[2021-07-23 16:21:20,320] {scheduler_job.py:642} INFO - DAG(s) dict_keys(['example_weekday_branch_operator']) retrieved from /home/dennismutia/.virtualenvs/wefarm/lib/python3.8/site-packages/airflow/example_dags/example_branch_day_of_week_operator.py
[2021-07-23 16:21:20,425] {logging_mixin.py:104} INFO - [2021-07-23 16:21:20,425] {dag.py:1833} INFO - Sync 1 DAGs
[2021-07-23 16:21:20,442] {logging_mixin.py:104} INFO - [2021-07-23 16:21:20,442] {dag.py:2306} INFO - Setting next_dagrun for example_weekday_branch_operator to 2021-07-21 00:00:00+00:00
[2021-07-23 16:21:20,454] {scheduler_job.py:189} INFO - Processing /home/dennismutia/.virtualenvs/wefarm/lib/python3.8/site-packages/airflow/example_dags/example_branch_day_of_week_operator.py took 0.152 seconds
[2021-07-23 16:21:22,892] {scheduler_job.py:181} INFO - Started process (PID=2600) to work on /home/dennismutia/.virtualenvs/wefarm/lib/python3.8/site-packages/airflow/example_dags/example_branch_day_of_week_operator.py
[2021-07-23 16:21:22,893] {scheduler_job.py:632} INFO - Processing file /home/dennismutia/.virtualenvs/wefarm/lib/python3.8/site-packages/airflow/example_dags/example_branch_day_of_week_operator.py for tasks to queue
[2021-07-23 16:21:22,893] {logging_mixin.py:104} INFO - [2021-07-23 16:21:22,893] {dagbag.py:496} INFO - Filling up the DagBag from /home/dennismutia/.virtualenvs/wefarm/lib/python3.8/site-packages/airflow/example_dags/example_branch_day_of_week_operator.py
[2021-07-23 16:21:22,908] {scheduler_job.py:642} INFO - DAG(s) dict_keys(['example_weekday_branch_operator']) retrieved from /home/dennismutia/.virtualenvs/wefarm/lib/python3.8/site-packages/airflow/example_dags/example_branch_day_of_week_operator.py
[2021-07-23 16:21:23,000] {logging_mixin.py:104} INFO - [2021-07-23 16:21:23,000] {dag.py:1833} INFO - Sync 1 DAGs
[2021-07-23 16:21:23,016] {logging_mixin.py:104} INFO - [2021-07-23 16:21:23,016] {dag.py:2306} INFO - Setting next_dagrun for example_weekday_branch_operator to 2021-07-21 00:00:00+00:00
[2021-07-23 16:21:23,029] {scheduler_job.py:189} INFO - Processing /home/dennismutia/.virtualenvs/wefarm/lib/python3.8/site-packages/airflow/example_dags/example_branch_day_of_week_operator.py took 0.141 seconds
[2021-07-23 16:21:25,322] {scheduler_job.py:181} INFO - Started process (PID=2661) to work on /home/dennismutia/.virtualenvs/wefarm/lib/python3.8/site-packages/airflow/example_dags/example_branch_day_of_week_operator.py
[2021-07-23 16:21:25,323] {scheduler_job.py:632} INFO - Processing file /home/dennismutia/.virtualenvs/wefarm/lib/python3.8/site-packages/airflow/example_dags/example_branch_day_of_week_operator.py for tasks to queue
[2021-07-23 16:21:25,324] {logging_mixin.py:104} INFO - [2021-07-23 16:21:25,323] {dagbag.py:496} INFO - Filling up the DagBag from /home/dennismutia/.virtualenvs/wefarm/lib/python3.8/site-packages/airflow/example_dags/example_branch_day_of_week_operator.py
[2021-07-23 16:21:25,339] {scheduler_job.py:642} INFO - DAG(s) dict_keys(['example_weekday_branch_operator']) retrieved from /home/dennismutia/.virtualenvs/wefarm/lib/python3.8/site-packages/airflow/example_dags/example_branch_day_of_week_operator.py
[2021-07-23 16:21:25,426] {logging_mixin.py:104} INFO - [2021-07-23 16:21:25,426] {dag.py:1833} INFO - Sync 1 DAGs
[2021-07-23 16:21:25,444] {logging_mixin.py:104} INFO - [2021-07-23 16:21:25,444] {dag.py:2306} INFO - Setting next_dagrun for example_weekday_branch_operator to 2021-07-21 00:00:00+00:00
[2021-07-23 16:21:25,461] {scheduler_job.py:189} INFO - Processing /home/dennismutia/.virtualenvs/wefarm/lib/python3.8/site-packages/airflow/example_dags/example_branch_day_of_week_operator.py took 0.142 seconds
[2021-07-23 16:21:27,739] {scheduler_job.py:181} INFO - Started process (PID=2742) to work on /home/dennismutia/.virtualenvs/wefarm/lib/python3.8/site-packages/airflow/example_dags/example_branch_day_of_week_operator.py
[2021-07-23 16:21:27,740] {scheduler_job.py:632} INFO - Processing file /home/dennismutia/.virtualenvs/wefarm/lib/python3.8/site-packages/airflow/example_dags/example_branch_day_of_week_operator.py for tasks to queue
[2021-07-23 16:21:27,740] {logging_mixin.py:104} INFO - [2021-07-23 16:21:27,740] {dagbag.py:496} INFO - Filling up the DagBag from /home/dennismutia/.virtualenvs/wefarm/lib/python3.8/site-packages/airflow/example_dags/example_branch_day_of_week_operator.py
[2021-07-23 16:21:27,755] {scheduler_job.py:642} INFO - DAG(s) dict_keys(['example_weekday_branch_operator']) retrieved from /home/dennismutia/.virtualenvs/wefarm/lib/python3.8/site-packages/airflow/example_dags/example_branch_day_of_week_operator.py
[2021-07-23 16:21:27,860] {logging_mixin.py:104} INFO - [2021-07-23 16:21:27,860] {dag.py:1833} INFO - Sync 1 DAGs
[2021-07-23 16:21:27,881] {logging_mixin.py:104} INFO - [2021-07-23 16:21:27,881] {dag.py:2306} INFO - Setting next_dagrun for example_weekday_branch_operator to 2021-07-21 00:00:00+00:00
[2021-07-23 16:21:27,891] {scheduler_job.py:189} INFO - Processing /home/dennismutia/.virtualenvs/wefarm/lib/python3.8/site-packages/airflow/example_dags/example_branch_day_of_week_operator.py took 0.156 seconds
[2021-07-23 16:21:30,433] {scheduler_job.py:181} INFO - Started process (PID=2801) to work on /home/dennismutia/.virtualenvs/wefarm/lib/python3.8/site-packages/airflow/example_dags/example_branch_day_of_week_operator.py
[2021-07-23 16:21:30,435] {scheduler_job.py:632} INFO - Processing file /home/dennismutia/.virtualenvs/wefarm/lib/python3.8/site-packages/airflow/example_dags/example_branch_day_of_week_operator.py for tasks to queue
[2021-07-23 16:21:30,436] {logging_mixin.py:104} INFO - [2021-07-23 16:21:30,436] {dagbag.py:496} INFO - Filling up the DagBag from /home/dennismutia/.virtualenvs/wefarm/lib/python3.8/site-packages/airflow/example_dags/example_branch_day_of_week_operator.py
[2021-07-23 16:21:30,457] {scheduler_job.py:642} INFO - DAG(s) dict_keys(['example_weekday_branch_operator']) retrieved from /home/dennismutia/.virtualenvs/wefarm/lib/python3.8/site-packages/airflow/example_dags/example_branch_day_of_week_operator.py
[2021-07-23 16:21:30,543] {logging_mixin.py:104} INFO - [2021-07-23 16:21:30,543] {dag.py:1833} INFO - Sync 1 DAGs
[2021-07-23 16:21:30,570] {logging_mixin.py:104} INFO - [2021-07-23 16:21:30,570] {dag.py:2306} INFO - Setting next_dagrun for example_weekday_branch_operator to 2021-07-21 00:00:00+00:00
[2021-07-23 16:21:30,593] {scheduler_job.py:189} INFO - Processing /home/dennismutia/.virtualenvs/wefarm/lib/python3.8/site-packages/airflow/example_dags/example_branch_day_of_week_operator.py took 0.171 seconds
[2021-07-23 16:21:33,624] {scheduler_job.py:181} INFO - Started process (PID=2862) to work on /home/dennismutia/.virtualenvs/wefarm/lib/python3.8/site-packages/airflow/example_dags/example_branch_day_of_week_operator.py
[2021-07-23 16:21:33,626] {scheduler_job.py:632} INFO - Processing file /home/dennismutia/.virtualenvs/wefarm/lib/python3.8/site-packages/airflow/example_dags/example_branch_day_of_week_operator.py for tasks to queue
[2021-07-23 16:21:33,627] {logging_mixin.py:104} INFO - [2021-07-23 16:21:33,626] {dagbag.py:496} INFO - Filling up the DagBag from /home/dennismutia/.virtualenvs/wefarm/lib/python3.8/site-packages/airflow/example_dags/example_branch_day_of_week_operator.py
[2021-07-23 16:21:33,646] {scheduler_job.py:642} INFO - DAG(s) dict_keys(['example_weekday_branch_operator']) retrieved from /home/dennismutia/.virtualenvs/wefarm/lib/python3.8/site-packages/airflow/example_dags/example_branch_day_of_week_operator.py
[2021-07-23 16:21:33,749] {logging_mixin.py:104} INFO - [2021-07-23 16:21:33,749] {dag.py:1833} INFO - Sync 1 DAGs
[2021-07-23 16:21:33,769] {logging_mixin.py:104} INFO - [2021-07-23 16:21:33,768] {dag.py:2306} INFO - Setting next_dagrun for example_weekday_branch_operator to 2021-07-21 00:00:00+00:00
[2021-07-23 16:21:33,792] {scheduler_job.py:189} INFO - Processing /home/dennismutia/.virtualenvs/wefarm/lib/python3.8/site-packages/airflow/example_dags/example_branch_day_of_week_operator.py took 0.173 seconds
[2021-07-23 16:21:36,736] {scheduler_job.py:181} INFO - Started process (PID=2921) to work on /home/dennismutia/.virtualenvs/wefarm/lib/python3.8/site-packages/airflow/example_dags/example_branch_day_of_week_operator.py
[2021-07-23 16:21:36,739] {scheduler_job.py:632} INFO - Processing file /home/dennismutia/.virtualenvs/wefarm/lib/python3.8/site-packages/airflow/example_dags/example_branch_day_of_week_operator.py for tasks to queue
[2021-07-23 16:21:36,741] {logging_mixin.py:104} INFO - [2021-07-23 16:21:36,740] {dagbag.py:496} INFO - Filling up the DagBag from /home/dennismutia/.virtualenvs/wefarm/lib/python3.8/site-packages/airflow/example_dags/example_branch_day_of_week_operator.py
[2021-07-23 16:21:36,759] {scheduler_job.py:642} INFO - DAG(s) dict_keys(['example_weekday_branch_operator']) retrieved from /home/dennismutia/.virtualenvs/wefarm/lib/python3.8/site-packages/airflow/example_dags/example_branch_day_of_week_operator.py
[2021-07-23 16:21:36,872] {logging_mixin.py:104} INFO - [2021-07-23 16:21:36,872] {dag.py:1833} INFO - Sync 1 DAGs
[2021-07-23 16:21:36,902] {logging_mixin.py:104} INFO - [2021-07-23 16:21:36,902] {dag.py:2306} INFO - Setting next_dagrun for example_weekday_branch_operator to 2021-07-21 00:00:00+00:00
[2021-07-23 16:21:36,927] {scheduler_job.py:189} INFO - Processing /home/dennismutia/.virtualenvs/wefarm/lib/python3.8/site-packages/airflow/example_dags/example_branch_day_of_week_operator.py took 0.197 seconds
[2021-07-23 16:21:39,431] {scheduler_job.py:181} INFO - Started process (PID=2981) to work on /home/dennismutia/.virtualenvs/wefarm/lib/python3.8/site-packages/airflow/example_dags/example_branch_day_of_week_operator.py
[2021-07-23 16:21:39,432] {scheduler_job.py:632} INFO - Processing file /home/dennismutia/.virtualenvs/wefarm/lib/python3.8/site-packages/airflow/example_dags/example_branch_day_of_week_operator.py for tasks to queue
[2021-07-23 16:21:39,433] {logging_mixin.py:104} INFO - [2021-07-23 16:21:39,432] {dagbag.py:496} INFO - Filling up the DagBag from /home/dennismutia/.virtualenvs/wefarm/lib/python3.8/site-packages/airflow/example_dags/example_branch_day_of_week_operator.py
[2021-07-23 16:21:39,449] {scheduler_job.py:642} INFO - DAG(s) dict_keys(['example_weekday_branch_operator']) retrieved from /home/dennismutia/.virtualenvs/wefarm/lib/python3.8/site-packages/airflow/example_dags/example_branch_day_of_week_operator.py
[2021-07-23 16:21:39,545] {logging_mixin.py:104} INFO - [2021-07-23 16:21:39,545] {dag.py:1833} INFO - Sync 1 DAGs
[2021-07-23 16:21:39,564] {logging_mixin.py:104} INFO - [2021-07-23 16:21:39,564] {dag.py:2306} INFO - Setting next_dagrun for example_weekday_branch_operator to 2021-07-21 00:00:00+00:00
[2021-07-23 16:21:39,575] {scheduler_job.py:189} INFO - Processing /home/dennismutia/.virtualenvs/wefarm/lib/python3.8/site-packages/airflow/example_dags/example_branch_day_of_week_operator.py took 0.147 seconds
[2021-07-23 16:21:42,640] {scheduler_job.py:181} INFO - Started process (PID=3041) to work on /home/dennismutia/.virtualenvs/wefarm/lib/python3.8/site-packages/airflow/example_dags/example_branch_day_of_week_operator.py
[2021-07-23 16:21:42,642] {scheduler_job.py:632} INFO - Processing file /home/dennismutia/.virtualenvs/wefarm/lib/python3.8/site-packages/airflow/example_dags/example_branch_day_of_week_operator.py for tasks to queue
[2021-07-23 16:21:42,645] {logging_mixin.py:104} INFO - [2021-07-23 16:21:42,645] {dagbag.py:496} INFO - Filling up the DagBag from /home/dennismutia/.virtualenvs/wefarm/lib/python3.8/site-packages/airflow/example_dags/example_branch_day_of_week_operator.py
[2021-07-23 16:21:42,674] {scheduler_job.py:642} INFO - DAG(s) dict_keys(['example_weekday_branch_operator']) retrieved from /home/dennismutia/.virtualenvs/wefarm/lib/python3.8/site-packages/airflow/example_dags/example_branch_day_of_week_operator.py
[2021-07-23 16:21:42,772] {logging_mixin.py:104} INFO - [2021-07-23 16:21:42,772] {dag.py:1833} INFO - Sync 1 DAGs
[2021-07-23 16:21:42,792] {logging_mixin.py:104} INFO - [2021-07-23 16:21:42,792] {dag.py:2306} INFO - Setting next_dagrun for example_weekday_branch_operator to 2021-07-21 00:00:00+00:00
[2021-07-23 16:21:42,852] {scheduler_job.py:189} INFO - Processing /home/dennismutia/.virtualenvs/wefarm/lib/python3.8/site-packages/airflow/example_dags/example_branch_day_of_week_operator.py took 0.216 seconds
[2021-07-23 16:21:47,053] {scheduler_job.py:181} INFO - Started process (PID=3101) to work on /home/dennismutia/.virtualenvs/wefarm/lib/python3.8/site-packages/airflow/example_dags/example_branch_day_of_week_operator.py
[2021-07-23 16:21:47,062] {scheduler_job.py:632} INFO - Processing file /home/dennismutia/.virtualenvs/wefarm/lib/python3.8/site-packages/airflow/example_dags/example_branch_day_of_week_operator.py for tasks to queue
[2021-07-23 16:21:47,076] {logging_mixin.py:104} INFO - [2021-07-23 16:21:47,076] {dagbag.py:496} INFO - Filling up the DagBag from /home/dennismutia/.virtualenvs/wefarm/lib/python3.8/site-packages/airflow/example_dags/example_branch_day_of_week_operator.py
[2021-07-23 16:21:47,106] {scheduler_job.py:642} INFO - DAG(s) dict_keys(['example_weekday_branch_operator']) retrieved from /home/dennismutia/.virtualenvs/wefarm/lib/python3.8/site-packages/airflow/example_dags/example_branch_day_of_week_operator.py
[2021-07-23 16:21:47,293] {logging_mixin.py:104} INFO - [2021-07-23 16:21:47,293] {dag.py:1833} INFO - Sync 1 DAGs
[2021-07-23 16:21:47,328] {logging_mixin.py:104} INFO - [2021-07-23 16:21:47,328] {dag.py:2306} INFO - Setting next_dagrun for example_weekday_branch_operator to 2021-07-21 00:00:00+00:00
[2021-07-23 16:21:47,355] {scheduler_job.py:189} INFO - Processing /home/dennismutia/.virtualenvs/wefarm/lib/python3.8/site-packages/airflow/example_dags/example_branch_day_of_week_operator.py took 0.306 seconds
[2021-07-23 16:21:50,337] {scheduler_job.py:181} INFO - Started process (PID=3163) to work on /home/dennismutia/.virtualenvs/wefarm/lib/python3.8/site-packages/airflow/example_dags/example_branch_day_of_week_operator.py
[2021-07-23 16:21:50,342] {scheduler_job.py:632} INFO - Processing file /home/dennismutia/.virtualenvs/wefarm/lib/python3.8/site-packages/airflow/example_dags/example_branch_day_of_week_operator.py for tasks to queue
[2021-07-23 16:21:50,346] {logging_mixin.py:104} INFO - [2021-07-23 16:21:50,346] {dagbag.py:496} INFO - Filling up the DagBag from /home/dennismutia/.virtualenvs/wefarm/lib/python3.8/site-packages/airflow/example_dags/example_branch_day_of_week_operator.py
[2021-07-23 16:21:50,378] {scheduler_job.py:642} INFO - DAG(s) dict_keys(['example_weekday_branch_operator']) retrieved from /home/dennismutia/.virtualenvs/wefarm/lib/python3.8/site-packages/airflow/example_dags/example_branch_day_of_week_operator.py
[2021-07-23 16:21:50,492] {logging_mixin.py:104} INFO - [2021-07-23 16:21:50,491] {dag.py:1833} INFO - Sync 1 DAGs
[2021-07-23 16:21:50,519] {logging_mixin.py:104} INFO - [2021-07-23 16:21:50,519] {dag.py:2306} INFO - Setting next_dagrun for example_weekday_branch_operator to 2021-07-21 00:00:00+00:00
[2021-07-23 16:21:50,567] {scheduler_job.py:189} INFO - Processing /home/dennismutia/.virtualenvs/wefarm/lib/python3.8/site-packages/airflow/example_dags/example_branch_day_of_week_operator.py took 0.235 seconds
[2021-07-23 16:21:53,978] {scheduler_job.py:181} INFO - Started process (PID=3222) to work on /home/dennismutia/.virtualenvs/wefarm/lib/python3.8/site-packages/airflow/example_dags/example_branch_day_of_week_operator.py
[2021-07-23 16:21:53,981] {scheduler_job.py:632} INFO - Processing file /home/dennismutia/.virtualenvs/wefarm/lib/python3.8/site-packages/airflow/example_dags/example_branch_day_of_week_operator.py for tasks to queue
[2021-07-23 16:21:53,984] {logging_mixin.py:104} INFO - [2021-07-23 16:21:53,984] {dagbag.py:496} INFO - Filling up the DagBag from /home/dennismutia/.virtualenvs/wefarm/lib/python3.8/site-packages/airflow/example_dags/example_branch_day_of_week_operator.py
[2021-07-23 16:21:54,002] {scheduler_job.py:642} INFO - DAG(s) dict_keys(['example_weekday_branch_operator']) retrieved from /home/dennismutia/.virtualenvs/wefarm/lib/python3.8/site-packages/airflow/example_dags/example_branch_day_of_week_operator.py
[2021-07-23 16:21:54,127] {logging_mixin.py:104} INFO - [2021-07-23 16:21:54,127] {dag.py:1833} INFO - Sync 1 DAGs
[2021-07-23 16:21:54,151] {logging_mixin.py:104} INFO - [2021-07-23 16:21:54,151] {dag.py:2306} INFO - Setting next_dagrun for example_weekday_branch_operator to 2021-07-21 00:00:00+00:00
[2021-07-23 16:21:54,166] {scheduler_job.py:189} INFO - Processing /home/dennismutia/.virtualenvs/wefarm/lib/python3.8/site-packages/airflow/example_dags/example_branch_day_of_week_operator.py took 0.196 seconds
