[2021-07-23 16:19:58,357] {scheduler_job.py:181} INFO - Started process (PID=838) to work on /home/dennismutia/.virtualenvs/wefarm/lib/python3.8/site-packages/airflow/example_dags/example_latest_only_with_trigger.py
[2021-07-23 16:19:58,357] {scheduler_job.py:632} INFO - Processing file /home/dennismutia/.virtualenvs/wefarm/lib/python3.8/site-packages/airflow/example_dags/example_latest_only_with_trigger.py for tasks to queue
[2021-07-23 16:19:58,358] {logging_mixin.py:104} INFO - [2021-07-23 16:19:58,358] {dagbag.py:496} INFO - Filling up the DagBag from /home/dennismutia/.virtualenvs/wefarm/lib/python3.8/site-packages/airflow/example_dags/example_latest_only_with_trigger.py
[2021-07-23 16:19:58,369] {scheduler_job.py:642} INFO - DAG(s) dict_keys(['latest_only_with_trigger']) retrieved from /home/dennismutia/.virtualenvs/wefarm/lib/python3.8/site-packages/airflow/example_dags/example_latest_only_with_trigger.py
[2021-07-23 16:19:58,601] {logging_mixin.py:104} INFO - [2021-07-23 16:19:58,601] {dag.py:1833} INFO - Sync 1 DAGs
[2021-07-23 16:19:58,611] {logging_mixin.py:104} INFO - [2021-07-23 16:19:58,611] {dag.py:2306} INFO - Setting next_dagrun for latest_only_with_trigger to 2021-07-21 00:00:00+00:00
[2021-07-23 16:19:58,621] {scheduler_job.py:189} INFO - Processing /home/dennismutia/.virtualenvs/wefarm/lib/python3.8/site-packages/airflow/example_dags/example_latest_only_with_trigger.py took 0.267 seconds
[2021-07-23 16:20:00,284] {scheduler_job.py:181} INFO - Started process (PID=900) to work on /home/dennismutia/.virtualenvs/wefarm/lib/python3.8/site-packages/airflow/example_dags/example_latest_only_with_trigger.py
[2021-07-23 16:20:00,285] {scheduler_job.py:632} INFO - Processing file /home/dennismutia/.virtualenvs/wefarm/lib/python3.8/site-packages/airflow/example_dags/example_latest_only_with_trigger.py for tasks to queue
[2021-07-23 16:20:00,285] {logging_mixin.py:104} INFO - [2021-07-23 16:20:00,285] {dagbag.py:496} INFO - Filling up the DagBag from /home/dennismutia/.virtualenvs/wefarm/lib/python3.8/site-packages/airflow/example_dags/example_latest_only_with_trigger.py
[2021-07-23 16:20:00,299] {scheduler_job.py:642} INFO - DAG(s) dict_keys(['latest_only_with_trigger']) retrieved from /home/dennismutia/.virtualenvs/wefarm/lib/python3.8/site-packages/airflow/example_dags/example_latest_only_with_trigger.py
[2021-07-23 16:20:00,318] {logging_mixin.py:104} INFO - [2021-07-23 16:20:00,318] {dag.py:1833} INFO - Sync 1 DAGs
[2021-07-23 16:20:00,378] {logging_mixin.py:104} INFO - [2021-07-23 16:20:00,378] {dag.py:2306} INFO - Setting next_dagrun for latest_only_with_trigger to 2021-07-21 00:00:00+00:00
[2021-07-23 16:20:00,391] {scheduler_job.py:189} INFO - Processing /home/dennismutia/.virtualenvs/wefarm/lib/python3.8/site-packages/airflow/example_dags/example_latest_only_with_trigger.py took 0.109 seconds
[2021-07-23 16:20:04,243] {scheduler_job.py:181} INFO - Started process (PID=1063) to work on /home/dennismutia/.virtualenvs/wefarm/lib/python3.8/site-packages/airflow/example_dags/example_latest_only_with_trigger.py
[2021-07-23 16:20:04,243] {scheduler_job.py:632} INFO - Processing file /home/dennismutia/.virtualenvs/wefarm/lib/python3.8/site-packages/airflow/example_dags/example_latest_only_with_trigger.py for tasks to queue
[2021-07-23 16:20:04,244] {logging_mixin.py:104} INFO - [2021-07-23 16:20:04,244] {dagbag.py:496} INFO - Filling up the DagBag from /home/dennismutia/.virtualenvs/wefarm/lib/python3.8/site-packages/airflow/example_dags/example_latest_only_with_trigger.py
[2021-07-23 16:20:04,260] {scheduler_job.py:642} INFO - DAG(s) dict_keys(['latest_only_with_trigger']) retrieved from /home/dennismutia/.virtualenvs/wefarm/lib/python3.8/site-packages/airflow/example_dags/example_latest_only_with_trigger.py
[2021-07-23 16:20:04,276] {logging_mixin.py:104} INFO - [2021-07-23 16:20:04,276] {dag.py:1833} INFO - Sync 1 DAGs
[2021-07-23 16:20:04,358] {logging_mixin.py:104} INFO - [2021-07-23 16:20:04,357] {dag.py:2306} INFO - Setting next_dagrun for latest_only_with_trigger to 2021-07-21 00:00:00+00:00
[2021-07-23 16:20:04,367] {scheduler_job.py:189} INFO - Processing /home/dennismutia/.virtualenvs/wefarm/lib/python3.8/site-packages/airflow/example_dags/example_latest_only_with_trigger.py took 0.128 seconds
[2021-07-23 16:20:08,115] {scheduler_job.py:181} INFO - Started process (PID=1192) to work on /home/dennismutia/.virtualenvs/wefarm/lib/python3.8/site-packages/airflow/example_dags/example_latest_only_with_trigger.py
[2021-07-23 16:20:08,115] {scheduler_job.py:632} INFO - Processing file /home/dennismutia/.virtualenvs/wefarm/lib/python3.8/site-packages/airflow/example_dags/example_latest_only_with_trigger.py for tasks to queue
[2021-07-23 16:20:08,116] {logging_mixin.py:104} INFO - [2021-07-23 16:20:08,116] {dagbag.py:496} INFO - Filling up the DagBag from /home/dennismutia/.virtualenvs/wefarm/lib/python3.8/site-packages/airflow/example_dags/example_latest_only_with_trigger.py
[2021-07-23 16:20:08,125] {scheduler_job.py:642} INFO - DAG(s) dict_keys(['latest_only_with_trigger']) retrieved from /home/dennismutia/.virtualenvs/wefarm/lib/python3.8/site-packages/airflow/example_dags/example_latest_only_with_trigger.py
[2021-07-23 16:20:08,138] {logging_mixin.py:104} INFO - [2021-07-23 16:20:08,138] {dag.py:1833} INFO - Sync 1 DAGs
[2021-07-23 16:20:08,183] {logging_mixin.py:104} INFO - [2021-07-23 16:20:08,183] {dag.py:2306} INFO - Setting next_dagrun for latest_only_with_trigger to 2021-07-21 00:00:00+00:00
[2021-07-23 16:20:08,198] {scheduler_job.py:189} INFO - Processing /home/dennismutia/.virtualenvs/wefarm/lib/python3.8/site-packages/airflow/example_dags/example_latest_only_with_trigger.py took 0.086 seconds
[2021-07-23 16:20:10,025] {scheduler_job.py:181} INFO - Started process (PID=1272) to work on /home/dennismutia/.virtualenvs/wefarm/lib/python3.8/site-packages/airflow/example_dags/example_latest_only_with_trigger.py
[2021-07-23 16:20:10,025] {scheduler_job.py:632} INFO - Processing file /home/dennismutia/.virtualenvs/wefarm/lib/python3.8/site-packages/airflow/example_dags/example_latest_only_with_trigger.py for tasks to queue
[2021-07-23 16:20:10,026] {logging_mixin.py:104} INFO - [2021-07-23 16:20:10,026] {dagbag.py:496} INFO - Filling up the DagBag from /home/dennismutia/.virtualenvs/wefarm/lib/python3.8/site-packages/airflow/example_dags/example_latest_only_with_trigger.py
[2021-07-23 16:20:10,037] {scheduler_job.py:642} INFO - DAG(s) dict_keys(['latest_only_with_trigger']) retrieved from /home/dennismutia/.virtualenvs/wefarm/lib/python3.8/site-packages/airflow/example_dags/example_latest_only_with_trigger.py
[2021-07-23 16:20:10,055] {logging_mixin.py:104} INFO - [2021-07-23 16:20:10,055] {dag.py:1833} INFO - Sync 1 DAGs
[2021-07-23 16:20:10,113] {logging_mixin.py:104} INFO - [2021-07-23 16:20:10,112] {dag.py:2306} INFO - Setting next_dagrun for latest_only_with_trigger to 2021-07-21 00:00:00+00:00
[2021-07-23 16:20:10,121] {scheduler_job.py:189} INFO - Processing /home/dennismutia/.virtualenvs/wefarm/lib/python3.8/site-packages/airflow/example_dags/example_latest_only_with_trigger.py took 0.099 seconds
[2021-07-23 16:20:11,964] {scheduler_job.py:181} INFO - Started process (PID=1336) to work on /home/dennismutia/.virtualenvs/wefarm/lib/python3.8/site-packages/airflow/example_dags/example_latest_only_with_trigger.py
[2021-07-23 16:20:11,965] {scheduler_job.py:632} INFO - Processing file /home/dennismutia/.virtualenvs/wefarm/lib/python3.8/site-packages/airflow/example_dags/example_latest_only_with_trigger.py for tasks to queue
[2021-07-23 16:20:11,965] {logging_mixin.py:104} INFO - [2021-07-23 16:20:11,965] {dagbag.py:496} INFO - Filling up the DagBag from /home/dennismutia/.virtualenvs/wefarm/lib/python3.8/site-packages/airflow/example_dags/example_latest_only_with_trigger.py
[2021-07-23 16:20:11,977] {scheduler_job.py:642} INFO - DAG(s) dict_keys(['latest_only_with_trigger']) retrieved from /home/dennismutia/.virtualenvs/wefarm/lib/python3.8/site-packages/airflow/example_dags/example_latest_only_with_trigger.py
[2021-07-23 16:20:11,992] {logging_mixin.py:104} INFO - [2021-07-23 16:20:11,992] {dag.py:1833} INFO - Sync 1 DAGs
[2021-07-23 16:20:12,049] {logging_mixin.py:104} INFO - [2021-07-23 16:20:12,049] {dag.py:2306} INFO - Setting next_dagrun for latest_only_with_trigger to 2021-07-21 00:00:00+00:00
[2021-07-23 16:20:12,058] {scheduler_job.py:189} INFO - Processing /home/dennismutia/.virtualenvs/wefarm/lib/python3.8/site-packages/airflow/example_dags/example_latest_only_with_trigger.py took 0.098 seconds
[2021-07-23 16:20:16,540] {scheduler_job.py:181} INFO - Started process (PID=1456) to work on /home/dennismutia/.virtualenvs/wefarm/lib/python3.8/site-packages/airflow/example_dags/example_latest_only_with_trigger.py
[2021-07-23 16:20:16,542] {scheduler_job.py:632} INFO - Processing file /home/dennismutia/.virtualenvs/wefarm/lib/python3.8/site-packages/airflow/example_dags/example_latest_only_with_trigger.py for tasks to queue
[2021-07-23 16:20:16,543] {logging_mixin.py:104} INFO - [2021-07-23 16:20:16,543] {dagbag.py:496} INFO - Filling up the DagBag from /home/dennismutia/.virtualenvs/wefarm/lib/python3.8/site-packages/airflow/example_dags/example_latest_only_with_trigger.py
[2021-07-23 16:20:16,559] {scheduler_job.py:642} INFO - DAG(s) dict_keys(['latest_only_with_trigger']) retrieved from /home/dennismutia/.virtualenvs/wefarm/lib/python3.8/site-packages/airflow/example_dags/example_latest_only_with_trigger.py
[2021-07-23 16:20:16,577] {logging_mixin.py:104} INFO - [2021-07-23 16:20:16,577] {dag.py:1833} INFO - Sync 1 DAGs
[2021-07-23 16:20:16,658] {logging_mixin.py:104} INFO - [2021-07-23 16:20:16,658] {dag.py:2306} INFO - Setting next_dagrun for latest_only_with_trigger to 2021-07-21 00:00:00+00:00
[2021-07-23 16:20:16,673] {scheduler_job.py:189} INFO - Processing /home/dennismutia/.virtualenvs/wefarm/lib/python3.8/site-packages/airflow/example_dags/example_latest_only_with_trigger.py took 0.135 seconds
[2021-07-23 16:20:21,279] {scheduler_job.py:181} INFO - Started process (PID=1576) to work on /home/dennismutia/.virtualenvs/wefarm/lib/python3.8/site-packages/airflow/example_dags/example_latest_only_with_trigger.py
[2021-07-23 16:20:21,280] {scheduler_job.py:632} INFO - Processing file /home/dennismutia/.virtualenvs/wefarm/lib/python3.8/site-packages/airflow/example_dags/example_latest_only_with_trigger.py for tasks to queue
[2021-07-23 16:20:21,281] {logging_mixin.py:104} INFO - [2021-07-23 16:20:21,281] {dagbag.py:496} INFO - Filling up the DagBag from /home/dennismutia/.virtualenvs/wefarm/lib/python3.8/site-packages/airflow/example_dags/example_latest_only_with_trigger.py
[2021-07-23 16:20:21,297] {scheduler_job.py:642} INFO - DAG(s) dict_keys(['latest_only_with_trigger']) retrieved from /home/dennismutia/.virtualenvs/wefarm/lib/python3.8/site-packages/airflow/example_dags/example_latest_only_with_trigger.py
[2021-07-23 16:20:21,322] {logging_mixin.py:104} INFO - [2021-07-23 16:20:21,322] {dag.py:1833} INFO - Sync 1 DAGs
[2021-07-23 16:20:21,415] {logging_mixin.py:104} INFO - [2021-07-23 16:20:21,415] {dag.py:2306} INFO - Setting next_dagrun for latest_only_with_trigger to 2021-07-21 00:00:00+00:00
[2021-07-23 16:20:21,427] {scheduler_job.py:189} INFO - Processing /home/dennismutia/.virtualenvs/wefarm/lib/python3.8/site-packages/airflow/example_dags/example_latest_only_with_trigger.py took 0.152 seconds
[2021-07-23 16:20:26,793] {scheduler_job.py:181} INFO - Started process (PID=1701) to work on /home/dennismutia/.virtualenvs/wefarm/lib/python3.8/site-packages/airflow/example_dags/example_latest_only_with_trigger.py
[2021-07-23 16:20:26,797] {scheduler_job.py:632} INFO - Processing file /home/dennismutia/.virtualenvs/wefarm/lib/python3.8/site-packages/airflow/example_dags/example_latest_only_with_trigger.py for tasks to queue
[2021-07-23 16:20:26,800] {logging_mixin.py:104} INFO - [2021-07-23 16:20:26,799] {dagbag.py:496} INFO - Filling up the DagBag from /home/dennismutia/.virtualenvs/wefarm/lib/python3.8/site-packages/airflow/example_dags/example_latest_only_with_trigger.py
[2021-07-23 16:20:26,818] {scheduler_job.py:642} INFO - DAG(s) dict_keys(['latest_only_with_trigger']) retrieved from /home/dennismutia/.virtualenvs/wefarm/lib/python3.8/site-packages/airflow/example_dags/example_latest_only_with_trigger.py
[2021-07-23 16:20:26,839] {logging_mixin.py:104} INFO - [2021-07-23 16:20:26,839] {dag.py:1833} INFO - Sync 1 DAGs
[2021-07-23 16:20:26,943] {logging_mixin.py:104} INFO - [2021-07-23 16:20:26,943] {dag.py:2306} INFO - Setting next_dagrun for latest_only_with_trigger to 2021-07-21 00:00:00+00:00
[2021-07-23 16:20:26,954] {scheduler_job.py:189} INFO - Processing /home/dennismutia/.virtualenvs/wefarm/lib/python3.8/site-packages/airflow/example_dags/example_latest_only_with_trigger.py took 0.165 seconds
[2021-07-23 16:20:40,986] {scheduler_job.py:181} INFO - Started process (PID=1840) to work on /home/dennismutia/.virtualenvs/wefarm/lib/python3.8/site-packages/airflow/example_dags/example_latest_only_with_trigger.py
[2021-07-23 16:20:40,988] {scheduler_job.py:632} INFO - Processing file /home/dennismutia/.virtualenvs/wefarm/lib/python3.8/site-packages/airflow/example_dags/example_latest_only_with_trigger.py for tasks to queue
[2021-07-23 16:20:40,989] {logging_mixin.py:104} INFO - [2021-07-23 16:20:40,989] {dagbag.py:496} INFO - Filling up the DagBag from /home/dennismutia/.virtualenvs/wefarm/lib/python3.8/site-packages/airflow/example_dags/example_latest_only_with_trigger.py
[2021-07-23 16:20:41,008] {scheduler_job.py:642} INFO - DAG(s) dict_keys(['latest_only_with_trigger']) retrieved from /home/dennismutia/.virtualenvs/wefarm/lib/python3.8/site-packages/airflow/example_dags/example_latest_only_with_trigger.py
[2021-07-23 16:20:41,244] {logging_mixin.py:104} INFO - [2021-07-23 16:20:41,244] {dag.py:1833} INFO - Sync 1 DAGs
[2021-07-23 16:20:41,283] {logging_mixin.py:104} INFO - [2021-07-23 16:20:41,283] {dag.py:2306} INFO - Setting next_dagrun for latest_only_with_trigger to 2021-07-21 00:00:00+00:00
[2021-07-23 16:20:41,337] {scheduler_job.py:189} INFO - Processing /home/dennismutia/.virtualenvs/wefarm/lib/python3.8/site-packages/airflow/example_dags/example_latest_only_with_trigger.py took 0.354 seconds
[2021-07-23 16:20:54,537] {scheduler_job.py:181} INFO - Started process (PID=1964) to work on /home/dennismutia/.virtualenvs/wefarm/lib/python3.8/site-packages/airflow/example_dags/example_latest_only_with_trigger.py
[2021-07-23 16:20:54,553] {scheduler_job.py:632} INFO - Processing file /home/dennismutia/.virtualenvs/wefarm/lib/python3.8/site-packages/airflow/example_dags/example_latest_only_with_trigger.py for tasks to queue
[2021-07-23 16:20:54,554] {logging_mixin.py:104} INFO - [2021-07-23 16:20:54,554] {dagbag.py:496} INFO - Filling up the DagBag from /home/dennismutia/.virtualenvs/wefarm/lib/python3.8/site-packages/airflow/example_dags/example_latest_only_with_trigger.py
[2021-07-23 16:20:54,606] {scheduler_job.py:642} INFO - DAG(s) dict_keys(['latest_only_with_trigger']) retrieved from /home/dennismutia/.virtualenvs/wefarm/lib/python3.8/site-packages/airflow/example_dags/example_latest_only_with_trigger.py
[2021-07-23 16:20:54,826] {logging_mixin.py:104} INFO - [2021-07-23 16:20:54,826] {dag.py:1833} INFO - Sync 1 DAGs
[2021-07-23 16:20:54,861] {logging_mixin.py:104} INFO - [2021-07-23 16:20:54,861] {dag.py:2306} INFO - Setting next_dagrun for latest_only_with_trigger to 2021-07-21 00:00:00+00:00
[2021-07-23 16:20:54,900] {scheduler_job.py:189} INFO - Processing /home/dennismutia/.virtualenvs/wefarm/lib/python3.8/site-packages/airflow/example_dags/example_latest_only_with_trigger.py took 0.367 seconds
[2021-07-23 16:21:02,612] {scheduler_job.py:181} INFO - Started process (PID=2085) to work on /home/dennismutia/.virtualenvs/wefarm/lib/python3.8/site-packages/airflow/example_dags/example_latest_only_with_trigger.py
[2021-07-23 16:21:02,614] {scheduler_job.py:632} INFO - Processing file /home/dennismutia/.virtualenvs/wefarm/lib/python3.8/site-packages/airflow/example_dags/example_latest_only_with_trigger.py for tasks to queue
[2021-07-23 16:21:02,615] {logging_mixin.py:104} INFO - [2021-07-23 16:21:02,615] {dagbag.py:496} INFO - Filling up the DagBag from /home/dennismutia/.virtualenvs/wefarm/lib/python3.8/site-packages/airflow/example_dags/example_latest_only_with_trigger.py
[2021-07-23 16:21:02,655] {scheduler_job.py:642} INFO - DAG(s) dict_keys(['latest_only_with_trigger']) retrieved from /home/dennismutia/.virtualenvs/wefarm/lib/python3.8/site-packages/airflow/example_dags/example_latest_only_with_trigger.py
[2021-07-23 16:21:02,860] {logging_mixin.py:104} INFO - [2021-07-23 16:21:02,860] {dag.py:1833} INFO - Sync 1 DAGs
[2021-07-23 16:21:02,894] {logging_mixin.py:104} INFO - [2021-07-23 16:21:02,894] {dag.py:2306} INFO - Setting next_dagrun for latest_only_with_trigger to 2021-07-21 00:00:00+00:00
[2021-07-23 16:21:02,937] {scheduler_job.py:189} INFO - Processing /home/dennismutia/.virtualenvs/wefarm/lib/python3.8/site-packages/airflow/example_dags/example_latest_only_with_trigger.py took 0.335 seconds
[2021-07-23 16:21:08,200] {scheduler_job.py:181} INFO - Started process (PID=2206) to work on /home/dennismutia/.virtualenvs/wefarm/lib/python3.8/site-packages/airflow/example_dags/example_latest_only_with_trigger.py
[2021-07-23 16:21:08,203] {scheduler_job.py:632} INFO - Processing file /home/dennismutia/.virtualenvs/wefarm/lib/python3.8/site-packages/airflow/example_dags/example_latest_only_with_trigger.py for tasks to queue
[2021-07-23 16:21:08,206] {logging_mixin.py:104} INFO - [2021-07-23 16:21:08,206] {dagbag.py:496} INFO - Filling up the DagBag from /home/dennismutia/.virtualenvs/wefarm/lib/python3.8/site-packages/airflow/example_dags/example_latest_only_with_trigger.py
[2021-07-23 16:21:08,225] {scheduler_job.py:642} INFO - DAG(s) dict_keys(['latest_only_with_trigger']) retrieved from /home/dennismutia/.virtualenvs/wefarm/lib/python3.8/site-packages/airflow/example_dags/example_latest_only_with_trigger.py
[2021-07-23 16:21:08,322] {logging_mixin.py:104} INFO - [2021-07-23 16:21:08,322] {dag.py:1833} INFO - Sync 1 DAGs
[2021-07-23 16:21:08,338] {logging_mixin.py:104} INFO - [2021-07-23 16:21:08,338] {dag.py:2306} INFO - Setting next_dagrun for latest_only_with_trigger to 2021-07-21 00:00:00+00:00
[2021-07-23 16:21:08,354] {scheduler_job.py:189} INFO - Processing /home/dennismutia/.virtualenvs/wefarm/lib/python3.8/site-packages/airflow/example_dags/example_latest_only_with_trigger.py took 0.158 seconds
[2021-07-23 16:21:13,843] {scheduler_job.py:181} INFO - Started process (PID=2377) to work on /home/dennismutia/.virtualenvs/wefarm/lib/python3.8/site-packages/airflow/example_dags/example_latest_only_with_trigger.py
[2021-07-23 16:21:13,844] {scheduler_job.py:632} INFO - Processing file /home/dennismutia/.virtualenvs/wefarm/lib/python3.8/site-packages/airflow/example_dags/example_latest_only_with_trigger.py for tasks to queue
[2021-07-23 16:21:13,845] {logging_mixin.py:104} INFO - [2021-07-23 16:21:13,845] {dagbag.py:496} INFO - Filling up the DagBag from /home/dennismutia/.virtualenvs/wefarm/lib/python3.8/site-packages/airflow/example_dags/example_latest_only_with_trigger.py
[2021-07-23 16:21:13,863] {scheduler_job.py:642} INFO - DAG(s) dict_keys(['latest_only_with_trigger']) retrieved from /home/dennismutia/.virtualenvs/wefarm/lib/python3.8/site-packages/airflow/example_dags/example_latest_only_with_trigger.py
[2021-07-23 16:21:13,978] {logging_mixin.py:104} INFO - [2021-07-23 16:21:13,978] {dag.py:1833} INFO - Sync 1 DAGs
[2021-07-23 16:21:13,994] {logging_mixin.py:104} INFO - [2021-07-23 16:21:13,994] {dag.py:2306} INFO - Setting next_dagrun for latest_only_with_trigger to 2021-07-21 00:00:00+00:00
[2021-07-23 16:21:14,006] {scheduler_job.py:189} INFO - Processing /home/dennismutia/.virtualenvs/wefarm/lib/python3.8/site-packages/airflow/example_dags/example_latest_only_with_trigger.py took 0.167 seconds
[2021-07-23 16:21:18,626] {scheduler_job.py:181} INFO - Started process (PID=2496) to work on /home/dennismutia/.virtualenvs/wefarm/lib/python3.8/site-packages/airflow/example_dags/example_latest_only_with_trigger.py
[2021-07-23 16:21:18,627] {scheduler_job.py:632} INFO - Processing file /home/dennismutia/.virtualenvs/wefarm/lib/python3.8/site-packages/airflow/example_dags/example_latest_only_with_trigger.py for tasks to queue
[2021-07-23 16:21:18,628] {logging_mixin.py:104} INFO - [2021-07-23 16:21:18,627] {dagbag.py:496} INFO - Filling up the DagBag from /home/dennismutia/.virtualenvs/wefarm/lib/python3.8/site-packages/airflow/example_dags/example_latest_only_with_trigger.py
[2021-07-23 16:21:18,645] {scheduler_job.py:642} INFO - DAG(s) dict_keys(['latest_only_with_trigger']) retrieved from /home/dennismutia/.virtualenvs/wefarm/lib/python3.8/site-packages/airflow/example_dags/example_latest_only_with_trigger.py
[2021-07-23 16:21:18,728] {logging_mixin.py:104} INFO - [2021-07-23 16:21:18,728] {dag.py:1833} INFO - Sync 1 DAGs
[2021-07-23 16:21:18,743] {logging_mixin.py:104} INFO - [2021-07-23 16:21:18,743] {dag.py:2306} INFO - Setting next_dagrun for latest_only_with_trigger to 2021-07-21 00:00:00+00:00
[2021-07-23 16:21:18,756] {scheduler_job.py:189} INFO - Processing /home/dennismutia/.virtualenvs/wefarm/lib/python3.8/site-packages/airflow/example_dags/example_latest_only_with_trigger.py took 0.133 seconds
[2021-07-23 16:21:23,536] {scheduler_job.py:181} INFO - Started process (PID=2616) to work on /home/dennismutia/.virtualenvs/wefarm/lib/python3.8/site-packages/airflow/example_dags/example_latest_only_with_trigger.py
[2021-07-23 16:21:23,537] {scheduler_job.py:632} INFO - Processing file /home/dennismutia/.virtualenvs/wefarm/lib/python3.8/site-packages/airflow/example_dags/example_latest_only_with_trigger.py for tasks to queue
[2021-07-23 16:21:23,538] {logging_mixin.py:104} INFO - [2021-07-23 16:21:23,538] {dagbag.py:496} INFO - Filling up the DagBag from /home/dennismutia/.virtualenvs/wefarm/lib/python3.8/site-packages/airflow/example_dags/example_latest_only_with_trigger.py
[2021-07-23 16:21:23,555] {scheduler_job.py:642} INFO - DAG(s) dict_keys(['latest_only_with_trigger']) retrieved from /home/dennismutia/.virtualenvs/wefarm/lib/python3.8/site-packages/airflow/example_dags/example_latest_only_with_trigger.py
[2021-07-23 16:21:23,628] {logging_mixin.py:104} INFO - [2021-07-23 16:21:23,628] {dag.py:1833} INFO - Sync 1 DAGs
[2021-07-23 16:21:23,643] {logging_mixin.py:104} INFO - [2021-07-23 16:21:23,643] {dag.py:2306} INFO - Setting next_dagrun for latest_only_with_trigger to 2021-07-21 00:00:00+00:00
[2021-07-23 16:21:23,672] {scheduler_job.py:189} INFO - Processing /home/dennismutia/.virtualenvs/wefarm/lib/python3.8/site-packages/airflow/example_dags/example_latest_only_with_trigger.py took 0.138 seconds
[2021-07-23 16:21:28,366] {scheduler_job.py:181} INFO - Started process (PID=2757) to work on /home/dennismutia/.virtualenvs/wefarm/lib/python3.8/site-packages/airflow/example_dags/example_latest_only_with_trigger.py
[2021-07-23 16:21:28,369] {scheduler_job.py:632} INFO - Processing file /home/dennismutia/.virtualenvs/wefarm/lib/python3.8/site-packages/airflow/example_dags/example_latest_only_with_trigger.py for tasks to queue
[2021-07-23 16:21:28,372] {logging_mixin.py:104} INFO - [2021-07-23 16:21:28,371] {dagbag.py:496} INFO - Filling up the DagBag from /home/dennismutia/.virtualenvs/wefarm/lib/python3.8/site-packages/airflow/example_dags/example_latest_only_with_trigger.py
[2021-07-23 16:21:28,390] {scheduler_job.py:642} INFO - DAG(s) dict_keys(['latest_only_with_trigger']) retrieved from /home/dennismutia/.virtualenvs/wefarm/lib/python3.8/site-packages/airflow/example_dags/example_latest_only_with_trigger.py
[2021-07-23 16:21:28,556] {logging_mixin.py:104} INFO - [2021-07-23 16:21:28,545] {dag.py:1833} INFO - Sync 1 DAGs
[2021-07-23 16:21:28,588] {logging_mixin.py:104} INFO - [2021-07-23 16:21:28,588] {dag.py:2306} INFO - Setting next_dagrun for latest_only_with_trigger to 2021-07-21 00:00:00+00:00
[2021-07-23 16:21:28,615] {scheduler_job.py:189} INFO - Processing /home/dennismutia/.virtualenvs/wefarm/lib/python3.8/site-packages/airflow/example_dags/example_latest_only_with_trigger.py took 0.252 seconds
[2021-07-23 16:21:34,422] {scheduler_job.py:181} INFO - Started process (PID=2877) to work on /home/dennismutia/.virtualenvs/wefarm/lib/python3.8/site-packages/airflow/example_dags/example_latest_only_with_trigger.py
[2021-07-23 16:21:34,425] {scheduler_job.py:632} INFO - Processing file /home/dennismutia/.virtualenvs/wefarm/lib/python3.8/site-packages/airflow/example_dags/example_latest_only_with_trigger.py for tasks to queue
[2021-07-23 16:21:34,428] {logging_mixin.py:104} INFO - [2021-07-23 16:21:34,428] {dagbag.py:496} INFO - Filling up the DagBag from /home/dennismutia/.virtualenvs/wefarm/lib/python3.8/site-packages/airflow/example_dags/example_latest_only_with_trigger.py
[2021-07-23 16:21:34,456] {scheduler_job.py:642} INFO - DAG(s) dict_keys(['latest_only_with_trigger']) retrieved from /home/dennismutia/.virtualenvs/wefarm/lib/python3.8/site-packages/airflow/example_dags/example_latest_only_with_trigger.py
[2021-07-23 16:21:34,580] {logging_mixin.py:104} INFO - [2021-07-23 16:21:34,580] {dag.py:1833} INFO - Sync 1 DAGs
[2021-07-23 16:21:34,604] {logging_mixin.py:104} INFO - [2021-07-23 16:21:34,604] {dag.py:2306} INFO - Setting next_dagrun for latest_only_with_trigger to 2021-07-21 00:00:00+00:00
[2021-07-23 16:21:34,618] {scheduler_job.py:189} INFO - Processing /home/dennismutia/.virtualenvs/wefarm/lib/python3.8/site-packages/airflow/example_dags/example_latest_only_with_trigger.py took 0.203 seconds
[2021-07-23 16:21:40,299] {scheduler_job.py:181} INFO - Started process (PID=2997) to work on /home/dennismutia/.virtualenvs/wefarm/lib/python3.8/site-packages/airflow/example_dags/example_latest_only_with_trigger.py
[2021-07-23 16:21:40,301] {scheduler_job.py:632} INFO - Processing file /home/dennismutia/.virtualenvs/wefarm/lib/python3.8/site-packages/airflow/example_dags/example_latest_only_with_trigger.py for tasks to queue
[2021-07-23 16:21:40,304] {logging_mixin.py:104} INFO - [2021-07-23 16:21:40,304] {dagbag.py:496} INFO - Filling up the DagBag from /home/dennismutia/.virtualenvs/wefarm/lib/python3.8/site-packages/airflow/example_dags/example_latest_only_with_trigger.py
[2021-07-23 16:21:40,340] {scheduler_job.py:642} INFO - DAG(s) dict_keys(['latest_only_with_trigger']) retrieved from /home/dennismutia/.virtualenvs/wefarm/lib/python3.8/site-packages/airflow/example_dags/example_latest_only_with_trigger.py
[2021-07-23 16:21:40,450] {logging_mixin.py:104} INFO - [2021-07-23 16:21:40,450] {dag.py:1833} INFO - Sync 1 DAGs
[2021-07-23 16:21:40,468] {logging_mixin.py:104} INFO - [2021-07-23 16:21:40,467] {dag.py:2306} INFO - Setting next_dagrun for latest_only_with_trigger to 2021-07-21 00:00:00+00:00
[2021-07-23 16:21:40,484] {scheduler_job.py:189} INFO - Processing /home/dennismutia/.virtualenvs/wefarm/lib/python3.8/site-packages/airflow/example_dags/example_latest_only_with_trigger.py took 0.200 seconds
[2021-07-23 16:21:48,196] {scheduler_job.py:181} INFO - Started process (PID=3119) to work on /home/dennismutia/.virtualenvs/wefarm/lib/python3.8/site-packages/airflow/example_dags/example_latest_only_with_trigger.py
[2021-07-23 16:21:48,197] {scheduler_job.py:632} INFO - Processing file /home/dennismutia/.virtualenvs/wefarm/lib/python3.8/site-packages/airflow/example_dags/example_latest_only_with_trigger.py for tasks to queue
[2021-07-23 16:21:48,198] {logging_mixin.py:104} INFO - [2021-07-23 16:21:48,198] {dagbag.py:496} INFO - Filling up the DagBag from /home/dennismutia/.virtualenvs/wefarm/lib/python3.8/site-packages/airflow/example_dags/example_latest_only_with_trigger.py
[2021-07-23 16:21:48,212] {scheduler_job.py:642} INFO - DAG(s) dict_keys(['latest_only_with_trigger']) retrieved from /home/dennismutia/.virtualenvs/wefarm/lib/python3.8/site-packages/airflow/example_dags/example_latest_only_with_trigger.py
[2021-07-23 16:21:48,328] {logging_mixin.py:104} INFO - [2021-07-23 16:21:48,328] {dag.py:1833} INFO - Sync 1 DAGs
[2021-07-23 16:21:48,349] {logging_mixin.py:104} INFO - [2021-07-23 16:21:48,349] {dag.py:2306} INFO - Setting next_dagrun for latest_only_with_trigger to 2021-07-21 00:00:00+00:00
[2021-07-23 16:21:48,376] {scheduler_job.py:189} INFO - Processing /home/dennismutia/.virtualenvs/wefarm/lib/python3.8/site-packages/airflow/example_dags/example_latest_only_with_trigger.py took 0.183 seconds
