[2021-07-23 16:19:56,976] {scheduler_job.py:181} INFO - Started process (PID=815) to work on /home/dennismutia/.virtualenvs/wefarm/lib/python3.8/site-packages/airflow/example_dags/example_complex.py
[2021-07-23 16:19:56,976] {scheduler_job.py:632} INFO - Processing file /home/dennismutia/.virtualenvs/wefarm/lib/python3.8/site-packages/airflow/example_dags/example_complex.py for tasks to queue
[2021-07-23 16:19:56,977] {logging_mixin.py:104} INFO - [2021-07-23 16:19:56,977] {dagbag.py:496} INFO - Filling up the DagBag from /home/dennismutia/.virtualenvs/wefarm/lib/python3.8/site-packages/airflow/example_dags/example_complex.py
[2021-07-23 16:19:57,026] {scheduler_job.py:642} INFO - DAG(s) dict_keys(['example_complex']) retrieved from /home/dennismutia/.virtualenvs/wefarm/lib/python3.8/site-packages/airflow/example_dags/example_complex.py
[2021-07-23 16:19:57,185] {logging_mixin.py:104} INFO - [2021-07-23 16:19:57,184] {dag.py:1833} INFO - Sync 1 DAGs
[2021-07-23 16:19:57,193] {logging_mixin.py:104} INFO - [2021-07-23 16:19:57,193] {dag.py:2306} INFO - Setting next_dagrun for example_complex to None
[2021-07-23 16:19:57,210] {scheduler_job.py:189} INFO - Processing /home/dennismutia/.virtualenvs/wefarm/lib/python3.8/site-packages/airflow/example_dags/example_complex.py took 0.237 seconds
[2021-07-23 16:19:59,641] {scheduler_job.py:181} INFO - Started process (PID=877) to work on /home/dennismutia/.virtualenvs/wefarm/lib/python3.8/site-packages/airflow/example_dags/example_complex.py
[2021-07-23 16:19:59,642] {scheduler_job.py:632} INFO - Processing file /home/dennismutia/.virtualenvs/wefarm/lib/python3.8/site-packages/airflow/example_dags/example_complex.py for tasks to queue
[2021-07-23 16:19:59,643] {logging_mixin.py:104} INFO - [2021-07-23 16:19:59,643] {dagbag.py:496} INFO - Filling up the DagBag from /home/dennismutia/.virtualenvs/wefarm/lib/python3.8/site-packages/airflow/example_dags/example_complex.py
[2021-07-23 16:19:59,698] {scheduler_job.py:642} INFO - DAG(s) dict_keys(['example_complex']) retrieved from /home/dennismutia/.virtualenvs/wefarm/lib/python3.8/site-packages/airflow/example_dags/example_complex.py
[2021-07-23 16:19:59,711] {logging_mixin.py:104} INFO - [2021-07-23 16:19:59,711] {dag.py:1833} INFO - Sync 1 DAGs
[2021-07-23 16:19:59,725] {logging_mixin.py:104} INFO - [2021-07-23 16:19:59,725] {dag.py:2306} INFO - Setting next_dagrun for example_complex to None
[2021-07-23 16:19:59,744] {scheduler_job.py:189} INFO - Processing /home/dennismutia/.virtualenvs/wefarm/lib/python3.8/site-packages/airflow/example_dags/example_complex.py took 0.105 seconds
[2021-07-23 16:20:01,433] {scheduler_job.py:181} INFO - Started process (PID=937) to work on /home/dennismutia/.virtualenvs/wefarm/lib/python3.8/site-packages/airflow/example_dags/example_complex.py
[2021-07-23 16:20:01,435] {scheduler_job.py:632} INFO - Processing file /home/dennismutia/.virtualenvs/wefarm/lib/python3.8/site-packages/airflow/example_dags/example_complex.py for tasks to queue
[2021-07-23 16:20:01,436] {logging_mixin.py:104} INFO - [2021-07-23 16:20:01,436] {dagbag.py:496} INFO - Filling up the DagBag from /home/dennismutia/.virtualenvs/wefarm/lib/python3.8/site-packages/airflow/example_dags/example_complex.py
[2021-07-23 16:20:01,494] {scheduler_job.py:642} INFO - DAG(s) dict_keys(['example_complex']) retrieved from /home/dennismutia/.virtualenvs/wefarm/lib/python3.8/site-packages/airflow/example_dags/example_complex.py
[2021-07-23 16:20:01,514] {logging_mixin.py:104} INFO - [2021-07-23 16:20:01,514] {dag.py:1833} INFO - Sync 1 DAGs
[2021-07-23 16:20:01,538] {logging_mixin.py:104} INFO - [2021-07-23 16:20:01,538] {dag.py:2306} INFO - Setting next_dagrun for example_complex to None
[2021-07-23 16:20:01,551] {scheduler_job.py:189} INFO - Processing /home/dennismutia/.virtualenvs/wefarm/lib/python3.8/site-packages/airflow/example_dags/example_complex.py took 0.120 seconds
[2021-07-23 16:20:03,488] {scheduler_job.py:181} INFO - Started process (PID=1040) to work on /home/dennismutia/.virtualenvs/wefarm/lib/python3.8/site-packages/airflow/example_dags/example_complex.py
[2021-07-23 16:20:03,489] {scheduler_job.py:632} INFO - Processing file /home/dennismutia/.virtualenvs/wefarm/lib/python3.8/site-packages/airflow/example_dags/example_complex.py for tasks to queue
[2021-07-23 16:20:03,490] {logging_mixin.py:104} INFO - [2021-07-23 16:20:03,490] {dagbag.py:496} INFO - Filling up the DagBag from /home/dennismutia/.virtualenvs/wefarm/lib/python3.8/site-packages/airflow/example_dags/example_complex.py
[2021-07-23 16:20:03,546] {scheduler_job.py:642} INFO - DAG(s) dict_keys(['example_complex']) retrieved from /home/dennismutia/.virtualenvs/wefarm/lib/python3.8/site-packages/airflow/example_dags/example_complex.py
[2021-07-23 16:20:03,560] {logging_mixin.py:104} INFO - [2021-07-23 16:20:03,560] {dag.py:1833} INFO - Sync 1 DAGs
[2021-07-23 16:20:03,576] {logging_mixin.py:104} INFO - [2021-07-23 16:20:03,575] {dag.py:2306} INFO - Setting next_dagrun for example_complex to None
[2021-07-23 16:20:03,590] {scheduler_job.py:189} INFO - Processing /home/dennismutia/.virtualenvs/wefarm/lib/python3.8/site-packages/airflow/example_dags/example_complex.py took 0.105 seconds
[2021-07-23 16:20:05,422] {scheduler_job.py:181} INFO - Started process (PID=1108) to work on /home/dennismutia/.virtualenvs/wefarm/lib/python3.8/site-packages/airflow/example_dags/example_complex.py
[2021-07-23 16:20:05,423] {scheduler_job.py:632} INFO - Processing file /home/dennismutia/.virtualenvs/wefarm/lib/python3.8/site-packages/airflow/example_dags/example_complex.py for tasks to queue
[2021-07-23 16:20:05,423] {logging_mixin.py:104} INFO - [2021-07-23 16:20:05,423] {dagbag.py:496} INFO - Filling up the DagBag from /home/dennismutia/.virtualenvs/wefarm/lib/python3.8/site-packages/airflow/example_dags/example_complex.py
[2021-07-23 16:20:05,482] {scheduler_job.py:642} INFO - DAG(s) dict_keys(['example_complex']) retrieved from /home/dennismutia/.virtualenvs/wefarm/lib/python3.8/site-packages/airflow/example_dags/example_complex.py
[2021-07-23 16:20:05,499] {logging_mixin.py:104} INFO - [2021-07-23 16:20:05,498] {dag.py:1833} INFO - Sync 1 DAGs
[2021-07-23 16:20:05,511] {logging_mixin.py:104} INFO - [2021-07-23 16:20:05,511] {dag.py:2306} INFO - Setting next_dagrun for example_complex to None
[2021-07-23 16:20:05,521] {scheduler_job.py:189} INFO - Processing /home/dennismutia/.virtualenvs/wefarm/lib/python3.8/site-packages/airflow/example_dags/example_complex.py took 0.103 seconds
[2021-07-23 16:20:07,297] {scheduler_job.py:181} INFO - Started process (PID=1169) to work on /home/dennismutia/.virtualenvs/wefarm/lib/python3.8/site-packages/airflow/example_dags/example_complex.py
[2021-07-23 16:20:07,297] {scheduler_job.py:632} INFO - Processing file /home/dennismutia/.virtualenvs/wefarm/lib/python3.8/site-packages/airflow/example_dags/example_complex.py for tasks to queue
[2021-07-23 16:20:07,298] {logging_mixin.py:104} INFO - [2021-07-23 16:20:07,298] {dagbag.py:496} INFO - Filling up the DagBag from /home/dennismutia/.virtualenvs/wefarm/lib/python3.8/site-packages/airflow/example_dags/example_complex.py
[2021-07-23 16:20:07,357] {scheduler_job.py:642} INFO - DAG(s) dict_keys(['example_complex']) retrieved from /home/dennismutia/.virtualenvs/wefarm/lib/python3.8/site-packages/airflow/example_dags/example_complex.py
[2021-07-23 16:20:07,382] {logging_mixin.py:104} INFO - [2021-07-23 16:20:07,382] {dag.py:1833} INFO - Sync 1 DAGs
[2021-07-23 16:20:07,394] {logging_mixin.py:104} INFO - [2021-07-23 16:20:07,393] {dag.py:2306} INFO - Setting next_dagrun for example_complex to None
[2021-07-23 16:20:07,405] {scheduler_job.py:189} INFO - Processing /home/dennismutia/.virtualenvs/wefarm/lib/python3.8/site-packages/airflow/example_dags/example_complex.py took 0.112 seconds
[2021-07-23 16:20:09,361] {scheduler_job.py:181} INFO - Started process (PID=1249) to work on /home/dennismutia/.virtualenvs/wefarm/lib/python3.8/site-packages/airflow/example_dags/example_complex.py
[2021-07-23 16:20:09,363] {scheduler_job.py:632} INFO - Processing file /home/dennismutia/.virtualenvs/wefarm/lib/python3.8/site-packages/airflow/example_dags/example_complex.py for tasks to queue
[2021-07-23 16:20:09,365] {logging_mixin.py:104} INFO - [2021-07-23 16:20:09,365] {dagbag.py:496} INFO - Filling up the DagBag from /home/dennismutia/.virtualenvs/wefarm/lib/python3.8/site-packages/airflow/example_dags/example_complex.py
[2021-07-23 16:20:09,438] {scheduler_job.py:642} INFO - DAG(s) dict_keys(['example_complex']) retrieved from /home/dennismutia/.virtualenvs/wefarm/lib/python3.8/site-packages/airflow/example_dags/example_complex.py
[2021-07-23 16:20:09,462] {logging_mixin.py:104} INFO - [2021-07-23 16:20:09,462] {dag.py:1833} INFO - Sync 1 DAGs
[2021-07-23 16:20:09,480] {logging_mixin.py:104} INFO - [2021-07-23 16:20:09,480] {dag.py:2306} INFO - Setting next_dagrun for example_complex to None
[2021-07-23 16:20:09,499] {scheduler_job.py:189} INFO - Processing /home/dennismutia/.virtualenvs/wefarm/lib/python3.8/site-packages/airflow/example_dags/example_complex.py took 0.140 seconds
[2021-07-23 16:20:11,278] {scheduler_job.py:181} INFO - Started process (PID=1311) to work on /home/dennismutia/.virtualenvs/wefarm/lib/python3.8/site-packages/airflow/example_dags/example_complex.py
[2021-07-23 16:20:11,279] {scheduler_job.py:632} INFO - Processing file /home/dennismutia/.virtualenvs/wefarm/lib/python3.8/site-packages/airflow/example_dags/example_complex.py for tasks to queue
[2021-07-23 16:20:11,279] {logging_mixin.py:104} INFO - [2021-07-23 16:20:11,279] {dagbag.py:496} INFO - Filling up the DagBag from /home/dennismutia/.virtualenvs/wefarm/lib/python3.8/site-packages/airflow/example_dags/example_complex.py
[2021-07-23 16:20:11,347] {scheduler_job.py:642} INFO - DAG(s) dict_keys(['example_complex']) retrieved from /home/dennismutia/.virtualenvs/wefarm/lib/python3.8/site-packages/airflow/example_dags/example_complex.py
[2021-07-23 16:20:11,364] {logging_mixin.py:104} INFO - [2021-07-23 16:20:11,364] {dag.py:1833} INFO - Sync 1 DAGs
[2021-07-23 16:20:11,377] {logging_mixin.py:104} INFO - [2021-07-23 16:20:11,376] {dag.py:2306} INFO - Setting next_dagrun for example_complex to None
[2021-07-23 16:20:11,391] {scheduler_job.py:189} INFO - Processing /home/dennismutia/.virtualenvs/wefarm/lib/python3.8/site-packages/airflow/example_dags/example_complex.py took 0.115 seconds
[2021-07-23 16:20:13,305] {scheduler_job.py:181} INFO - Started process (PID=1373) to work on /home/dennismutia/.virtualenvs/wefarm/lib/python3.8/site-packages/airflow/example_dags/example_complex.py
[2021-07-23 16:20:13,306] {scheduler_job.py:632} INFO - Processing file /home/dennismutia/.virtualenvs/wefarm/lib/python3.8/site-packages/airflow/example_dags/example_complex.py for tasks to queue
[2021-07-23 16:20:13,307] {logging_mixin.py:104} INFO - [2021-07-23 16:20:13,307] {dagbag.py:496} INFO - Filling up the DagBag from /home/dennismutia/.virtualenvs/wefarm/lib/python3.8/site-packages/airflow/example_dags/example_complex.py
[2021-07-23 16:20:13,379] {scheduler_job.py:642} INFO - DAG(s) dict_keys(['example_complex']) retrieved from /home/dennismutia/.virtualenvs/wefarm/lib/python3.8/site-packages/airflow/example_dags/example_complex.py
[2021-07-23 16:20:13,400] {logging_mixin.py:104} INFO - [2021-07-23 16:20:13,400] {dag.py:1833} INFO - Sync 1 DAGs
[2021-07-23 16:20:13,420] {logging_mixin.py:104} INFO - [2021-07-23 16:20:13,420] {dag.py:2306} INFO - Setting next_dagrun for example_complex to None
[2021-07-23 16:20:13,445] {scheduler_job.py:189} INFO - Processing /home/dennismutia/.virtualenvs/wefarm/lib/python3.8/site-packages/airflow/example_dags/example_complex.py took 0.143 seconds
[2021-07-23 16:20:15,665] {scheduler_job.py:181} INFO - Started process (PID=1433) to work on /home/dennismutia/.virtualenvs/wefarm/lib/python3.8/site-packages/airflow/example_dags/example_complex.py
[2021-07-23 16:20:15,667] {scheduler_job.py:632} INFO - Processing file /home/dennismutia/.virtualenvs/wefarm/lib/python3.8/site-packages/airflow/example_dags/example_complex.py for tasks to queue
[2021-07-23 16:20:15,668] {logging_mixin.py:104} INFO - [2021-07-23 16:20:15,667] {dagbag.py:496} INFO - Filling up the DagBag from /home/dennismutia/.virtualenvs/wefarm/lib/python3.8/site-packages/airflow/example_dags/example_complex.py
[2021-07-23 16:20:15,741] {scheduler_job.py:642} INFO - DAG(s) dict_keys(['example_complex']) retrieved from /home/dennismutia/.virtualenvs/wefarm/lib/python3.8/site-packages/airflow/example_dags/example_complex.py
[2021-07-23 16:20:15,769] {logging_mixin.py:104} INFO - [2021-07-23 16:20:15,769] {dag.py:1833} INFO - Sync 1 DAGs
[2021-07-23 16:20:15,791] {logging_mixin.py:104} INFO - [2021-07-23 16:20:15,791] {dag.py:2306} INFO - Setting next_dagrun for example_complex to None
[2021-07-23 16:20:15,808] {scheduler_job.py:189} INFO - Processing /home/dennismutia/.virtualenvs/wefarm/lib/python3.8/site-packages/airflow/example_dags/example_complex.py took 0.146 seconds
[2021-07-23 16:20:18,086] {scheduler_job.py:181} INFO - Started process (PID=1493) to work on /home/dennismutia/.virtualenvs/wefarm/lib/python3.8/site-packages/airflow/example_dags/example_complex.py
[2021-07-23 16:20:18,089] {scheduler_job.py:632} INFO - Processing file /home/dennismutia/.virtualenvs/wefarm/lib/python3.8/site-packages/airflow/example_dags/example_complex.py for tasks to queue
[2021-07-23 16:20:18,091] {logging_mixin.py:104} INFO - [2021-07-23 16:20:18,091] {dagbag.py:496} INFO - Filling up the DagBag from /home/dennismutia/.virtualenvs/wefarm/lib/python3.8/site-packages/airflow/example_dags/example_complex.py
[2021-07-23 16:20:18,179] {scheduler_job.py:642} INFO - DAG(s) dict_keys(['example_complex']) retrieved from /home/dennismutia/.virtualenvs/wefarm/lib/python3.8/site-packages/airflow/example_dags/example_complex.py
[2021-07-23 16:20:18,199] {logging_mixin.py:104} INFO - [2021-07-23 16:20:18,199] {dag.py:1833} INFO - Sync 1 DAGs
[2021-07-23 16:20:18,212] {logging_mixin.py:104} INFO - [2021-07-23 16:20:18,212] {dag.py:2306} INFO - Setting next_dagrun for example_complex to None
[2021-07-23 16:20:18,228] {scheduler_job.py:189} INFO - Processing /home/dennismutia/.virtualenvs/wefarm/lib/python3.8/site-packages/airflow/example_dags/example_complex.py took 0.150 seconds
[2021-07-23 16:20:20,441] {scheduler_job.py:181} INFO - Started process (PID=1553) to work on /home/dennismutia/.virtualenvs/wefarm/lib/python3.8/site-packages/airflow/example_dags/example_complex.py
[2021-07-23 16:20:20,444] {scheduler_job.py:632} INFO - Processing file /home/dennismutia/.virtualenvs/wefarm/lib/python3.8/site-packages/airflow/example_dags/example_complex.py for tasks to queue
[2021-07-23 16:20:20,447] {logging_mixin.py:104} INFO - [2021-07-23 16:20:20,447] {dagbag.py:496} INFO - Filling up the DagBag from /home/dennismutia/.virtualenvs/wefarm/lib/python3.8/site-packages/airflow/example_dags/example_complex.py
[2021-07-23 16:20:20,544] {scheduler_job.py:642} INFO - DAG(s) dict_keys(['example_complex']) retrieved from /home/dennismutia/.virtualenvs/wefarm/lib/python3.8/site-packages/airflow/example_dags/example_complex.py
[2021-07-23 16:20:20,564] {logging_mixin.py:104} INFO - [2021-07-23 16:20:20,563] {dag.py:1833} INFO - Sync 1 DAGs
[2021-07-23 16:20:20,583] {logging_mixin.py:104} INFO - [2021-07-23 16:20:20,582] {dag.py:2306} INFO - Setting next_dagrun for example_complex to None
[2021-07-23 16:20:20,604] {scheduler_job.py:189} INFO - Processing /home/dennismutia/.virtualenvs/wefarm/lib/python3.8/site-packages/airflow/example_dags/example_complex.py took 0.166 seconds
[2021-07-23 16:20:23,005] {scheduler_job.py:181} INFO - Started process (PID=1615) to work on /home/dennismutia/.virtualenvs/wefarm/lib/python3.8/site-packages/airflow/example_dags/example_complex.py
[2021-07-23 16:20:23,010] {scheduler_job.py:632} INFO - Processing file /home/dennismutia/.virtualenvs/wefarm/lib/python3.8/site-packages/airflow/example_dags/example_complex.py for tasks to queue
[2021-07-23 16:20:23,014] {logging_mixin.py:104} INFO - [2021-07-23 16:20:23,014] {dagbag.py:496} INFO - Filling up the DagBag from /home/dennismutia/.virtualenvs/wefarm/lib/python3.8/site-packages/airflow/example_dags/example_complex.py
[2021-07-23 16:20:23,097] {scheduler_job.py:642} INFO - DAG(s) dict_keys(['example_complex']) retrieved from /home/dennismutia/.virtualenvs/wefarm/lib/python3.8/site-packages/airflow/example_dags/example_complex.py
[2021-07-23 16:20:23,123] {logging_mixin.py:104} INFO - [2021-07-23 16:20:23,123] {dag.py:1833} INFO - Sync 1 DAGs
[2021-07-23 16:20:23,136] {logging_mixin.py:104} INFO - [2021-07-23 16:20:23,136] {dag.py:2306} INFO - Setting next_dagrun for example_complex to None
[2021-07-23 16:20:23,155] {scheduler_job.py:189} INFO - Processing /home/dennismutia/.virtualenvs/wefarm/lib/python3.8/site-packages/airflow/example_dags/example_complex.py took 0.154 seconds
[2021-07-23 16:20:25,800] {scheduler_job.py:181} INFO - Started process (PID=1679) to work on /home/dennismutia/.virtualenvs/wefarm/lib/python3.8/site-packages/airflow/example_dags/example_complex.py
[2021-07-23 16:20:25,801] {scheduler_job.py:632} INFO - Processing file /home/dennismutia/.virtualenvs/wefarm/lib/python3.8/site-packages/airflow/example_dags/example_complex.py for tasks to queue
[2021-07-23 16:20:25,801] {logging_mixin.py:104} INFO - [2021-07-23 16:20:25,801] {dagbag.py:496} INFO - Filling up the DagBag from /home/dennismutia/.virtualenvs/wefarm/lib/python3.8/site-packages/airflow/example_dags/example_complex.py
[2021-07-23 16:20:25,898] {scheduler_job.py:642} INFO - DAG(s) dict_keys(['example_complex']) retrieved from /home/dennismutia/.virtualenvs/wefarm/lib/python3.8/site-packages/airflow/example_dags/example_complex.py
[2021-07-23 16:20:25,920] {logging_mixin.py:104} INFO - [2021-07-23 16:20:25,920] {dag.py:1833} INFO - Sync 1 DAGs
[2021-07-23 16:20:25,939] {logging_mixin.py:104} INFO - [2021-07-23 16:20:25,939] {dag.py:2306} INFO - Setting next_dagrun for example_complex to None
[2021-07-23 16:20:25,964] {scheduler_job.py:189} INFO - Processing /home/dennismutia/.virtualenvs/wefarm/lib/python3.8/site-packages/airflow/example_dags/example_complex.py took 0.168 seconds
[2021-07-23 16:20:29,459] {scheduler_job.py:181} INFO - Started process (PID=1741) to work on /home/dennismutia/.virtualenvs/wefarm/lib/python3.8/site-packages/airflow/example_dags/example_complex.py
[2021-07-23 16:20:29,463] {scheduler_job.py:632} INFO - Processing file /home/dennismutia/.virtualenvs/wefarm/lib/python3.8/site-packages/airflow/example_dags/example_complex.py for tasks to queue
[2021-07-23 16:20:29,466] {logging_mixin.py:104} INFO - [2021-07-23 16:20:29,466] {dagbag.py:496} INFO - Filling up the DagBag from /home/dennismutia/.virtualenvs/wefarm/lib/python3.8/site-packages/airflow/example_dags/example_complex.py
[2021-07-23 16:20:29,552] {scheduler_job.py:642} INFO - DAG(s) dict_keys(['example_complex']) retrieved from /home/dennismutia/.virtualenvs/wefarm/lib/python3.8/site-packages/airflow/example_dags/example_complex.py
[2021-07-23 16:20:29,588] {logging_mixin.py:104} INFO - [2021-07-23 16:20:29,588] {dag.py:1833} INFO - Sync 1 DAGs
[2021-07-23 16:20:29,605] {logging_mixin.py:104} INFO - [2021-07-23 16:20:29,605] {dag.py:2306} INFO - Setting next_dagrun for example_complex to None
[2021-07-23 16:20:29,624] {scheduler_job.py:189} INFO - Processing /home/dennismutia/.virtualenvs/wefarm/lib/python3.8/site-packages/airflow/example_dags/example_complex.py took 0.169 seconds
[2021-07-23 16:20:38,971] {scheduler_job.py:181} INFO - Started process (PID=1820) to work on /home/dennismutia/.virtualenvs/wefarm/lib/python3.8/site-packages/airflow/example_dags/example_complex.py
[2021-07-23 16:20:38,972] {scheduler_job.py:632} INFO - Processing file /home/dennismutia/.virtualenvs/wefarm/lib/python3.8/site-packages/airflow/example_dags/example_complex.py for tasks to queue
[2021-07-23 16:20:38,973] {logging_mixin.py:104} INFO - [2021-07-23 16:20:38,973] {dagbag.py:496} INFO - Filling up the DagBag from /home/dennismutia/.virtualenvs/wefarm/lib/python3.8/site-packages/airflow/example_dags/example_complex.py
[2021-07-23 16:20:39,235] {scheduler_job.py:642} INFO - DAG(s) dict_keys(['example_complex']) retrieved from /home/dennismutia/.virtualenvs/wefarm/lib/python3.8/site-packages/airflow/example_dags/example_complex.py
[2021-07-23 16:20:39,319] {logging_mixin.py:104} INFO - [2021-07-23 16:20:39,318] {dag.py:1833} INFO - Sync 1 DAGs
[2021-07-23 16:20:39,359] {logging_mixin.py:104} INFO - [2021-07-23 16:20:39,358] {dag.py:2306} INFO - Setting next_dagrun for example_complex to None
[2021-07-23 16:20:39,387] {scheduler_job.py:189} INFO - Processing /home/dennismutia/.virtualenvs/wefarm/lib/python3.8/site-packages/airflow/example_dags/example_complex.py took 0.429 seconds
[2021-07-23 16:20:45,307] {scheduler_job.py:181} INFO - Started process (PID=1881) to work on /home/dennismutia/.virtualenvs/wefarm/lib/python3.8/site-packages/airflow/example_dags/example_complex.py
[2021-07-23 16:20:45,313] {scheduler_job.py:632} INFO - Processing file /home/dennismutia/.virtualenvs/wefarm/lib/python3.8/site-packages/airflow/example_dags/example_complex.py for tasks to queue
[2021-07-23 16:20:45,314] {logging_mixin.py:104} INFO - [2021-07-23 16:20:45,314] {dagbag.py:496} INFO - Filling up the DagBag from /home/dennismutia/.virtualenvs/wefarm/lib/python3.8/site-packages/airflow/example_dags/example_complex.py
[2021-07-23 16:20:45,535] {scheduler_job.py:642} INFO - DAG(s) dict_keys(['example_complex']) retrieved from /home/dennismutia/.virtualenvs/wefarm/lib/python3.8/site-packages/airflow/example_dags/example_complex.py
[2021-07-23 16:20:45,807] {logging_mixin.py:104} INFO - [2021-07-23 16:20:45,807] {dag.py:1833} INFO - Sync 1 DAGs
[2021-07-23 16:20:45,909] {logging_mixin.py:104} INFO - [2021-07-23 16:20:45,908] {dag.py:2306} INFO - Setting next_dagrun for example_complex to None
[2021-07-23 16:20:46,019] {scheduler_job.py:189} INFO - Processing /home/dennismutia/.virtualenvs/wefarm/lib/python3.8/site-packages/airflow/example_dags/example_complex.py took 0.724 seconds
[2021-07-23 16:20:52,678] {scheduler_job.py:181} INFO - Started process (PID=1942) to work on /home/dennismutia/.virtualenvs/wefarm/lib/python3.8/site-packages/airflow/example_dags/example_complex.py
[2021-07-23 16:20:52,698] {scheduler_job.py:632} INFO - Processing file /home/dennismutia/.virtualenvs/wefarm/lib/python3.8/site-packages/airflow/example_dags/example_complex.py for tasks to queue
[2021-07-23 16:20:52,704] {logging_mixin.py:104} INFO - [2021-07-23 16:20:52,703] {dagbag.py:496} INFO - Filling up the DagBag from /home/dennismutia/.virtualenvs/wefarm/lib/python3.8/site-packages/airflow/example_dags/example_complex.py
[2021-07-23 16:20:52,918] {scheduler_job.py:642} INFO - DAG(s) dict_keys(['example_complex']) retrieved from /home/dennismutia/.virtualenvs/wefarm/lib/python3.8/site-packages/airflow/example_dags/example_complex.py
[2021-07-23 16:20:53,022] {logging_mixin.py:104} INFO - [2021-07-23 16:20:53,022] {dag.py:1833} INFO - Sync 1 DAGs
[2021-07-23 16:20:53,041] {logging_mixin.py:104} INFO - [2021-07-23 16:20:53,041] {dag.py:2306} INFO - Setting next_dagrun for example_complex to None
[2021-07-23 16:20:53,076] {scheduler_job.py:189} INFO - Processing /home/dennismutia/.virtualenvs/wefarm/lib/python3.8/site-packages/airflow/example_dags/example_complex.py took 0.404 seconds
[2021-07-23 16:20:57,222] {scheduler_job.py:181} INFO - Started process (PID=2002) to work on /home/dennismutia/.virtualenvs/wefarm/lib/python3.8/site-packages/airflow/example_dags/example_complex.py
[2021-07-23 16:20:57,225] {scheduler_job.py:632} INFO - Processing file /home/dennismutia/.virtualenvs/wefarm/lib/python3.8/site-packages/airflow/example_dags/example_complex.py for tasks to queue
[2021-07-23 16:20:57,227] {logging_mixin.py:104} INFO - [2021-07-23 16:20:57,227] {dagbag.py:496} INFO - Filling up the DagBag from /home/dennismutia/.virtualenvs/wefarm/lib/python3.8/site-packages/airflow/example_dags/example_complex.py
[2021-07-23 16:20:57,310] {scheduler_job.py:642} INFO - DAG(s) dict_keys(['example_complex']) retrieved from /home/dennismutia/.virtualenvs/wefarm/lib/python3.8/site-packages/airflow/example_dags/example_complex.py
[2021-07-23 16:20:57,366] {logging_mixin.py:104} INFO - [2021-07-23 16:20:57,366] {dag.py:1833} INFO - Sync 1 DAGs
[2021-07-23 16:20:57,397] {logging_mixin.py:104} INFO - [2021-07-23 16:20:57,397] {dag.py:2306} INFO - Setting next_dagrun for example_complex to None
[2021-07-23 16:20:57,418] {scheduler_job.py:189} INFO - Processing /home/dennismutia/.virtualenvs/wefarm/lib/python3.8/site-packages/airflow/example_dags/example_complex.py took 0.199 seconds
[2021-07-23 16:21:00,595] {scheduler_job.py:181} INFO - Started process (PID=2062) to work on /home/dennismutia/.virtualenvs/wefarm/lib/python3.8/site-packages/airflow/example_dags/example_complex.py
[2021-07-23 16:21:00,596] {scheduler_job.py:632} INFO - Processing file /home/dennismutia/.virtualenvs/wefarm/lib/python3.8/site-packages/airflow/example_dags/example_complex.py for tasks to queue
[2021-07-23 16:21:00,597] {logging_mixin.py:104} INFO - [2021-07-23 16:21:00,597] {dagbag.py:496} INFO - Filling up the DagBag from /home/dennismutia/.virtualenvs/wefarm/lib/python3.8/site-packages/airflow/example_dags/example_complex.py
[2021-07-23 16:21:00,801] {scheduler_job.py:642} INFO - DAG(s) dict_keys(['example_complex']) retrieved from /home/dennismutia/.virtualenvs/wefarm/lib/python3.8/site-packages/airflow/example_dags/example_complex.py
[2021-07-23 16:21:00,860] {logging_mixin.py:104} INFO - [2021-07-23 16:21:00,860] {dag.py:1833} INFO - Sync 1 DAGs
[2021-07-23 16:21:00,900] {logging_mixin.py:104} INFO - [2021-07-23 16:21:00,900] {dag.py:2306} INFO - Setting next_dagrun for example_complex to None
[2021-07-23 16:21:00,930] {scheduler_job.py:189} INFO - Processing /home/dennismutia/.virtualenvs/wefarm/lib/python3.8/site-packages/airflow/example_dags/example_complex.py took 0.338 seconds
[2021-07-23 16:21:04,590] {scheduler_job.py:181} INFO - Started process (PID=2122) to work on /home/dennismutia/.virtualenvs/wefarm/lib/python3.8/site-packages/airflow/example_dags/example_complex.py
[2021-07-23 16:21:04,591] {scheduler_job.py:632} INFO - Processing file /home/dennismutia/.virtualenvs/wefarm/lib/python3.8/site-packages/airflow/example_dags/example_complex.py for tasks to queue
[2021-07-23 16:21:04,591] {logging_mixin.py:104} INFO - [2021-07-23 16:21:04,591] {dagbag.py:496} INFO - Filling up the DagBag from /home/dennismutia/.virtualenvs/wefarm/lib/python3.8/site-packages/airflow/example_dags/example_complex.py
[2021-07-23 16:21:04,670] {scheduler_job.py:642} INFO - DAG(s) dict_keys(['example_complex']) retrieved from /home/dennismutia/.virtualenvs/wefarm/lib/python3.8/site-packages/airflow/example_dags/example_complex.py
[2021-07-23 16:21:04,704] {logging_mixin.py:104} INFO - [2021-07-23 16:21:04,704] {dag.py:1833} INFO - Sync 1 DAGs
[2021-07-23 16:21:04,719] {logging_mixin.py:104} INFO - [2021-07-23 16:21:04,719] {dag.py:2306} INFO - Setting next_dagrun for example_complex to None
[2021-07-23 16:21:04,752] {scheduler_job.py:189} INFO - Processing /home/dennismutia/.virtualenvs/wefarm/lib/python3.8/site-packages/airflow/example_dags/example_complex.py took 0.166 seconds
[2021-07-23 16:21:07,179] {scheduler_job.py:181} INFO - Started process (PID=2183) to work on /home/dennismutia/.virtualenvs/wefarm/lib/python3.8/site-packages/airflow/example_dags/example_complex.py
[2021-07-23 16:21:07,181] {scheduler_job.py:632} INFO - Processing file /home/dennismutia/.virtualenvs/wefarm/lib/python3.8/site-packages/airflow/example_dags/example_complex.py for tasks to queue
[2021-07-23 16:21:07,184] {logging_mixin.py:104} INFO - [2021-07-23 16:21:07,184] {dagbag.py:496} INFO - Filling up the DagBag from /home/dennismutia/.virtualenvs/wefarm/lib/python3.8/site-packages/airflow/example_dags/example_complex.py
[2021-07-23 16:21:07,285] {scheduler_job.py:642} INFO - DAG(s) dict_keys(['example_complex']) retrieved from /home/dennismutia/.virtualenvs/wefarm/lib/python3.8/site-packages/airflow/example_dags/example_complex.py
[2021-07-23 16:21:07,344] {logging_mixin.py:104} INFO - [2021-07-23 16:21:07,344] {dag.py:1833} INFO - Sync 1 DAGs
[2021-07-23 16:21:07,367] {logging_mixin.py:104} INFO - [2021-07-23 16:21:07,367] {dag.py:2306} INFO - Setting next_dagrun for example_complex to None
[2021-07-23 16:21:07,408] {scheduler_job.py:189} INFO - Processing /home/dennismutia/.virtualenvs/wefarm/lib/python3.8/site-packages/airflow/example_dags/example_complex.py took 0.233 seconds
[2021-07-23 16:21:10,223] {scheduler_job.py:181} INFO - Started process (PID=2286) to work on /home/dennismutia/.virtualenvs/wefarm/lib/python3.8/site-packages/airflow/example_dags/example_complex.py
[2021-07-23 16:21:10,225] {scheduler_job.py:632} INFO - Processing file /home/dennismutia/.virtualenvs/wefarm/lib/python3.8/site-packages/airflow/example_dags/example_complex.py for tasks to queue
[2021-07-23 16:21:10,226] {logging_mixin.py:104} INFO - [2021-07-23 16:21:10,225] {dagbag.py:496} INFO - Filling up the DagBag from /home/dennismutia/.virtualenvs/wefarm/lib/python3.8/site-packages/airflow/example_dags/example_complex.py
[2021-07-23 16:21:10,302] {scheduler_job.py:642} INFO - DAG(s) dict_keys(['example_complex']) retrieved from /home/dennismutia/.virtualenvs/wefarm/lib/python3.8/site-packages/airflow/example_dags/example_complex.py
[2021-07-23 16:21:10,336] {logging_mixin.py:104} INFO - [2021-07-23 16:21:10,336] {dag.py:1833} INFO - Sync 1 DAGs
[2021-07-23 16:21:10,357] {logging_mixin.py:104} INFO - [2021-07-23 16:21:10,357] {dag.py:2306} INFO - Setting next_dagrun for example_complex to None
[2021-07-23 16:21:10,373] {scheduler_job.py:189} INFO - Processing /home/dennismutia/.virtualenvs/wefarm/lib/python3.8/site-packages/airflow/example_dags/example_complex.py took 0.153 seconds
[2021-07-23 16:21:12,967] {scheduler_job.py:181} INFO - Started process (PID=2354) to work on /home/dennismutia/.virtualenvs/wefarm/lib/python3.8/site-packages/airflow/example_dags/example_complex.py
[2021-07-23 16:21:12,968] {scheduler_job.py:632} INFO - Processing file /home/dennismutia/.virtualenvs/wefarm/lib/python3.8/site-packages/airflow/example_dags/example_complex.py for tasks to queue
[2021-07-23 16:21:12,969] {logging_mixin.py:104} INFO - [2021-07-23 16:21:12,969] {dagbag.py:496} INFO - Filling up the DagBag from /home/dennismutia/.virtualenvs/wefarm/lib/python3.8/site-packages/airflow/example_dags/example_complex.py
[2021-07-23 16:21:13,046] {scheduler_job.py:642} INFO - DAG(s) dict_keys(['example_complex']) retrieved from /home/dennismutia/.virtualenvs/wefarm/lib/python3.8/site-packages/airflow/example_dags/example_complex.py
[2021-07-23 16:21:13,087] {logging_mixin.py:104} INFO - [2021-07-23 16:21:13,087] {dag.py:1833} INFO - Sync 1 DAGs
[2021-07-23 16:21:13,108] {logging_mixin.py:104} INFO - [2021-07-23 16:21:13,108] {dag.py:2306} INFO - Setting next_dagrun for example_complex to None
[2021-07-23 16:21:13,142] {scheduler_job.py:189} INFO - Processing /home/dennismutia/.virtualenvs/wefarm/lib/python3.8/site-packages/airflow/example_dags/example_complex.py took 0.178 seconds
[2021-07-23 16:21:15,539] {scheduler_job.py:181} INFO - Started process (PID=2415) to work on /home/dennismutia/.virtualenvs/wefarm/lib/python3.8/site-packages/airflow/example_dags/example_complex.py
[2021-07-23 16:21:15,540] {scheduler_job.py:632} INFO - Processing file /home/dennismutia/.virtualenvs/wefarm/lib/python3.8/site-packages/airflow/example_dags/example_complex.py for tasks to queue
[2021-07-23 16:21:15,541] {logging_mixin.py:104} INFO - [2021-07-23 16:21:15,541] {dagbag.py:496} INFO - Filling up the DagBag from /home/dennismutia/.virtualenvs/wefarm/lib/python3.8/site-packages/airflow/example_dags/example_complex.py
[2021-07-23 16:21:15,602] {scheduler_job.py:642} INFO - DAG(s) dict_keys(['example_complex']) retrieved from /home/dennismutia/.virtualenvs/wefarm/lib/python3.8/site-packages/airflow/example_dags/example_complex.py
[2021-07-23 16:21:15,629] {logging_mixin.py:104} INFO - [2021-07-23 16:21:15,629] {dag.py:1833} INFO - Sync 1 DAGs
[2021-07-23 16:21:15,641] {logging_mixin.py:104} INFO - [2021-07-23 16:21:15,641] {dag.py:2306} INFO - Setting next_dagrun for example_complex to None
[2021-07-23 16:21:15,653] {scheduler_job.py:189} INFO - Processing /home/dennismutia/.virtualenvs/wefarm/lib/python3.8/site-packages/airflow/example_dags/example_complex.py took 0.117 seconds
[2021-07-23 16:21:17,786] {scheduler_job.py:181} INFO - Started process (PID=2474) to work on /home/dennismutia/.virtualenvs/wefarm/lib/python3.8/site-packages/airflow/example_dags/example_complex.py
[2021-07-23 16:21:17,787] {scheduler_job.py:632} INFO - Processing file /home/dennismutia/.virtualenvs/wefarm/lib/python3.8/site-packages/airflow/example_dags/example_complex.py for tasks to queue
[2021-07-23 16:21:17,787] {logging_mixin.py:104} INFO - [2021-07-23 16:21:17,787] {dagbag.py:496} INFO - Filling up the DagBag from /home/dennismutia/.virtualenvs/wefarm/lib/python3.8/site-packages/airflow/example_dags/example_complex.py
[2021-07-23 16:21:17,885] {scheduler_job.py:642} INFO - DAG(s) dict_keys(['example_complex']) retrieved from /home/dennismutia/.virtualenvs/wefarm/lib/python3.8/site-packages/airflow/example_dags/example_complex.py
[2021-07-23 16:21:17,936] {logging_mixin.py:104} INFO - [2021-07-23 16:21:17,936] {dag.py:1833} INFO - Sync 1 DAGs
[2021-07-23 16:21:17,965] {logging_mixin.py:104} INFO - [2021-07-23 16:21:17,964] {dag.py:2306} INFO - Setting next_dagrun for example_complex to None
[2021-07-23 16:21:17,981] {scheduler_job.py:189} INFO - Processing /home/dennismutia/.virtualenvs/wefarm/lib/python3.8/site-packages/airflow/example_dags/example_complex.py took 0.199 seconds
[2021-07-23 16:21:20,144] {scheduler_job.py:181} INFO - Started process (PID=2535) to work on /home/dennismutia/.virtualenvs/wefarm/lib/python3.8/site-packages/airflow/example_dags/example_complex.py
[2021-07-23 16:21:20,145] {scheduler_job.py:632} INFO - Processing file /home/dennismutia/.virtualenvs/wefarm/lib/python3.8/site-packages/airflow/example_dags/example_complex.py for tasks to queue
[2021-07-23 16:21:20,146] {logging_mixin.py:104} INFO - [2021-07-23 16:21:20,146] {dagbag.py:496} INFO - Filling up the DagBag from /home/dennismutia/.virtualenvs/wefarm/lib/python3.8/site-packages/airflow/example_dags/example_complex.py
[2021-07-23 16:21:20,231] {scheduler_job.py:642} INFO - DAG(s) dict_keys(['example_complex']) retrieved from /home/dennismutia/.virtualenvs/wefarm/lib/python3.8/site-packages/airflow/example_dags/example_complex.py
[2021-07-23 16:21:20,261] {logging_mixin.py:104} INFO - [2021-07-23 16:21:20,261] {dag.py:1833} INFO - Sync 1 DAGs
[2021-07-23 16:21:20,277] {logging_mixin.py:104} INFO - [2021-07-23 16:21:20,277] {dag.py:2306} INFO - Setting next_dagrun for example_complex to None
[2021-07-23 16:21:20,289] {scheduler_job.py:189} INFO - Processing /home/dennismutia/.virtualenvs/wefarm/lib/python3.8/site-packages/airflow/example_dags/example_complex.py took 0.148 seconds
[2021-07-23 16:21:22,683] {scheduler_job.py:181} INFO - Started process (PID=2594) to work on /home/dennismutia/.virtualenvs/wefarm/lib/python3.8/site-packages/airflow/example_dags/example_complex.py
[2021-07-23 16:21:22,686] {scheduler_job.py:632} INFO - Processing file /home/dennismutia/.virtualenvs/wefarm/lib/python3.8/site-packages/airflow/example_dags/example_complex.py for tasks to queue
[2021-07-23 16:21:22,689] {logging_mixin.py:104} INFO - [2021-07-23 16:21:22,688] {dagbag.py:496} INFO - Filling up the DagBag from /home/dennismutia/.virtualenvs/wefarm/lib/python3.8/site-packages/airflow/example_dags/example_complex.py
[2021-07-23 16:21:22,772] {scheduler_job.py:642} INFO - DAG(s) dict_keys(['example_complex']) retrieved from /home/dennismutia/.virtualenvs/wefarm/lib/python3.8/site-packages/airflow/example_dags/example_complex.py
[2021-07-23 16:21:22,808] {logging_mixin.py:104} INFO - [2021-07-23 16:21:22,808] {dag.py:1833} INFO - Sync 1 DAGs
[2021-07-23 16:21:22,823] {logging_mixin.py:104} INFO - [2021-07-23 16:21:22,822] {dag.py:2306} INFO - Setting next_dagrun for example_complex to None
[2021-07-23 16:21:22,857] {scheduler_job.py:189} INFO - Processing /home/dennismutia/.virtualenvs/wefarm/lib/python3.8/site-packages/airflow/example_dags/example_complex.py took 0.178 seconds
[2021-07-23 16:21:25,161] {scheduler_job.py:181} INFO - Started process (PID=2655) to work on /home/dennismutia/.virtualenvs/wefarm/lib/python3.8/site-packages/airflow/example_dags/example_complex.py
[2021-07-23 16:21:25,165] {scheduler_job.py:632} INFO - Processing file /home/dennismutia/.virtualenvs/wefarm/lib/python3.8/site-packages/airflow/example_dags/example_complex.py for tasks to queue
[2021-07-23 16:21:25,166] {logging_mixin.py:104} INFO - [2021-07-23 16:21:25,166] {dagbag.py:496} INFO - Filling up the DagBag from /home/dennismutia/.virtualenvs/wefarm/lib/python3.8/site-packages/airflow/example_dags/example_complex.py
[2021-07-23 16:21:25,252] {scheduler_job.py:642} INFO - DAG(s) dict_keys(['example_complex']) retrieved from /home/dennismutia/.virtualenvs/wefarm/lib/python3.8/site-packages/airflow/example_dags/example_complex.py
[2021-07-23 16:21:25,281] {logging_mixin.py:104} INFO - [2021-07-23 16:21:25,281] {dag.py:1833} INFO - Sync 1 DAGs
[2021-07-23 16:21:25,295] {logging_mixin.py:104} INFO - [2021-07-23 16:21:25,295] {dag.py:2306} INFO - Setting next_dagrun for example_complex to None
[2021-07-23 16:21:25,307] {scheduler_job.py:189} INFO - Processing /home/dennismutia/.virtualenvs/wefarm/lib/python3.8/site-packages/airflow/example_dags/example_complex.py took 0.158 seconds
[2021-07-23 16:21:27,542] {scheduler_job.py:181} INFO - Started process (PID=2735) to work on /home/dennismutia/.virtualenvs/wefarm/lib/python3.8/site-packages/airflow/example_dags/example_complex.py
[2021-07-23 16:21:27,543] {scheduler_job.py:632} INFO - Processing file /home/dennismutia/.virtualenvs/wefarm/lib/python3.8/site-packages/airflow/example_dags/example_complex.py for tasks to queue
[2021-07-23 16:21:27,544] {logging_mixin.py:104} INFO - [2021-07-23 16:21:27,544] {dagbag.py:496} INFO - Filling up the DagBag from /home/dennismutia/.virtualenvs/wefarm/lib/python3.8/site-packages/airflow/example_dags/example_complex.py
[2021-07-23 16:21:27,623] {scheduler_job.py:642} INFO - DAG(s) dict_keys(['example_complex']) retrieved from /home/dennismutia/.virtualenvs/wefarm/lib/python3.8/site-packages/airflow/example_dags/example_complex.py
[2021-07-23 16:21:27,671] {logging_mixin.py:104} INFO - [2021-07-23 16:21:27,671] {dag.py:1833} INFO - Sync 1 DAGs
[2021-07-23 16:21:27,700] {logging_mixin.py:104} INFO - [2021-07-23 16:21:27,700] {dag.py:2306} INFO - Setting next_dagrun for example_complex to None
[2021-07-23 16:21:27,721] {scheduler_job.py:189} INFO - Processing /home/dennismutia/.virtualenvs/wefarm/lib/python3.8/site-packages/airflow/example_dags/example_complex.py took 0.182 seconds
[2021-07-23 16:21:30,233] {scheduler_job.py:181} INFO - Started process (PID=2795) to work on /home/dennismutia/.virtualenvs/wefarm/lib/python3.8/site-packages/airflow/example_dags/example_complex.py
[2021-07-23 16:21:30,234] {scheduler_job.py:632} INFO - Processing file /home/dennismutia/.virtualenvs/wefarm/lib/python3.8/site-packages/airflow/example_dags/example_complex.py for tasks to queue
[2021-07-23 16:21:30,235] {logging_mixin.py:104} INFO - [2021-07-23 16:21:30,234] {dagbag.py:496} INFO - Filling up the DagBag from /home/dennismutia/.virtualenvs/wefarm/lib/python3.8/site-packages/airflow/example_dags/example_complex.py
[2021-07-23 16:21:30,314] {scheduler_job.py:642} INFO - DAG(s) dict_keys(['example_complex']) retrieved from /home/dennismutia/.virtualenvs/wefarm/lib/python3.8/site-packages/airflow/example_dags/example_complex.py
[2021-07-23 16:21:30,359] {logging_mixin.py:104} INFO - [2021-07-23 16:21:30,358] {dag.py:1833} INFO - Sync 1 DAGs
[2021-07-23 16:21:30,376] {logging_mixin.py:104} INFO - [2021-07-23 16:21:30,375] {dag.py:2306} INFO - Setting next_dagrun for example_complex to None
[2021-07-23 16:21:30,391] {scheduler_job.py:189} INFO - Processing /home/dennismutia/.virtualenvs/wefarm/lib/python3.8/site-packages/airflow/example_dags/example_complex.py took 0.163 seconds
[2021-07-23 16:21:33,240] {scheduler_job.py:181} INFO - Started process (PID=2856) to work on /home/dennismutia/.virtualenvs/wefarm/lib/python3.8/site-packages/airflow/example_dags/example_complex.py
[2021-07-23 16:21:33,241] {scheduler_job.py:632} INFO - Processing file /home/dennismutia/.virtualenvs/wefarm/lib/python3.8/site-packages/airflow/example_dags/example_complex.py for tasks to queue
[2021-07-23 16:21:33,242] {logging_mixin.py:104} INFO - [2021-07-23 16:21:33,242] {dagbag.py:496} INFO - Filling up the DagBag from /home/dennismutia/.virtualenvs/wefarm/lib/python3.8/site-packages/airflow/example_dags/example_complex.py
[2021-07-23 16:21:33,330] {scheduler_job.py:642} INFO - DAG(s) dict_keys(['example_complex']) retrieved from /home/dennismutia/.virtualenvs/wefarm/lib/python3.8/site-packages/airflow/example_dags/example_complex.py
[2021-07-23 16:21:33,361] {logging_mixin.py:104} INFO - [2021-07-23 16:21:33,360] {dag.py:1833} INFO - Sync 1 DAGs
[2021-07-23 16:21:33,378] {logging_mixin.py:104} INFO - [2021-07-23 16:21:33,377] {dag.py:2306} INFO - Setting next_dagrun for example_complex to None
[2021-07-23 16:21:33,393] {scheduler_job.py:189} INFO - Processing /home/dennismutia/.virtualenvs/wefarm/lib/python3.8/site-packages/airflow/example_dags/example_complex.py took 0.157 seconds
[2021-07-23 16:21:36,534] {scheduler_job.py:181} INFO - Started process (PID=2915) to work on /home/dennismutia/.virtualenvs/wefarm/lib/python3.8/site-packages/airflow/example_dags/example_complex.py
[2021-07-23 16:21:36,538] {scheduler_job.py:632} INFO - Processing file /home/dennismutia/.virtualenvs/wefarm/lib/python3.8/site-packages/airflow/example_dags/example_complex.py for tasks to queue
[2021-07-23 16:21:36,540] {logging_mixin.py:104} INFO - [2021-07-23 16:21:36,540] {dagbag.py:496} INFO - Filling up the DagBag from /home/dennismutia/.virtualenvs/wefarm/lib/python3.8/site-packages/airflow/example_dags/example_complex.py
[2021-07-23 16:21:36,633] {scheduler_job.py:642} INFO - DAG(s) dict_keys(['example_complex']) retrieved from /home/dennismutia/.virtualenvs/wefarm/lib/python3.8/site-packages/airflow/example_dags/example_complex.py
[2021-07-23 16:21:36,682] {logging_mixin.py:104} INFO - [2021-07-23 16:21:36,682] {dag.py:1833} INFO - Sync 1 DAGs
[2021-07-23 16:21:36,702] {logging_mixin.py:104} INFO - [2021-07-23 16:21:36,702] {dag.py:2306} INFO - Setting next_dagrun for example_complex to None
[2021-07-23 16:21:36,715] {scheduler_job.py:189} INFO - Processing /home/dennismutia/.virtualenvs/wefarm/lib/python3.8/site-packages/airflow/example_dags/example_complex.py took 0.185 seconds
[2021-07-23 16:21:39,250] {scheduler_job.py:181} INFO - Started process (PID=2975) to work on /home/dennismutia/.virtualenvs/wefarm/lib/python3.8/site-packages/airflow/example_dags/example_complex.py
[2021-07-23 16:21:39,252] {scheduler_job.py:632} INFO - Processing file /home/dennismutia/.virtualenvs/wefarm/lib/python3.8/site-packages/airflow/example_dags/example_complex.py for tasks to queue
[2021-07-23 16:21:39,253] {logging_mixin.py:104} INFO - [2021-07-23 16:21:39,252] {dagbag.py:496} INFO - Filling up the DagBag from /home/dennismutia/.virtualenvs/wefarm/lib/python3.8/site-packages/airflow/example_dags/example_complex.py
[2021-07-23 16:21:39,337] {scheduler_job.py:642} INFO - DAG(s) dict_keys(['example_complex']) retrieved from /home/dennismutia/.virtualenvs/wefarm/lib/python3.8/site-packages/airflow/example_dags/example_complex.py
[2021-07-23 16:21:39,369] {logging_mixin.py:104} INFO - [2021-07-23 16:21:39,369] {dag.py:1833} INFO - Sync 1 DAGs
[2021-07-23 16:21:39,386] {logging_mixin.py:104} INFO - [2021-07-23 16:21:39,386] {dag.py:2306} INFO - Setting next_dagrun for example_complex to None
[2021-07-23 16:21:39,408] {scheduler_job.py:189} INFO - Processing /home/dennismutia/.virtualenvs/wefarm/lib/python3.8/site-packages/airflow/example_dags/example_complex.py took 0.160 seconds
[2021-07-23 16:21:42,374] {scheduler_job.py:181} INFO - Started process (PID=3035) to work on /home/dennismutia/.virtualenvs/wefarm/lib/python3.8/site-packages/airflow/example_dags/example_complex.py
[2021-07-23 16:21:42,378] {scheduler_job.py:632} INFO - Processing file /home/dennismutia/.virtualenvs/wefarm/lib/python3.8/site-packages/airflow/example_dags/example_complex.py for tasks to queue
[2021-07-23 16:21:42,380] {logging_mixin.py:104} INFO - [2021-07-23 16:21:42,379] {dagbag.py:496} INFO - Filling up the DagBag from /home/dennismutia/.virtualenvs/wefarm/lib/python3.8/site-packages/airflow/example_dags/example_complex.py
[2021-07-23 16:21:42,495] {scheduler_job.py:642} INFO - DAG(s) dict_keys(['example_complex']) retrieved from /home/dennismutia/.virtualenvs/wefarm/lib/python3.8/site-packages/airflow/example_dags/example_complex.py
[2021-07-23 16:21:42,558] {logging_mixin.py:104} INFO - [2021-07-23 16:21:42,558] {dag.py:1833} INFO - Sync 1 DAGs
[2021-07-23 16:21:42,589] {logging_mixin.py:104} INFO - [2021-07-23 16:21:42,589] {dag.py:2306} INFO - Setting next_dagrun for example_complex to None
[2021-07-23 16:21:42,610] {scheduler_job.py:189} INFO - Processing /home/dennismutia/.virtualenvs/wefarm/lib/python3.8/site-packages/airflow/example_dags/example_complex.py took 0.245 seconds
[2021-07-23 16:21:46,695] {scheduler_job.py:181} INFO - Started process (PID=3095) to work on /home/dennismutia/.virtualenvs/wefarm/lib/python3.8/site-packages/airflow/example_dags/example_complex.py
[2021-07-23 16:21:46,696] {scheduler_job.py:632} INFO - Processing file /home/dennismutia/.virtualenvs/wefarm/lib/python3.8/site-packages/airflow/example_dags/example_complex.py for tasks to queue
[2021-07-23 16:21:46,708] {logging_mixin.py:104} INFO - [2021-07-23 16:21:46,708] {dagbag.py:496} INFO - Filling up the DagBag from /home/dennismutia/.virtualenvs/wefarm/lib/python3.8/site-packages/airflow/example_dags/example_complex.py
[2021-07-23 16:21:46,845] {scheduler_job.py:642} INFO - DAG(s) dict_keys(['example_complex']) retrieved from /home/dennismutia/.virtualenvs/wefarm/lib/python3.8/site-packages/airflow/example_dags/example_complex.py
[2021-07-23 16:21:46,886] {logging_mixin.py:104} INFO - [2021-07-23 16:21:46,886] {dag.py:1833} INFO - Sync 1 DAGs
[2021-07-23 16:21:46,906] {logging_mixin.py:104} INFO - [2021-07-23 16:21:46,906] {dag.py:2306} INFO - Setting next_dagrun for example_complex to None
[2021-07-23 16:21:46,925] {scheduler_job.py:189} INFO - Processing /home/dennismutia/.virtualenvs/wefarm/lib/python3.8/site-packages/airflow/example_dags/example_complex.py took 0.232 seconds
[2021-07-23 16:21:50,107] {scheduler_job.py:181} INFO - Started process (PID=3157) to work on /home/dennismutia/.virtualenvs/wefarm/lib/python3.8/site-packages/airflow/example_dags/example_complex.py
[2021-07-23 16:21:50,108] {scheduler_job.py:632} INFO - Processing file /home/dennismutia/.virtualenvs/wefarm/lib/python3.8/site-packages/airflow/example_dags/example_complex.py for tasks to queue
[2021-07-23 16:21:50,109] {logging_mixin.py:104} INFO - [2021-07-23 16:21:50,109] {dagbag.py:496} INFO - Filling up the DagBag from /home/dennismutia/.virtualenvs/wefarm/lib/python3.8/site-packages/airflow/example_dags/example_complex.py
[2021-07-23 16:21:50,211] {scheduler_job.py:642} INFO - DAG(s) dict_keys(['example_complex']) retrieved from /home/dennismutia/.virtualenvs/wefarm/lib/python3.8/site-packages/airflow/example_dags/example_complex.py
[2021-07-23 16:21:50,268] {logging_mixin.py:104} INFO - [2021-07-23 16:21:50,268] {dag.py:1833} INFO - Sync 1 DAGs
[2021-07-23 16:21:50,283] {logging_mixin.py:104} INFO - [2021-07-23 16:21:50,283] {dag.py:2306} INFO - Setting next_dagrun for example_complex to None
[2021-07-23 16:21:50,302] {scheduler_job.py:189} INFO - Processing /home/dennismutia/.virtualenvs/wefarm/lib/python3.8/site-packages/airflow/example_dags/example_complex.py took 0.198 seconds
[2021-07-23 16:21:53,749] {scheduler_job.py:181} INFO - Started process (PID=3216) to work on /home/dennismutia/.virtualenvs/wefarm/lib/python3.8/site-packages/airflow/example_dags/example_complex.py
[2021-07-23 16:21:53,750] {scheduler_job.py:632} INFO - Processing file /home/dennismutia/.virtualenvs/wefarm/lib/python3.8/site-packages/airflow/example_dags/example_complex.py for tasks to queue
[2021-07-23 16:21:53,751] {logging_mixin.py:104} INFO - [2021-07-23 16:21:53,750] {dagbag.py:496} INFO - Filling up the DagBag from /home/dennismutia/.virtualenvs/wefarm/lib/python3.8/site-packages/airflow/example_dags/example_complex.py
[2021-07-23 16:21:53,854] {scheduler_job.py:642} INFO - DAG(s) dict_keys(['example_complex']) retrieved from /home/dennismutia/.virtualenvs/wefarm/lib/python3.8/site-packages/airflow/example_dags/example_complex.py
[2021-07-23 16:21:53,897] {logging_mixin.py:104} INFO - [2021-07-23 16:21:53,897] {dag.py:1833} INFO - Sync 1 DAGs
[2021-07-23 16:21:53,918] {logging_mixin.py:104} INFO - [2021-07-23 16:21:53,918] {dag.py:2306} INFO - Setting next_dagrun for example_complex to None
[2021-07-23 16:21:53,939] {scheduler_job.py:189} INFO - Processing /home/dennismutia/.virtualenvs/wefarm/lib/python3.8/site-packages/airflow/example_dags/example_complex.py took 0.194 seconds
