[2021-07-23 16:19:55,945] {scheduler_job.py:181} INFO - Started process (PID=799) to work on /home/dennismutia/.virtualenvs/wefarm/lib/python3.8/site-packages/airflow/example_dags/example_subdag_operator.py
[2021-07-23 16:19:55,946] {scheduler_job.py:632} INFO - Processing file /home/dennismutia/.virtualenvs/wefarm/lib/python3.8/site-packages/airflow/example_dags/example_subdag_operator.py for tasks to queue
[2021-07-23 16:19:55,947] {logging_mixin.py:104} INFO - [2021-07-23 16:19:55,947] {dagbag.py:496} INFO - Filling up the DagBag from /home/dennismutia/.virtualenvs/wefarm/lib/python3.8/site-packages/airflow/example_dags/example_subdag_operator.py
[2021-07-23 16:19:55,981] {scheduler_job.py:642} INFO - DAG(s) dict_keys(['example_subdag_operator.section-1', 'example_subdag_operator.section-2', 'example_subdag_operator']) retrieved from /home/dennismutia/.virtualenvs/wefarm/lib/python3.8/site-packages/airflow/example_dags/example_subdag_operator.py
[2021-07-23 16:19:56,215] {logging_mixin.py:104} INFO - [2021-07-23 16:19:56,215] {dag.py:1833} INFO - Sync 3 DAGs
[2021-07-23 16:19:56,227] {logging_mixin.py:104} INFO - [2021-07-23 16:19:56,227] {dag.py:2306} INFO - Setting next_dagrun for example_subdag_operator to 2021-07-21 00:00:00+00:00
[2021-07-23 16:19:56,229] {logging_mixin.py:104} INFO - [2021-07-23 16:19:56,229] {dag.py:2306} INFO - Setting next_dagrun for example_subdag_operator.section-1 to None
[2021-07-23 16:19:56,231] {logging_mixin.py:104} INFO - [2021-07-23 16:19:56,231] {dag.py:2306} INFO - Setting next_dagrun for example_subdag_operator.section-2 to None
[2021-07-23 16:19:56,255] {logging_mixin.py:104} INFO - [2021-07-23 16:19:56,255] {dag.py:1833} INFO - Sync 2 DAGs
[2021-07-23 16:19:56,264] {logging_mixin.py:104} INFO - [2021-07-23 16:19:56,264] {dag.py:2306} INFO - Setting next_dagrun for example_subdag_operator.section-1 to None
[2021-07-23 16:19:56,264] {logging_mixin.py:104} INFO - [2021-07-23 16:19:56,264] {dag.py:2306} INFO - Setting next_dagrun for example_subdag_operator.section-2 to None
[2021-07-23 16:19:56,279] {scheduler_job.py:189} INFO - Processing /home/dennismutia/.virtualenvs/wefarm/lib/python3.8/site-packages/airflow/example_dags/example_subdag_operator.py took 0.336 seconds
[2021-07-23 16:19:59,207] {scheduler_job.py:181} INFO - Started process (PID=862) to work on /home/dennismutia/.virtualenvs/wefarm/lib/python3.8/site-packages/airflow/example_dags/example_subdag_operator.py
[2021-07-23 16:19:59,207] {scheduler_job.py:632} INFO - Processing file /home/dennismutia/.virtualenvs/wefarm/lib/python3.8/site-packages/airflow/example_dags/example_subdag_operator.py for tasks to queue
[2021-07-23 16:19:59,208] {logging_mixin.py:104} INFO - [2021-07-23 16:19:59,208] {dagbag.py:496} INFO - Filling up the DagBag from /home/dennismutia/.virtualenvs/wefarm/lib/python3.8/site-packages/airflow/example_dags/example_subdag_operator.py
[2021-07-23 16:19:59,234] {scheduler_job.py:642} INFO - DAG(s) dict_keys(['example_subdag_operator.section-1', 'example_subdag_operator.section-2', 'example_subdag_operator']) retrieved from /home/dennismutia/.virtualenvs/wefarm/lib/python3.8/site-packages/airflow/example_dags/example_subdag_operator.py
[2021-07-23 16:19:59,284] {logging_mixin.py:104} INFO - [2021-07-23 16:19:59,284] {dag.py:1833} INFO - Sync 3 DAGs
[2021-07-23 16:19:59,294] {logging_mixin.py:104} INFO - [2021-07-23 16:19:59,294] {dag.py:2306} INFO - Setting next_dagrun for example_subdag_operator to 2021-07-21 00:00:00+00:00
[2021-07-23 16:19:59,295] {logging_mixin.py:104} INFO - [2021-07-23 16:19:59,295] {dag.py:2306} INFO - Setting next_dagrun for example_subdag_operator.section-1 to None
[2021-07-23 16:19:59,295] {logging_mixin.py:104} INFO - [2021-07-23 16:19:59,295] {dag.py:2306} INFO - Setting next_dagrun for example_subdag_operator.section-2 to None
[2021-07-23 16:19:59,303] {logging_mixin.py:104} INFO - [2021-07-23 16:19:59,303] {dag.py:1833} INFO - Sync 2 DAGs
[2021-07-23 16:19:59,310] {logging_mixin.py:104} INFO - [2021-07-23 16:19:59,310] {dag.py:2306} INFO - Setting next_dagrun for example_subdag_operator.section-1 to None
[2021-07-23 16:19:59,311] {logging_mixin.py:104} INFO - [2021-07-23 16:19:59,311] {dag.py:2306} INFO - Setting next_dagrun for example_subdag_operator.section-2 to None
[2021-07-23 16:19:59,325] {scheduler_job.py:189} INFO - Processing /home/dennismutia/.virtualenvs/wefarm/lib/python3.8/site-packages/airflow/example_dags/example_subdag_operator.py took 0.121 seconds
[2021-07-23 16:20:01,005] {scheduler_job.py:181} INFO - Started process (PID=922) to work on /home/dennismutia/.virtualenvs/wefarm/lib/python3.8/site-packages/airflow/example_dags/example_subdag_operator.py
[2021-07-23 16:20:01,005] {scheduler_job.py:632} INFO - Processing file /home/dennismutia/.virtualenvs/wefarm/lib/python3.8/site-packages/airflow/example_dags/example_subdag_operator.py for tasks to queue
[2021-07-23 16:20:01,006] {logging_mixin.py:104} INFO - [2021-07-23 16:20:01,006] {dagbag.py:496} INFO - Filling up the DagBag from /home/dennismutia/.virtualenvs/wefarm/lib/python3.8/site-packages/airflow/example_dags/example_subdag_operator.py
[2021-07-23 16:20:01,036] {scheduler_job.py:642} INFO - DAG(s) dict_keys(['example_subdag_operator.section-1', 'example_subdag_operator.section-2', 'example_subdag_operator']) retrieved from /home/dennismutia/.virtualenvs/wefarm/lib/python3.8/site-packages/airflow/example_dags/example_subdag_operator.py
[2021-07-23 16:20:01,088] {logging_mixin.py:104} INFO - [2021-07-23 16:20:01,088] {dag.py:1833} INFO - Sync 3 DAGs
[2021-07-23 16:20:01,101] {logging_mixin.py:104} INFO - [2021-07-23 16:20:01,101] {dag.py:2306} INFO - Setting next_dagrun for example_subdag_operator to 2021-07-21 00:00:00+00:00
[2021-07-23 16:20:01,102] {logging_mixin.py:104} INFO - [2021-07-23 16:20:01,102] {dag.py:2306} INFO - Setting next_dagrun for example_subdag_operator.section-1 to None
[2021-07-23 16:20:01,102] {logging_mixin.py:104} INFO - [2021-07-23 16:20:01,102] {dag.py:2306} INFO - Setting next_dagrun for example_subdag_operator.section-2 to None
[2021-07-23 16:20:01,114] {logging_mixin.py:104} INFO - [2021-07-23 16:20:01,114] {dag.py:1833} INFO - Sync 2 DAGs
[2021-07-23 16:20:01,122] {logging_mixin.py:104} INFO - [2021-07-23 16:20:01,122] {dag.py:2306} INFO - Setting next_dagrun for example_subdag_operator.section-1 to None
[2021-07-23 16:20:01,122] {logging_mixin.py:104} INFO - [2021-07-23 16:20:01,122] {dag.py:2306} INFO - Setting next_dagrun for example_subdag_operator.section-2 to None
[2021-07-23 16:20:01,131] {scheduler_job.py:189} INFO - Processing /home/dennismutia/.virtualenvs/wefarm/lib/python3.8/site-packages/airflow/example_dags/example_subdag_operator.py took 0.129 seconds
[2021-07-23 16:20:03,032] {scheduler_job.py:181} INFO - Started process (PID=1025) to work on /home/dennismutia/.virtualenvs/wefarm/lib/python3.8/site-packages/airflow/example_dags/example_subdag_operator.py
[2021-07-23 16:20:03,033] {scheduler_job.py:632} INFO - Processing file /home/dennismutia/.virtualenvs/wefarm/lib/python3.8/site-packages/airflow/example_dags/example_subdag_operator.py for tasks to queue
[2021-07-23 16:20:03,034] {logging_mixin.py:104} INFO - [2021-07-23 16:20:03,034] {dagbag.py:496} INFO - Filling up the DagBag from /home/dennismutia/.virtualenvs/wefarm/lib/python3.8/site-packages/airflow/example_dags/example_subdag_operator.py
[2021-07-23 16:20:03,061] {scheduler_job.py:642} INFO - DAG(s) dict_keys(['example_subdag_operator.section-1', 'example_subdag_operator.section-2', 'example_subdag_operator']) retrieved from /home/dennismutia/.virtualenvs/wefarm/lib/python3.8/site-packages/airflow/example_dags/example_subdag_operator.py
[2021-07-23 16:20:03,110] {logging_mixin.py:104} INFO - [2021-07-23 16:20:03,110] {dag.py:1833} INFO - Sync 3 DAGs
[2021-07-23 16:20:03,123] {logging_mixin.py:104} INFO - [2021-07-23 16:20:03,123] {dag.py:2306} INFO - Setting next_dagrun for example_subdag_operator to 2021-07-21 00:00:00+00:00
[2021-07-23 16:20:03,124] {logging_mixin.py:104} INFO - [2021-07-23 16:20:03,124] {dag.py:2306} INFO - Setting next_dagrun for example_subdag_operator.section-1 to None
[2021-07-23 16:20:03,124] {logging_mixin.py:104} INFO - [2021-07-23 16:20:03,124] {dag.py:2306} INFO - Setting next_dagrun for example_subdag_operator.section-2 to None
[2021-07-23 16:20:03,138] {logging_mixin.py:104} INFO - [2021-07-23 16:20:03,138] {dag.py:1833} INFO - Sync 2 DAGs
[2021-07-23 16:20:03,152] {logging_mixin.py:104} INFO - [2021-07-23 16:20:03,152] {dag.py:2306} INFO - Setting next_dagrun for example_subdag_operator.section-1 to None
[2021-07-23 16:20:03,153] {logging_mixin.py:104} INFO - [2021-07-23 16:20:03,153] {dag.py:2306} INFO - Setting next_dagrun for example_subdag_operator.section-2 to None
[2021-07-23 16:20:03,165] {scheduler_job.py:189} INFO - Processing /home/dennismutia/.virtualenvs/wefarm/lib/python3.8/site-packages/airflow/example_dags/example_subdag_operator.py took 0.136 seconds
[2021-07-23 16:20:04,997] {scheduler_job.py:181} INFO - Started process (PID=1093) to work on /home/dennismutia/.virtualenvs/wefarm/lib/python3.8/site-packages/airflow/example_dags/example_subdag_operator.py
[2021-07-23 16:20:04,999] {scheduler_job.py:632} INFO - Processing file /home/dennismutia/.virtualenvs/wefarm/lib/python3.8/site-packages/airflow/example_dags/example_subdag_operator.py for tasks to queue
[2021-07-23 16:20:05,000] {logging_mixin.py:104} INFO - [2021-07-23 16:20:05,000] {dagbag.py:496} INFO - Filling up the DagBag from /home/dennismutia/.virtualenvs/wefarm/lib/python3.8/site-packages/airflow/example_dags/example_subdag_operator.py
[2021-07-23 16:20:05,037] {scheduler_job.py:642} INFO - DAG(s) dict_keys(['example_subdag_operator.section-1', 'example_subdag_operator.section-2', 'example_subdag_operator']) retrieved from /home/dennismutia/.virtualenvs/wefarm/lib/python3.8/site-packages/airflow/example_dags/example_subdag_operator.py
[2021-07-23 16:20:05,080] {logging_mixin.py:104} INFO - [2021-07-23 16:20:05,080] {dag.py:1833} INFO - Sync 3 DAGs
[2021-07-23 16:20:05,091] {logging_mixin.py:104} INFO - [2021-07-23 16:20:05,091] {dag.py:2306} INFO - Setting next_dagrun for example_subdag_operator to 2021-07-21 00:00:00+00:00
[2021-07-23 16:20:05,092] {logging_mixin.py:104} INFO - [2021-07-23 16:20:05,092] {dag.py:2306} INFO - Setting next_dagrun for example_subdag_operator.section-1 to None
[2021-07-23 16:20:05,092] {logging_mixin.py:104} INFO - [2021-07-23 16:20:05,092] {dag.py:2306} INFO - Setting next_dagrun for example_subdag_operator.section-2 to None
[2021-07-23 16:20:05,099] {logging_mixin.py:104} INFO - [2021-07-23 16:20:05,099] {dag.py:1833} INFO - Sync 2 DAGs
[2021-07-23 16:20:05,107] {logging_mixin.py:104} INFO - [2021-07-23 16:20:05,107] {dag.py:2306} INFO - Setting next_dagrun for example_subdag_operator.section-1 to None
[2021-07-23 16:20:05,109] {logging_mixin.py:104} INFO - [2021-07-23 16:20:05,109] {dag.py:2306} INFO - Setting next_dagrun for example_subdag_operator.section-2 to None
[2021-07-23 16:20:05,116] {scheduler_job.py:189} INFO - Processing /home/dennismutia/.virtualenvs/wefarm/lib/python3.8/site-packages/airflow/example_dags/example_subdag_operator.py took 0.121 seconds
[2021-07-23 16:20:06,758] {scheduler_job.py:181} INFO - Started process (PID=1153) to work on /home/dennismutia/.virtualenvs/wefarm/lib/python3.8/site-packages/airflow/example_dags/example_subdag_operator.py
[2021-07-23 16:20:06,759] {scheduler_job.py:632} INFO - Processing file /home/dennismutia/.virtualenvs/wefarm/lib/python3.8/site-packages/airflow/example_dags/example_subdag_operator.py for tasks to queue
[2021-07-23 16:20:06,760] {logging_mixin.py:104} INFO - [2021-07-23 16:20:06,759] {dagbag.py:496} INFO - Filling up the DagBag from /home/dennismutia/.virtualenvs/wefarm/lib/python3.8/site-packages/airflow/example_dags/example_subdag_operator.py
[2021-07-23 16:20:06,799] {scheduler_job.py:642} INFO - DAG(s) dict_keys(['example_subdag_operator.section-1', 'example_subdag_operator.section-2', 'example_subdag_operator']) retrieved from /home/dennismutia/.virtualenvs/wefarm/lib/python3.8/site-packages/airflow/example_dags/example_subdag_operator.py
[2021-07-23 16:20:06,851] {logging_mixin.py:104} INFO - [2021-07-23 16:20:06,851] {dag.py:1833} INFO - Sync 3 DAGs
[2021-07-23 16:20:06,863] {logging_mixin.py:104} INFO - [2021-07-23 16:20:06,863] {dag.py:2306} INFO - Setting next_dagrun for example_subdag_operator to 2021-07-21 00:00:00+00:00
[2021-07-23 16:20:06,864] {logging_mixin.py:104} INFO - [2021-07-23 16:20:06,864] {dag.py:2306} INFO - Setting next_dagrun for example_subdag_operator.section-1 to None
[2021-07-23 16:20:06,864] {logging_mixin.py:104} INFO - [2021-07-23 16:20:06,864] {dag.py:2306} INFO - Setting next_dagrun for example_subdag_operator.section-2 to None
[2021-07-23 16:20:06,873] {logging_mixin.py:104} INFO - [2021-07-23 16:20:06,873] {dag.py:1833} INFO - Sync 2 DAGs
[2021-07-23 16:20:06,882] {logging_mixin.py:104} INFO - [2021-07-23 16:20:06,882] {dag.py:2306} INFO - Setting next_dagrun for example_subdag_operator.section-1 to None
[2021-07-23 16:20:06,882] {logging_mixin.py:104} INFO - [2021-07-23 16:20:06,882] {dag.py:2306} INFO - Setting next_dagrun for example_subdag_operator.section-2 to None
[2021-07-23 16:20:06,891] {scheduler_job.py:189} INFO - Processing /home/dennismutia/.virtualenvs/wefarm/lib/python3.8/site-packages/airflow/example_dags/example_subdag_operator.py took 0.138 seconds
[2021-07-23 16:20:08,864] {scheduler_job.py:181} INFO - Started process (PID=1234) to work on /home/dennismutia/.virtualenvs/wefarm/lib/python3.8/site-packages/airflow/example_dags/example_subdag_operator.py
[2021-07-23 16:20:08,865] {scheduler_job.py:632} INFO - Processing file /home/dennismutia/.virtualenvs/wefarm/lib/python3.8/site-packages/airflow/example_dags/example_subdag_operator.py for tasks to queue
[2021-07-23 16:20:08,865] {logging_mixin.py:104} INFO - [2021-07-23 16:20:08,865] {dagbag.py:496} INFO - Filling up the DagBag from /home/dennismutia/.virtualenvs/wefarm/lib/python3.8/site-packages/airflow/example_dags/example_subdag_operator.py
[2021-07-23 16:20:08,897] {scheduler_job.py:642} INFO - DAG(s) dict_keys(['example_subdag_operator.section-1', 'example_subdag_operator.section-2', 'example_subdag_operator']) retrieved from /home/dennismutia/.virtualenvs/wefarm/lib/python3.8/site-packages/airflow/example_dags/example_subdag_operator.py
[2021-07-23 16:20:08,944] {logging_mixin.py:104} INFO - [2021-07-23 16:20:08,944] {dag.py:1833} INFO - Sync 3 DAGs
[2021-07-23 16:20:08,956] {logging_mixin.py:104} INFO - [2021-07-23 16:20:08,956] {dag.py:2306} INFO - Setting next_dagrun for example_subdag_operator to 2021-07-21 00:00:00+00:00
[2021-07-23 16:20:08,957] {logging_mixin.py:104} INFO - [2021-07-23 16:20:08,957] {dag.py:2306} INFO - Setting next_dagrun for example_subdag_operator.section-1 to None
[2021-07-23 16:20:08,957] {logging_mixin.py:104} INFO - [2021-07-23 16:20:08,957] {dag.py:2306} INFO - Setting next_dagrun for example_subdag_operator.section-2 to None
[2021-07-23 16:20:08,966] {logging_mixin.py:104} INFO - [2021-07-23 16:20:08,966] {dag.py:1833} INFO - Sync 2 DAGs
[2021-07-23 16:20:08,974] {logging_mixin.py:104} INFO - [2021-07-23 16:20:08,974] {dag.py:2306} INFO - Setting next_dagrun for example_subdag_operator.section-1 to None
[2021-07-23 16:20:08,974] {logging_mixin.py:104} INFO - [2021-07-23 16:20:08,974] {dag.py:2306} INFO - Setting next_dagrun for example_subdag_operator.section-2 to None
[2021-07-23 16:20:08,981] {scheduler_job.py:189} INFO - Processing /home/dennismutia/.virtualenvs/wefarm/lib/python3.8/site-packages/airflow/example_dags/example_subdag_operator.py took 0.120 seconds
[2021-07-23 16:20:10,775] {scheduler_job.py:181} INFO - Started process (PID=1295) to work on /home/dennismutia/.virtualenvs/wefarm/lib/python3.8/site-packages/airflow/example_dags/example_subdag_operator.py
[2021-07-23 16:20:10,776] {scheduler_job.py:632} INFO - Processing file /home/dennismutia/.virtualenvs/wefarm/lib/python3.8/site-packages/airflow/example_dags/example_subdag_operator.py for tasks to queue
[2021-07-23 16:20:10,776] {logging_mixin.py:104} INFO - [2021-07-23 16:20:10,776] {dagbag.py:496} INFO - Filling up the DagBag from /home/dennismutia/.virtualenvs/wefarm/lib/python3.8/site-packages/airflow/example_dags/example_subdag_operator.py
[2021-07-23 16:20:10,819] {scheduler_job.py:642} INFO - DAG(s) dict_keys(['example_subdag_operator.section-1', 'example_subdag_operator.section-2', 'example_subdag_operator']) retrieved from /home/dennismutia/.virtualenvs/wefarm/lib/python3.8/site-packages/airflow/example_dags/example_subdag_operator.py
[2021-07-23 16:20:10,871] {logging_mixin.py:104} INFO - [2021-07-23 16:20:10,871] {dag.py:1833} INFO - Sync 3 DAGs
[2021-07-23 16:20:10,886] {logging_mixin.py:104} INFO - [2021-07-23 16:20:10,886] {dag.py:2306} INFO - Setting next_dagrun for example_subdag_operator to 2021-07-21 00:00:00+00:00
[2021-07-23 16:20:10,887] {logging_mixin.py:104} INFO - [2021-07-23 16:20:10,887] {dag.py:2306} INFO - Setting next_dagrun for example_subdag_operator.section-1 to None
[2021-07-23 16:20:10,887] {logging_mixin.py:104} INFO - [2021-07-23 16:20:10,887] {dag.py:2306} INFO - Setting next_dagrun for example_subdag_operator.section-2 to None
[2021-07-23 16:20:10,896] {logging_mixin.py:104} INFO - [2021-07-23 16:20:10,896] {dag.py:1833} INFO - Sync 2 DAGs
[2021-07-23 16:20:10,905] {logging_mixin.py:104} INFO - [2021-07-23 16:20:10,905] {dag.py:2306} INFO - Setting next_dagrun for example_subdag_operator.section-1 to None
[2021-07-23 16:20:10,907] {logging_mixin.py:104} INFO - [2021-07-23 16:20:10,906] {dag.py:2306} INFO - Setting next_dagrun for example_subdag_operator.section-2 to None
[2021-07-23 16:20:10,916] {scheduler_job.py:189} INFO - Processing /home/dennismutia/.virtualenvs/wefarm/lib/python3.8/site-packages/airflow/example_dags/example_subdag_operator.py took 0.145 seconds
[2021-07-23 16:20:12,746] {scheduler_job.py:181} INFO - Started process (PID=1358) to work on /home/dennismutia/.virtualenvs/wefarm/lib/python3.8/site-packages/airflow/example_dags/example_subdag_operator.py
[2021-07-23 16:20:12,747] {scheduler_job.py:632} INFO - Processing file /home/dennismutia/.virtualenvs/wefarm/lib/python3.8/site-packages/airflow/example_dags/example_subdag_operator.py for tasks to queue
[2021-07-23 16:20:12,748] {logging_mixin.py:104} INFO - [2021-07-23 16:20:12,748] {dagbag.py:496} INFO - Filling up the DagBag from /home/dennismutia/.virtualenvs/wefarm/lib/python3.8/site-packages/airflow/example_dags/example_subdag_operator.py
[2021-07-23 16:20:12,783] {scheduler_job.py:642} INFO - DAG(s) dict_keys(['example_subdag_operator.section-1', 'example_subdag_operator.section-2', 'example_subdag_operator']) retrieved from /home/dennismutia/.virtualenvs/wefarm/lib/python3.8/site-packages/airflow/example_dags/example_subdag_operator.py
[2021-07-23 16:20:12,847] {logging_mixin.py:104} INFO - [2021-07-23 16:20:12,847] {dag.py:1833} INFO - Sync 3 DAGs
[2021-07-23 16:20:12,861] {logging_mixin.py:104} INFO - [2021-07-23 16:20:12,861] {dag.py:2306} INFO - Setting next_dagrun for example_subdag_operator to 2021-07-21 00:00:00+00:00
[2021-07-23 16:20:12,862] {logging_mixin.py:104} INFO - [2021-07-23 16:20:12,862] {dag.py:2306} INFO - Setting next_dagrun for example_subdag_operator.section-1 to None
[2021-07-23 16:20:12,862] {logging_mixin.py:104} INFO - [2021-07-23 16:20:12,862] {dag.py:2306} INFO - Setting next_dagrun for example_subdag_operator.section-2 to None
[2021-07-23 16:20:12,873] {logging_mixin.py:104} INFO - [2021-07-23 16:20:12,873] {dag.py:1833} INFO - Sync 2 DAGs
[2021-07-23 16:20:12,884] {logging_mixin.py:104} INFO - [2021-07-23 16:20:12,884] {dag.py:2306} INFO - Setting next_dagrun for example_subdag_operator.section-1 to None
[2021-07-23 16:20:12,885] {logging_mixin.py:104} INFO - [2021-07-23 16:20:12,884] {dag.py:2306} INFO - Setting next_dagrun for example_subdag_operator.section-2 to None
[2021-07-23 16:20:12,893] {scheduler_job.py:189} INFO - Processing /home/dennismutia/.virtualenvs/wefarm/lib/python3.8/site-packages/airflow/example_dags/example_subdag_operator.py took 0.150 seconds
[2021-07-23 16:20:15,119] {scheduler_job.py:181} INFO - Started process (PID=1418) to work on /home/dennismutia/.virtualenvs/wefarm/lib/python3.8/site-packages/airflow/example_dags/example_subdag_operator.py
[2021-07-23 16:20:15,123] {scheduler_job.py:632} INFO - Processing file /home/dennismutia/.virtualenvs/wefarm/lib/python3.8/site-packages/airflow/example_dags/example_subdag_operator.py for tasks to queue
[2021-07-23 16:20:15,125] {logging_mixin.py:104} INFO - [2021-07-23 16:20:15,125] {dagbag.py:496} INFO - Filling up the DagBag from /home/dennismutia/.virtualenvs/wefarm/lib/python3.8/site-packages/airflow/example_dags/example_subdag_operator.py
[2021-07-23 16:20:15,164] {scheduler_job.py:642} INFO - DAG(s) dict_keys(['example_subdag_operator.section-1', 'example_subdag_operator.section-2', 'example_subdag_operator']) retrieved from /home/dennismutia/.virtualenvs/wefarm/lib/python3.8/site-packages/airflow/example_dags/example_subdag_operator.py
[2021-07-23 16:20:15,232] {logging_mixin.py:104} INFO - [2021-07-23 16:20:15,232] {dag.py:1833} INFO - Sync 3 DAGs
[2021-07-23 16:20:15,246] {logging_mixin.py:104} INFO - [2021-07-23 16:20:15,246] {dag.py:2306} INFO - Setting next_dagrun for example_subdag_operator to 2021-07-21 00:00:00+00:00
[2021-07-23 16:20:15,247] {logging_mixin.py:104} INFO - [2021-07-23 16:20:15,247] {dag.py:2306} INFO - Setting next_dagrun for example_subdag_operator.section-1 to None
[2021-07-23 16:20:15,247] {logging_mixin.py:104} INFO - [2021-07-23 16:20:15,247] {dag.py:2306} INFO - Setting next_dagrun for example_subdag_operator.section-2 to None
[2021-07-23 16:20:15,257] {logging_mixin.py:104} INFO - [2021-07-23 16:20:15,256] {dag.py:1833} INFO - Sync 2 DAGs
[2021-07-23 16:20:15,268] {logging_mixin.py:104} INFO - [2021-07-23 16:20:15,268] {dag.py:2306} INFO - Setting next_dagrun for example_subdag_operator.section-1 to None
[2021-07-23 16:20:15,268] {logging_mixin.py:104} INFO - [2021-07-23 16:20:15,268] {dag.py:2306} INFO - Setting next_dagrun for example_subdag_operator.section-2 to None
[2021-07-23 16:20:15,276] {scheduler_job.py:189} INFO - Processing /home/dennismutia/.virtualenvs/wefarm/lib/python3.8/site-packages/airflow/example_dags/example_subdag_operator.py took 0.161 seconds
[2021-07-23 16:20:17,533] {scheduler_job.py:181} INFO - Started process (PID=1478) to work on /home/dennismutia/.virtualenvs/wefarm/lib/python3.8/site-packages/airflow/example_dags/example_subdag_operator.py
[2021-07-23 16:20:17,534] {scheduler_job.py:632} INFO - Processing file /home/dennismutia/.virtualenvs/wefarm/lib/python3.8/site-packages/airflow/example_dags/example_subdag_operator.py for tasks to queue
[2021-07-23 16:20:17,535] {logging_mixin.py:104} INFO - [2021-07-23 16:20:17,535] {dagbag.py:496} INFO - Filling up the DagBag from /home/dennismutia/.virtualenvs/wefarm/lib/python3.8/site-packages/airflow/example_dags/example_subdag_operator.py
[2021-07-23 16:20:17,589] {scheduler_job.py:642} INFO - DAG(s) dict_keys(['example_subdag_operator.section-1', 'example_subdag_operator.section-2', 'example_subdag_operator']) retrieved from /home/dennismutia/.virtualenvs/wefarm/lib/python3.8/site-packages/airflow/example_dags/example_subdag_operator.py
[2021-07-23 16:20:17,652] {logging_mixin.py:104} INFO - [2021-07-23 16:20:17,652] {dag.py:1833} INFO - Sync 3 DAGs
[2021-07-23 16:20:17,670] {logging_mixin.py:104} INFO - [2021-07-23 16:20:17,670] {dag.py:2306} INFO - Setting next_dagrun for example_subdag_operator to 2021-07-21 00:00:00+00:00
[2021-07-23 16:20:17,673] {logging_mixin.py:104} INFO - [2021-07-23 16:20:17,673] {dag.py:2306} INFO - Setting next_dagrun for example_subdag_operator.section-1 to None
[2021-07-23 16:20:17,675] {logging_mixin.py:104} INFO - [2021-07-23 16:20:17,675] {dag.py:2306} INFO - Setting next_dagrun for example_subdag_operator.section-2 to None
[2021-07-23 16:20:17,686] {logging_mixin.py:104} INFO - [2021-07-23 16:20:17,686] {dag.py:1833} INFO - Sync 2 DAGs
[2021-07-23 16:20:17,696] {logging_mixin.py:104} INFO - [2021-07-23 16:20:17,696] {dag.py:2306} INFO - Setting next_dagrun for example_subdag_operator.section-1 to None
[2021-07-23 16:20:17,696] {logging_mixin.py:104} INFO - [2021-07-23 16:20:17,696] {dag.py:2306} INFO - Setting next_dagrun for example_subdag_operator.section-2 to None
[2021-07-23 16:20:17,706] {scheduler_job.py:189} INFO - Processing /home/dennismutia/.virtualenvs/wefarm/lib/python3.8/site-packages/airflow/example_dags/example_subdag_operator.py took 0.176 seconds
[2021-07-23 16:20:19,870] {scheduler_job.py:181} INFO - Started process (PID=1538) to work on /home/dennismutia/.virtualenvs/wefarm/lib/python3.8/site-packages/airflow/example_dags/example_subdag_operator.py
[2021-07-23 16:20:19,872] {scheduler_job.py:632} INFO - Processing file /home/dennismutia/.virtualenvs/wefarm/lib/python3.8/site-packages/airflow/example_dags/example_subdag_operator.py for tasks to queue
[2021-07-23 16:20:19,875] {logging_mixin.py:104} INFO - [2021-07-23 16:20:19,875] {dagbag.py:496} INFO - Filling up the DagBag from /home/dennismutia/.virtualenvs/wefarm/lib/python3.8/site-packages/airflow/example_dags/example_subdag_operator.py
[2021-07-23 16:20:19,912] {scheduler_job.py:642} INFO - DAG(s) dict_keys(['example_subdag_operator.section-1', 'example_subdag_operator.section-2', 'example_subdag_operator']) retrieved from /home/dennismutia/.virtualenvs/wefarm/lib/python3.8/site-packages/airflow/example_dags/example_subdag_operator.py
[2021-07-23 16:20:19,979] {logging_mixin.py:104} INFO - [2021-07-23 16:20:19,978] {dag.py:1833} INFO - Sync 3 DAGs
[2021-07-23 16:20:19,994] {logging_mixin.py:104} INFO - [2021-07-23 16:20:19,993] {dag.py:2306} INFO - Setting next_dagrun for example_subdag_operator to 2021-07-21 00:00:00+00:00
[2021-07-23 16:20:19,995] {logging_mixin.py:104} INFO - [2021-07-23 16:20:19,995] {dag.py:2306} INFO - Setting next_dagrun for example_subdag_operator.section-1 to None
[2021-07-23 16:20:19,995] {logging_mixin.py:104} INFO - [2021-07-23 16:20:19,995] {dag.py:2306} INFO - Setting next_dagrun for example_subdag_operator.section-2 to None
[2021-07-23 16:20:20,008] {logging_mixin.py:104} INFO - [2021-07-23 16:20:20,007] {dag.py:1833} INFO - Sync 2 DAGs
[2021-07-23 16:20:20,020] {logging_mixin.py:104} INFO - [2021-07-23 16:20:20,020] {dag.py:2306} INFO - Setting next_dagrun for example_subdag_operator.section-1 to None
[2021-07-23 16:20:20,022] {logging_mixin.py:104} INFO - [2021-07-23 16:20:20,021] {dag.py:2306} INFO - Setting next_dagrun for example_subdag_operator.section-2 to None
[2021-07-23 16:20:20,038] {scheduler_job.py:189} INFO - Processing /home/dennismutia/.virtualenvs/wefarm/lib/python3.8/site-packages/airflow/example_dags/example_subdag_operator.py took 0.171 seconds
[2021-07-23 16:20:22,145] {scheduler_job.py:181} INFO - Started process (PID=1598) to work on /home/dennismutia/.virtualenvs/wefarm/lib/python3.8/site-packages/airflow/example_dags/example_subdag_operator.py
[2021-07-23 16:20:22,146] {scheduler_job.py:632} INFO - Processing file /home/dennismutia/.virtualenvs/wefarm/lib/python3.8/site-packages/airflow/example_dags/example_subdag_operator.py for tasks to queue
[2021-07-23 16:20:22,147] {logging_mixin.py:104} INFO - [2021-07-23 16:20:22,147] {dagbag.py:496} INFO - Filling up the DagBag from /home/dennismutia/.virtualenvs/wefarm/lib/python3.8/site-packages/airflow/example_dags/example_subdag_operator.py
[2021-07-23 16:20:22,185] {scheduler_job.py:642} INFO - DAG(s) dict_keys(['example_subdag_operator.section-1', 'example_subdag_operator.section-2', 'example_subdag_operator']) retrieved from /home/dennismutia/.virtualenvs/wefarm/lib/python3.8/site-packages/airflow/example_dags/example_subdag_operator.py
[2021-07-23 16:20:22,254] {logging_mixin.py:104} INFO - [2021-07-23 16:20:22,254] {dag.py:1833} INFO - Sync 3 DAGs
[2021-07-23 16:20:22,274] {logging_mixin.py:104} INFO - [2021-07-23 16:20:22,274] {dag.py:2306} INFO - Setting next_dagrun for example_subdag_operator to 2021-07-21 00:00:00+00:00
[2021-07-23 16:20:22,275] {logging_mixin.py:104} INFO - [2021-07-23 16:20:22,275] {dag.py:2306} INFO - Setting next_dagrun for example_subdag_operator.section-1 to None
[2021-07-23 16:20:22,275] {logging_mixin.py:104} INFO - [2021-07-23 16:20:22,275] {dag.py:2306} INFO - Setting next_dagrun for example_subdag_operator.section-2 to None
[2021-07-23 16:20:22,305] {logging_mixin.py:104} INFO - [2021-07-23 16:20:22,305] {dag.py:1833} INFO - Sync 2 DAGs
[2021-07-23 16:20:22,352] {logging_mixin.py:104} INFO - [2021-07-23 16:20:22,352] {dag.py:2306} INFO - Setting next_dagrun for example_subdag_operator.section-1 to None
[2021-07-23 16:20:22,352] {logging_mixin.py:104} INFO - [2021-07-23 16:20:22,352] {dag.py:2306} INFO - Setting next_dagrun for example_subdag_operator.section-2 to None
[2021-07-23 16:20:22,416] {scheduler_job.py:189} INFO - Processing /home/dennismutia/.virtualenvs/wefarm/lib/python3.8/site-packages/airflow/example_dags/example_subdag_operator.py took 0.275 seconds
[2021-07-23 16:20:25,105] {scheduler_job.py:181} INFO - Started process (PID=1663) to work on /home/dennismutia/.virtualenvs/wefarm/lib/python3.8/site-packages/airflow/example_dags/example_subdag_operator.py
[2021-07-23 16:20:25,110] {scheduler_job.py:632} INFO - Processing file /home/dennismutia/.virtualenvs/wefarm/lib/python3.8/site-packages/airflow/example_dags/example_subdag_operator.py for tasks to queue
[2021-07-23 16:20:25,114] {logging_mixin.py:104} INFO - [2021-07-23 16:20:25,114] {dagbag.py:496} INFO - Filling up the DagBag from /home/dennismutia/.virtualenvs/wefarm/lib/python3.8/site-packages/airflow/example_dags/example_subdag_operator.py
[2021-07-23 16:20:25,162] {scheduler_job.py:642} INFO - DAG(s) dict_keys(['example_subdag_operator.section-1', 'example_subdag_operator.section-2', 'example_subdag_operator']) retrieved from /home/dennismutia/.virtualenvs/wefarm/lib/python3.8/site-packages/airflow/example_dags/example_subdag_operator.py
[2021-07-23 16:20:25,223] {logging_mixin.py:104} INFO - [2021-07-23 16:20:25,223] {dag.py:1833} INFO - Sync 3 DAGs
[2021-07-23 16:20:25,237] {logging_mixin.py:104} INFO - [2021-07-23 16:20:25,237] {dag.py:2306} INFO - Setting next_dagrun for example_subdag_operator to 2021-07-21 00:00:00+00:00
[2021-07-23 16:20:25,238] {logging_mixin.py:104} INFO - [2021-07-23 16:20:25,238] {dag.py:2306} INFO - Setting next_dagrun for example_subdag_operator.section-1 to None
[2021-07-23 16:20:25,239] {logging_mixin.py:104} INFO - [2021-07-23 16:20:25,239] {dag.py:2306} INFO - Setting next_dagrun for example_subdag_operator.section-2 to None
[2021-07-23 16:20:25,258] {logging_mixin.py:104} INFO - [2021-07-23 16:20:25,258] {dag.py:1833} INFO - Sync 2 DAGs
[2021-07-23 16:20:25,268] {logging_mixin.py:104} INFO - [2021-07-23 16:20:25,268] {dag.py:2306} INFO - Setting next_dagrun for example_subdag_operator.section-1 to None
[2021-07-23 16:20:25,268] {logging_mixin.py:104} INFO - [2021-07-23 16:20:25,268] {dag.py:2306} INFO - Setting next_dagrun for example_subdag_operator.section-2 to None
[2021-07-23 16:20:25,284] {scheduler_job.py:189} INFO - Processing /home/dennismutia/.virtualenvs/wefarm/lib/python3.8/site-packages/airflow/example_dags/example_subdag_operator.py took 0.183 seconds
[2021-07-23 16:20:28,298] {scheduler_job.py:181} INFO - Started process (PID=1724) to work on /home/dennismutia/.virtualenvs/wefarm/lib/python3.8/site-packages/airflow/example_dags/example_subdag_operator.py
[2021-07-23 16:20:28,299] {scheduler_job.py:632} INFO - Processing file /home/dennismutia/.virtualenvs/wefarm/lib/python3.8/site-packages/airflow/example_dags/example_subdag_operator.py for tasks to queue
[2021-07-23 16:20:28,300] {logging_mixin.py:104} INFO - [2021-07-23 16:20:28,300] {dagbag.py:496} INFO - Filling up the DagBag from /home/dennismutia/.virtualenvs/wefarm/lib/python3.8/site-packages/airflow/example_dags/example_subdag_operator.py
[2021-07-23 16:20:28,336] {scheduler_job.py:642} INFO - DAG(s) dict_keys(['example_subdag_operator.section-1', 'example_subdag_operator.section-2', 'example_subdag_operator']) retrieved from /home/dennismutia/.virtualenvs/wefarm/lib/python3.8/site-packages/airflow/example_dags/example_subdag_operator.py
[2021-07-23 16:20:28,408] {logging_mixin.py:104} INFO - [2021-07-23 16:20:28,408] {dag.py:1833} INFO - Sync 3 DAGs
[2021-07-23 16:20:28,421] {logging_mixin.py:104} INFO - [2021-07-23 16:20:28,421] {dag.py:2306} INFO - Setting next_dagrun for example_subdag_operator to 2021-07-21 00:00:00+00:00
[2021-07-23 16:20:28,422] {logging_mixin.py:104} INFO - [2021-07-23 16:20:28,422] {dag.py:2306} INFO - Setting next_dagrun for example_subdag_operator.section-1 to None
[2021-07-23 16:20:28,422] {logging_mixin.py:104} INFO - [2021-07-23 16:20:28,422] {dag.py:2306} INFO - Setting next_dagrun for example_subdag_operator.section-2 to None
[2021-07-23 16:20:28,431] {logging_mixin.py:104} INFO - [2021-07-23 16:20:28,431] {dag.py:1833} INFO - Sync 2 DAGs
[2021-07-23 16:20:28,444] {logging_mixin.py:104} INFO - [2021-07-23 16:20:28,444] {dag.py:2306} INFO - Setting next_dagrun for example_subdag_operator.section-1 to None
[2021-07-23 16:20:28,444] {logging_mixin.py:104} INFO - [2021-07-23 16:20:28,444] {dag.py:2306} INFO - Setting next_dagrun for example_subdag_operator.section-2 to None
[2021-07-23 16:20:28,456] {scheduler_job.py:189} INFO - Processing /home/dennismutia/.virtualenvs/wefarm/lib/python3.8/site-packages/airflow/example_dags/example_subdag_operator.py took 0.161 seconds
[2021-07-23 16:20:37,166] {scheduler_job.py:181} INFO - Started process (PID=1794) to work on /home/dennismutia/.virtualenvs/wefarm/lib/python3.8/site-packages/airflow/example_dags/example_subdag_operator.py
[2021-07-23 16:20:37,168] {scheduler_job.py:632} INFO - Processing file /home/dennismutia/.virtualenvs/wefarm/lib/python3.8/site-packages/airflow/example_dags/example_subdag_operator.py for tasks to queue
[2021-07-23 16:20:37,179] {logging_mixin.py:104} INFO - [2021-07-23 16:20:37,179] {dagbag.py:496} INFO - Filling up the DagBag from /home/dennismutia/.virtualenvs/wefarm/lib/python3.8/site-packages/airflow/example_dags/example_subdag_operator.py
[2021-07-23 16:20:37,493] {scheduler_job.py:642} INFO - DAG(s) dict_keys(['example_subdag_operator.section-1', 'example_subdag_operator.section-2', 'example_subdag_operator']) retrieved from /home/dennismutia/.virtualenvs/wefarm/lib/python3.8/site-packages/airflow/example_dags/example_subdag_operator.py
[2021-07-23 16:20:37,509] {logging_mixin.py:104} INFO - [2021-07-23 16:20:37,509] {dag.py:1833} INFO - Sync 3 DAGs
[2021-07-23 16:20:37,542] {logging_mixin.py:104} INFO - [2021-07-23 16:20:37,542] {dag.py:2306} INFO - Setting next_dagrun for example_subdag_operator to 2021-07-21 00:00:00+00:00
[2021-07-23 16:20:37,543] {logging_mixin.py:104} INFO - [2021-07-23 16:20:37,543] {dag.py:2306} INFO - Setting next_dagrun for example_subdag_operator.section-1 to None
[2021-07-23 16:20:37,544] {logging_mixin.py:104} INFO - [2021-07-23 16:20:37,544] {dag.py:2306} INFO - Setting next_dagrun for example_subdag_operator.section-2 to None
[2021-07-23 16:20:37,574] {logging_mixin.py:104} INFO - [2021-07-23 16:20:37,574] {dag.py:1833} INFO - Sync 2 DAGs
[2021-07-23 16:20:37,584] {logging_mixin.py:104} INFO - [2021-07-23 16:20:37,584] {dag.py:2306} INFO - Setting next_dagrun for example_subdag_operator.section-1 to None
[2021-07-23 16:20:37,598] {logging_mixin.py:104} INFO - [2021-07-23 16:20:37,598] {dag.py:2306} INFO - Setting next_dagrun for example_subdag_operator.section-2 to None
[2021-07-23 16:20:37,617] {scheduler_job.py:189} INFO - Processing /home/dennismutia/.virtualenvs/wefarm/lib/python3.8/site-packages/airflow/example_dags/example_subdag_operator.py took 0.457 seconds
[2021-07-23 16:20:43,613] {scheduler_job.py:181} INFO - Started process (PID=1866) to work on /home/dennismutia/.virtualenvs/wefarm/lib/python3.8/site-packages/airflow/example_dags/example_subdag_operator.py
[2021-07-23 16:20:43,615] {scheduler_job.py:632} INFO - Processing file /home/dennismutia/.virtualenvs/wefarm/lib/python3.8/site-packages/airflow/example_dags/example_subdag_operator.py for tasks to queue
[2021-07-23 16:20:43,615] {logging_mixin.py:104} INFO - [2021-07-23 16:20:43,615] {dagbag.py:496} INFO - Filling up the DagBag from /home/dennismutia/.virtualenvs/wefarm/lib/python3.8/site-packages/airflow/example_dags/example_subdag_operator.py
[2021-07-23 16:20:44,101] {scheduler_job.py:642} INFO - DAG(s) dict_keys(['example_subdag_operator.section-1', 'example_subdag_operator.section-2', 'example_subdag_operator']) retrieved from /home/dennismutia/.virtualenvs/wefarm/lib/python3.8/site-packages/airflow/example_dags/example_subdag_operator.py
[2021-07-23 16:20:44,154] {logging_mixin.py:104} INFO - [2021-07-23 16:20:44,154] {dag.py:1833} INFO - Sync 3 DAGs
[2021-07-23 16:20:44,203] {logging_mixin.py:104} INFO - [2021-07-23 16:20:44,202] {dag.py:2306} INFO - Setting next_dagrun for example_subdag_operator to 2021-07-21 00:00:00+00:00
[2021-07-23 16:20:44,205] {logging_mixin.py:104} INFO - [2021-07-23 16:20:44,205] {dag.py:2306} INFO - Setting next_dagrun for example_subdag_operator.section-1 to None
[2021-07-23 16:20:44,206] {logging_mixin.py:104} INFO - [2021-07-23 16:20:44,205] {dag.py:2306} INFO - Setting next_dagrun for example_subdag_operator.section-2 to None
[2021-07-23 16:20:44,224] {logging_mixin.py:104} INFO - [2021-07-23 16:20:44,224] {dag.py:1833} INFO - Sync 2 DAGs
[2021-07-23 16:20:44,247] {logging_mixin.py:104} INFO - [2021-07-23 16:20:44,247] {dag.py:2306} INFO - Setting next_dagrun for example_subdag_operator.section-1 to None
[2021-07-23 16:20:44,257] {logging_mixin.py:104} INFO - [2021-07-23 16:20:44,256] {dag.py:2306} INFO - Setting next_dagrun for example_subdag_operator.section-2 to None
[2021-07-23 16:20:44,278] {scheduler_job.py:189} INFO - Processing /home/dennismutia/.virtualenvs/wefarm/lib/python3.8/site-packages/airflow/example_dags/example_subdag_operator.py took 0.675 seconds
[2021-07-23 16:20:50,831] {scheduler_job.py:181} INFO - Started process (PID=1926) to work on /home/dennismutia/.virtualenvs/wefarm/lib/python3.8/site-packages/airflow/example_dags/example_subdag_operator.py
[2021-07-23 16:20:50,832] {scheduler_job.py:632} INFO - Processing file /home/dennismutia/.virtualenvs/wefarm/lib/python3.8/site-packages/airflow/example_dags/example_subdag_operator.py for tasks to queue
[2021-07-23 16:20:50,833] {logging_mixin.py:104} INFO - [2021-07-23 16:20:50,833] {dagbag.py:496} INFO - Filling up the DagBag from /home/dennismutia/.virtualenvs/wefarm/lib/python3.8/site-packages/airflow/example_dags/example_subdag_operator.py
[2021-07-23 16:20:51,039] {scheduler_job.py:642} INFO - DAG(s) dict_keys(['example_subdag_operator.section-1', 'example_subdag_operator.section-2', 'example_subdag_operator']) retrieved from /home/dennismutia/.virtualenvs/wefarm/lib/python3.8/site-packages/airflow/example_dags/example_subdag_operator.py
[2021-07-23 16:20:51,065] {logging_mixin.py:104} INFO - [2021-07-23 16:20:51,065] {dag.py:1833} INFO - Sync 3 DAGs
[2021-07-23 16:20:51,090] {logging_mixin.py:104} INFO - [2021-07-23 16:20:51,090] {dag.py:2306} INFO - Setting next_dagrun for example_subdag_operator to 2021-07-21 00:00:00+00:00
[2021-07-23 16:20:51,094] {logging_mixin.py:104} INFO - [2021-07-23 16:20:51,092] {dag.py:2306} INFO - Setting next_dagrun for example_subdag_operator.section-1 to None
[2021-07-23 16:20:51,096] {logging_mixin.py:104} INFO - [2021-07-23 16:20:51,096] {dag.py:2306} INFO - Setting next_dagrun for example_subdag_operator.section-2 to None
[2021-07-23 16:20:51,116] {logging_mixin.py:104} INFO - [2021-07-23 16:20:51,116] {dag.py:1833} INFO - Sync 2 DAGs
[2021-07-23 16:20:51,133] {logging_mixin.py:104} INFO - [2021-07-23 16:20:51,133] {dag.py:2306} INFO - Setting next_dagrun for example_subdag_operator.section-1 to None
[2021-07-23 16:20:51,134] {logging_mixin.py:104} INFO - [2021-07-23 16:20:51,134] {dag.py:2306} INFO - Setting next_dagrun for example_subdag_operator.section-2 to None
[2021-07-23 16:20:51,173] {scheduler_job.py:189} INFO - Processing /home/dennismutia/.virtualenvs/wefarm/lib/python3.8/site-packages/airflow/example_dags/example_subdag_operator.py took 0.346 seconds
[2021-07-23 16:20:56,269] {scheduler_job.py:181} INFO - Started process (PID=1987) to work on /home/dennismutia/.virtualenvs/wefarm/lib/python3.8/site-packages/airflow/example_dags/example_subdag_operator.py
[2021-07-23 16:20:56,270] {scheduler_job.py:632} INFO - Processing file /home/dennismutia/.virtualenvs/wefarm/lib/python3.8/site-packages/airflow/example_dags/example_subdag_operator.py for tasks to queue
[2021-07-23 16:20:56,271] {logging_mixin.py:104} INFO - [2021-07-23 16:20:56,271] {dagbag.py:496} INFO - Filling up the DagBag from /home/dennismutia/.virtualenvs/wefarm/lib/python3.8/site-packages/airflow/example_dags/example_subdag_operator.py
[2021-07-23 16:20:56,567] {scheduler_job.py:642} INFO - DAG(s) dict_keys(['example_subdag_operator.section-1', 'example_subdag_operator.section-2', 'example_subdag_operator']) retrieved from /home/dennismutia/.virtualenvs/wefarm/lib/python3.8/site-packages/airflow/example_dags/example_subdag_operator.py
[2021-07-23 16:20:56,596] {logging_mixin.py:104} INFO - [2021-07-23 16:20:56,596] {dag.py:1833} INFO - Sync 3 DAGs
[2021-07-23 16:20:56,622] {logging_mixin.py:104} INFO - [2021-07-23 16:20:56,622] {dag.py:2306} INFO - Setting next_dagrun for example_subdag_operator to 2021-07-21 00:00:00+00:00
[2021-07-23 16:20:56,624] {logging_mixin.py:104} INFO - [2021-07-23 16:20:56,624] {dag.py:2306} INFO - Setting next_dagrun for example_subdag_operator.section-1 to None
[2021-07-23 16:20:56,625] {logging_mixin.py:104} INFO - [2021-07-23 16:20:56,625] {dag.py:2306} INFO - Setting next_dagrun for example_subdag_operator.section-2 to None
[2021-07-23 16:20:56,662] {logging_mixin.py:104} INFO - [2021-07-23 16:20:56,662] {dag.py:1833} INFO - Sync 2 DAGs
[2021-07-23 16:20:56,683] {logging_mixin.py:104} INFO - [2021-07-23 16:20:56,683] {dag.py:2306} INFO - Setting next_dagrun for example_subdag_operator.section-1 to None
[2021-07-23 16:20:56,685] {logging_mixin.py:104} INFO - [2021-07-23 16:20:56,685] {dag.py:2306} INFO - Setting next_dagrun for example_subdag_operator.section-2 to None
[2021-07-23 16:20:56,714] {scheduler_job.py:189} INFO - Processing /home/dennismutia/.virtualenvs/wefarm/lib/python3.8/site-packages/airflow/example_dags/example_subdag_operator.py took 0.449 seconds
[2021-07-23 16:20:59,692] {scheduler_job.py:181} INFO - Started process (PID=2046) to work on /home/dennismutia/.virtualenvs/wefarm/lib/python3.8/site-packages/airflow/example_dags/example_subdag_operator.py
[2021-07-23 16:20:59,695] {scheduler_job.py:632} INFO - Processing file /home/dennismutia/.virtualenvs/wefarm/lib/python3.8/site-packages/airflow/example_dags/example_subdag_operator.py for tasks to queue
[2021-07-23 16:20:59,697] {logging_mixin.py:104} INFO - [2021-07-23 16:20:59,697] {dagbag.py:496} INFO - Filling up the DagBag from /home/dennismutia/.virtualenvs/wefarm/lib/python3.8/site-packages/airflow/example_dags/example_subdag_operator.py
[2021-07-23 16:20:59,815] {scheduler_job.py:642} INFO - DAG(s) dict_keys(['example_subdag_operator.section-1', 'example_subdag_operator.section-2', 'example_subdag_operator']) retrieved from /home/dennismutia/.virtualenvs/wefarm/lib/python3.8/site-packages/airflow/example_dags/example_subdag_operator.py
[2021-07-23 16:20:59,828] {logging_mixin.py:104} INFO - [2021-07-23 16:20:59,828] {dag.py:1833} INFO - Sync 3 DAGs
[2021-07-23 16:20:59,845] {logging_mixin.py:104} INFO - [2021-07-23 16:20:59,844] {dag.py:2306} INFO - Setting next_dagrun for example_subdag_operator to 2021-07-21 00:00:00+00:00
[2021-07-23 16:20:59,846] {logging_mixin.py:104} INFO - [2021-07-23 16:20:59,845] {dag.py:2306} INFO - Setting next_dagrun for example_subdag_operator.section-1 to None
[2021-07-23 16:20:59,846] {logging_mixin.py:104} INFO - [2021-07-23 16:20:59,846] {dag.py:2306} INFO - Setting next_dagrun for example_subdag_operator.section-2 to None
[2021-07-23 16:20:59,855] {logging_mixin.py:104} INFO - [2021-07-23 16:20:59,854] {dag.py:1833} INFO - Sync 2 DAGs
[2021-07-23 16:20:59,866] {logging_mixin.py:104} INFO - [2021-07-23 16:20:59,866] {dag.py:2306} INFO - Setting next_dagrun for example_subdag_operator.section-1 to None
[2021-07-23 16:20:59,867] {logging_mixin.py:104} INFO - [2021-07-23 16:20:59,867] {dag.py:2306} INFO - Setting next_dagrun for example_subdag_operator.section-2 to None
[2021-07-23 16:20:59,878] {scheduler_job.py:189} INFO - Processing /home/dennismutia/.virtualenvs/wefarm/lib/python3.8/site-packages/airflow/example_dags/example_subdag_operator.py took 0.190 seconds
[2021-07-23 16:21:03,832] {scheduler_job.py:181} INFO - Started process (PID=2106) to work on /home/dennismutia/.virtualenvs/wefarm/lib/python3.8/site-packages/airflow/example_dags/example_subdag_operator.py
[2021-07-23 16:21:03,833] {scheduler_job.py:632} INFO - Processing file /home/dennismutia/.virtualenvs/wefarm/lib/python3.8/site-packages/airflow/example_dags/example_subdag_operator.py for tasks to queue
[2021-07-23 16:21:03,833] {logging_mixin.py:104} INFO - [2021-07-23 16:21:03,833] {dagbag.py:496} INFO - Filling up the DagBag from /home/dennismutia/.virtualenvs/wefarm/lib/python3.8/site-packages/airflow/example_dags/example_subdag_operator.py
[2021-07-23 16:21:03,939] {scheduler_job.py:642} INFO - DAG(s) dict_keys(['example_subdag_operator.section-1', 'example_subdag_operator.section-2', 'example_subdag_operator']) retrieved from /home/dennismutia/.virtualenvs/wefarm/lib/python3.8/site-packages/airflow/example_dags/example_subdag_operator.py
[2021-07-23 16:21:03,950] {logging_mixin.py:104} INFO - [2021-07-23 16:21:03,949] {dag.py:1833} INFO - Sync 3 DAGs
[2021-07-23 16:21:03,969] {logging_mixin.py:104} INFO - [2021-07-23 16:21:03,969] {dag.py:2306} INFO - Setting next_dagrun for example_subdag_operator to 2021-07-21 00:00:00+00:00
[2021-07-23 16:21:03,971] {logging_mixin.py:104} INFO - [2021-07-23 16:21:03,971] {dag.py:2306} INFO - Setting next_dagrun for example_subdag_operator.section-1 to None
[2021-07-23 16:21:03,973] {logging_mixin.py:104} INFO - [2021-07-23 16:21:03,973] {dag.py:2306} INFO - Setting next_dagrun for example_subdag_operator.section-2 to None
[2021-07-23 16:21:03,984] {logging_mixin.py:104} INFO - [2021-07-23 16:21:03,984] {dag.py:1833} INFO - Sync 2 DAGs
[2021-07-23 16:21:03,994] {logging_mixin.py:104} INFO - [2021-07-23 16:21:03,993] {dag.py:2306} INFO - Setting next_dagrun for example_subdag_operator.section-1 to None
[2021-07-23 16:21:03,995] {logging_mixin.py:104} INFO - [2021-07-23 16:21:03,995] {dag.py:2306} INFO - Setting next_dagrun for example_subdag_operator.section-2 to None
[2021-07-23 16:21:04,005] {scheduler_job.py:189} INFO - Processing /home/dennismutia/.virtualenvs/wefarm/lib/python3.8/site-packages/airflow/example_dags/example_subdag_operator.py took 0.177 seconds
[2021-07-23 16:21:06,361] {scheduler_job.py:181} INFO - Started process (PID=2166) to work on /home/dennismutia/.virtualenvs/wefarm/lib/python3.8/site-packages/airflow/example_dags/example_subdag_operator.py
[2021-07-23 16:21:06,362] {scheduler_job.py:632} INFO - Processing file /home/dennismutia/.virtualenvs/wefarm/lib/python3.8/site-packages/airflow/example_dags/example_subdag_operator.py for tasks to queue
[2021-07-23 16:21:06,363] {logging_mixin.py:104} INFO - [2021-07-23 16:21:06,363] {dagbag.py:496} INFO - Filling up the DagBag from /home/dennismutia/.virtualenvs/wefarm/lib/python3.8/site-packages/airflow/example_dags/example_subdag_operator.py
[2021-07-23 16:21:06,506] {scheduler_job.py:642} INFO - DAG(s) dict_keys(['example_subdag_operator.section-1', 'example_subdag_operator.section-2', 'example_subdag_operator']) retrieved from /home/dennismutia/.virtualenvs/wefarm/lib/python3.8/site-packages/airflow/example_dags/example_subdag_operator.py
[2021-07-23 16:21:06,536] {logging_mixin.py:104} INFO - [2021-07-23 16:21:06,536] {dag.py:1833} INFO - Sync 3 DAGs
[2021-07-23 16:21:06,558] {logging_mixin.py:104} INFO - [2021-07-23 16:21:06,558] {dag.py:2306} INFO - Setting next_dagrun for example_subdag_operator to 2021-07-21 00:00:00+00:00
[2021-07-23 16:21:06,562] {logging_mixin.py:104} INFO - [2021-07-23 16:21:06,562] {dag.py:2306} INFO - Setting next_dagrun for example_subdag_operator.section-1 to None
[2021-07-23 16:21:06,563] {logging_mixin.py:104} INFO - [2021-07-23 16:21:06,562] {dag.py:2306} INFO - Setting next_dagrun for example_subdag_operator.section-2 to None
[2021-07-23 16:21:06,579] {logging_mixin.py:104} INFO - [2021-07-23 16:21:06,579] {dag.py:1833} INFO - Sync 2 DAGs
[2021-07-23 16:21:06,598] {logging_mixin.py:104} INFO - [2021-07-23 16:21:06,598] {dag.py:2306} INFO - Setting next_dagrun for example_subdag_operator.section-1 to None
[2021-07-23 16:21:06,599] {logging_mixin.py:104} INFO - [2021-07-23 16:21:06,598] {dag.py:2306} INFO - Setting next_dagrun for example_subdag_operator.section-2 to None
[2021-07-23 16:21:06,607] {scheduler_job.py:189} INFO - Processing /home/dennismutia/.virtualenvs/wefarm/lib/python3.8/site-packages/airflow/example_dags/example_subdag_operator.py took 0.248 seconds
[2021-07-23 16:21:09,568] {scheduler_job.py:181} INFO - Started process (PID=2271) to work on /home/dennismutia/.virtualenvs/wefarm/lib/python3.8/site-packages/airflow/example_dags/example_subdag_operator.py
[2021-07-23 16:21:09,569] {scheduler_job.py:632} INFO - Processing file /home/dennismutia/.virtualenvs/wefarm/lib/python3.8/site-packages/airflow/example_dags/example_subdag_operator.py for tasks to queue
[2021-07-23 16:21:09,570] {logging_mixin.py:104} INFO - [2021-07-23 16:21:09,570] {dagbag.py:496} INFO - Filling up the DagBag from /home/dennismutia/.virtualenvs/wefarm/lib/python3.8/site-packages/airflow/example_dags/example_subdag_operator.py
[2021-07-23 16:21:09,712] {scheduler_job.py:642} INFO - DAG(s) dict_keys(['example_subdag_operator.section-1', 'example_subdag_operator.section-2', 'example_subdag_operator']) retrieved from /home/dennismutia/.virtualenvs/wefarm/lib/python3.8/site-packages/airflow/example_dags/example_subdag_operator.py
[2021-07-23 16:21:09,726] {logging_mixin.py:104} INFO - [2021-07-23 16:21:09,726] {dag.py:1833} INFO - Sync 3 DAGs
[2021-07-23 16:21:09,739] {logging_mixin.py:104} INFO - [2021-07-23 16:21:09,739] {dag.py:2306} INFO - Setting next_dagrun for example_subdag_operator to 2021-07-21 00:00:00+00:00
[2021-07-23 16:21:09,740] {logging_mixin.py:104} INFO - [2021-07-23 16:21:09,740] {dag.py:2306} INFO - Setting next_dagrun for example_subdag_operator.section-1 to None
[2021-07-23 16:21:09,740] {logging_mixin.py:104} INFO - [2021-07-23 16:21:09,740] {dag.py:2306} INFO - Setting next_dagrun for example_subdag_operator.section-2 to None
[2021-07-23 16:21:09,755] {logging_mixin.py:104} INFO - [2021-07-23 16:21:09,754] {dag.py:1833} INFO - Sync 2 DAGs
[2021-07-23 16:21:09,768] {logging_mixin.py:104} INFO - [2021-07-23 16:21:09,768] {dag.py:2306} INFO - Setting next_dagrun for example_subdag_operator.section-1 to None
[2021-07-23 16:21:09,770] {logging_mixin.py:104} INFO - [2021-07-23 16:21:09,770] {dag.py:2306} INFO - Setting next_dagrun for example_subdag_operator.section-2 to None
[2021-07-23 16:21:09,793] {scheduler_job.py:189} INFO - Processing /home/dennismutia/.virtualenvs/wefarm/lib/python3.8/site-packages/airflow/example_dags/example_subdag_operator.py took 0.235 seconds
[2021-07-23 16:21:12,383] {scheduler_job.py:181} INFO - Started process (PID=2339) to work on /home/dennismutia/.virtualenvs/wefarm/lib/python3.8/site-packages/airflow/example_dags/example_subdag_operator.py
[2021-07-23 16:21:12,384] {scheduler_job.py:632} INFO - Processing file /home/dennismutia/.virtualenvs/wefarm/lib/python3.8/site-packages/airflow/example_dags/example_subdag_operator.py for tasks to queue
[2021-07-23 16:21:12,385] {logging_mixin.py:104} INFO - [2021-07-23 16:21:12,385] {dagbag.py:496} INFO - Filling up the DagBag from /home/dennismutia/.virtualenvs/wefarm/lib/python3.8/site-packages/airflow/example_dags/example_subdag_operator.py
[2021-07-23 16:21:12,479] {scheduler_job.py:642} INFO - DAG(s) dict_keys(['example_subdag_operator.section-1', 'example_subdag_operator.section-2', 'example_subdag_operator']) retrieved from /home/dennismutia/.virtualenvs/wefarm/lib/python3.8/site-packages/airflow/example_dags/example_subdag_operator.py
[2021-07-23 16:21:12,492] {logging_mixin.py:104} INFO - [2021-07-23 16:21:12,492] {dag.py:1833} INFO - Sync 3 DAGs
[2021-07-23 16:21:12,508] {logging_mixin.py:104} INFO - [2021-07-23 16:21:12,508] {dag.py:2306} INFO - Setting next_dagrun for example_subdag_operator to 2021-07-21 00:00:00+00:00
[2021-07-23 16:21:12,511] {logging_mixin.py:104} INFO - [2021-07-23 16:21:12,511] {dag.py:2306} INFO - Setting next_dagrun for example_subdag_operator.section-1 to None
[2021-07-23 16:21:12,513] {logging_mixin.py:104} INFO - [2021-07-23 16:21:12,513] {dag.py:2306} INFO - Setting next_dagrun for example_subdag_operator.section-2 to None
[2021-07-23 16:21:12,527] {logging_mixin.py:104} INFO - [2021-07-23 16:21:12,527] {dag.py:1833} INFO - Sync 2 DAGs
[2021-07-23 16:21:12,538] {logging_mixin.py:104} INFO - [2021-07-23 16:21:12,538] {dag.py:2306} INFO - Setting next_dagrun for example_subdag_operator.section-1 to None
[2021-07-23 16:21:12,540] {logging_mixin.py:104} INFO - [2021-07-23 16:21:12,540] {dag.py:2306} INFO - Setting next_dagrun for example_subdag_operator.section-2 to None
[2021-07-23 16:21:12,553] {scheduler_job.py:189} INFO - Processing /home/dennismutia/.virtualenvs/wefarm/lib/python3.8/site-packages/airflow/example_dags/example_subdag_operator.py took 0.172 seconds
[2021-07-23 16:21:14,722] {scheduler_job.py:181} INFO - Started process (PID=2398) to work on /home/dennismutia/.virtualenvs/wefarm/lib/python3.8/site-packages/airflow/example_dags/example_subdag_operator.py
[2021-07-23 16:21:14,724] {scheduler_job.py:632} INFO - Processing file /home/dennismutia/.virtualenvs/wefarm/lib/python3.8/site-packages/airflow/example_dags/example_subdag_operator.py for tasks to queue
[2021-07-23 16:21:14,725] {logging_mixin.py:104} INFO - [2021-07-23 16:21:14,725] {dagbag.py:496} INFO - Filling up the DagBag from /home/dennismutia/.virtualenvs/wefarm/lib/python3.8/site-packages/airflow/example_dags/example_subdag_operator.py
[2021-07-23 16:21:14,909] {scheduler_job.py:642} INFO - DAG(s) dict_keys(['example_subdag_operator.section-1', 'example_subdag_operator.section-2', 'example_subdag_operator']) retrieved from /home/dennismutia/.virtualenvs/wefarm/lib/python3.8/site-packages/airflow/example_dags/example_subdag_operator.py
[2021-07-23 16:21:14,922] {logging_mixin.py:104} INFO - [2021-07-23 16:21:14,922] {dag.py:1833} INFO - Sync 3 DAGs
[2021-07-23 16:21:14,941] {logging_mixin.py:104} INFO - [2021-07-23 16:21:14,940] {dag.py:2306} INFO - Setting next_dagrun for example_subdag_operator to 2021-07-21 00:00:00+00:00
[2021-07-23 16:21:14,943] {logging_mixin.py:104} INFO - [2021-07-23 16:21:14,943] {dag.py:2306} INFO - Setting next_dagrun for example_subdag_operator.section-1 to None
[2021-07-23 16:21:14,943] {logging_mixin.py:104} INFO - [2021-07-23 16:21:14,943] {dag.py:2306} INFO - Setting next_dagrun for example_subdag_operator.section-2 to None
[2021-07-23 16:21:14,956] {logging_mixin.py:104} INFO - [2021-07-23 16:21:14,956] {dag.py:1833} INFO - Sync 2 DAGs
[2021-07-23 16:21:14,967] {logging_mixin.py:104} INFO - [2021-07-23 16:21:14,967] {dag.py:2306} INFO - Setting next_dagrun for example_subdag_operator.section-1 to None
[2021-07-23 16:21:14,968] {logging_mixin.py:104} INFO - [2021-07-23 16:21:14,968] {dag.py:2306} INFO - Setting next_dagrun for example_subdag_operator.section-2 to None
[2021-07-23 16:21:14,981] {scheduler_job.py:189} INFO - Processing /home/dennismutia/.virtualenvs/wefarm/lib/python3.8/site-packages/airflow/example_dags/example_subdag_operator.py took 0.263 seconds
[2021-07-23 16:21:17,178] {scheduler_job.py:181} INFO - Started process (PID=2458) to work on /home/dennismutia/.virtualenvs/wefarm/lib/python3.8/site-packages/airflow/example_dags/example_subdag_operator.py
[2021-07-23 16:21:17,181] {scheduler_job.py:632} INFO - Processing file /home/dennismutia/.virtualenvs/wefarm/lib/python3.8/site-packages/airflow/example_dags/example_subdag_operator.py for tasks to queue
[2021-07-23 16:21:17,183] {logging_mixin.py:104} INFO - [2021-07-23 16:21:17,183] {dagbag.py:496} INFO - Filling up the DagBag from /home/dennismutia/.virtualenvs/wefarm/lib/python3.8/site-packages/airflow/example_dags/example_subdag_operator.py
[2021-07-23 16:21:17,294] {scheduler_job.py:642} INFO - DAG(s) dict_keys(['example_subdag_operator.section-1', 'example_subdag_operator.section-2', 'example_subdag_operator']) retrieved from /home/dennismutia/.virtualenvs/wefarm/lib/python3.8/site-packages/airflow/example_dags/example_subdag_operator.py
[2021-07-23 16:21:17,307] {logging_mixin.py:104} INFO - [2021-07-23 16:21:17,307] {dag.py:1833} INFO - Sync 3 DAGs
[2021-07-23 16:21:17,324] {logging_mixin.py:104} INFO - [2021-07-23 16:21:17,324] {dag.py:2306} INFO - Setting next_dagrun for example_subdag_operator to 2021-07-21 00:00:00+00:00
[2021-07-23 16:21:17,325] {logging_mixin.py:104} INFO - [2021-07-23 16:21:17,325] {dag.py:2306} INFO - Setting next_dagrun for example_subdag_operator.section-1 to None
[2021-07-23 16:21:17,325] {logging_mixin.py:104} INFO - [2021-07-23 16:21:17,325] {dag.py:2306} INFO - Setting next_dagrun for example_subdag_operator.section-2 to None
[2021-07-23 16:21:17,341] {logging_mixin.py:104} INFO - [2021-07-23 16:21:17,341] {dag.py:1833} INFO - Sync 2 DAGs
[2021-07-23 16:21:17,353] {logging_mixin.py:104} INFO - [2021-07-23 16:21:17,352] {dag.py:2306} INFO - Setting next_dagrun for example_subdag_operator.section-1 to None
[2021-07-23 16:21:17,353] {logging_mixin.py:104} INFO - [2021-07-23 16:21:17,353] {dag.py:2306} INFO - Setting next_dagrun for example_subdag_operator.section-2 to None
[2021-07-23 16:21:17,377] {scheduler_job.py:189} INFO - Processing /home/dennismutia/.virtualenvs/wefarm/lib/python3.8/site-packages/airflow/example_dags/example_subdag_operator.py took 0.202 seconds
[2021-07-23 16:21:19,496] {scheduler_job.py:181} INFO - Started process (PID=2519) to work on /home/dennismutia/.virtualenvs/wefarm/lib/python3.8/site-packages/airflow/example_dags/example_subdag_operator.py
[2021-07-23 16:21:19,497] {scheduler_job.py:632} INFO - Processing file /home/dennismutia/.virtualenvs/wefarm/lib/python3.8/site-packages/airflow/example_dags/example_subdag_operator.py for tasks to queue
[2021-07-23 16:21:19,497] {logging_mixin.py:104} INFO - [2021-07-23 16:21:19,497] {dagbag.py:496} INFO - Filling up the DagBag from /home/dennismutia/.virtualenvs/wefarm/lib/python3.8/site-packages/airflow/example_dags/example_subdag_operator.py
[2021-07-23 16:21:19,593] {scheduler_job.py:642} INFO - DAG(s) dict_keys(['example_subdag_operator.section-1', 'example_subdag_operator.section-2', 'example_subdag_operator']) retrieved from /home/dennismutia/.virtualenvs/wefarm/lib/python3.8/site-packages/airflow/example_dags/example_subdag_operator.py
[2021-07-23 16:21:19,605] {logging_mixin.py:104} INFO - [2021-07-23 16:21:19,605] {dag.py:1833} INFO - Sync 3 DAGs
[2021-07-23 16:21:19,620] {logging_mixin.py:104} INFO - [2021-07-23 16:21:19,619] {dag.py:2306} INFO - Setting next_dagrun for example_subdag_operator to 2021-07-21 00:00:00+00:00
[2021-07-23 16:21:19,621] {logging_mixin.py:104} INFO - [2021-07-23 16:21:19,620] {dag.py:2306} INFO - Setting next_dagrun for example_subdag_operator.section-1 to None
[2021-07-23 16:21:19,621] {logging_mixin.py:104} INFO - [2021-07-23 16:21:19,621] {dag.py:2306} INFO - Setting next_dagrun for example_subdag_operator.section-2 to None
[2021-07-23 16:21:19,631] {logging_mixin.py:104} INFO - [2021-07-23 16:21:19,631] {dag.py:1833} INFO - Sync 2 DAGs
[2021-07-23 16:21:19,640] {logging_mixin.py:104} INFO - [2021-07-23 16:21:19,640] {dag.py:2306} INFO - Setting next_dagrun for example_subdag_operator.section-1 to None
[2021-07-23 16:21:19,640] {logging_mixin.py:104} INFO - [2021-07-23 16:21:19,640] {dag.py:2306} INFO - Setting next_dagrun for example_subdag_operator.section-2 to None
[2021-07-23 16:21:19,650] {scheduler_job.py:189} INFO - Processing /home/dennismutia/.virtualenvs/wefarm/lib/python3.8/site-packages/airflow/example_dags/example_subdag_operator.py took 0.157 seconds
[2021-07-23 16:21:22,018] {scheduler_job.py:181} INFO - Started process (PID=2579) to work on /home/dennismutia/.virtualenvs/wefarm/lib/python3.8/site-packages/airflow/example_dags/example_subdag_operator.py
[2021-07-23 16:21:22,020] {scheduler_job.py:632} INFO - Processing file /home/dennismutia/.virtualenvs/wefarm/lib/python3.8/site-packages/airflow/example_dags/example_subdag_operator.py for tasks to queue
[2021-07-23 16:21:22,020] {logging_mixin.py:104} INFO - [2021-07-23 16:21:22,020] {dagbag.py:496} INFO - Filling up the DagBag from /home/dennismutia/.virtualenvs/wefarm/lib/python3.8/site-packages/airflow/example_dags/example_subdag_operator.py
[2021-07-23 16:21:22,142] {scheduler_job.py:642} INFO - DAG(s) dict_keys(['example_subdag_operator.section-1', 'example_subdag_operator.section-2', 'example_subdag_operator']) retrieved from /home/dennismutia/.virtualenvs/wefarm/lib/python3.8/site-packages/airflow/example_dags/example_subdag_operator.py
[2021-07-23 16:21:22,155] {logging_mixin.py:104} INFO - [2021-07-23 16:21:22,155] {dag.py:1833} INFO - Sync 3 DAGs
[2021-07-23 16:21:22,169] {logging_mixin.py:104} INFO - [2021-07-23 16:21:22,168] {dag.py:2306} INFO - Setting next_dagrun for example_subdag_operator to 2021-07-21 00:00:00+00:00
[2021-07-23 16:21:22,170] {logging_mixin.py:104} INFO - [2021-07-23 16:21:22,170] {dag.py:2306} INFO - Setting next_dagrun for example_subdag_operator.section-1 to None
[2021-07-23 16:21:22,170] {logging_mixin.py:104} INFO - [2021-07-23 16:21:22,170] {dag.py:2306} INFO - Setting next_dagrun for example_subdag_operator.section-2 to None
[2021-07-23 16:21:22,183] {logging_mixin.py:104} INFO - [2021-07-23 16:21:22,183] {dag.py:1833} INFO - Sync 2 DAGs
[2021-07-23 16:21:22,194] {logging_mixin.py:104} INFO - [2021-07-23 16:21:22,193] {dag.py:2306} INFO - Setting next_dagrun for example_subdag_operator.section-1 to None
[2021-07-23 16:21:22,196] {logging_mixin.py:104} INFO - [2021-07-23 16:21:22,196] {dag.py:2306} INFO - Setting next_dagrun for example_subdag_operator.section-2 to None
[2021-07-23 16:21:22,208] {scheduler_job.py:189} INFO - Processing /home/dennismutia/.virtualenvs/wefarm/lib/python3.8/site-packages/airflow/example_dags/example_subdag_operator.py took 0.193 seconds
[2021-07-23 16:21:24,447] {scheduler_job.py:181} INFO - Started process (PID=2638) to work on /home/dennismutia/.virtualenvs/wefarm/lib/python3.8/site-packages/airflow/example_dags/example_subdag_operator.py
[2021-07-23 16:21:24,448] {scheduler_job.py:632} INFO - Processing file /home/dennismutia/.virtualenvs/wefarm/lib/python3.8/site-packages/airflow/example_dags/example_subdag_operator.py for tasks to queue
[2021-07-23 16:21:24,449] {logging_mixin.py:104} INFO - [2021-07-23 16:21:24,449] {dagbag.py:496} INFO - Filling up the DagBag from /home/dennismutia/.virtualenvs/wefarm/lib/python3.8/site-packages/airflow/example_dags/example_subdag_operator.py
[2021-07-23 16:21:24,549] {scheduler_job.py:642} INFO - DAG(s) dict_keys(['example_subdag_operator.section-1', 'example_subdag_operator.section-2', 'example_subdag_operator']) retrieved from /home/dennismutia/.virtualenvs/wefarm/lib/python3.8/site-packages/airflow/example_dags/example_subdag_operator.py
[2021-07-23 16:21:24,561] {logging_mixin.py:104} INFO - [2021-07-23 16:21:24,561] {dag.py:1833} INFO - Sync 3 DAGs
[2021-07-23 16:21:24,577] {logging_mixin.py:104} INFO - [2021-07-23 16:21:24,577] {dag.py:2306} INFO - Setting next_dagrun for example_subdag_operator to 2021-07-21 00:00:00+00:00
[2021-07-23 16:21:24,580] {logging_mixin.py:104} INFO - [2021-07-23 16:21:24,580] {dag.py:2306} INFO - Setting next_dagrun for example_subdag_operator.section-1 to None
[2021-07-23 16:21:24,581] {logging_mixin.py:104} INFO - [2021-07-23 16:21:24,581] {dag.py:2306} INFO - Setting next_dagrun for example_subdag_operator.section-2 to None
[2021-07-23 16:21:24,598] {logging_mixin.py:104} INFO - [2021-07-23 16:21:24,598] {dag.py:1833} INFO - Sync 2 DAGs
[2021-07-23 16:21:24,613] {logging_mixin.py:104} INFO - [2021-07-23 16:21:24,613] {dag.py:2306} INFO - Setting next_dagrun for example_subdag_operator.section-1 to None
[2021-07-23 16:21:24,613] {logging_mixin.py:104} INFO - [2021-07-23 16:21:24,613] {dag.py:2306} INFO - Setting next_dagrun for example_subdag_operator.section-2 to None
[2021-07-23 16:21:24,627] {scheduler_job.py:189} INFO - Processing /home/dennismutia/.virtualenvs/wefarm/lib/python3.8/site-packages/airflow/example_dags/example_subdag_operator.py took 0.183 seconds
[2021-07-23 16:21:26,953] {scheduler_job.py:181} INFO - Started process (PID=2719) to work on /home/dennismutia/.virtualenvs/wefarm/lib/python3.8/site-packages/airflow/example_dags/example_subdag_operator.py
[2021-07-23 16:21:26,954] {scheduler_job.py:632} INFO - Processing file /home/dennismutia/.virtualenvs/wefarm/lib/python3.8/site-packages/airflow/example_dags/example_subdag_operator.py for tasks to queue
[2021-07-23 16:21:26,955] {logging_mixin.py:104} INFO - [2021-07-23 16:21:26,955] {dagbag.py:496} INFO - Filling up the DagBag from /home/dennismutia/.virtualenvs/wefarm/lib/python3.8/site-packages/airflow/example_dags/example_subdag_operator.py
[2021-07-23 16:21:27,059] {scheduler_job.py:642} INFO - DAG(s) dict_keys(['example_subdag_operator.section-1', 'example_subdag_operator.section-2', 'example_subdag_operator']) retrieved from /home/dennismutia/.virtualenvs/wefarm/lib/python3.8/site-packages/airflow/example_dags/example_subdag_operator.py
[2021-07-23 16:21:27,071] {logging_mixin.py:104} INFO - [2021-07-23 16:21:27,071] {dag.py:1833} INFO - Sync 3 DAGs
[2021-07-23 16:21:27,090] {logging_mixin.py:104} INFO - [2021-07-23 16:21:27,090] {dag.py:2306} INFO - Setting next_dagrun for example_subdag_operator to 2021-07-21 00:00:00+00:00
[2021-07-23 16:21:27,091] {logging_mixin.py:104} INFO - [2021-07-23 16:21:27,091] {dag.py:2306} INFO - Setting next_dagrun for example_subdag_operator.section-1 to None
[2021-07-23 16:21:27,091] {logging_mixin.py:104} INFO - [2021-07-23 16:21:27,091] {dag.py:2306} INFO - Setting next_dagrun for example_subdag_operator.section-2 to None
[2021-07-23 16:21:27,101] {logging_mixin.py:104} INFO - [2021-07-23 16:21:27,101] {dag.py:1833} INFO - Sync 2 DAGs
[2021-07-23 16:21:27,109] {logging_mixin.py:104} INFO - [2021-07-23 16:21:27,109] {dag.py:2306} INFO - Setting next_dagrun for example_subdag_operator.section-1 to None
[2021-07-23 16:21:27,109] {logging_mixin.py:104} INFO - [2021-07-23 16:21:27,109] {dag.py:2306} INFO - Setting next_dagrun for example_subdag_operator.section-2 to None
[2021-07-23 16:21:27,122] {scheduler_job.py:189} INFO - Processing /home/dennismutia/.virtualenvs/wefarm/lib/python3.8/site-packages/airflow/example_dags/example_subdag_operator.py took 0.172 seconds
[2021-07-23 16:21:29,569] {scheduler_job.py:181} INFO - Started process (PID=2780) to work on /home/dennismutia/.virtualenvs/wefarm/lib/python3.8/site-packages/airflow/example_dags/example_subdag_operator.py
[2021-07-23 16:21:29,570] {scheduler_job.py:632} INFO - Processing file /home/dennismutia/.virtualenvs/wefarm/lib/python3.8/site-packages/airflow/example_dags/example_subdag_operator.py for tasks to queue
[2021-07-23 16:21:29,571] {logging_mixin.py:104} INFO - [2021-07-23 16:21:29,570] {dagbag.py:496} INFO - Filling up the DagBag from /home/dennismutia/.virtualenvs/wefarm/lib/python3.8/site-packages/airflow/example_dags/example_subdag_operator.py
[2021-07-23 16:21:29,697] {scheduler_job.py:642} INFO - DAG(s) dict_keys(['example_subdag_operator.section-1', 'example_subdag_operator.section-2', 'example_subdag_operator']) retrieved from /home/dennismutia/.virtualenvs/wefarm/lib/python3.8/site-packages/airflow/example_dags/example_subdag_operator.py
[2021-07-23 16:21:29,714] {logging_mixin.py:104} INFO - [2021-07-23 16:21:29,714] {dag.py:1833} INFO - Sync 3 DAGs
[2021-07-23 16:21:29,731] {logging_mixin.py:104} INFO - [2021-07-23 16:21:29,731] {dag.py:2306} INFO - Setting next_dagrun for example_subdag_operator to 2021-07-21 00:00:00+00:00
[2021-07-23 16:21:29,732] {logging_mixin.py:104} INFO - [2021-07-23 16:21:29,732] {dag.py:2306} INFO - Setting next_dagrun for example_subdag_operator.section-1 to None
[2021-07-23 16:21:29,733] {logging_mixin.py:104} INFO - [2021-07-23 16:21:29,733] {dag.py:2306} INFO - Setting next_dagrun for example_subdag_operator.section-2 to None
[2021-07-23 16:21:29,747] {logging_mixin.py:104} INFO - [2021-07-23 16:21:29,747] {dag.py:1833} INFO - Sync 2 DAGs
[2021-07-23 16:21:29,766] {logging_mixin.py:104} INFO - [2021-07-23 16:21:29,765] {dag.py:2306} INFO - Setting next_dagrun for example_subdag_operator.section-1 to None
[2021-07-23 16:21:29,766] {logging_mixin.py:104} INFO - [2021-07-23 16:21:29,766] {dag.py:2306} INFO - Setting next_dagrun for example_subdag_operator.section-2 to None
[2021-07-23 16:21:29,786] {scheduler_job.py:189} INFO - Processing /home/dennismutia/.virtualenvs/wefarm/lib/python3.8/site-packages/airflow/example_dags/example_subdag_operator.py took 0.221 seconds
[2021-07-23 16:21:32,353] {scheduler_job.py:181} INFO - Started process (PID=2840) to work on /home/dennismutia/.virtualenvs/wefarm/lib/python3.8/site-packages/airflow/example_dags/example_subdag_operator.py
[2021-07-23 16:21:32,354] {scheduler_job.py:632} INFO - Processing file /home/dennismutia/.virtualenvs/wefarm/lib/python3.8/site-packages/airflow/example_dags/example_subdag_operator.py for tasks to queue
[2021-07-23 16:21:32,355] {logging_mixin.py:104} INFO - [2021-07-23 16:21:32,355] {dagbag.py:496} INFO - Filling up the DagBag from /home/dennismutia/.virtualenvs/wefarm/lib/python3.8/site-packages/airflow/example_dags/example_subdag_operator.py
[2021-07-23 16:21:32,459] {scheduler_job.py:642} INFO - DAG(s) dict_keys(['example_subdag_operator.section-1', 'example_subdag_operator.section-2', 'example_subdag_operator']) retrieved from /home/dennismutia/.virtualenvs/wefarm/lib/python3.8/site-packages/airflow/example_dags/example_subdag_operator.py
[2021-07-23 16:21:32,472] {logging_mixin.py:104} INFO - [2021-07-23 16:21:32,472] {dag.py:1833} INFO - Sync 3 DAGs
[2021-07-23 16:21:32,488] {logging_mixin.py:104} INFO - [2021-07-23 16:21:32,488] {dag.py:2306} INFO - Setting next_dagrun for example_subdag_operator to 2021-07-21 00:00:00+00:00
[2021-07-23 16:21:32,489] {logging_mixin.py:104} INFO - [2021-07-23 16:21:32,489] {dag.py:2306} INFO - Setting next_dagrun for example_subdag_operator.section-1 to None
[2021-07-23 16:21:32,489] {logging_mixin.py:104} INFO - [2021-07-23 16:21:32,489] {dag.py:2306} INFO - Setting next_dagrun for example_subdag_operator.section-2 to None
[2021-07-23 16:21:32,513] {logging_mixin.py:104} INFO - [2021-07-23 16:21:32,513] {dag.py:1833} INFO - Sync 2 DAGs
[2021-07-23 16:21:32,523] {logging_mixin.py:104} INFO - [2021-07-23 16:21:32,523] {dag.py:2306} INFO - Setting next_dagrun for example_subdag_operator.section-1 to None
[2021-07-23 16:21:32,523] {logging_mixin.py:104} INFO - [2021-07-23 16:21:32,523] {dag.py:2306} INFO - Setting next_dagrun for example_subdag_operator.section-2 to None
[2021-07-23 16:21:32,541] {scheduler_job.py:189} INFO - Processing /home/dennismutia/.virtualenvs/wefarm/lib/python3.8/site-packages/airflow/example_dags/example_subdag_operator.py took 0.194 seconds
[2021-07-23 16:21:35,614] {scheduler_job.py:181} INFO - Started process (PID=2899) to work on /home/dennismutia/.virtualenvs/wefarm/lib/python3.8/site-packages/airflow/example_dags/example_subdag_operator.py
[2021-07-23 16:21:35,620] {scheduler_job.py:632} INFO - Processing file /home/dennismutia/.virtualenvs/wefarm/lib/python3.8/site-packages/airflow/example_dags/example_subdag_operator.py for tasks to queue
[2021-07-23 16:21:35,622] {logging_mixin.py:104} INFO - [2021-07-23 16:21:35,622] {dagbag.py:496} INFO - Filling up the DagBag from /home/dennismutia/.virtualenvs/wefarm/lib/python3.8/site-packages/airflow/example_dags/example_subdag_operator.py
[2021-07-23 16:21:35,765] {scheduler_job.py:642} INFO - DAG(s) dict_keys(['example_subdag_operator.section-1', 'example_subdag_operator.section-2', 'example_subdag_operator']) retrieved from /home/dennismutia/.virtualenvs/wefarm/lib/python3.8/site-packages/airflow/example_dags/example_subdag_operator.py
[2021-07-23 16:21:35,790] {logging_mixin.py:104} INFO - [2021-07-23 16:21:35,790] {dag.py:1833} INFO - Sync 3 DAGs
[2021-07-23 16:21:35,808] {logging_mixin.py:104} INFO - [2021-07-23 16:21:35,808] {dag.py:2306} INFO - Setting next_dagrun for example_subdag_operator to 2021-07-21 00:00:00+00:00
[2021-07-23 16:21:35,812] {logging_mixin.py:104} INFO - [2021-07-23 16:21:35,812] {dag.py:2306} INFO - Setting next_dagrun for example_subdag_operator.section-1 to None
[2021-07-23 16:21:35,813] {logging_mixin.py:104} INFO - [2021-07-23 16:21:35,813] {dag.py:2306} INFO - Setting next_dagrun for example_subdag_operator.section-2 to None
[2021-07-23 16:21:35,837] {logging_mixin.py:104} INFO - [2021-07-23 16:21:35,837] {dag.py:1833} INFO - Sync 2 DAGs
[2021-07-23 16:21:35,856] {logging_mixin.py:104} INFO - [2021-07-23 16:21:35,856] {dag.py:2306} INFO - Setting next_dagrun for example_subdag_operator.section-1 to None
[2021-07-23 16:21:35,856] {logging_mixin.py:104} INFO - [2021-07-23 16:21:35,856] {dag.py:2306} INFO - Setting next_dagrun for example_subdag_operator.section-2 to None
[2021-07-23 16:21:35,890] {scheduler_job.py:189} INFO - Processing /home/dennismutia/.virtualenvs/wefarm/lib/python3.8/site-packages/airflow/example_dags/example_subdag_operator.py took 0.282 seconds
[2021-07-23 16:21:38,630] {scheduler_job.py:181} INFO - Started process (PID=2959) to work on /home/dennismutia/.virtualenvs/wefarm/lib/python3.8/site-packages/airflow/example_dags/example_subdag_operator.py
[2021-07-23 16:21:38,632] {scheduler_job.py:632} INFO - Processing file /home/dennismutia/.virtualenvs/wefarm/lib/python3.8/site-packages/airflow/example_dags/example_subdag_operator.py for tasks to queue
[2021-07-23 16:21:38,632] {logging_mixin.py:104} INFO - [2021-07-23 16:21:38,632] {dagbag.py:496} INFO - Filling up the DagBag from /home/dennismutia/.virtualenvs/wefarm/lib/python3.8/site-packages/airflow/example_dags/example_subdag_operator.py
[2021-07-23 16:21:38,743] {scheduler_job.py:642} INFO - DAG(s) dict_keys(['example_subdag_operator.section-1', 'example_subdag_operator.section-2', 'example_subdag_operator']) retrieved from /home/dennismutia/.virtualenvs/wefarm/lib/python3.8/site-packages/airflow/example_dags/example_subdag_operator.py
[2021-07-23 16:21:38,754] {logging_mixin.py:104} INFO - [2021-07-23 16:21:38,754] {dag.py:1833} INFO - Sync 3 DAGs
[2021-07-23 16:21:38,767] {logging_mixin.py:104} INFO - [2021-07-23 16:21:38,767] {dag.py:2306} INFO - Setting next_dagrun for example_subdag_operator to 2021-07-21 00:00:00+00:00
[2021-07-23 16:21:38,768] {logging_mixin.py:104} INFO - [2021-07-23 16:21:38,768] {dag.py:2306} INFO - Setting next_dagrun for example_subdag_operator.section-1 to None
[2021-07-23 16:21:38,768] {logging_mixin.py:104} INFO - [2021-07-23 16:21:38,768] {dag.py:2306} INFO - Setting next_dagrun for example_subdag_operator.section-2 to None
[2021-07-23 16:21:38,783] {logging_mixin.py:104} INFO - [2021-07-23 16:21:38,783] {dag.py:1833} INFO - Sync 2 DAGs
[2021-07-23 16:21:38,795] {logging_mixin.py:104} INFO - [2021-07-23 16:21:38,795] {dag.py:2306} INFO - Setting next_dagrun for example_subdag_operator.section-1 to None
[2021-07-23 16:21:38,799] {logging_mixin.py:104} INFO - [2021-07-23 16:21:38,797] {dag.py:2306} INFO - Setting next_dagrun for example_subdag_operator.section-2 to None
[2021-07-23 16:21:38,815] {scheduler_job.py:189} INFO - Processing /home/dennismutia/.virtualenvs/wefarm/lib/python3.8/site-packages/airflow/example_dags/example_subdag_operator.py took 0.188 seconds
[2021-07-23 16:21:41,305] {scheduler_job.py:181} INFO - Started process (PID=3019) to work on /home/dennismutia/.virtualenvs/wefarm/lib/python3.8/site-packages/airflow/example_dags/example_subdag_operator.py
[2021-07-23 16:21:41,306] {scheduler_job.py:632} INFO - Processing file /home/dennismutia/.virtualenvs/wefarm/lib/python3.8/site-packages/airflow/example_dags/example_subdag_operator.py for tasks to queue
[2021-07-23 16:21:41,307] {logging_mixin.py:104} INFO - [2021-07-23 16:21:41,307] {dagbag.py:496} INFO - Filling up the DagBag from /home/dennismutia/.virtualenvs/wefarm/lib/python3.8/site-packages/airflow/example_dags/example_subdag_operator.py
[2021-07-23 16:21:41,424] {scheduler_job.py:642} INFO - DAG(s) dict_keys(['example_subdag_operator.section-1', 'example_subdag_operator.section-2', 'example_subdag_operator']) retrieved from /home/dennismutia/.virtualenvs/wefarm/lib/python3.8/site-packages/airflow/example_dags/example_subdag_operator.py
[2021-07-23 16:21:41,451] {logging_mixin.py:104} INFO - [2021-07-23 16:21:41,451] {dag.py:1833} INFO - Sync 3 DAGs
[2021-07-23 16:21:41,476] {logging_mixin.py:104} INFO - [2021-07-23 16:21:41,476] {dag.py:2306} INFO - Setting next_dagrun for example_subdag_operator to 2021-07-21 00:00:00+00:00
[2021-07-23 16:21:41,477] {logging_mixin.py:104} INFO - [2021-07-23 16:21:41,477] {dag.py:2306} INFO - Setting next_dagrun for example_subdag_operator.section-1 to None
[2021-07-23 16:21:41,477] {logging_mixin.py:104} INFO - [2021-07-23 16:21:41,477] {dag.py:2306} INFO - Setting next_dagrun for example_subdag_operator.section-2 to None
[2021-07-23 16:21:41,508] {logging_mixin.py:104} INFO - [2021-07-23 16:21:41,508] {dag.py:1833} INFO - Sync 2 DAGs
[2021-07-23 16:21:41,525] {logging_mixin.py:104} INFO - [2021-07-23 16:21:41,525] {dag.py:2306} INFO - Setting next_dagrun for example_subdag_operator.section-1 to None
[2021-07-23 16:21:41,525] {logging_mixin.py:104} INFO - [2021-07-23 16:21:41,525] {dag.py:2306} INFO - Setting next_dagrun for example_subdag_operator.section-2 to None
[2021-07-23 16:21:41,557] {scheduler_job.py:189} INFO - Processing /home/dennismutia/.virtualenvs/wefarm/lib/python3.8/site-packages/airflow/example_dags/example_subdag_operator.py took 0.255 seconds
[2021-07-23 16:21:45,681] {scheduler_job.py:181} INFO - Started process (PID=3080) to work on /home/dennismutia/.virtualenvs/wefarm/lib/python3.8/site-packages/airflow/example_dags/example_subdag_operator.py
[2021-07-23 16:21:45,685] {scheduler_job.py:632} INFO - Processing file /home/dennismutia/.virtualenvs/wefarm/lib/python3.8/site-packages/airflow/example_dags/example_subdag_operator.py for tasks to queue
[2021-07-23 16:21:45,685] {logging_mixin.py:104} INFO - [2021-07-23 16:21:45,685] {dagbag.py:496} INFO - Filling up the DagBag from /home/dennismutia/.virtualenvs/wefarm/lib/python3.8/site-packages/airflow/example_dags/example_subdag_operator.py
[2021-07-23 16:21:45,900] {scheduler_job.py:642} INFO - DAG(s) dict_keys(['example_subdag_operator.section-1', 'example_subdag_operator.section-2', 'example_subdag_operator']) retrieved from /home/dennismutia/.virtualenvs/wefarm/lib/python3.8/site-packages/airflow/example_dags/example_subdag_operator.py
[2021-07-23 16:21:45,926] {logging_mixin.py:104} INFO - [2021-07-23 16:21:45,926] {dag.py:1833} INFO - Sync 3 DAGs
[2021-07-23 16:21:45,956] {logging_mixin.py:104} INFO - [2021-07-23 16:21:45,956] {dag.py:2306} INFO - Setting next_dagrun for example_subdag_operator to 2021-07-21 00:00:00+00:00
[2021-07-23 16:21:45,972] {logging_mixin.py:104} INFO - [2021-07-23 16:21:45,972] {dag.py:2306} INFO - Setting next_dagrun for example_subdag_operator.section-1 to None
[2021-07-23 16:21:45,972] {logging_mixin.py:104} INFO - [2021-07-23 16:21:45,972] {dag.py:2306} INFO - Setting next_dagrun for example_subdag_operator.section-2 to None
[2021-07-23 16:21:45,988] {logging_mixin.py:104} INFO - [2021-07-23 16:21:45,988] {dag.py:1833} INFO - Sync 2 DAGs
[2021-07-23 16:21:46,009] {logging_mixin.py:104} INFO - [2021-07-23 16:21:46,009] {dag.py:2306} INFO - Setting next_dagrun for example_subdag_operator.section-1 to None
[2021-07-23 16:21:46,009] {logging_mixin.py:104} INFO - [2021-07-23 16:21:46,009] {dag.py:2306} INFO - Setting next_dagrun for example_subdag_operator.section-2 to None
[2021-07-23 16:21:46,024] {scheduler_job.py:189} INFO - Processing /home/dennismutia/.virtualenvs/wefarm/lib/python3.8/site-packages/airflow/example_dags/example_subdag_operator.py took 0.348 seconds
[2021-07-23 16:21:49,290] {scheduler_job.py:181} INFO - Started process (PID=3140) to work on /home/dennismutia/.virtualenvs/wefarm/lib/python3.8/site-packages/airflow/example_dags/example_subdag_operator.py
[2021-07-23 16:21:49,291] {scheduler_job.py:632} INFO - Processing file /home/dennismutia/.virtualenvs/wefarm/lib/python3.8/site-packages/airflow/example_dags/example_subdag_operator.py for tasks to queue
[2021-07-23 16:21:49,291] {logging_mixin.py:104} INFO - [2021-07-23 16:21:49,291] {dagbag.py:496} INFO - Filling up the DagBag from /home/dennismutia/.virtualenvs/wefarm/lib/python3.8/site-packages/airflow/example_dags/example_subdag_operator.py
[2021-07-23 16:21:49,421] {scheduler_job.py:642} INFO - DAG(s) dict_keys(['example_subdag_operator.section-1', 'example_subdag_operator.section-2', 'example_subdag_operator']) retrieved from /home/dennismutia/.virtualenvs/wefarm/lib/python3.8/site-packages/airflow/example_dags/example_subdag_operator.py
[2021-07-23 16:21:49,435] {logging_mixin.py:104} INFO - [2021-07-23 16:21:49,434] {dag.py:1833} INFO - Sync 3 DAGs
[2021-07-23 16:21:49,450] {logging_mixin.py:104} INFO - [2021-07-23 16:21:49,450] {dag.py:2306} INFO - Setting next_dagrun for example_subdag_operator to 2021-07-21 00:00:00+00:00
[2021-07-23 16:21:49,451] {logging_mixin.py:104} INFO - [2021-07-23 16:21:49,451] {dag.py:2306} INFO - Setting next_dagrun for example_subdag_operator.section-1 to None
[2021-07-23 16:21:49,452] {logging_mixin.py:104} INFO - [2021-07-23 16:21:49,452] {dag.py:2306} INFO - Setting next_dagrun for example_subdag_operator.section-2 to None
[2021-07-23 16:21:49,461] {logging_mixin.py:104} INFO - [2021-07-23 16:21:49,461] {dag.py:1833} INFO - Sync 2 DAGs
[2021-07-23 16:21:49,473] {logging_mixin.py:104} INFO - [2021-07-23 16:21:49,473] {dag.py:2306} INFO - Setting next_dagrun for example_subdag_operator.section-1 to None
[2021-07-23 16:21:49,473] {logging_mixin.py:104} INFO - [2021-07-23 16:21:49,473] {dag.py:2306} INFO - Setting next_dagrun for example_subdag_operator.section-2 to None
[2021-07-23 16:21:49,483] {scheduler_job.py:189} INFO - Processing /home/dennismutia/.virtualenvs/wefarm/lib/python3.8/site-packages/airflow/example_dags/example_subdag_operator.py took 0.197 seconds
[2021-07-23 16:21:52,807] {scheduler_job.py:181} INFO - Started process (PID=3200) to work on /home/dennismutia/.virtualenvs/wefarm/lib/python3.8/site-packages/airflow/example_dags/example_subdag_operator.py
[2021-07-23 16:21:52,812] {scheduler_job.py:632} INFO - Processing file /home/dennismutia/.virtualenvs/wefarm/lib/python3.8/site-packages/airflow/example_dags/example_subdag_operator.py for tasks to queue
[2021-07-23 16:21:52,813] {logging_mixin.py:104} INFO - [2021-07-23 16:21:52,813] {dagbag.py:496} INFO - Filling up the DagBag from /home/dennismutia/.virtualenvs/wefarm/lib/python3.8/site-packages/airflow/example_dags/example_subdag_operator.py
[2021-07-23 16:21:52,991] {scheduler_job.py:642} INFO - DAG(s) dict_keys(['example_subdag_operator.section-1', 'example_subdag_operator.section-2', 'example_subdag_operator']) retrieved from /home/dennismutia/.virtualenvs/wefarm/lib/python3.8/site-packages/airflow/example_dags/example_subdag_operator.py
[2021-07-23 16:21:53,007] {logging_mixin.py:104} INFO - [2021-07-23 16:21:53,007] {dag.py:1833} INFO - Sync 3 DAGs
[2021-07-23 16:21:53,052] {logging_mixin.py:104} INFO - [2021-07-23 16:21:53,052] {dag.py:2306} INFO - Setting next_dagrun for example_subdag_operator to 2021-07-21 00:00:00+00:00
[2021-07-23 16:21:53,067] {logging_mixin.py:104} INFO - [2021-07-23 16:21:53,067] {dag.py:2306} INFO - Setting next_dagrun for example_subdag_operator.section-1 to None
[2021-07-23 16:21:53,069] {logging_mixin.py:104} INFO - [2021-07-23 16:21:53,069] {dag.py:2306} INFO - Setting next_dagrun for example_subdag_operator.section-2 to None
[2021-07-23 16:21:53,092] {logging_mixin.py:104} INFO - [2021-07-23 16:21:53,092] {dag.py:1833} INFO - Sync 2 DAGs
[2021-07-23 16:21:53,114] {logging_mixin.py:104} INFO - [2021-07-23 16:21:53,114] {dag.py:2306} INFO - Setting next_dagrun for example_subdag_operator.section-1 to None
[2021-07-23 16:21:53,117] {logging_mixin.py:104} INFO - [2021-07-23 16:21:53,116] {dag.py:2306} INFO - Setting next_dagrun for example_subdag_operator.section-2 to None
[2021-07-23 16:21:53,137] {scheduler_job.py:189} INFO - Processing /home/dennismutia/.virtualenvs/wefarm/lib/python3.8/site-packages/airflow/example_dags/example_subdag_operator.py took 0.336 seconds
