[2021-07-23 16:19:55,564] {scheduler_job.py:181} INFO - Started process (PID=794) to work on /home/dennismutia/.virtualenvs/wefarm/lib/python3.8/site-packages/airflow/example_dags/example_trigger_controller_dag.py
[2021-07-23 16:19:55,565] {scheduler_job.py:632} INFO - Processing file /home/dennismutia/.virtualenvs/wefarm/lib/python3.8/site-packages/airflow/example_dags/example_trigger_controller_dag.py for tasks to queue
[2021-07-23 16:19:55,565] {logging_mixin.py:104} INFO - [2021-07-23 16:19:55,565] {dagbag.py:496} INFO - Filling up the DagBag from /home/dennismutia/.virtualenvs/wefarm/lib/python3.8/site-packages/airflow/example_dags/example_trigger_controller_dag.py
[2021-07-23 16:19:55,577] {scheduler_job.py:642} INFO - DAG(s) dict_keys(['example_trigger_controller_dag']) retrieved from /home/dennismutia/.virtualenvs/wefarm/lib/python3.8/site-packages/airflow/example_dags/example_trigger_controller_dag.py
[2021-07-23 16:19:55,898] {logging_mixin.py:104} INFO - [2021-07-23 16:19:55,898] {dag.py:1833} INFO - Sync 1 DAGs
[2021-07-23 16:19:55,917] {logging_mixin.py:104} INFO - [2021-07-23 16:19:55,917] {dag.py:2306} INFO - Setting next_dagrun for example_trigger_controller_dag to 2021-07-21 00:00:00+00:00
[2021-07-23 16:19:55,931] {scheduler_job.py:189} INFO - Processing /home/dennismutia/.virtualenvs/wefarm/lib/python3.8/site-packages/airflow/example_dags/example_trigger_controller_dag.py took 0.375 seconds
[2021-07-23 16:19:59,097] {scheduler_job.py:181} INFO - Started process (PID=857) to work on /home/dennismutia/.virtualenvs/wefarm/lib/python3.8/site-packages/airflow/example_dags/example_trigger_controller_dag.py
[2021-07-23 16:19:59,098] {scheduler_job.py:632} INFO - Processing file /home/dennismutia/.virtualenvs/wefarm/lib/python3.8/site-packages/airflow/example_dags/example_trigger_controller_dag.py for tasks to queue
[2021-07-23 16:19:59,098] {logging_mixin.py:104} INFO - [2021-07-23 16:19:59,098] {dagbag.py:496} INFO - Filling up the DagBag from /home/dennismutia/.virtualenvs/wefarm/lib/python3.8/site-packages/airflow/example_dags/example_trigger_controller_dag.py
[2021-07-23 16:19:59,108] {scheduler_job.py:642} INFO - DAG(s) dict_keys(['example_trigger_controller_dag']) retrieved from /home/dennismutia/.virtualenvs/wefarm/lib/python3.8/site-packages/airflow/example_dags/example_trigger_controller_dag.py
[2021-07-23 16:19:59,127] {logging_mixin.py:104} INFO - [2021-07-23 16:19:59,127] {dag.py:1833} INFO - Sync 1 DAGs
[2021-07-23 16:19:59,183] {logging_mixin.py:104} INFO - [2021-07-23 16:19:59,183] {dag.py:2306} INFO - Setting next_dagrun for example_trigger_controller_dag to 2021-07-21 00:00:00+00:00
[2021-07-23 16:19:59,194] {scheduler_job.py:189} INFO - Processing /home/dennismutia/.virtualenvs/wefarm/lib/python3.8/site-packages/airflow/example_dags/example_trigger_controller_dag.py took 0.099 seconds
[2021-07-23 16:20:00,889] {scheduler_job.py:181} INFO - Started process (PID=918) to work on /home/dennismutia/.virtualenvs/wefarm/lib/python3.8/site-packages/airflow/example_dags/example_trigger_controller_dag.py
[2021-07-23 16:20:00,890] {scheduler_job.py:632} INFO - Processing file /home/dennismutia/.virtualenvs/wefarm/lib/python3.8/site-packages/airflow/example_dags/example_trigger_controller_dag.py for tasks to queue
[2021-07-23 16:20:00,890] {logging_mixin.py:104} INFO - [2021-07-23 16:20:00,890] {dagbag.py:496} INFO - Filling up the DagBag from /home/dennismutia/.virtualenvs/wefarm/lib/python3.8/site-packages/airflow/example_dags/example_trigger_controller_dag.py
[2021-07-23 16:20:00,899] {scheduler_job.py:642} INFO - DAG(s) dict_keys(['example_trigger_controller_dag']) retrieved from /home/dennismutia/.virtualenvs/wefarm/lib/python3.8/site-packages/airflow/example_dags/example_trigger_controller_dag.py
[2021-07-23 16:20:00,922] {logging_mixin.py:104} INFO - [2021-07-23 16:20:00,922] {dag.py:1833} INFO - Sync 1 DAGs
[2021-07-23 16:20:00,982] {logging_mixin.py:104} INFO - [2021-07-23 16:20:00,982] {dag.py:2306} INFO - Setting next_dagrun for example_trigger_controller_dag to 2021-07-21 00:00:00+00:00
[2021-07-23 16:20:00,992] {scheduler_job.py:189} INFO - Processing /home/dennismutia/.virtualenvs/wefarm/lib/python3.8/site-packages/airflow/example_dags/example_trigger_controller_dag.py took 0.107 seconds
[2021-07-23 16:20:02,909] {scheduler_job.py:181} INFO - Started process (PID=1020) to work on /home/dennismutia/.virtualenvs/wefarm/lib/python3.8/site-packages/airflow/example_dags/example_trigger_controller_dag.py
[2021-07-23 16:20:02,910] {scheduler_job.py:632} INFO - Processing file /home/dennismutia/.virtualenvs/wefarm/lib/python3.8/site-packages/airflow/example_dags/example_trigger_controller_dag.py for tasks to queue
[2021-07-23 16:20:02,911] {logging_mixin.py:104} INFO - [2021-07-23 16:20:02,910] {dagbag.py:496} INFO - Filling up the DagBag from /home/dennismutia/.virtualenvs/wefarm/lib/python3.8/site-packages/airflow/example_dags/example_trigger_controller_dag.py
[2021-07-23 16:20:02,921] {scheduler_job.py:642} INFO - DAG(s) dict_keys(['example_trigger_controller_dag']) retrieved from /home/dennismutia/.virtualenvs/wefarm/lib/python3.8/site-packages/airflow/example_dags/example_trigger_controller_dag.py
[2021-07-23 16:20:02,937] {logging_mixin.py:104} INFO - [2021-07-23 16:20:02,937] {dag.py:1833} INFO - Sync 1 DAGs
[2021-07-23 16:20:03,006] {logging_mixin.py:104} INFO - [2021-07-23 16:20:03,005] {dag.py:2306} INFO - Setting next_dagrun for example_trigger_controller_dag to 2021-07-21 00:00:00+00:00
[2021-07-23 16:20:03,015] {scheduler_job.py:189} INFO - Processing /home/dennismutia/.virtualenvs/wefarm/lib/python3.8/site-packages/airflow/example_dags/example_trigger_controller_dag.py took 0.108 seconds
[2021-07-23 16:20:04,887] {scheduler_job.py:181} INFO - Started process (PID=1089) to work on /home/dennismutia/.virtualenvs/wefarm/lib/python3.8/site-packages/airflow/example_dags/example_trigger_controller_dag.py
[2021-07-23 16:20:04,888] {scheduler_job.py:632} INFO - Processing file /home/dennismutia/.virtualenvs/wefarm/lib/python3.8/site-packages/airflow/example_dags/example_trigger_controller_dag.py for tasks to queue
[2021-07-23 16:20:04,888] {logging_mixin.py:104} INFO - [2021-07-23 16:20:04,888] {dagbag.py:496} INFO - Filling up the DagBag from /home/dennismutia/.virtualenvs/wefarm/lib/python3.8/site-packages/airflow/example_dags/example_trigger_controller_dag.py
[2021-07-23 16:20:04,898] {scheduler_job.py:642} INFO - DAG(s) dict_keys(['example_trigger_controller_dag']) retrieved from /home/dennismutia/.virtualenvs/wefarm/lib/python3.8/site-packages/airflow/example_dags/example_trigger_controller_dag.py
[2021-07-23 16:20:04,922] {logging_mixin.py:104} INFO - [2021-07-23 16:20:04,922] {dag.py:1833} INFO - Sync 1 DAGs
[2021-07-23 16:20:04,978] {logging_mixin.py:104} INFO - [2021-07-23 16:20:04,978] {dag.py:2306} INFO - Setting next_dagrun for example_trigger_controller_dag to 2021-07-21 00:00:00+00:00
[2021-07-23 16:20:04,986] {scheduler_job.py:189} INFO - Processing /home/dennismutia/.virtualenvs/wefarm/lib/python3.8/site-packages/airflow/example_dags/example_trigger_controller_dag.py took 0.102 seconds
[2021-07-23 16:20:06,631] {scheduler_job.py:181} INFO - Started process (PID=1148) to work on /home/dennismutia/.virtualenvs/wefarm/lib/python3.8/site-packages/airflow/example_dags/example_trigger_controller_dag.py
[2021-07-23 16:20:06,632] {scheduler_job.py:632} INFO - Processing file /home/dennismutia/.virtualenvs/wefarm/lib/python3.8/site-packages/airflow/example_dags/example_trigger_controller_dag.py for tasks to queue
[2021-07-23 16:20:06,632] {logging_mixin.py:104} INFO - [2021-07-23 16:20:06,632] {dagbag.py:496} INFO - Filling up the DagBag from /home/dennismutia/.virtualenvs/wefarm/lib/python3.8/site-packages/airflow/example_dags/example_trigger_controller_dag.py
[2021-07-23 16:20:06,644] {scheduler_job.py:642} INFO - DAG(s) dict_keys(['example_trigger_controller_dag']) retrieved from /home/dennismutia/.virtualenvs/wefarm/lib/python3.8/site-packages/airflow/example_dags/example_trigger_controller_dag.py
[2021-07-23 16:20:06,661] {logging_mixin.py:104} INFO - [2021-07-23 16:20:06,661] {dag.py:1833} INFO - Sync 1 DAGs
[2021-07-23 16:20:06,732] {logging_mixin.py:104} INFO - [2021-07-23 16:20:06,732] {dag.py:2306} INFO - Setting next_dagrun for example_trigger_controller_dag to 2021-07-21 00:00:00+00:00
[2021-07-23 16:20:06,742] {scheduler_job.py:189} INFO - Processing /home/dennismutia/.virtualenvs/wefarm/lib/python3.8/site-packages/airflow/example_dags/example_trigger_controller_dag.py took 0.113 seconds
[2021-07-23 16:20:08,740] {scheduler_job.py:181} INFO - Started process (PID=1230) to work on /home/dennismutia/.virtualenvs/wefarm/lib/python3.8/site-packages/airflow/example_dags/example_trigger_controller_dag.py
[2021-07-23 16:20:08,741] {scheduler_job.py:632} INFO - Processing file /home/dennismutia/.virtualenvs/wefarm/lib/python3.8/site-packages/airflow/example_dags/example_trigger_controller_dag.py for tasks to queue
[2021-07-23 16:20:08,741] {logging_mixin.py:104} INFO - [2021-07-23 16:20:08,741] {dagbag.py:496} INFO - Filling up the DagBag from /home/dennismutia/.virtualenvs/wefarm/lib/python3.8/site-packages/airflow/example_dags/example_trigger_controller_dag.py
[2021-07-23 16:20:08,751] {scheduler_job.py:642} INFO - DAG(s) dict_keys(['example_trigger_controller_dag']) retrieved from /home/dennismutia/.virtualenvs/wefarm/lib/python3.8/site-packages/airflow/example_dags/example_trigger_controller_dag.py
[2021-07-23 16:20:08,784] {logging_mixin.py:104} INFO - [2021-07-23 16:20:08,784] {dag.py:1833} INFO - Sync 1 DAGs
[2021-07-23 16:20:08,843] {logging_mixin.py:104} INFO - [2021-07-23 16:20:08,843] {dag.py:2306} INFO - Setting next_dagrun for example_trigger_controller_dag to 2021-07-21 00:00:00+00:00
[2021-07-23 16:20:08,852] {scheduler_job.py:189} INFO - Processing /home/dennismutia/.virtualenvs/wefarm/lib/python3.8/site-packages/airflow/example_dags/example_trigger_controller_dag.py took 0.115 seconds
[2021-07-23 16:20:10,651] {scheduler_job.py:181} INFO - Started process (PID=1291) to work on /home/dennismutia/.virtualenvs/wefarm/lib/python3.8/site-packages/airflow/example_dags/example_trigger_controller_dag.py
[2021-07-23 16:20:10,653] {scheduler_job.py:632} INFO - Processing file /home/dennismutia/.virtualenvs/wefarm/lib/python3.8/site-packages/airflow/example_dags/example_trigger_controller_dag.py for tasks to queue
[2021-07-23 16:20:10,654] {logging_mixin.py:104} INFO - [2021-07-23 16:20:10,653] {dagbag.py:496} INFO - Filling up the DagBag from /home/dennismutia/.virtualenvs/wefarm/lib/python3.8/site-packages/airflow/example_dags/example_trigger_controller_dag.py
[2021-07-23 16:20:10,665] {scheduler_job.py:642} INFO - DAG(s) dict_keys(['example_trigger_controller_dag']) retrieved from /home/dennismutia/.virtualenvs/wefarm/lib/python3.8/site-packages/airflow/example_dags/example_trigger_controller_dag.py
[2021-07-23 16:20:10,682] {logging_mixin.py:104} INFO - [2021-07-23 16:20:10,682] {dag.py:1833} INFO - Sync 1 DAGs
[2021-07-23 16:20:10,742] {logging_mixin.py:104} INFO - [2021-07-23 16:20:10,742] {dag.py:2306} INFO - Setting next_dagrun for example_trigger_controller_dag to 2021-07-21 00:00:00+00:00
[2021-07-23 16:20:10,758] {scheduler_job.py:189} INFO - Processing /home/dennismutia/.virtualenvs/wefarm/lib/python3.8/site-packages/airflow/example_dags/example_trigger_controller_dag.py took 0.109 seconds
[2021-07-23 16:20:12,616] {scheduler_job.py:181} INFO - Started process (PID=1354) to work on /home/dennismutia/.virtualenvs/wefarm/lib/python3.8/site-packages/airflow/example_dags/example_trigger_controller_dag.py
[2021-07-23 16:20:12,618] {scheduler_job.py:632} INFO - Processing file /home/dennismutia/.virtualenvs/wefarm/lib/python3.8/site-packages/airflow/example_dags/example_trigger_controller_dag.py for tasks to queue
[2021-07-23 16:20:12,619] {logging_mixin.py:104} INFO - [2021-07-23 16:20:12,618] {dagbag.py:496} INFO - Filling up the DagBag from /home/dennismutia/.virtualenvs/wefarm/lib/python3.8/site-packages/airflow/example_dags/example_trigger_controller_dag.py
[2021-07-23 16:20:12,633] {scheduler_job.py:642} INFO - DAG(s) dict_keys(['example_trigger_controller_dag']) retrieved from /home/dennismutia/.virtualenvs/wefarm/lib/python3.8/site-packages/airflow/example_dags/example_trigger_controller_dag.py
[2021-07-23 16:20:12,652] {logging_mixin.py:104} INFO - [2021-07-23 16:20:12,651] {dag.py:1833} INFO - Sync 1 DAGs
[2021-07-23 16:20:12,718] {logging_mixin.py:104} INFO - [2021-07-23 16:20:12,718] {dag.py:2306} INFO - Setting next_dagrun for example_trigger_controller_dag to 2021-07-21 00:00:00+00:00
[2021-07-23 16:20:12,732] {scheduler_job.py:189} INFO - Processing /home/dennismutia/.virtualenvs/wefarm/lib/python3.8/site-packages/airflow/example_dags/example_trigger_controller_dag.py took 0.119 seconds
[2021-07-23 16:20:14,972] {scheduler_job.py:181} INFO - Started process (PID=1414) to work on /home/dennismutia/.virtualenvs/wefarm/lib/python3.8/site-packages/airflow/example_dags/example_trigger_controller_dag.py
[2021-07-23 16:20:14,973] {scheduler_job.py:632} INFO - Processing file /home/dennismutia/.virtualenvs/wefarm/lib/python3.8/site-packages/airflow/example_dags/example_trigger_controller_dag.py for tasks to queue
[2021-07-23 16:20:14,974] {logging_mixin.py:104} INFO - [2021-07-23 16:20:14,974] {dagbag.py:496} INFO - Filling up the DagBag from /home/dennismutia/.virtualenvs/wefarm/lib/python3.8/site-packages/airflow/example_dags/example_trigger_controller_dag.py
[2021-07-23 16:20:14,987] {scheduler_job.py:642} INFO - DAG(s) dict_keys(['example_trigger_controller_dag']) retrieved from /home/dennismutia/.virtualenvs/wefarm/lib/python3.8/site-packages/airflow/example_dags/example_trigger_controller_dag.py
[2021-07-23 16:20:15,017] {logging_mixin.py:104} INFO - [2021-07-23 16:20:15,016] {dag.py:1833} INFO - Sync 1 DAGs
[2021-07-23 16:20:15,091] {logging_mixin.py:104} INFO - [2021-07-23 16:20:15,091] {dag.py:2306} INFO - Setting next_dagrun for example_trigger_controller_dag to 2021-07-21 00:00:00+00:00
[2021-07-23 16:20:15,103] {scheduler_job.py:189} INFO - Processing /home/dennismutia/.virtualenvs/wefarm/lib/python3.8/site-packages/airflow/example_dags/example_trigger_controller_dag.py took 0.135 seconds
[2021-07-23 16:20:17,391] {scheduler_job.py:181} INFO - Started process (PID=1474) to work on /home/dennismutia/.virtualenvs/wefarm/lib/python3.8/site-packages/airflow/example_dags/example_trigger_controller_dag.py
[2021-07-23 16:20:17,392] {scheduler_job.py:632} INFO - Processing file /home/dennismutia/.virtualenvs/wefarm/lib/python3.8/site-packages/airflow/example_dags/example_trigger_controller_dag.py for tasks to queue
[2021-07-23 16:20:17,392] {logging_mixin.py:104} INFO - [2021-07-23 16:20:17,392] {dagbag.py:496} INFO - Filling up the DagBag from /home/dennismutia/.virtualenvs/wefarm/lib/python3.8/site-packages/airflow/example_dags/example_trigger_controller_dag.py
[2021-07-23 16:20:17,405] {scheduler_job.py:642} INFO - DAG(s) dict_keys(['example_trigger_controller_dag']) retrieved from /home/dennismutia/.virtualenvs/wefarm/lib/python3.8/site-packages/airflow/example_dags/example_trigger_controller_dag.py
[2021-07-23 16:20:17,434] {logging_mixin.py:104} INFO - [2021-07-23 16:20:17,433] {dag.py:1833} INFO - Sync 1 DAGs
[2021-07-23 16:20:17,501] {logging_mixin.py:104} INFO - [2021-07-23 16:20:17,501] {dag.py:2306} INFO - Setting next_dagrun for example_trigger_controller_dag to 2021-07-21 00:00:00+00:00
[2021-07-23 16:20:17,517] {scheduler_job.py:189} INFO - Processing /home/dennismutia/.virtualenvs/wefarm/lib/python3.8/site-packages/airflow/example_dags/example_trigger_controller_dag.py took 0.130 seconds
[2021-07-23 16:20:19,641] {scheduler_job.py:181} INFO - Started process (PID=1533) to work on /home/dennismutia/.virtualenvs/wefarm/lib/python3.8/site-packages/airflow/example_dags/example_trigger_controller_dag.py
[2021-07-23 16:20:19,643] {scheduler_job.py:632} INFO - Processing file /home/dennismutia/.virtualenvs/wefarm/lib/python3.8/site-packages/airflow/example_dags/example_trigger_controller_dag.py for tasks to queue
[2021-07-23 16:20:19,643] {logging_mixin.py:104} INFO - [2021-07-23 16:20:19,643] {dagbag.py:496} INFO - Filling up the DagBag from /home/dennismutia/.virtualenvs/wefarm/lib/python3.8/site-packages/airflow/example_dags/example_trigger_controller_dag.py
[2021-07-23 16:20:19,657] {scheduler_job.py:642} INFO - DAG(s) dict_keys(['example_trigger_controller_dag']) retrieved from /home/dennismutia/.virtualenvs/wefarm/lib/python3.8/site-packages/airflow/example_dags/example_trigger_controller_dag.py
[2021-07-23 16:20:19,680] {logging_mixin.py:104} INFO - [2021-07-23 16:20:19,679] {dag.py:1833} INFO - Sync 1 DAGs
[2021-07-23 16:20:19,769] {logging_mixin.py:104} INFO - [2021-07-23 16:20:19,769] {dag.py:2306} INFO - Setting next_dagrun for example_trigger_controller_dag to 2021-07-21 00:00:00+00:00
[2021-07-23 16:20:19,844] {scheduler_job.py:189} INFO - Processing /home/dennismutia/.virtualenvs/wefarm/lib/python3.8/site-packages/airflow/example_dags/example_trigger_controller_dag.py took 0.205 seconds
[2021-07-23 16:20:21,972] {scheduler_job.py:181} INFO - Started process (PID=1594) to work on /home/dennismutia/.virtualenvs/wefarm/lib/python3.8/site-packages/airflow/example_dags/example_trigger_controller_dag.py
[2021-07-23 16:20:21,974] {scheduler_job.py:632} INFO - Processing file /home/dennismutia/.virtualenvs/wefarm/lib/python3.8/site-packages/airflow/example_dags/example_trigger_controller_dag.py for tasks to queue
[2021-07-23 16:20:21,974] {logging_mixin.py:104} INFO - [2021-07-23 16:20:21,974] {dagbag.py:496} INFO - Filling up the DagBag from /home/dennismutia/.virtualenvs/wefarm/lib/python3.8/site-packages/airflow/example_dags/example_trigger_controller_dag.py
[2021-07-23 16:20:21,992] {scheduler_job.py:642} INFO - DAG(s) dict_keys(['example_trigger_controller_dag']) retrieved from /home/dennismutia/.virtualenvs/wefarm/lib/python3.8/site-packages/airflow/example_dags/example_trigger_controller_dag.py
[2021-07-23 16:20:22,026] {logging_mixin.py:104} INFO - [2021-07-23 16:20:22,026] {dag.py:1833} INFO - Sync 1 DAGs
[2021-07-23 16:20:22,096] {logging_mixin.py:104} INFO - [2021-07-23 16:20:22,096] {dag.py:2306} INFO - Setting next_dagrun for example_trigger_controller_dag to 2021-07-21 00:00:00+00:00
[2021-07-23 16:20:22,110] {scheduler_job.py:189} INFO - Processing /home/dennismutia/.virtualenvs/wefarm/lib/python3.8/site-packages/airflow/example_dags/example_trigger_controller_dag.py took 0.142 seconds
[2021-07-23 16:20:24,906] {scheduler_job.py:181} INFO - Started process (PID=1658) to work on /home/dennismutia/.virtualenvs/wefarm/lib/python3.8/site-packages/airflow/example_dags/example_trigger_controller_dag.py
[2021-07-23 16:20:24,909] {scheduler_job.py:632} INFO - Processing file /home/dennismutia/.virtualenvs/wefarm/lib/python3.8/site-packages/airflow/example_dags/example_trigger_controller_dag.py for tasks to queue
[2021-07-23 16:20:24,912] {logging_mixin.py:104} INFO - [2021-07-23 16:20:24,912] {dagbag.py:496} INFO - Filling up the DagBag from /home/dennismutia/.virtualenvs/wefarm/lib/python3.8/site-packages/airflow/example_dags/example_trigger_controller_dag.py
[2021-07-23 16:20:24,927] {scheduler_job.py:642} INFO - DAG(s) dict_keys(['example_trigger_controller_dag']) retrieved from /home/dennismutia/.virtualenvs/wefarm/lib/python3.8/site-packages/airflow/example_dags/example_trigger_controller_dag.py
[2021-07-23 16:20:24,970] {logging_mixin.py:104} INFO - [2021-07-23 16:20:24,970] {dag.py:1833} INFO - Sync 1 DAGs
[2021-07-23 16:20:25,071] {logging_mixin.py:104} INFO - [2021-07-23 16:20:25,071] {dag.py:2306} INFO - Setting next_dagrun for example_trigger_controller_dag to 2021-07-21 00:00:00+00:00
[2021-07-23 16:20:25,082] {scheduler_job.py:189} INFO - Processing /home/dennismutia/.virtualenvs/wefarm/lib/python3.8/site-packages/airflow/example_dags/example_trigger_controller_dag.py took 0.179 seconds
[2021-07-23 16:20:28,042] {scheduler_job.py:181} INFO - Started process (PID=1721) to work on /home/dennismutia/.virtualenvs/wefarm/lib/python3.8/site-packages/airflow/example_dags/example_trigger_controller_dag.py
[2021-07-23 16:20:28,044] {scheduler_job.py:632} INFO - Processing file /home/dennismutia/.virtualenvs/wefarm/lib/python3.8/site-packages/airflow/example_dags/example_trigger_controller_dag.py for tasks to queue
[2021-07-23 16:20:28,047] {logging_mixin.py:104} INFO - [2021-07-23 16:20:28,046] {dagbag.py:496} INFO - Filling up the DagBag from /home/dennismutia/.virtualenvs/wefarm/lib/python3.8/site-packages/airflow/example_dags/example_trigger_controller_dag.py
[2021-07-23 16:20:28,069] {scheduler_job.py:642} INFO - DAG(s) dict_keys(['example_trigger_controller_dag']) retrieved from /home/dennismutia/.virtualenvs/wefarm/lib/python3.8/site-packages/airflow/example_dags/example_trigger_controller_dag.py
[2021-07-23 16:20:28,174] {logging_mixin.py:104} INFO - [2021-07-23 16:20:28,174] {dag.py:1833} INFO - Sync 1 DAGs
[2021-07-23 16:20:28,194] {logging_mixin.py:104} INFO - [2021-07-23 16:20:28,194] {dag.py:2306} INFO - Setting next_dagrun for example_trigger_controller_dag to 2021-07-21 00:00:00+00:00
[2021-07-23 16:20:28,210] {scheduler_job.py:189} INFO - Processing /home/dennismutia/.virtualenvs/wefarm/lib/python3.8/site-packages/airflow/example_dags/example_trigger_controller_dag.py took 0.172 seconds
[2021-07-23 16:20:36,230] {scheduler_job.py:181} INFO - Started process (PID=1787) to work on /home/dennismutia/.virtualenvs/wefarm/lib/python3.8/site-packages/airflow/example_dags/example_trigger_controller_dag.py
[2021-07-23 16:20:36,231] {scheduler_job.py:632} INFO - Processing file /home/dennismutia/.virtualenvs/wefarm/lib/python3.8/site-packages/airflow/example_dags/example_trigger_controller_dag.py for tasks to queue
[2021-07-23 16:20:36,246] {logging_mixin.py:104} INFO - [2021-07-23 16:20:36,246] {dagbag.py:496} INFO - Filling up the DagBag from /home/dennismutia/.virtualenvs/wefarm/lib/python3.8/site-packages/airflow/example_dags/example_trigger_controller_dag.py
[2021-07-23 16:20:36,341] {scheduler_job.py:642} INFO - DAG(s) dict_keys(['example_trigger_controller_dag']) retrieved from /home/dennismutia/.virtualenvs/wefarm/lib/python3.8/site-packages/airflow/example_dags/example_trigger_controller_dag.py
[2021-07-23 16:20:37,007] {logging_mixin.py:104} INFO - [2021-07-23 16:20:37,007] {dag.py:1833} INFO - Sync 1 DAGs
[2021-07-23 16:20:37,051] {logging_mixin.py:104} INFO - [2021-07-23 16:20:37,051] {dag.py:2306} INFO - Setting next_dagrun for example_trigger_controller_dag to 2021-07-21 00:00:00+00:00
[2021-07-23 16:20:37,110] {scheduler_job.py:189} INFO - Processing /home/dennismutia/.virtualenvs/wefarm/lib/python3.8/site-packages/airflow/example_dags/example_trigger_controller_dag.py took 0.975 seconds
[2021-07-23 16:20:43,045] {scheduler_job.py:181} INFO - Started process (PID=1862) to work on /home/dennismutia/.virtualenvs/wefarm/lib/python3.8/site-packages/airflow/example_dags/example_trigger_controller_dag.py
[2021-07-23 16:20:43,062] {scheduler_job.py:632} INFO - Processing file /home/dennismutia/.virtualenvs/wefarm/lib/python3.8/site-packages/airflow/example_dags/example_trigger_controller_dag.py for tasks to queue
[2021-07-23 16:20:43,063] {logging_mixin.py:104} INFO - [2021-07-23 16:20:43,063] {dagbag.py:496} INFO - Filling up the DagBag from /home/dennismutia/.virtualenvs/wefarm/lib/python3.8/site-packages/airflow/example_dags/example_trigger_controller_dag.py
[2021-07-23 16:20:43,238] {scheduler_job.py:642} INFO - DAG(s) dict_keys(['example_trigger_controller_dag']) retrieved from /home/dennismutia/.virtualenvs/wefarm/lib/python3.8/site-packages/airflow/example_dags/example_trigger_controller_dag.py
[2021-07-23 16:20:43,513] {logging_mixin.py:104} INFO - [2021-07-23 16:20:43,513] {dag.py:1833} INFO - Sync 1 DAGs
[2021-07-23 16:20:43,600] {logging_mixin.py:104} INFO - [2021-07-23 16:20:43,600] {dag.py:2306} INFO - Setting next_dagrun for example_trigger_controller_dag to 2021-07-21 00:00:00+00:00
[2021-07-23 16:20:43,640] {scheduler_job.py:189} INFO - Processing /home/dennismutia/.virtualenvs/wefarm/lib/python3.8/site-packages/airflow/example_dags/example_trigger_controller_dag.py took 0.600 seconds
[2021-07-23 16:20:50,505] {scheduler_job.py:181} INFO - Started process (PID=1922) to work on /home/dennismutia/.virtualenvs/wefarm/lib/python3.8/site-packages/airflow/example_dags/example_trigger_controller_dag.py
[2021-07-23 16:20:50,506] {scheduler_job.py:632} INFO - Processing file /home/dennismutia/.virtualenvs/wefarm/lib/python3.8/site-packages/airflow/example_dags/example_trigger_controller_dag.py for tasks to queue
[2021-07-23 16:20:50,507] {logging_mixin.py:104} INFO - [2021-07-23 16:20:50,507] {dagbag.py:496} INFO - Filling up the DagBag from /home/dennismutia/.virtualenvs/wefarm/lib/python3.8/site-packages/airflow/example_dags/example_trigger_controller_dag.py
[2021-07-23 16:20:50,546] {scheduler_job.py:642} INFO - DAG(s) dict_keys(['example_trigger_controller_dag']) retrieved from /home/dennismutia/.virtualenvs/wefarm/lib/python3.8/site-packages/airflow/example_dags/example_trigger_controller_dag.py
[2021-07-23 16:20:50,751] {logging_mixin.py:104} INFO - [2021-07-23 16:20:50,751] {dag.py:1833} INFO - Sync 1 DAGs
[2021-07-23 16:20:50,783] {logging_mixin.py:104} INFO - [2021-07-23 16:20:50,782] {dag.py:2306} INFO - Setting next_dagrun for example_trigger_controller_dag to 2021-07-21 00:00:00+00:00
[2021-07-23 16:20:50,803] {scheduler_job.py:189} INFO - Processing /home/dennismutia/.virtualenvs/wefarm/lib/python3.8/site-packages/airflow/example_dags/example_trigger_controller_dag.py took 0.304 seconds
[2021-07-23 16:20:56,065] {scheduler_job.py:181} INFO - Started process (PID=1983) to work on /home/dennismutia/.virtualenvs/wefarm/lib/python3.8/site-packages/airflow/example_dags/example_trigger_controller_dag.py
[2021-07-23 16:20:56,066] {scheduler_job.py:632} INFO - Processing file /home/dennismutia/.virtualenvs/wefarm/lib/python3.8/site-packages/airflow/example_dags/example_trigger_controller_dag.py for tasks to queue
[2021-07-23 16:20:56,067] {logging_mixin.py:104} INFO - [2021-07-23 16:20:56,067] {dagbag.py:496} INFO - Filling up the DagBag from /home/dennismutia/.virtualenvs/wefarm/lib/python3.8/site-packages/airflow/example_dags/example_trigger_controller_dag.py
[2021-07-23 16:20:56,105] {scheduler_job.py:642} INFO - DAG(s) dict_keys(['example_trigger_controller_dag']) retrieved from /home/dennismutia/.virtualenvs/wefarm/lib/python3.8/site-packages/airflow/example_dags/example_trigger_controller_dag.py
[2021-07-23 16:20:56,220] {logging_mixin.py:104} INFO - [2021-07-23 16:20:56,220] {dag.py:1833} INFO - Sync 1 DAGs
[2021-07-23 16:20:56,239] {logging_mixin.py:104} INFO - [2021-07-23 16:20:56,238] {dag.py:2306} INFO - Setting next_dagrun for example_trigger_controller_dag to 2021-07-21 00:00:00+00:00
[2021-07-23 16:20:56,253] {scheduler_job.py:189} INFO - Processing /home/dennismutia/.virtualenvs/wefarm/lib/python3.8/site-packages/airflow/example_dags/example_trigger_controller_dag.py took 0.191 seconds
[2021-07-23 16:20:59,467] {scheduler_job.py:181} INFO - Started process (PID=2043) to work on /home/dennismutia/.virtualenvs/wefarm/lib/python3.8/site-packages/airflow/example_dags/example_trigger_controller_dag.py
[2021-07-23 16:20:59,468] {scheduler_job.py:632} INFO - Processing file /home/dennismutia/.virtualenvs/wefarm/lib/python3.8/site-packages/airflow/example_dags/example_trigger_controller_dag.py for tasks to queue
[2021-07-23 16:20:59,469] {logging_mixin.py:104} INFO - [2021-07-23 16:20:59,469] {dagbag.py:496} INFO - Filling up the DagBag from /home/dennismutia/.virtualenvs/wefarm/lib/python3.8/site-packages/airflow/example_dags/example_trigger_controller_dag.py
[2021-07-23 16:20:59,487] {scheduler_job.py:642} INFO - DAG(s) dict_keys(['example_trigger_controller_dag']) retrieved from /home/dennismutia/.virtualenvs/wefarm/lib/python3.8/site-packages/airflow/example_dags/example_trigger_controller_dag.py
[2021-07-23 16:20:59,563] {logging_mixin.py:104} INFO - [2021-07-23 16:20:59,563] {dag.py:1833} INFO - Sync 1 DAGs
[2021-07-23 16:20:59,578] {logging_mixin.py:104} INFO - [2021-07-23 16:20:59,578] {dag.py:2306} INFO - Setting next_dagrun for example_trigger_controller_dag to 2021-07-21 00:00:00+00:00
[2021-07-23 16:20:59,593] {scheduler_job.py:189} INFO - Processing /home/dennismutia/.virtualenvs/wefarm/lib/python3.8/site-packages/airflow/example_dags/example_trigger_controller_dag.py took 0.129 seconds
[2021-07-23 16:21:03,677] {scheduler_job.py:181} INFO - Started process (PID=2102) to work on /home/dennismutia/.virtualenvs/wefarm/lib/python3.8/site-packages/airflow/example_dags/example_trigger_controller_dag.py
[2021-07-23 16:21:03,680] {scheduler_job.py:632} INFO - Processing file /home/dennismutia/.virtualenvs/wefarm/lib/python3.8/site-packages/airflow/example_dags/example_trigger_controller_dag.py for tasks to queue
[2021-07-23 16:21:03,682] {logging_mixin.py:104} INFO - [2021-07-23 16:21:03,682] {dagbag.py:496} INFO - Filling up the DagBag from /home/dennismutia/.virtualenvs/wefarm/lib/python3.8/site-packages/airflow/example_dags/example_trigger_controller_dag.py
[2021-07-23 16:21:03,695] {scheduler_job.py:642} INFO - DAG(s) dict_keys(['example_trigger_controller_dag']) retrieved from /home/dennismutia/.virtualenvs/wefarm/lib/python3.8/site-packages/airflow/example_dags/example_trigger_controller_dag.py
[2021-07-23 16:21:03,781] {logging_mixin.py:104} INFO - [2021-07-23 16:21:03,781] {dag.py:1833} INFO - Sync 1 DAGs
[2021-07-23 16:21:03,802] {logging_mixin.py:104} INFO - [2021-07-23 16:21:03,802] {dag.py:2306} INFO - Setting next_dagrun for example_trigger_controller_dag to 2021-07-21 00:00:00+00:00
[2021-07-23 16:21:03,815] {scheduler_job.py:189} INFO - Processing /home/dennismutia/.virtualenvs/wefarm/lib/python3.8/site-packages/airflow/example_dags/example_trigger_controller_dag.py took 0.141 seconds
[2021-07-23 16:21:06,186] {scheduler_job.py:181} INFO - Started process (PID=2162) to work on /home/dennismutia/.virtualenvs/wefarm/lib/python3.8/site-packages/airflow/example_dags/example_trigger_controller_dag.py
[2021-07-23 16:21:06,188] {scheduler_job.py:632} INFO - Processing file /home/dennismutia/.virtualenvs/wefarm/lib/python3.8/site-packages/airflow/example_dags/example_trigger_controller_dag.py for tasks to queue
[2021-07-23 16:21:06,189] {logging_mixin.py:104} INFO - [2021-07-23 16:21:06,188] {dagbag.py:496} INFO - Filling up the DagBag from /home/dennismutia/.virtualenvs/wefarm/lib/python3.8/site-packages/airflow/example_dags/example_trigger_controller_dag.py
[2021-07-23 16:21:06,206] {scheduler_job.py:642} INFO - DAG(s) dict_keys(['example_trigger_controller_dag']) retrieved from /home/dennismutia/.virtualenvs/wefarm/lib/python3.8/site-packages/airflow/example_dags/example_trigger_controller_dag.py
[2021-07-23 16:21:06,304] {logging_mixin.py:104} INFO - [2021-07-23 16:21:06,304] {dag.py:1833} INFO - Sync 1 DAGs
[2021-07-23 16:21:06,321] {logging_mixin.py:104} INFO - [2021-07-23 16:21:06,321] {dag.py:2306} INFO - Setting next_dagrun for example_trigger_controller_dag to 2021-07-21 00:00:00+00:00
[2021-07-23 16:21:06,340] {scheduler_job.py:189} INFO - Processing /home/dennismutia/.virtualenvs/wefarm/lib/python3.8/site-packages/airflow/example_dags/example_trigger_controller_dag.py took 0.158 seconds
[2021-07-23 16:21:09,247] {scheduler_job.py:181} INFO - Started process (PID=2245) to work on /home/dennismutia/.virtualenvs/wefarm/lib/python3.8/site-packages/airflow/example_dags/example_trigger_controller_dag.py
[2021-07-23 16:21:09,251] {scheduler_job.py:632} INFO - Processing file /home/dennismutia/.virtualenvs/wefarm/lib/python3.8/site-packages/airflow/example_dags/example_trigger_controller_dag.py for tasks to queue
[2021-07-23 16:21:09,253] {logging_mixin.py:104} INFO - [2021-07-23 16:21:09,253] {dagbag.py:496} INFO - Filling up the DagBag from /home/dennismutia/.virtualenvs/wefarm/lib/python3.8/site-packages/airflow/example_dags/example_trigger_controller_dag.py
[2021-07-23 16:21:09,270] {scheduler_job.py:642} INFO - DAG(s) dict_keys(['example_trigger_controller_dag']) retrieved from /home/dennismutia/.virtualenvs/wefarm/lib/python3.8/site-packages/airflow/example_dags/example_trigger_controller_dag.py
[2021-07-23 16:21:09,374] {logging_mixin.py:104} INFO - [2021-07-23 16:21:09,374] {dag.py:1833} INFO - Sync 1 DAGs
[2021-07-23 16:21:09,410] {logging_mixin.py:104} INFO - [2021-07-23 16:21:09,409] {dag.py:2306} INFO - Setting next_dagrun for example_trigger_controller_dag to 2021-07-21 00:00:00+00:00
[2021-07-23 16:21:09,531] {scheduler_job.py:189} INFO - Processing /home/dennismutia/.virtualenvs/wefarm/lib/python3.8/site-packages/airflow/example_dags/example_trigger_controller_dag.py took 0.297 seconds
[2021-07-23 16:21:12,226] {scheduler_job.py:181} INFO - Started process (PID=2335) to work on /home/dennismutia/.virtualenvs/wefarm/lib/python3.8/site-packages/airflow/example_dags/example_trigger_controller_dag.py
[2021-07-23 16:21:12,227] {scheduler_job.py:632} INFO - Processing file /home/dennismutia/.virtualenvs/wefarm/lib/python3.8/site-packages/airflow/example_dags/example_trigger_controller_dag.py for tasks to queue
[2021-07-23 16:21:12,228] {logging_mixin.py:104} INFO - [2021-07-23 16:21:12,228] {dagbag.py:496} INFO - Filling up the DagBag from /home/dennismutia/.virtualenvs/wefarm/lib/python3.8/site-packages/airflow/example_dags/example_trigger_controller_dag.py
[2021-07-23 16:21:12,252] {scheduler_job.py:642} INFO - DAG(s) dict_keys(['example_trigger_controller_dag']) retrieved from /home/dennismutia/.virtualenvs/wefarm/lib/python3.8/site-packages/airflow/example_dags/example_trigger_controller_dag.py
[2021-07-23 16:21:12,340] {logging_mixin.py:104} INFO - [2021-07-23 16:21:12,340] {dag.py:1833} INFO - Sync 1 DAGs
[2021-07-23 16:21:12,356] {logging_mixin.py:104} INFO - [2021-07-23 16:21:12,356] {dag.py:2306} INFO - Setting next_dagrun for example_trigger_controller_dag to 2021-07-21 00:00:00+00:00
[2021-07-23 16:21:12,367] {scheduler_job.py:189} INFO - Processing /home/dennismutia/.virtualenvs/wefarm/lib/python3.8/site-packages/airflow/example_dags/example_trigger_controller_dag.py took 0.144 seconds
[2021-07-23 16:21:14,544] {scheduler_job.py:181} INFO - Started process (PID=2394) to work on /home/dennismutia/.virtualenvs/wefarm/lib/python3.8/site-packages/airflow/example_dags/example_trigger_controller_dag.py
[2021-07-23 16:21:14,548] {scheduler_job.py:632} INFO - Processing file /home/dennismutia/.virtualenvs/wefarm/lib/python3.8/site-packages/airflow/example_dags/example_trigger_controller_dag.py for tasks to queue
[2021-07-23 16:21:14,550] {logging_mixin.py:104} INFO - [2021-07-23 16:21:14,550] {dagbag.py:496} INFO - Filling up the DagBag from /home/dennismutia/.virtualenvs/wefarm/lib/python3.8/site-packages/airflow/example_dags/example_trigger_controller_dag.py
[2021-07-23 16:21:14,566] {scheduler_job.py:642} INFO - DAG(s) dict_keys(['example_trigger_controller_dag']) retrieved from /home/dennismutia/.virtualenvs/wefarm/lib/python3.8/site-packages/airflow/example_dags/example_trigger_controller_dag.py
[2021-07-23 16:21:14,673] {logging_mixin.py:104} INFO - [2021-07-23 16:21:14,673] {dag.py:1833} INFO - Sync 1 DAGs
[2021-07-23 16:21:14,690] {logging_mixin.py:104} INFO - [2021-07-23 16:21:14,690] {dag.py:2306} INFO - Setting next_dagrun for example_trigger_controller_dag to 2021-07-21 00:00:00+00:00
[2021-07-23 16:21:14,702] {scheduler_job.py:189} INFO - Processing /home/dennismutia/.virtualenvs/wefarm/lib/python3.8/site-packages/airflow/example_dags/example_trigger_controller_dag.py took 0.161 seconds
[2021-07-23 16:21:17,034] {scheduler_job.py:181} INFO - Started process (PID=2454) to work on /home/dennismutia/.virtualenvs/wefarm/lib/python3.8/site-packages/airflow/example_dags/example_trigger_controller_dag.py
[2021-07-23 16:21:17,037] {scheduler_job.py:632} INFO - Processing file /home/dennismutia/.virtualenvs/wefarm/lib/python3.8/site-packages/airflow/example_dags/example_trigger_controller_dag.py for tasks to queue
[2021-07-23 16:21:17,038] {logging_mixin.py:104} INFO - [2021-07-23 16:21:17,038] {dagbag.py:496} INFO - Filling up the DagBag from /home/dennismutia/.virtualenvs/wefarm/lib/python3.8/site-packages/airflow/example_dags/example_trigger_controller_dag.py
[2021-07-23 16:21:17,051] {scheduler_job.py:642} INFO - DAG(s) dict_keys(['example_trigger_controller_dag']) retrieved from /home/dennismutia/.virtualenvs/wefarm/lib/python3.8/site-packages/airflow/example_dags/example_trigger_controller_dag.py
[2021-07-23 16:21:17,138] {logging_mixin.py:104} INFO - [2021-07-23 16:21:17,138] {dag.py:1833} INFO - Sync 1 DAGs
[2021-07-23 16:21:17,150] {logging_mixin.py:104} INFO - [2021-07-23 16:21:17,150] {dag.py:2306} INFO - Setting next_dagrun for example_trigger_controller_dag to 2021-07-21 00:00:00+00:00
[2021-07-23 16:21:17,164] {scheduler_job.py:189} INFO - Processing /home/dennismutia/.virtualenvs/wefarm/lib/python3.8/site-packages/airflow/example_dags/example_trigger_controller_dag.py took 0.133 seconds
[2021-07-23 16:21:19,333] {scheduler_job.py:181} INFO - Started process (PID=2515) to work on /home/dennismutia/.virtualenvs/wefarm/lib/python3.8/site-packages/airflow/example_dags/example_trigger_controller_dag.py
[2021-07-23 16:21:19,334] {scheduler_job.py:632} INFO - Processing file /home/dennismutia/.virtualenvs/wefarm/lib/python3.8/site-packages/airflow/example_dags/example_trigger_controller_dag.py for tasks to queue
[2021-07-23 16:21:19,335] {logging_mixin.py:104} INFO - [2021-07-23 16:21:19,335] {dagbag.py:496} INFO - Filling up the DagBag from /home/dennismutia/.virtualenvs/wefarm/lib/python3.8/site-packages/airflow/example_dags/example_trigger_controller_dag.py
[2021-07-23 16:21:19,348] {scheduler_job.py:642} INFO - DAG(s) dict_keys(['example_trigger_controller_dag']) retrieved from /home/dennismutia/.virtualenvs/wefarm/lib/python3.8/site-packages/airflow/example_dags/example_trigger_controller_dag.py
[2021-07-23 16:21:19,452] {logging_mixin.py:104} INFO - [2021-07-23 16:21:19,452] {dag.py:1833} INFO - Sync 1 DAGs
[2021-07-23 16:21:19,466] {logging_mixin.py:104} INFO - [2021-07-23 16:21:19,466] {dag.py:2306} INFO - Setting next_dagrun for example_trigger_controller_dag to 2021-07-21 00:00:00+00:00
[2021-07-23 16:21:19,480] {scheduler_job.py:189} INFO - Processing /home/dennismutia/.virtualenvs/wefarm/lib/python3.8/site-packages/airflow/example_dags/example_trigger_controller_dag.py took 0.149 seconds
[2021-07-23 16:21:21,858] {scheduler_job.py:181} INFO - Started process (PID=2575) to work on /home/dennismutia/.virtualenvs/wefarm/lib/python3.8/site-packages/airflow/example_dags/example_trigger_controller_dag.py
[2021-07-23 16:21:21,859] {scheduler_job.py:632} INFO - Processing file /home/dennismutia/.virtualenvs/wefarm/lib/python3.8/site-packages/airflow/example_dags/example_trigger_controller_dag.py for tasks to queue
[2021-07-23 16:21:21,859] {logging_mixin.py:104} INFO - [2021-07-23 16:21:21,859] {dagbag.py:496} INFO - Filling up the DagBag from /home/dennismutia/.virtualenvs/wefarm/lib/python3.8/site-packages/airflow/example_dags/example_trigger_controller_dag.py
[2021-07-23 16:21:21,872] {scheduler_job.py:642} INFO - DAG(s) dict_keys(['example_trigger_controller_dag']) retrieved from /home/dennismutia/.virtualenvs/wefarm/lib/python3.8/site-packages/airflow/example_dags/example_trigger_controller_dag.py
[2021-07-23 16:21:21,978] {logging_mixin.py:104} INFO - [2021-07-23 16:21:21,978] {dag.py:1833} INFO - Sync 1 DAGs
[2021-07-23 16:21:21,991] {logging_mixin.py:104} INFO - [2021-07-23 16:21:21,991] {dag.py:2306} INFO - Setting next_dagrun for example_trigger_controller_dag to 2021-07-21 00:00:00+00:00
[2021-07-23 16:21:22,002] {scheduler_job.py:189} INFO - Processing /home/dennismutia/.virtualenvs/wefarm/lib/python3.8/site-packages/airflow/example_dags/example_trigger_controller_dag.py took 0.148 seconds
[2021-07-23 16:21:24,296] {scheduler_job.py:181} INFO - Started process (PID=2634) to work on /home/dennismutia/.virtualenvs/wefarm/lib/python3.8/site-packages/airflow/example_dags/example_trigger_controller_dag.py
[2021-07-23 16:21:24,297] {scheduler_job.py:632} INFO - Processing file /home/dennismutia/.virtualenvs/wefarm/lib/python3.8/site-packages/airflow/example_dags/example_trigger_controller_dag.py for tasks to queue
[2021-07-23 16:21:24,298] {logging_mixin.py:104} INFO - [2021-07-23 16:21:24,298] {dagbag.py:496} INFO - Filling up the DagBag from /home/dennismutia/.virtualenvs/wefarm/lib/python3.8/site-packages/airflow/example_dags/example_trigger_controller_dag.py
[2021-07-23 16:21:24,310] {scheduler_job.py:642} INFO - DAG(s) dict_keys(['example_trigger_controller_dag']) retrieved from /home/dennismutia/.virtualenvs/wefarm/lib/python3.8/site-packages/airflow/example_dags/example_trigger_controller_dag.py
[2021-07-23 16:21:24,398] {logging_mixin.py:104} INFO - [2021-07-23 16:21:24,398] {dag.py:1833} INFO - Sync 1 DAGs
[2021-07-23 16:21:24,416] {logging_mixin.py:104} INFO - [2021-07-23 16:21:24,415] {dag.py:2306} INFO - Setting next_dagrun for example_trigger_controller_dag to 2021-07-21 00:00:00+00:00
[2021-07-23 16:21:24,430] {scheduler_job.py:189} INFO - Processing /home/dennismutia/.virtualenvs/wefarm/lib/python3.8/site-packages/airflow/example_dags/example_trigger_controller_dag.py took 0.136 seconds
[2021-07-23 16:21:26,804] {scheduler_job.py:181} INFO - Started process (PID=2715) to work on /home/dennismutia/.virtualenvs/wefarm/lib/python3.8/site-packages/airflow/example_dags/example_trigger_controller_dag.py
[2021-07-23 16:21:26,805] {scheduler_job.py:632} INFO - Processing file /home/dennismutia/.virtualenvs/wefarm/lib/python3.8/site-packages/airflow/example_dags/example_trigger_controller_dag.py for tasks to queue
[2021-07-23 16:21:26,805] {logging_mixin.py:104} INFO - [2021-07-23 16:21:26,805] {dagbag.py:496} INFO - Filling up the DagBag from /home/dennismutia/.virtualenvs/wefarm/lib/python3.8/site-packages/airflow/example_dags/example_trigger_controller_dag.py
[2021-07-23 16:21:26,818] {scheduler_job.py:642} INFO - DAG(s) dict_keys(['example_trigger_controller_dag']) retrieved from /home/dennismutia/.virtualenvs/wefarm/lib/python3.8/site-packages/airflow/example_dags/example_trigger_controller_dag.py
[2021-07-23 16:21:26,913] {logging_mixin.py:104} INFO - [2021-07-23 16:21:26,912] {dag.py:1833} INFO - Sync 1 DAGs
[2021-07-23 16:21:26,928] {logging_mixin.py:104} INFO - [2021-07-23 16:21:26,928] {dag.py:2306} INFO - Setting next_dagrun for example_trigger_controller_dag to 2021-07-21 00:00:00+00:00
[2021-07-23 16:21:26,938] {scheduler_job.py:189} INFO - Processing /home/dennismutia/.virtualenvs/wefarm/lib/python3.8/site-packages/airflow/example_dags/example_trigger_controller_dag.py took 0.138 seconds
[2021-07-23 16:21:29,416] {scheduler_job.py:181} INFO - Started process (PID=2776) to work on /home/dennismutia/.virtualenvs/wefarm/lib/python3.8/site-packages/airflow/example_dags/example_trigger_controller_dag.py
[2021-07-23 16:21:29,419] {scheduler_job.py:632} INFO - Processing file /home/dennismutia/.virtualenvs/wefarm/lib/python3.8/site-packages/airflow/example_dags/example_trigger_controller_dag.py for tasks to queue
[2021-07-23 16:21:29,420] {logging_mixin.py:104} INFO - [2021-07-23 16:21:29,420] {dagbag.py:496} INFO - Filling up the DagBag from /home/dennismutia/.virtualenvs/wefarm/lib/python3.8/site-packages/airflow/example_dags/example_trigger_controller_dag.py
[2021-07-23 16:21:29,433] {scheduler_job.py:642} INFO - DAG(s) dict_keys(['example_trigger_controller_dag']) retrieved from /home/dennismutia/.virtualenvs/wefarm/lib/python3.8/site-packages/airflow/example_dags/example_trigger_controller_dag.py
[2021-07-23 16:21:29,521] {logging_mixin.py:104} INFO - [2021-07-23 16:21:29,521] {dag.py:1833} INFO - Sync 1 DAGs
[2021-07-23 16:21:29,537] {logging_mixin.py:104} INFO - [2021-07-23 16:21:29,537] {dag.py:2306} INFO - Setting next_dagrun for example_trigger_controller_dag to 2021-07-21 00:00:00+00:00
[2021-07-23 16:21:29,548] {scheduler_job.py:189} INFO - Processing /home/dennismutia/.virtualenvs/wefarm/lib/python3.8/site-packages/airflow/example_dags/example_trigger_controller_dag.py took 0.135 seconds
[2021-07-23 16:21:32,021] {scheduler_job.py:181} INFO - Started process (PID=2836) to work on /home/dennismutia/.virtualenvs/wefarm/lib/python3.8/site-packages/airflow/example_dags/example_trigger_controller_dag.py
[2021-07-23 16:21:32,022] {scheduler_job.py:632} INFO - Processing file /home/dennismutia/.virtualenvs/wefarm/lib/python3.8/site-packages/airflow/example_dags/example_trigger_controller_dag.py for tasks to queue
[2021-07-23 16:21:32,023] {logging_mixin.py:104} INFO - [2021-07-23 16:21:32,023] {dagbag.py:496} INFO - Filling up the DagBag from /home/dennismutia/.virtualenvs/wefarm/lib/python3.8/site-packages/airflow/example_dags/example_trigger_controller_dag.py
[2021-07-23 16:21:32,037] {scheduler_job.py:642} INFO - DAG(s) dict_keys(['example_trigger_controller_dag']) retrieved from /home/dennismutia/.virtualenvs/wefarm/lib/python3.8/site-packages/airflow/example_dags/example_trigger_controller_dag.py
[2021-07-23 16:21:32,123] {logging_mixin.py:104} INFO - [2021-07-23 16:21:32,123] {dag.py:1833} INFO - Sync 1 DAGs
[2021-07-23 16:21:32,138] {logging_mixin.py:104} INFO - [2021-07-23 16:21:32,138] {dag.py:2306} INFO - Setting next_dagrun for example_trigger_controller_dag to 2021-07-21 00:00:00+00:00
[2021-07-23 16:21:32,155] {scheduler_job.py:189} INFO - Processing /home/dennismutia/.virtualenvs/wefarm/lib/python3.8/site-packages/airflow/example_dags/example_trigger_controller_dag.py took 0.137 seconds
[2021-07-23 16:21:35,363] {scheduler_job.py:181} INFO - Started process (PID=2895) to work on /home/dennismutia/.virtualenvs/wefarm/lib/python3.8/site-packages/airflow/example_dags/example_trigger_controller_dag.py
[2021-07-23 16:21:35,365] {scheduler_job.py:632} INFO - Processing file /home/dennismutia/.virtualenvs/wefarm/lib/python3.8/site-packages/airflow/example_dags/example_trigger_controller_dag.py for tasks to queue
[2021-07-23 16:21:35,365] {logging_mixin.py:104} INFO - [2021-07-23 16:21:35,365] {dagbag.py:496} INFO - Filling up the DagBag from /home/dennismutia/.virtualenvs/wefarm/lib/python3.8/site-packages/airflow/example_dags/example_trigger_controller_dag.py
[2021-07-23 16:21:35,384] {scheduler_job.py:642} INFO - DAG(s) dict_keys(['example_trigger_controller_dag']) retrieved from /home/dennismutia/.virtualenvs/wefarm/lib/python3.8/site-packages/airflow/example_dags/example_trigger_controller_dag.py
[2021-07-23 16:21:35,529] {logging_mixin.py:104} INFO - [2021-07-23 16:21:35,528] {dag.py:1833} INFO - Sync 1 DAGs
[2021-07-23 16:21:35,554] {logging_mixin.py:104} INFO - [2021-07-23 16:21:35,554] {dag.py:2306} INFO - Setting next_dagrun for example_trigger_controller_dag to 2021-07-21 00:00:00+00:00
[2021-07-23 16:21:35,574] {scheduler_job.py:189} INFO - Processing /home/dennismutia/.virtualenvs/wefarm/lib/python3.8/site-packages/airflow/example_dags/example_trigger_controller_dag.py took 0.214 seconds
[2021-07-23 16:21:38,477] {scheduler_job.py:181} INFO - Started process (PID=2955) to work on /home/dennismutia/.virtualenvs/wefarm/lib/python3.8/site-packages/airflow/example_dags/example_trigger_controller_dag.py
[2021-07-23 16:21:38,479] {scheduler_job.py:632} INFO - Processing file /home/dennismutia/.virtualenvs/wefarm/lib/python3.8/site-packages/airflow/example_dags/example_trigger_controller_dag.py for tasks to queue
[2021-07-23 16:21:38,479] {logging_mixin.py:104} INFO - [2021-07-23 16:21:38,479] {dagbag.py:496} INFO - Filling up the DagBag from /home/dennismutia/.virtualenvs/wefarm/lib/python3.8/site-packages/airflow/example_dags/example_trigger_controller_dag.py
[2021-07-23 16:21:38,493] {scheduler_job.py:642} INFO - DAG(s) dict_keys(['example_trigger_controller_dag']) retrieved from /home/dennismutia/.virtualenvs/wefarm/lib/python3.8/site-packages/airflow/example_dags/example_trigger_controller_dag.py
[2021-07-23 16:21:38,583] {logging_mixin.py:104} INFO - [2021-07-23 16:21:38,583] {dag.py:1833} INFO - Sync 1 DAGs
[2021-07-23 16:21:38,603] {logging_mixin.py:104} INFO - [2021-07-23 16:21:38,603] {dag.py:2306} INFO - Setting next_dagrun for example_trigger_controller_dag to 2021-07-21 00:00:00+00:00
[2021-07-23 16:21:38,614] {scheduler_job.py:189} INFO - Processing /home/dennismutia/.virtualenvs/wefarm/lib/python3.8/site-packages/airflow/example_dags/example_trigger_controller_dag.py took 0.140 seconds
[2021-07-23 16:21:41,142] {scheduler_job.py:181} INFO - Started process (PID=3015) to work on /home/dennismutia/.virtualenvs/wefarm/lib/python3.8/site-packages/airflow/example_dags/example_trigger_controller_dag.py
[2021-07-23 16:21:41,144] {scheduler_job.py:632} INFO - Processing file /home/dennismutia/.virtualenvs/wefarm/lib/python3.8/site-packages/airflow/example_dags/example_trigger_controller_dag.py for tasks to queue
[2021-07-23 16:21:41,145] {logging_mixin.py:104} INFO - [2021-07-23 16:21:41,144] {dagbag.py:496} INFO - Filling up the DagBag from /home/dennismutia/.virtualenvs/wefarm/lib/python3.8/site-packages/airflow/example_dags/example_trigger_controller_dag.py
[2021-07-23 16:21:41,162] {scheduler_job.py:642} INFO - DAG(s) dict_keys(['example_trigger_controller_dag']) retrieved from /home/dennismutia/.virtualenvs/wefarm/lib/python3.8/site-packages/airflow/example_dags/example_trigger_controller_dag.py
[2021-07-23 16:21:41,260] {logging_mixin.py:104} INFO - [2021-07-23 16:21:41,260] {dag.py:1833} INFO - Sync 1 DAGs
[2021-07-23 16:21:41,276] {logging_mixin.py:104} INFO - [2021-07-23 16:21:41,276] {dag.py:2306} INFO - Setting next_dagrun for example_trigger_controller_dag to 2021-07-21 00:00:00+00:00
[2021-07-23 16:21:41,289] {scheduler_job.py:189} INFO - Processing /home/dennismutia/.virtualenvs/wefarm/lib/python3.8/site-packages/airflow/example_dags/example_trigger_controller_dag.py took 0.151 seconds
[2021-07-23 16:21:45,497] {scheduler_job.py:181} INFO - Started process (PID=3076) to work on /home/dennismutia/.virtualenvs/wefarm/lib/python3.8/site-packages/airflow/example_dags/example_trigger_controller_dag.py
[2021-07-23 16:21:45,498] {scheduler_job.py:632} INFO - Processing file /home/dennismutia/.virtualenvs/wefarm/lib/python3.8/site-packages/airflow/example_dags/example_trigger_controller_dag.py for tasks to queue
[2021-07-23 16:21:45,498] {logging_mixin.py:104} INFO - [2021-07-23 16:21:45,498] {dagbag.py:496} INFO - Filling up the DagBag from /home/dennismutia/.virtualenvs/wefarm/lib/python3.8/site-packages/airflow/example_dags/example_trigger_controller_dag.py
[2021-07-23 16:21:45,511] {scheduler_job.py:642} INFO - DAG(s) dict_keys(['example_trigger_controller_dag']) retrieved from /home/dennismutia/.virtualenvs/wefarm/lib/python3.8/site-packages/airflow/example_dags/example_trigger_controller_dag.py
[2021-07-23 16:21:45,603] {logging_mixin.py:104} INFO - [2021-07-23 16:21:45,603] {dag.py:1833} INFO - Sync 1 DAGs
[2021-07-23 16:21:45,621] {logging_mixin.py:104} INFO - [2021-07-23 16:21:45,621] {dag.py:2306} INFO - Setting next_dagrun for example_trigger_controller_dag to 2021-07-21 00:00:00+00:00
[2021-07-23 16:21:45,649] {scheduler_job.py:189} INFO - Processing /home/dennismutia/.virtualenvs/wefarm/lib/python3.8/site-packages/airflow/example_dags/example_trigger_controller_dag.py took 0.156 seconds
[2021-07-23 16:21:49,080] {scheduler_job.py:181} INFO - Started process (PID=3136) to work on /home/dennismutia/.virtualenvs/wefarm/lib/python3.8/site-packages/airflow/example_dags/example_trigger_controller_dag.py
[2021-07-23 16:21:49,082] {scheduler_job.py:632} INFO - Processing file /home/dennismutia/.virtualenvs/wefarm/lib/python3.8/site-packages/airflow/example_dags/example_trigger_controller_dag.py for tasks to queue
[2021-07-23 16:21:49,083] {logging_mixin.py:104} INFO - [2021-07-23 16:21:49,082] {dagbag.py:496} INFO - Filling up the DagBag from /home/dennismutia/.virtualenvs/wefarm/lib/python3.8/site-packages/airflow/example_dags/example_trigger_controller_dag.py
[2021-07-23 16:21:49,098] {scheduler_job.py:642} INFO - DAG(s) dict_keys(['example_trigger_controller_dag']) retrieved from /home/dennismutia/.virtualenvs/wefarm/lib/python3.8/site-packages/airflow/example_dags/example_trigger_controller_dag.py
[2021-07-23 16:21:49,202] {logging_mixin.py:104} INFO - [2021-07-23 16:21:49,202] {dag.py:1833} INFO - Sync 1 DAGs
[2021-07-23 16:21:49,243] {logging_mixin.py:104} INFO - [2021-07-23 16:21:49,243] {dag.py:2306} INFO - Setting next_dagrun for example_trigger_controller_dag to 2021-07-21 00:00:00+00:00
[2021-07-23 16:21:49,261] {scheduler_job.py:189} INFO - Processing /home/dennismutia/.virtualenvs/wefarm/lib/python3.8/site-packages/airflow/example_dags/example_trigger_controller_dag.py took 0.185 seconds
[2021-07-23 16:21:52,563] {scheduler_job.py:181} INFO - Started process (PID=3196) to work on /home/dennismutia/.virtualenvs/wefarm/lib/python3.8/site-packages/airflow/example_dags/example_trigger_controller_dag.py
[2021-07-23 16:21:52,574] {scheduler_job.py:632} INFO - Processing file /home/dennismutia/.virtualenvs/wefarm/lib/python3.8/site-packages/airflow/example_dags/example_trigger_controller_dag.py for tasks to queue
[2021-07-23 16:21:52,590] {logging_mixin.py:104} INFO - [2021-07-23 16:21:52,590] {dagbag.py:496} INFO - Filling up the DagBag from /home/dennismutia/.virtualenvs/wefarm/lib/python3.8/site-packages/airflow/example_dags/example_trigger_controller_dag.py
[2021-07-23 16:21:52,610] {scheduler_job.py:642} INFO - DAG(s) dict_keys(['example_trigger_controller_dag']) retrieved from /home/dennismutia/.virtualenvs/wefarm/lib/python3.8/site-packages/airflow/example_dags/example_trigger_controller_dag.py
[2021-07-23 16:21:52,733] {logging_mixin.py:104} INFO - [2021-07-23 16:21:52,733] {dag.py:1833} INFO - Sync 1 DAGs
[2021-07-23 16:21:52,753] {logging_mixin.py:104} INFO - [2021-07-23 16:21:52,753] {dag.py:2306} INFO - Setting next_dagrun for example_trigger_controller_dag to 2021-07-21 00:00:00+00:00
[2021-07-23 16:21:52,764] {scheduler_job.py:189} INFO - Processing /home/dennismutia/.virtualenvs/wefarm/lib/python3.8/site-packages/airflow/example_dags/example_trigger_controller_dag.py took 0.212 seconds
