[2021-07-23 16:19:56,499] {scheduler_job.py:181} INFO - Started process (PID=807) to work on /home/dennismutia/.virtualenvs/wefarm/lib/python3.8/site-packages/airflow/example_dags/example_short_circuit_operator.py
[2021-07-23 16:19:56,500] {scheduler_job.py:632} INFO - Processing file /home/dennismutia/.virtualenvs/wefarm/lib/python3.8/site-packages/airflow/example_dags/example_short_circuit_operator.py for tasks to queue
[2021-07-23 16:19:56,500] {logging_mixin.py:104} INFO - [2021-07-23 16:19:56,500] {dagbag.py:496} INFO - Filling up the DagBag from /home/dennismutia/.virtualenvs/wefarm/lib/python3.8/site-packages/airflow/example_dags/example_short_circuit_operator.py
[2021-07-23 16:19:56,510] {scheduler_job.py:642} INFO - DAG(s) dict_keys(['example_short_circuit_operator']) retrieved from /home/dennismutia/.virtualenvs/wefarm/lib/python3.8/site-packages/airflow/example_dags/example_short_circuit_operator.py
[2021-07-23 16:19:56,699] {logging_mixin.py:104} INFO - [2021-07-23 16:19:56,699] {dag.py:1833} INFO - Sync 1 DAGs
[2021-07-23 16:19:56,707] {logging_mixin.py:104} INFO - [2021-07-23 16:19:56,707] {dag.py:2306} INFO - Setting next_dagrun for example_short_circuit_operator to 2021-07-21 00:00:00+00:00
[2021-07-23 16:19:56,721] {scheduler_job.py:189} INFO - Processing /home/dennismutia/.virtualenvs/wefarm/lib/python3.8/site-packages/airflow/example_dags/example_short_circuit_operator.py took 0.224 seconds
[2021-07-23 16:19:59,386] {scheduler_job.py:181} INFO - Started process (PID=869) to work on /home/dennismutia/.virtualenvs/wefarm/lib/python3.8/site-packages/airflow/example_dags/example_short_circuit_operator.py
[2021-07-23 16:19:59,388] {scheduler_job.py:632} INFO - Processing file /home/dennismutia/.virtualenvs/wefarm/lib/python3.8/site-packages/airflow/example_dags/example_short_circuit_operator.py for tasks to queue
[2021-07-23 16:19:59,388] {logging_mixin.py:104} INFO - [2021-07-23 16:19:59,388] {dagbag.py:496} INFO - Filling up the DagBag from /home/dennismutia/.virtualenvs/wefarm/lib/python3.8/site-packages/airflow/example_dags/example_short_circuit_operator.py
[2021-07-23 16:19:59,409] {scheduler_job.py:642} INFO - DAG(s) dict_keys(['example_short_circuit_operator']) retrieved from /home/dennismutia/.virtualenvs/wefarm/lib/python3.8/site-packages/airflow/example_dags/example_short_circuit_operator.py
[2021-07-23 16:19:59,429] {logging_mixin.py:104} INFO - [2021-07-23 16:19:59,429] {dag.py:1833} INFO - Sync 1 DAGs
[2021-07-23 16:19:59,491] {logging_mixin.py:104} INFO - [2021-07-23 16:19:59,491] {dag.py:2306} INFO - Setting next_dagrun for example_short_circuit_operator to 2021-07-21 00:00:00+00:00
[2021-07-23 16:19:59,507] {scheduler_job.py:189} INFO - Processing /home/dennismutia/.virtualenvs/wefarm/lib/python3.8/site-packages/airflow/example_dags/example_short_circuit_operator.py took 0.129 seconds
[2021-07-23 16:20:01,187] {scheduler_job.py:181} INFO - Started process (PID=929) to work on /home/dennismutia/.virtualenvs/wefarm/lib/python3.8/site-packages/airflow/example_dags/example_short_circuit_operator.py
[2021-07-23 16:20:01,188] {scheduler_job.py:632} INFO - Processing file /home/dennismutia/.virtualenvs/wefarm/lib/python3.8/site-packages/airflow/example_dags/example_short_circuit_operator.py for tasks to queue
[2021-07-23 16:20:01,189] {logging_mixin.py:104} INFO - [2021-07-23 16:20:01,189] {dagbag.py:496} INFO - Filling up the DagBag from /home/dennismutia/.virtualenvs/wefarm/lib/python3.8/site-packages/airflow/example_dags/example_short_circuit_operator.py
[2021-07-23 16:20:01,200] {scheduler_job.py:642} INFO - DAG(s) dict_keys(['example_short_circuit_operator']) retrieved from /home/dennismutia/.virtualenvs/wefarm/lib/python3.8/site-packages/airflow/example_dags/example_short_circuit_operator.py
[2021-07-23 16:20:01,222] {logging_mixin.py:104} INFO - [2021-07-23 16:20:01,222] {dag.py:1833} INFO - Sync 1 DAGs
[2021-07-23 16:20:01,273] {logging_mixin.py:104} INFO - [2021-07-23 16:20:01,273] {dag.py:2306} INFO - Setting next_dagrun for example_short_circuit_operator to 2021-07-21 00:00:00+00:00
[2021-07-23 16:20:01,283] {scheduler_job.py:189} INFO - Processing /home/dennismutia/.virtualenvs/wefarm/lib/python3.8/site-packages/airflow/example_dags/example_short_circuit_operator.py took 0.098 seconds
[2021-07-23 16:20:03,255] {scheduler_job.py:181} INFO - Started process (PID=1033) to work on /home/dennismutia/.virtualenvs/wefarm/lib/python3.8/site-packages/airflow/example_dags/example_short_circuit_operator.py
[2021-07-23 16:20:03,256] {scheduler_job.py:632} INFO - Processing file /home/dennismutia/.virtualenvs/wefarm/lib/python3.8/site-packages/airflow/example_dags/example_short_circuit_operator.py for tasks to queue
[2021-07-23 16:20:03,256] {logging_mixin.py:104} INFO - [2021-07-23 16:20:03,256] {dagbag.py:496} INFO - Filling up the DagBag from /home/dennismutia/.virtualenvs/wefarm/lib/python3.8/site-packages/airflow/example_dags/example_short_circuit_operator.py
[2021-07-23 16:20:03,273] {scheduler_job.py:642} INFO - DAG(s) dict_keys(['example_short_circuit_operator']) retrieved from /home/dennismutia/.virtualenvs/wefarm/lib/python3.8/site-packages/airflow/example_dags/example_short_circuit_operator.py
[2021-07-23 16:20:03,291] {logging_mixin.py:104} INFO - [2021-07-23 16:20:03,291] {dag.py:1833} INFO - Sync 1 DAGs
[2021-07-23 16:20:03,342] {logging_mixin.py:104} INFO - [2021-07-23 16:20:03,342] {dag.py:2306} INFO - Setting next_dagrun for example_short_circuit_operator to 2021-07-21 00:00:00+00:00
[2021-07-23 16:20:03,352] {scheduler_job.py:189} INFO - Processing /home/dennismutia/.virtualenvs/wefarm/lib/python3.8/site-packages/airflow/example_dags/example_short_circuit_operator.py took 0.101 seconds
[2021-07-23 16:20:05,189] {scheduler_job.py:181} INFO - Started process (PID=1101) to work on /home/dennismutia/.virtualenvs/wefarm/lib/python3.8/site-packages/airflow/example_dags/example_short_circuit_operator.py
[2021-07-23 16:20:05,191] {scheduler_job.py:632} INFO - Processing file /home/dennismutia/.virtualenvs/wefarm/lib/python3.8/site-packages/airflow/example_dags/example_short_circuit_operator.py for tasks to queue
[2021-07-23 16:20:05,193] {logging_mixin.py:104} INFO - [2021-07-23 16:20:05,193] {dagbag.py:496} INFO - Filling up the DagBag from /home/dennismutia/.virtualenvs/wefarm/lib/python3.8/site-packages/airflow/example_dags/example_short_circuit_operator.py
[2021-07-23 16:20:05,206] {scheduler_job.py:642} INFO - DAG(s) dict_keys(['example_short_circuit_operator']) retrieved from /home/dennismutia/.virtualenvs/wefarm/lib/python3.8/site-packages/airflow/example_dags/example_short_circuit_operator.py
[2021-07-23 16:20:05,272] {logging_mixin.py:104} INFO - [2021-07-23 16:20:05,272] {dag.py:1833} INFO - Sync 1 DAGs
[2021-07-23 16:20:05,293] {logging_mixin.py:104} INFO - [2021-07-23 16:20:05,293] {dag.py:2306} INFO - Setting next_dagrun for example_short_circuit_operator to 2021-07-21 00:00:00+00:00
[2021-07-23 16:20:05,303] {scheduler_job.py:189} INFO - Processing /home/dennismutia/.virtualenvs/wefarm/lib/python3.8/site-packages/airflow/example_dags/example_short_circuit_operator.py took 0.116 seconds
[2021-07-23 16:20:06,958] {scheduler_job.py:181} INFO - Started process (PID=1160) to work on /home/dennismutia/.virtualenvs/wefarm/lib/python3.8/site-packages/airflow/example_dags/example_short_circuit_operator.py
[2021-07-23 16:20:06,959] {scheduler_job.py:632} INFO - Processing file /home/dennismutia/.virtualenvs/wefarm/lib/python3.8/site-packages/airflow/example_dags/example_short_circuit_operator.py for tasks to queue
[2021-07-23 16:20:06,960] {logging_mixin.py:104} INFO - [2021-07-23 16:20:06,960] {dagbag.py:496} INFO - Filling up the DagBag from /home/dennismutia/.virtualenvs/wefarm/lib/python3.8/site-packages/airflow/example_dags/example_short_circuit_operator.py
[2021-07-23 16:20:06,972] {scheduler_job.py:642} INFO - DAG(s) dict_keys(['example_short_circuit_operator']) retrieved from /home/dennismutia/.virtualenvs/wefarm/lib/python3.8/site-packages/airflow/example_dags/example_short_circuit_operator.py
[2021-07-23 16:20:07,040] {logging_mixin.py:104} INFO - [2021-07-23 16:20:07,039] {dag.py:1833} INFO - Sync 1 DAGs
[2021-07-23 16:20:07,077] {logging_mixin.py:104} INFO - [2021-07-23 16:20:07,076] {dag.py:2306} INFO - Setting next_dagrun for example_short_circuit_operator to 2021-07-21 00:00:00+00:00
[2021-07-23 16:20:07,119] {scheduler_job.py:189} INFO - Processing /home/dennismutia/.virtualenvs/wefarm/lib/python3.8/site-packages/airflow/example_dags/example_short_circuit_operator.py took 0.163 seconds
[2021-07-23 16:20:09,062] {scheduler_job.py:181} INFO - Started process (PID=1242) to work on /home/dennismutia/.virtualenvs/wefarm/lib/python3.8/site-packages/airflow/example_dags/example_short_circuit_operator.py
[2021-07-23 16:20:09,063] {scheduler_job.py:632} INFO - Processing file /home/dennismutia/.virtualenvs/wefarm/lib/python3.8/site-packages/airflow/example_dags/example_short_circuit_operator.py for tasks to queue
[2021-07-23 16:20:09,063] {logging_mixin.py:104} INFO - [2021-07-23 16:20:09,063] {dagbag.py:496} INFO - Filling up the DagBag from /home/dennismutia/.virtualenvs/wefarm/lib/python3.8/site-packages/airflow/example_dags/example_short_circuit_operator.py
[2021-07-23 16:20:09,076] {scheduler_job.py:642} INFO - DAG(s) dict_keys(['example_short_circuit_operator']) retrieved from /home/dennismutia/.virtualenvs/wefarm/lib/python3.8/site-packages/airflow/example_dags/example_short_circuit_operator.py
[2021-07-23 16:20:09,138] {logging_mixin.py:104} INFO - [2021-07-23 16:20:09,138] {dag.py:1833} INFO - Sync 1 DAGs
[2021-07-23 16:20:09,150] {logging_mixin.py:104} INFO - [2021-07-23 16:20:09,150] {dag.py:2306} INFO - Setting next_dagrun for example_short_circuit_operator to 2021-07-21 00:00:00+00:00
[2021-07-23 16:20:09,167] {scheduler_job.py:189} INFO - Processing /home/dennismutia/.virtualenvs/wefarm/lib/python3.8/site-packages/airflow/example_dags/example_short_circuit_operator.py took 0.108 seconds
[2021-07-23 16:20:11,020] {scheduler_job.py:181} INFO - Started process (PID=1304) to work on /home/dennismutia/.virtualenvs/wefarm/lib/python3.8/site-packages/airflow/example_dags/example_short_circuit_operator.py
[2021-07-23 16:20:11,023] {scheduler_job.py:632} INFO - Processing file /home/dennismutia/.virtualenvs/wefarm/lib/python3.8/site-packages/airflow/example_dags/example_short_circuit_operator.py for tasks to queue
[2021-07-23 16:20:11,025] {logging_mixin.py:104} INFO - [2021-07-23 16:20:11,025] {dagbag.py:496} INFO - Filling up the DagBag from /home/dennismutia/.virtualenvs/wefarm/lib/python3.8/site-packages/airflow/example_dags/example_short_circuit_operator.py
[2021-07-23 16:20:11,038] {scheduler_job.py:642} INFO - DAG(s) dict_keys(['example_short_circuit_operator']) retrieved from /home/dennismutia/.virtualenvs/wefarm/lib/python3.8/site-packages/airflow/example_dags/example_short_circuit_operator.py
[2021-07-23 16:20:11,119] {logging_mixin.py:104} INFO - [2021-07-23 16:20:11,119] {dag.py:1833} INFO - Sync 1 DAGs
[2021-07-23 16:20:11,131] {logging_mixin.py:104} INFO - [2021-07-23 16:20:11,131] {dag.py:2306} INFO - Setting next_dagrun for example_short_circuit_operator to 2021-07-21 00:00:00+00:00
[2021-07-23 16:20:11,145] {scheduler_job.py:189} INFO - Processing /home/dennismutia/.virtualenvs/wefarm/lib/python3.8/site-packages/airflow/example_dags/example_short_circuit_operator.py took 0.127 seconds
[2021-07-23 16:20:13,011] {scheduler_job.py:181} INFO - Started process (PID=1366) to work on /home/dennismutia/.virtualenvs/wefarm/lib/python3.8/site-packages/airflow/example_dags/example_short_circuit_operator.py
[2021-07-23 16:20:13,013] {scheduler_job.py:632} INFO - Processing file /home/dennismutia/.virtualenvs/wefarm/lib/python3.8/site-packages/airflow/example_dags/example_short_circuit_operator.py for tasks to queue
[2021-07-23 16:20:13,014] {logging_mixin.py:104} INFO - [2021-07-23 16:20:13,014] {dagbag.py:496} INFO - Filling up the DagBag from /home/dennismutia/.virtualenvs/wefarm/lib/python3.8/site-packages/airflow/example_dags/example_short_circuit_operator.py
[2021-07-23 16:20:13,031] {scheduler_job.py:642} INFO - DAG(s) dict_keys(['example_short_circuit_operator']) retrieved from /home/dennismutia/.virtualenvs/wefarm/lib/python3.8/site-packages/airflow/example_dags/example_short_circuit_operator.py
[2021-07-23 16:20:13,107] {logging_mixin.py:104} INFO - [2021-07-23 16:20:13,107] {dag.py:1833} INFO - Sync 1 DAGs
[2021-07-23 16:20:13,127] {logging_mixin.py:104} INFO - [2021-07-23 16:20:13,127] {dag.py:2306} INFO - Setting next_dagrun for example_short_circuit_operator to 2021-07-21 00:00:00+00:00
[2021-07-23 16:20:13,142] {scheduler_job.py:189} INFO - Processing /home/dennismutia/.virtualenvs/wefarm/lib/python3.8/site-packages/airflow/example_dags/example_short_circuit_operator.py took 0.135 seconds
[2021-07-23 16:20:15,351] {scheduler_job.py:181} INFO - Started process (PID=1425) to work on /home/dennismutia/.virtualenvs/wefarm/lib/python3.8/site-packages/airflow/example_dags/example_short_circuit_operator.py
[2021-07-23 16:20:15,354] {scheduler_job.py:632} INFO - Processing file /home/dennismutia/.virtualenvs/wefarm/lib/python3.8/site-packages/airflow/example_dags/example_short_circuit_operator.py for tasks to queue
[2021-07-23 16:20:15,356] {logging_mixin.py:104} INFO - [2021-07-23 16:20:15,356] {dagbag.py:496} INFO - Filling up the DagBag from /home/dennismutia/.virtualenvs/wefarm/lib/python3.8/site-packages/airflow/example_dags/example_short_circuit_operator.py
[2021-07-23 16:20:15,375] {scheduler_job.py:642} INFO - DAG(s) dict_keys(['example_short_circuit_operator']) retrieved from /home/dennismutia/.virtualenvs/wefarm/lib/python3.8/site-packages/airflow/example_dags/example_short_circuit_operator.py
[2021-07-23 16:20:15,462] {logging_mixin.py:104} INFO - [2021-07-23 16:20:15,462] {dag.py:1833} INFO - Sync 1 DAGs
[2021-07-23 16:20:15,477] {logging_mixin.py:104} INFO - [2021-07-23 16:20:15,477] {dag.py:2306} INFO - Setting next_dagrun for example_short_circuit_operator to 2021-07-21 00:00:00+00:00
[2021-07-23 16:20:15,492] {scheduler_job.py:189} INFO - Processing /home/dennismutia/.virtualenvs/wefarm/lib/python3.8/site-packages/airflow/example_dags/example_short_circuit_operator.py took 0.148 seconds
[2021-07-23 16:20:17,765] {scheduler_job.py:181} INFO - Started process (PID=1485) to work on /home/dennismutia/.virtualenvs/wefarm/lib/python3.8/site-packages/airflow/example_dags/example_short_circuit_operator.py
[2021-07-23 16:20:17,768] {scheduler_job.py:632} INFO - Processing file /home/dennismutia/.virtualenvs/wefarm/lib/python3.8/site-packages/airflow/example_dags/example_short_circuit_operator.py for tasks to queue
[2021-07-23 16:20:17,771] {logging_mixin.py:104} INFO - [2021-07-23 16:20:17,770] {dagbag.py:496} INFO - Filling up the DagBag from /home/dennismutia/.virtualenvs/wefarm/lib/python3.8/site-packages/airflow/example_dags/example_short_circuit_operator.py
[2021-07-23 16:20:17,792] {scheduler_job.py:642} INFO - DAG(s) dict_keys(['example_short_circuit_operator']) retrieved from /home/dennismutia/.virtualenvs/wefarm/lib/python3.8/site-packages/airflow/example_dags/example_short_circuit_operator.py
[2021-07-23 16:20:17,863] {logging_mixin.py:104} INFO - [2021-07-23 16:20:17,863] {dag.py:1833} INFO - Sync 1 DAGs
[2021-07-23 16:20:17,878] {logging_mixin.py:104} INFO - [2021-07-23 16:20:17,878] {dag.py:2306} INFO - Setting next_dagrun for example_short_circuit_operator to 2021-07-21 00:00:00+00:00
[2021-07-23 16:20:17,902] {scheduler_job.py:189} INFO - Processing /home/dennismutia/.virtualenvs/wefarm/lib/python3.8/site-packages/airflow/example_dags/example_short_circuit_operator.py took 0.145 seconds
[2021-07-23 16:20:20,151] {scheduler_job.py:181} INFO - Started process (PID=1546) to work on /home/dennismutia/.virtualenvs/wefarm/lib/python3.8/site-packages/airflow/example_dags/example_short_circuit_operator.py
[2021-07-23 16:20:20,152] {scheduler_job.py:632} INFO - Processing file /home/dennismutia/.virtualenvs/wefarm/lib/python3.8/site-packages/airflow/example_dags/example_short_circuit_operator.py for tasks to queue
[2021-07-23 16:20:20,152] {logging_mixin.py:104} INFO - [2021-07-23 16:20:20,152] {dagbag.py:496} INFO - Filling up the DagBag from /home/dennismutia/.virtualenvs/wefarm/lib/python3.8/site-packages/airflow/example_dags/example_short_circuit_operator.py
[2021-07-23 16:20:20,167] {scheduler_job.py:642} INFO - DAG(s) dict_keys(['example_short_circuit_operator']) retrieved from /home/dennismutia/.virtualenvs/wefarm/lib/python3.8/site-packages/airflow/example_dags/example_short_circuit_operator.py
[2021-07-23 16:20:20,244] {logging_mixin.py:104} INFO - [2021-07-23 16:20:20,243] {dag.py:1833} INFO - Sync 1 DAGs
[2021-07-23 16:20:20,262] {logging_mixin.py:104} INFO - [2021-07-23 16:20:20,262] {dag.py:2306} INFO - Setting next_dagrun for example_short_circuit_operator to 2021-07-21 00:00:00+00:00
[2021-07-23 16:20:20,272] {scheduler_job.py:189} INFO - Processing /home/dennismutia/.virtualenvs/wefarm/lib/python3.8/site-packages/airflow/example_dags/example_short_circuit_operator.py took 0.124 seconds
[2021-07-23 16:20:22,607] {scheduler_job.py:181} INFO - Started process (PID=1608) to work on /home/dennismutia/.virtualenvs/wefarm/lib/python3.8/site-packages/airflow/example_dags/example_short_circuit_operator.py
[2021-07-23 16:20:22,612] {scheduler_job.py:632} INFO - Processing file /home/dennismutia/.virtualenvs/wefarm/lib/python3.8/site-packages/airflow/example_dags/example_short_circuit_operator.py for tasks to queue
[2021-07-23 16:20:22,617] {logging_mixin.py:104} INFO - [2021-07-23 16:20:22,617] {dagbag.py:496} INFO - Filling up the DagBag from /home/dennismutia/.virtualenvs/wefarm/lib/python3.8/site-packages/airflow/example_dags/example_short_circuit_operator.py
[2021-07-23 16:20:22,657] {scheduler_job.py:642} INFO - DAG(s) dict_keys(['example_short_circuit_operator']) retrieved from /home/dennismutia/.virtualenvs/wefarm/lib/python3.8/site-packages/airflow/example_dags/example_short_circuit_operator.py
[2021-07-23 16:20:22,775] {logging_mixin.py:104} INFO - [2021-07-23 16:20:22,775] {dag.py:1833} INFO - Sync 1 DAGs
[2021-07-23 16:20:22,792] {logging_mixin.py:104} INFO - [2021-07-23 16:20:22,792] {dag.py:2306} INFO - Setting next_dagrun for example_short_circuit_operator to 2021-07-21 00:00:00+00:00
[2021-07-23 16:20:22,812] {scheduler_job.py:189} INFO - Processing /home/dennismutia/.virtualenvs/wefarm/lib/python3.8/site-packages/airflow/example_dags/example_short_circuit_operator.py took 0.212 seconds
[2021-07-23 16:20:25,451] {scheduler_job.py:181} INFO - Started process (PID=1671) to work on /home/dennismutia/.virtualenvs/wefarm/lib/python3.8/site-packages/airflow/example_dags/example_short_circuit_operator.py
[2021-07-23 16:20:25,452] {scheduler_job.py:632} INFO - Processing file /home/dennismutia/.virtualenvs/wefarm/lib/python3.8/site-packages/airflow/example_dags/example_short_circuit_operator.py for tasks to queue
[2021-07-23 16:20:25,452] {logging_mixin.py:104} INFO - [2021-07-23 16:20:25,452] {dagbag.py:496} INFO - Filling up the DagBag from /home/dennismutia/.virtualenvs/wefarm/lib/python3.8/site-packages/airflow/example_dags/example_short_circuit_operator.py
[2021-07-23 16:20:25,469] {scheduler_job.py:642} INFO - DAG(s) dict_keys(['example_short_circuit_operator']) retrieved from /home/dennismutia/.virtualenvs/wefarm/lib/python3.8/site-packages/airflow/example_dags/example_short_circuit_operator.py
[2021-07-23 16:20:25,571] {logging_mixin.py:104} INFO - [2021-07-23 16:20:25,571] {dag.py:1833} INFO - Sync 1 DAGs
[2021-07-23 16:20:25,587] {logging_mixin.py:104} INFO - [2021-07-23 16:20:25,587] {dag.py:2306} INFO - Setting next_dagrun for example_short_circuit_operator to 2021-07-21 00:00:00+00:00
[2021-07-23 16:20:25,605] {scheduler_job.py:189} INFO - Processing /home/dennismutia/.virtualenvs/wefarm/lib/python3.8/site-packages/airflow/example_dags/example_short_circuit_operator.py took 0.158 seconds
[2021-07-23 16:20:28,879] {scheduler_job.py:181} INFO - Started process (PID=1733) to work on /home/dennismutia/.virtualenvs/wefarm/lib/python3.8/site-packages/airflow/example_dags/example_short_circuit_operator.py
[2021-07-23 16:20:28,883] {scheduler_job.py:632} INFO - Processing file /home/dennismutia/.virtualenvs/wefarm/lib/python3.8/site-packages/airflow/example_dags/example_short_circuit_operator.py for tasks to queue
[2021-07-23 16:20:28,888] {logging_mixin.py:104} INFO - [2021-07-23 16:20:28,887] {dagbag.py:496} INFO - Filling up the DagBag from /home/dennismutia/.virtualenvs/wefarm/lib/python3.8/site-packages/airflow/example_dags/example_short_circuit_operator.py
[2021-07-23 16:20:28,980] {scheduler_job.py:642} INFO - DAG(s) dict_keys(['example_short_circuit_operator']) retrieved from /home/dennismutia/.virtualenvs/wefarm/lib/python3.8/site-packages/airflow/example_dags/example_short_circuit_operator.py
[2021-07-23 16:20:29,204] {logging_mixin.py:104} INFO - [2021-07-23 16:20:29,203] {dag.py:1833} INFO - Sync 1 DAGs
[2021-07-23 16:20:29,231] {logging_mixin.py:104} INFO - [2021-07-23 16:20:29,231] {dag.py:2306} INFO - Setting next_dagrun for example_short_circuit_operator to 2021-07-21 00:00:00+00:00
[2021-07-23 16:20:29,269] {scheduler_job.py:189} INFO - Processing /home/dennismutia/.virtualenvs/wefarm/lib/python3.8/site-packages/airflow/example_dags/example_short_circuit_operator.py took 0.407 seconds
[2021-07-23 16:20:38,022] {scheduler_job.py:181} INFO - Started process (PID=1811) to work on /home/dennismutia/.virtualenvs/wefarm/lib/python3.8/site-packages/airflow/example_dags/example_short_circuit_operator.py
[2021-07-23 16:20:38,035] {scheduler_job.py:632} INFO - Processing file /home/dennismutia/.virtualenvs/wefarm/lib/python3.8/site-packages/airflow/example_dags/example_short_circuit_operator.py for tasks to queue
[2021-07-23 16:20:38,036] {logging_mixin.py:104} INFO - [2021-07-23 16:20:38,036] {dagbag.py:496} INFO - Filling up the DagBag from /home/dennismutia/.virtualenvs/wefarm/lib/python3.8/site-packages/airflow/example_dags/example_short_circuit_operator.py
[2021-07-23 16:20:38,076] {scheduler_job.py:642} INFO - DAG(s) dict_keys(['example_short_circuit_operator']) retrieved from /home/dennismutia/.virtualenvs/wefarm/lib/python3.8/site-packages/airflow/example_dags/example_short_circuit_operator.py
[2021-07-23 16:20:38,313] {logging_mixin.py:104} INFO - [2021-07-23 16:20:38,313] {dag.py:1833} INFO - Sync 1 DAGs
[2021-07-23 16:20:38,366] {logging_mixin.py:104} INFO - [2021-07-23 16:20:38,366] {dag.py:2306} INFO - Setting next_dagrun for example_short_circuit_operator to 2021-07-21 00:00:00+00:00
[2021-07-23 16:20:38,390] {scheduler_job.py:189} INFO - Processing /home/dennismutia/.virtualenvs/wefarm/lib/python3.8/site-packages/airflow/example_dags/example_short_circuit_operator.py took 0.372 seconds
[2021-07-23 16:20:44,355] {scheduler_job.py:181} INFO - Started process (PID=1873) to work on /home/dennismutia/.virtualenvs/wefarm/lib/python3.8/site-packages/airflow/example_dags/example_short_circuit_operator.py
[2021-07-23 16:20:44,361] {scheduler_job.py:632} INFO - Processing file /home/dennismutia/.virtualenvs/wefarm/lib/python3.8/site-packages/airflow/example_dags/example_short_circuit_operator.py for tasks to queue
[2021-07-23 16:20:44,367] {logging_mixin.py:104} INFO - [2021-07-23 16:20:44,367] {dagbag.py:496} INFO - Filling up the DagBag from /home/dennismutia/.virtualenvs/wefarm/lib/python3.8/site-packages/airflow/example_dags/example_short_circuit_operator.py
[2021-07-23 16:20:44,396] {scheduler_job.py:642} INFO - DAG(s) dict_keys(['example_short_circuit_operator']) retrieved from /home/dennismutia/.virtualenvs/wefarm/lib/python3.8/site-packages/airflow/example_dags/example_short_circuit_operator.py
[2021-07-23 16:20:44,552] {logging_mixin.py:104} INFO - [2021-07-23 16:20:44,552] {dag.py:1833} INFO - Sync 1 DAGs
[2021-07-23 16:20:44,616] {logging_mixin.py:104} INFO - [2021-07-23 16:20:44,616] {dag.py:2306} INFO - Setting next_dagrun for example_short_circuit_operator to 2021-07-21 00:00:00+00:00
[2021-07-23 16:20:44,663] {scheduler_job.py:189} INFO - Processing /home/dennismutia/.virtualenvs/wefarm/lib/python3.8/site-packages/airflow/example_dags/example_short_circuit_operator.py took 0.312 seconds
[2021-07-23 16:20:51,716] {scheduler_job.py:181} INFO - Started process (PID=1934) to work on /home/dennismutia/.virtualenvs/wefarm/lib/python3.8/site-packages/airflow/example_dags/example_short_circuit_operator.py
[2021-07-23 16:20:51,731] {scheduler_job.py:632} INFO - Processing file /home/dennismutia/.virtualenvs/wefarm/lib/python3.8/site-packages/airflow/example_dags/example_short_circuit_operator.py for tasks to queue
[2021-07-23 16:20:51,735] {logging_mixin.py:104} INFO - [2021-07-23 16:20:51,735] {dagbag.py:496} INFO - Filling up the DagBag from /home/dennismutia/.virtualenvs/wefarm/lib/python3.8/site-packages/airflow/example_dags/example_short_circuit_operator.py
[2021-07-23 16:20:51,792] {scheduler_job.py:642} INFO - DAG(s) dict_keys(['example_short_circuit_operator']) retrieved from /home/dennismutia/.virtualenvs/wefarm/lib/python3.8/site-packages/airflow/example_dags/example_short_circuit_operator.py
[2021-07-23 16:20:52,131] {logging_mixin.py:104} INFO - [2021-07-23 16:20:52,131] {dag.py:1833} INFO - Sync 1 DAGs
[2021-07-23 16:20:52,254] {logging_mixin.py:104} INFO - [2021-07-23 16:20:52,254] {dag.py:2306} INFO - Setting next_dagrun for example_short_circuit_operator to 2021-07-21 00:00:00+00:00
[2021-07-23 16:20:52,326] {scheduler_job.py:189} INFO - Processing /home/dennismutia/.virtualenvs/wefarm/lib/python3.8/site-packages/airflow/example_dags/example_short_circuit_operator.py took 0.618 seconds
[2021-07-23 16:20:56,824] {scheduler_job.py:181} INFO - Started process (PID=1994) to work on /home/dennismutia/.virtualenvs/wefarm/lib/python3.8/site-packages/airflow/example_dags/example_short_circuit_operator.py
[2021-07-23 16:20:56,826] {scheduler_job.py:632} INFO - Processing file /home/dennismutia/.virtualenvs/wefarm/lib/python3.8/site-packages/airflow/example_dags/example_short_circuit_operator.py for tasks to queue
[2021-07-23 16:20:56,833] {logging_mixin.py:104} INFO - [2021-07-23 16:20:56,832] {dagbag.py:496} INFO - Filling up the DagBag from /home/dennismutia/.virtualenvs/wefarm/lib/python3.8/site-packages/airflow/example_dags/example_short_circuit_operator.py
[2021-07-23 16:20:56,855] {scheduler_job.py:642} INFO - DAG(s) dict_keys(['example_short_circuit_operator']) retrieved from /home/dennismutia/.virtualenvs/wefarm/lib/python3.8/site-packages/airflow/example_dags/example_short_circuit_operator.py
[2021-07-23 16:20:56,968] {logging_mixin.py:104} INFO - [2021-07-23 16:20:56,968] {dag.py:1833} INFO - Sync 1 DAGs
[2021-07-23 16:20:56,986] {logging_mixin.py:104} INFO - [2021-07-23 16:20:56,986] {dag.py:2306} INFO - Setting next_dagrun for example_short_circuit_operator to 2021-07-21 00:00:00+00:00
[2021-07-23 16:20:57,019] {scheduler_job.py:189} INFO - Processing /home/dennismutia/.virtualenvs/wefarm/lib/python3.8/site-packages/airflow/example_dags/example_short_circuit_operator.py took 0.199 seconds
[2021-07-23 16:21:00,142] {scheduler_job.py:181} INFO - Started process (PID=2055) to work on /home/dennismutia/.virtualenvs/wefarm/lib/python3.8/site-packages/airflow/example_dags/example_short_circuit_operator.py
[2021-07-23 16:21:00,148] {scheduler_job.py:632} INFO - Processing file /home/dennismutia/.virtualenvs/wefarm/lib/python3.8/site-packages/airflow/example_dags/example_short_circuit_operator.py for tasks to queue
[2021-07-23 16:21:00,153] {logging_mixin.py:104} INFO - [2021-07-23 16:21:00,153] {dagbag.py:496} INFO - Filling up the DagBag from /home/dennismutia/.virtualenvs/wefarm/lib/python3.8/site-packages/airflow/example_dags/example_short_circuit_operator.py
[2021-07-23 16:21:00,181] {scheduler_job.py:642} INFO - DAG(s) dict_keys(['example_short_circuit_operator']) retrieved from /home/dennismutia/.virtualenvs/wefarm/lib/python3.8/site-packages/airflow/example_dags/example_short_circuit_operator.py
[2021-07-23 16:21:00,321] {logging_mixin.py:104} INFO - [2021-07-23 16:21:00,321] {dag.py:1833} INFO - Sync 1 DAGs
[2021-07-23 16:21:00,335] {logging_mixin.py:104} INFO - [2021-07-23 16:21:00,335] {dag.py:2306} INFO - Setting next_dagrun for example_short_circuit_operator to 2021-07-21 00:00:00+00:00
[2021-07-23 16:21:00,356] {scheduler_job.py:189} INFO - Processing /home/dennismutia/.virtualenvs/wefarm/lib/python3.8/site-packages/airflow/example_dags/example_short_circuit_operator.py took 0.217 seconds
[2021-07-23 16:21:04,131] {scheduler_job.py:181} INFO - Started process (PID=2114) to work on /home/dennismutia/.virtualenvs/wefarm/lib/python3.8/site-packages/airflow/example_dags/example_short_circuit_operator.py
[2021-07-23 16:21:04,132] {scheduler_job.py:632} INFO - Processing file /home/dennismutia/.virtualenvs/wefarm/lib/python3.8/site-packages/airflow/example_dags/example_short_circuit_operator.py for tasks to queue
[2021-07-23 16:21:04,133] {logging_mixin.py:104} INFO - [2021-07-23 16:21:04,132] {dagbag.py:496} INFO - Filling up the DagBag from /home/dennismutia/.virtualenvs/wefarm/lib/python3.8/site-packages/airflow/example_dags/example_short_circuit_operator.py
[2021-07-23 16:21:04,147] {scheduler_job.py:642} INFO - DAG(s) dict_keys(['example_short_circuit_operator']) retrieved from /home/dennismutia/.virtualenvs/wefarm/lib/python3.8/site-packages/airflow/example_dags/example_short_circuit_operator.py
[2021-07-23 16:21:04,287] {logging_mixin.py:104} INFO - [2021-07-23 16:21:04,287] {dag.py:1833} INFO - Sync 1 DAGs
[2021-07-23 16:21:04,342] {logging_mixin.py:104} INFO - [2021-07-23 16:21:04,341] {dag.py:2306} INFO - Setting next_dagrun for example_short_circuit_operator to 2021-07-21 00:00:00+00:00
[2021-07-23 16:21:04,371] {scheduler_job.py:189} INFO - Processing /home/dennismutia/.virtualenvs/wefarm/lib/python3.8/site-packages/airflow/example_dags/example_short_circuit_operator.py took 0.243 seconds
[2021-07-23 16:21:06,723] {scheduler_job.py:181} INFO - Started process (PID=2174) to work on /home/dennismutia/.virtualenvs/wefarm/lib/python3.8/site-packages/airflow/example_dags/example_short_circuit_operator.py
[2021-07-23 16:21:06,726] {scheduler_job.py:632} INFO - Processing file /home/dennismutia/.virtualenvs/wefarm/lib/python3.8/site-packages/airflow/example_dags/example_short_circuit_operator.py for tasks to queue
[2021-07-23 16:21:06,727] {logging_mixin.py:104} INFO - [2021-07-23 16:21:06,727] {dagbag.py:496} INFO - Filling up the DagBag from /home/dennismutia/.virtualenvs/wefarm/lib/python3.8/site-packages/airflow/example_dags/example_short_circuit_operator.py
[2021-07-23 16:21:06,763] {scheduler_job.py:642} INFO - DAG(s) dict_keys(['example_short_circuit_operator']) retrieved from /home/dennismutia/.virtualenvs/wefarm/lib/python3.8/site-packages/airflow/example_dags/example_short_circuit_operator.py
[2021-07-23 16:21:06,891] {logging_mixin.py:104} INFO - [2021-07-23 16:21:06,891] {dag.py:1833} INFO - Sync 1 DAGs
[2021-07-23 16:21:06,912] {logging_mixin.py:104} INFO - [2021-07-23 16:21:06,912] {dag.py:2306} INFO - Setting next_dagrun for example_short_circuit_operator to 2021-07-21 00:00:00+00:00
[2021-07-23 16:21:06,930] {scheduler_job.py:189} INFO - Processing /home/dennismutia/.virtualenvs/wefarm/lib/python3.8/site-packages/airflow/example_dags/example_short_circuit_operator.py took 0.232 seconds
[2021-07-23 16:21:09,849] {scheduler_job.py:181} INFO - Started process (PID=2278) to work on /home/dennismutia/.virtualenvs/wefarm/lib/python3.8/site-packages/airflow/example_dags/example_short_circuit_operator.py
[2021-07-23 16:21:09,851] {scheduler_job.py:632} INFO - Processing file /home/dennismutia/.virtualenvs/wefarm/lib/python3.8/site-packages/airflow/example_dags/example_short_circuit_operator.py for tasks to queue
[2021-07-23 16:21:09,851] {logging_mixin.py:104} INFO - [2021-07-23 16:21:09,851] {dagbag.py:496} INFO - Filling up the DagBag from /home/dennismutia/.virtualenvs/wefarm/lib/python3.8/site-packages/airflow/example_dags/example_short_circuit_operator.py
[2021-07-23 16:21:09,884] {scheduler_job.py:642} INFO - DAG(s) dict_keys(['example_short_circuit_operator']) retrieved from /home/dennismutia/.virtualenvs/wefarm/lib/python3.8/site-packages/airflow/example_dags/example_short_circuit_operator.py
[2021-07-23 16:21:09,967] {logging_mixin.py:104} INFO - [2021-07-23 16:21:09,967] {dag.py:1833} INFO - Sync 1 DAGs
[2021-07-23 16:21:09,987] {logging_mixin.py:104} INFO - [2021-07-23 16:21:09,987] {dag.py:2306} INFO - Setting next_dagrun for example_short_circuit_operator to 2021-07-21 00:00:00+00:00
[2021-07-23 16:21:10,007] {scheduler_job.py:189} INFO - Processing /home/dennismutia/.virtualenvs/wefarm/lib/python3.8/site-packages/airflow/example_dags/example_short_circuit_operator.py took 0.162 seconds
[2021-07-23 16:21:12,628] {scheduler_job.py:181} INFO - Started process (PID=2346) to work on /home/dennismutia/.virtualenvs/wefarm/lib/python3.8/site-packages/airflow/example_dags/example_short_circuit_operator.py
[2021-07-23 16:21:12,631] {scheduler_job.py:632} INFO - Processing file /home/dennismutia/.virtualenvs/wefarm/lib/python3.8/site-packages/airflow/example_dags/example_short_circuit_operator.py for tasks to queue
[2021-07-23 16:21:12,634] {logging_mixin.py:104} INFO - [2021-07-23 16:21:12,634] {dagbag.py:496} INFO - Filling up the DagBag from /home/dennismutia/.virtualenvs/wefarm/lib/python3.8/site-packages/airflow/example_dags/example_short_circuit_operator.py
[2021-07-23 16:21:12,651] {scheduler_job.py:642} INFO - DAG(s) dict_keys(['example_short_circuit_operator']) retrieved from /home/dennismutia/.virtualenvs/wefarm/lib/python3.8/site-packages/airflow/example_dags/example_short_circuit_operator.py
[2021-07-23 16:21:12,733] {logging_mixin.py:104} INFO - [2021-07-23 16:21:12,732] {dag.py:1833} INFO - Sync 1 DAGs
[2021-07-23 16:21:12,756] {logging_mixin.py:104} INFO - [2021-07-23 16:21:12,752] {dag.py:2306} INFO - Setting next_dagrun for example_short_circuit_operator to 2021-07-21 00:00:00+00:00
[2021-07-23 16:21:12,778] {scheduler_job.py:189} INFO - Processing /home/dennismutia/.virtualenvs/wefarm/lib/python3.8/site-packages/airflow/example_dags/example_short_circuit_operator.py took 0.152 seconds
[2021-07-23 16:21:15,215] {scheduler_job.py:181} INFO - Started process (PID=2407) to work on /home/dennismutia/.virtualenvs/wefarm/lib/python3.8/site-packages/airflow/example_dags/example_short_circuit_operator.py
[2021-07-23 16:21:15,216] {scheduler_job.py:632} INFO - Processing file /home/dennismutia/.virtualenvs/wefarm/lib/python3.8/site-packages/airflow/example_dags/example_short_circuit_operator.py for tasks to queue
[2021-07-23 16:21:15,217] {logging_mixin.py:104} INFO - [2021-07-23 16:21:15,217] {dagbag.py:496} INFO - Filling up the DagBag from /home/dennismutia/.virtualenvs/wefarm/lib/python3.8/site-packages/airflow/example_dags/example_short_circuit_operator.py
[2021-07-23 16:21:15,232] {scheduler_job.py:642} INFO - DAG(s) dict_keys(['example_short_circuit_operator']) retrieved from /home/dennismutia/.virtualenvs/wefarm/lib/python3.8/site-packages/airflow/example_dags/example_short_circuit_operator.py
[2021-07-23 16:21:15,316] {logging_mixin.py:104} INFO - [2021-07-23 16:21:15,316] {dag.py:1833} INFO - Sync 1 DAGs
[2021-07-23 16:21:15,330] {logging_mixin.py:104} INFO - [2021-07-23 16:21:15,329] {dag.py:2306} INFO - Setting next_dagrun for example_short_circuit_operator to 2021-07-21 00:00:00+00:00
[2021-07-23 16:21:15,347] {scheduler_job.py:189} INFO - Processing /home/dennismutia/.virtualenvs/wefarm/lib/python3.8/site-packages/airflow/example_dags/example_short_circuit_operator.py took 0.134 seconds
[2021-07-23 16:21:17,456] {scheduler_job.py:181} INFO - Started process (PID=2466) to work on /home/dennismutia/.virtualenvs/wefarm/lib/python3.8/site-packages/airflow/example_dags/example_short_circuit_operator.py
[2021-07-23 16:21:17,457] {scheduler_job.py:632} INFO - Processing file /home/dennismutia/.virtualenvs/wefarm/lib/python3.8/site-packages/airflow/example_dags/example_short_circuit_operator.py for tasks to queue
[2021-07-23 16:21:17,458] {logging_mixin.py:104} INFO - [2021-07-23 16:21:17,458] {dagbag.py:496} INFO - Filling up the DagBag from /home/dennismutia/.virtualenvs/wefarm/lib/python3.8/site-packages/airflow/example_dags/example_short_circuit_operator.py
[2021-07-23 16:21:17,475] {scheduler_job.py:642} INFO - DAG(s) dict_keys(['example_short_circuit_operator']) retrieved from /home/dennismutia/.virtualenvs/wefarm/lib/python3.8/site-packages/airflow/example_dags/example_short_circuit_operator.py
[2021-07-23 16:21:17,559] {logging_mixin.py:104} INFO - [2021-07-23 16:21:17,559] {dag.py:1833} INFO - Sync 1 DAGs
[2021-07-23 16:21:17,574] {logging_mixin.py:104} INFO - [2021-07-23 16:21:17,574] {dag.py:2306} INFO - Setting next_dagrun for example_short_circuit_operator to 2021-07-21 00:00:00+00:00
[2021-07-23 16:21:17,594] {scheduler_job.py:189} INFO - Processing /home/dennismutia/.virtualenvs/wefarm/lib/python3.8/site-packages/airflow/example_dags/example_short_circuit_operator.py took 0.141 seconds
[2021-07-23 16:21:19,856] {scheduler_job.py:181} INFO - Started process (PID=2527) to work on /home/dennismutia/.virtualenvs/wefarm/lib/python3.8/site-packages/airflow/example_dags/example_short_circuit_operator.py
[2021-07-23 16:21:19,858] {scheduler_job.py:632} INFO - Processing file /home/dennismutia/.virtualenvs/wefarm/lib/python3.8/site-packages/airflow/example_dags/example_short_circuit_operator.py for tasks to queue
[2021-07-23 16:21:19,860] {logging_mixin.py:104} INFO - [2021-07-23 16:21:19,860] {dagbag.py:496} INFO - Filling up the DagBag from /home/dennismutia/.virtualenvs/wefarm/lib/python3.8/site-packages/airflow/example_dags/example_short_circuit_operator.py
[2021-07-23 16:21:19,878] {scheduler_job.py:642} INFO - DAG(s) dict_keys(['example_short_circuit_operator']) retrieved from /home/dennismutia/.virtualenvs/wefarm/lib/python3.8/site-packages/airflow/example_dags/example_short_circuit_operator.py
[2021-07-23 16:21:19,958] {logging_mixin.py:104} INFO - [2021-07-23 16:21:19,958] {dag.py:1833} INFO - Sync 1 DAGs
[2021-07-23 16:21:19,973] {logging_mixin.py:104} INFO - [2021-07-23 16:21:19,973] {dag.py:2306} INFO - Setting next_dagrun for example_short_circuit_operator to 2021-07-21 00:00:00+00:00
[2021-07-23 16:21:19,988] {scheduler_job.py:189} INFO - Processing /home/dennismutia/.virtualenvs/wefarm/lib/python3.8/site-packages/airflow/example_dags/example_short_circuit_operator.py took 0.135 seconds
[2021-07-23 16:21:22,277] {scheduler_job.py:181} INFO - Started process (PID=2586) to work on /home/dennismutia/.virtualenvs/wefarm/lib/python3.8/site-packages/airflow/example_dags/example_short_circuit_operator.py
[2021-07-23 16:21:22,280] {scheduler_job.py:632} INFO - Processing file /home/dennismutia/.virtualenvs/wefarm/lib/python3.8/site-packages/airflow/example_dags/example_short_circuit_operator.py for tasks to queue
[2021-07-23 16:21:22,283] {logging_mixin.py:104} INFO - [2021-07-23 16:21:22,282] {dagbag.py:496} INFO - Filling up the DagBag from /home/dennismutia/.virtualenvs/wefarm/lib/python3.8/site-packages/airflow/example_dags/example_short_circuit_operator.py
[2021-07-23 16:21:22,304] {scheduler_job.py:642} INFO - DAG(s) dict_keys(['example_short_circuit_operator']) retrieved from /home/dennismutia/.virtualenvs/wefarm/lib/python3.8/site-packages/airflow/example_dags/example_short_circuit_operator.py
[2021-07-23 16:21:22,404] {logging_mixin.py:104} INFO - [2021-07-23 16:21:22,403] {dag.py:1833} INFO - Sync 1 DAGs
[2021-07-23 16:21:22,418] {logging_mixin.py:104} INFO - [2021-07-23 16:21:22,418] {dag.py:2306} INFO - Setting next_dagrun for example_short_circuit_operator to 2021-07-21 00:00:00+00:00
[2021-07-23 16:21:22,431] {scheduler_job.py:189} INFO - Processing /home/dennismutia/.virtualenvs/wefarm/lib/python3.8/site-packages/airflow/example_dags/example_short_circuit_operator.py took 0.158 seconds
[2021-07-23 16:21:24,713] {scheduler_job.py:181} INFO - Started process (PID=2646) to work on /home/dennismutia/.virtualenvs/wefarm/lib/python3.8/site-packages/airflow/example_dags/example_short_circuit_operator.py
[2021-07-23 16:21:24,714] {scheduler_job.py:632} INFO - Processing file /home/dennismutia/.virtualenvs/wefarm/lib/python3.8/site-packages/airflow/example_dags/example_short_circuit_operator.py for tasks to queue
[2021-07-23 16:21:24,715] {logging_mixin.py:104} INFO - [2021-07-23 16:21:24,715] {dagbag.py:496} INFO - Filling up the DagBag from /home/dennismutia/.virtualenvs/wefarm/lib/python3.8/site-packages/airflow/example_dags/example_short_circuit_operator.py
[2021-07-23 16:21:24,730] {scheduler_job.py:642} INFO - DAG(s) dict_keys(['example_short_circuit_operator']) retrieved from /home/dennismutia/.virtualenvs/wefarm/lib/python3.8/site-packages/airflow/example_dags/example_short_circuit_operator.py
[2021-07-23 16:21:24,819] {logging_mixin.py:104} INFO - [2021-07-23 16:21:24,819] {dag.py:1833} INFO - Sync 1 DAGs
[2021-07-23 16:21:24,833] {logging_mixin.py:104} INFO - [2021-07-23 16:21:24,833] {dag.py:2306} INFO - Setting next_dagrun for example_short_circuit_operator to 2021-07-21 00:00:00+00:00
[2021-07-23 16:21:24,845] {scheduler_job.py:189} INFO - Processing /home/dennismutia/.virtualenvs/wefarm/lib/python3.8/site-packages/airflow/example_dags/example_short_circuit_operator.py took 0.135 seconds
[2021-07-23 16:21:27,197] {scheduler_job.py:181} INFO - Started process (PID=2727) to work on /home/dennismutia/.virtualenvs/wefarm/lib/python3.8/site-packages/airflow/example_dags/example_short_circuit_operator.py
[2021-07-23 16:21:27,200] {scheduler_job.py:632} INFO - Processing file /home/dennismutia/.virtualenvs/wefarm/lib/python3.8/site-packages/airflow/example_dags/example_short_circuit_operator.py for tasks to queue
[2021-07-23 16:21:27,202] {logging_mixin.py:104} INFO - [2021-07-23 16:21:27,202] {dagbag.py:496} INFO - Filling up the DagBag from /home/dennismutia/.virtualenvs/wefarm/lib/python3.8/site-packages/airflow/example_dags/example_short_circuit_operator.py
[2021-07-23 16:21:27,217] {scheduler_job.py:642} INFO - DAG(s) dict_keys(['example_short_circuit_operator']) retrieved from /home/dennismutia/.virtualenvs/wefarm/lib/python3.8/site-packages/airflow/example_dags/example_short_circuit_operator.py
[2021-07-23 16:21:27,299] {logging_mixin.py:104} INFO - [2021-07-23 16:21:27,299] {dag.py:1833} INFO - Sync 1 DAGs
[2021-07-23 16:21:27,319] {logging_mixin.py:104} INFO - [2021-07-23 16:21:27,319] {dag.py:2306} INFO - Setting next_dagrun for example_short_circuit_operator to 2021-07-21 00:00:00+00:00
[2021-07-23 16:21:27,340] {scheduler_job.py:189} INFO - Processing /home/dennismutia/.virtualenvs/wefarm/lib/python3.8/site-packages/airflow/example_dags/example_short_circuit_operator.py took 0.147 seconds
[2021-07-23 16:21:29,875] {scheduler_job.py:181} INFO - Started process (PID=2787) to work on /home/dennismutia/.virtualenvs/wefarm/lib/python3.8/site-packages/airflow/example_dags/example_short_circuit_operator.py
[2021-07-23 16:21:29,877] {scheduler_job.py:632} INFO - Processing file /home/dennismutia/.virtualenvs/wefarm/lib/python3.8/site-packages/airflow/example_dags/example_short_circuit_operator.py for tasks to queue
[2021-07-23 16:21:29,880] {logging_mixin.py:104} INFO - [2021-07-23 16:21:29,880] {dagbag.py:496} INFO - Filling up the DagBag from /home/dennismutia/.virtualenvs/wefarm/lib/python3.8/site-packages/airflow/example_dags/example_short_circuit_operator.py
[2021-07-23 16:21:29,901] {scheduler_job.py:642} INFO - DAG(s) dict_keys(['example_short_circuit_operator']) retrieved from /home/dennismutia/.virtualenvs/wefarm/lib/python3.8/site-packages/airflow/example_dags/example_short_circuit_operator.py
[2021-07-23 16:21:30,000] {logging_mixin.py:104} INFO - [2021-07-23 16:21:29,999] {dag.py:1833} INFO - Sync 1 DAGs
[2021-07-23 16:21:30,032] {logging_mixin.py:104} INFO - [2021-07-23 16:21:30,032] {dag.py:2306} INFO - Setting next_dagrun for example_short_circuit_operator to 2021-07-21 00:00:00+00:00
[2021-07-23 16:21:30,058] {scheduler_job.py:189} INFO - Processing /home/dennismutia/.virtualenvs/wefarm/lib/python3.8/site-packages/airflow/example_dags/example_short_circuit_operator.py took 0.186 seconds
[2021-07-23 16:21:32,858] {scheduler_job.py:181} INFO - Started process (PID=2848) to work on /home/dennismutia/.virtualenvs/wefarm/lib/python3.8/site-packages/airflow/example_dags/example_short_circuit_operator.py
[2021-07-23 16:21:32,858] {scheduler_job.py:632} INFO - Processing file /home/dennismutia/.virtualenvs/wefarm/lib/python3.8/site-packages/airflow/example_dags/example_short_circuit_operator.py for tasks to queue
[2021-07-23 16:21:32,860] {logging_mixin.py:104} INFO - [2021-07-23 16:21:32,859] {dagbag.py:496} INFO - Filling up the DagBag from /home/dennismutia/.virtualenvs/wefarm/lib/python3.8/site-packages/airflow/example_dags/example_short_circuit_operator.py
[2021-07-23 16:21:32,886] {scheduler_job.py:642} INFO - DAG(s) dict_keys(['example_short_circuit_operator']) retrieved from /home/dennismutia/.virtualenvs/wefarm/lib/python3.8/site-packages/airflow/example_dags/example_short_circuit_operator.py
[2021-07-23 16:21:32,969] {logging_mixin.py:104} INFO - [2021-07-23 16:21:32,969] {dag.py:1833} INFO - Sync 1 DAGs
[2021-07-23 16:21:32,984] {logging_mixin.py:104} INFO - [2021-07-23 16:21:32,984] {dag.py:2306} INFO - Setting next_dagrun for example_short_circuit_operator to 2021-07-21 00:00:00+00:00
[2021-07-23 16:21:33,004] {scheduler_job.py:189} INFO - Processing /home/dennismutia/.virtualenvs/wefarm/lib/python3.8/site-packages/airflow/example_dags/example_short_circuit_operator.py took 0.150 seconds
[2021-07-23 16:21:36,013] {scheduler_job.py:181} INFO - Started process (PID=2907) to work on /home/dennismutia/.virtualenvs/wefarm/lib/python3.8/site-packages/airflow/example_dags/example_short_circuit_operator.py
[2021-07-23 16:21:36,014] {scheduler_job.py:632} INFO - Processing file /home/dennismutia/.virtualenvs/wefarm/lib/python3.8/site-packages/airflow/example_dags/example_short_circuit_operator.py for tasks to queue
[2021-07-23 16:21:36,015] {logging_mixin.py:104} INFO - [2021-07-23 16:21:36,015] {dagbag.py:496} INFO - Filling up the DagBag from /home/dennismutia/.virtualenvs/wefarm/lib/python3.8/site-packages/airflow/example_dags/example_short_circuit_operator.py
[2021-07-23 16:21:36,044] {scheduler_job.py:642} INFO - DAG(s) dict_keys(['example_short_circuit_operator']) retrieved from /home/dennismutia/.virtualenvs/wefarm/lib/python3.8/site-packages/airflow/example_dags/example_short_circuit_operator.py
[2021-07-23 16:21:36,158] {logging_mixin.py:104} INFO - [2021-07-23 16:21:36,158] {dag.py:1833} INFO - Sync 1 DAGs
[2021-07-23 16:21:36,179] {logging_mixin.py:104} INFO - [2021-07-23 16:21:36,179] {dag.py:2306} INFO - Setting next_dagrun for example_short_circuit_operator to 2021-07-21 00:00:00+00:00
[2021-07-23 16:21:36,217] {scheduler_job.py:189} INFO - Processing /home/dennismutia/.virtualenvs/wefarm/lib/python3.8/site-packages/airflow/example_dags/example_short_circuit_operator.py took 0.218 seconds
[2021-07-23 16:21:38,900] {scheduler_job.py:181} INFO - Started process (PID=2967) to work on /home/dennismutia/.virtualenvs/wefarm/lib/python3.8/site-packages/airflow/example_dags/example_short_circuit_operator.py
[2021-07-23 16:21:38,903] {scheduler_job.py:632} INFO - Processing file /home/dennismutia/.virtualenvs/wefarm/lib/python3.8/site-packages/airflow/example_dags/example_short_circuit_operator.py for tasks to queue
[2021-07-23 16:21:38,904] {logging_mixin.py:104} INFO - [2021-07-23 16:21:38,904] {dagbag.py:496} INFO - Filling up the DagBag from /home/dennismutia/.virtualenvs/wefarm/lib/python3.8/site-packages/airflow/example_dags/example_short_circuit_operator.py
[2021-07-23 16:21:38,923] {scheduler_job.py:642} INFO - DAG(s) dict_keys(['example_short_circuit_operator']) retrieved from /home/dennismutia/.virtualenvs/wefarm/lib/python3.8/site-packages/airflow/example_dags/example_short_circuit_operator.py
[2021-07-23 16:21:39,013] {logging_mixin.py:104} INFO - [2021-07-23 16:21:39,013] {dag.py:1833} INFO - Sync 1 DAGs
[2021-07-23 16:21:39,027] {logging_mixin.py:104} INFO - [2021-07-23 16:21:39,027] {dag.py:2306} INFO - Setting next_dagrun for example_short_circuit_operator to 2021-07-21 00:00:00+00:00
[2021-07-23 16:21:39,043] {scheduler_job.py:189} INFO - Processing /home/dennismutia/.virtualenvs/wefarm/lib/python3.8/site-packages/airflow/example_dags/example_short_circuit_operator.py took 0.147 seconds
[2021-07-23 16:21:41,695] {scheduler_job.py:181} INFO - Started process (PID=3027) to work on /home/dennismutia/.virtualenvs/wefarm/lib/python3.8/site-packages/airflow/example_dags/example_short_circuit_operator.py
[2021-07-23 16:21:41,696] {scheduler_job.py:632} INFO - Processing file /home/dennismutia/.virtualenvs/wefarm/lib/python3.8/site-packages/airflow/example_dags/example_short_circuit_operator.py for tasks to queue
[2021-07-23 16:21:41,717] {logging_mixin.py:104} INFO - [2021-07-23 16:21:41,709] {dagbag.py:496} INFO - Filling up the DagBag from /home/dennismutia/.virtualenvs/wefarm/lib/python3.8/site-packages/airflow/example_dags/example_short_circuit_operator.py
[2021-07-23 16:21:41,747] {scheduler_job.py:642} INFO - DAG(s) dict_keys(['example_short_circuit_operator']) retrieved from /home/dennismutia/.virtualenvs/wefarm/lib/python3.8/site-packages/airflow/example_dags/example_short_circuit_operator.py
[2021-07-23 16:21:41,932] {logging_mixin.py:104} INFO - [2021-07-23 16:21:41,932] {dag.py:1833} INFO - Sync 1 DAGs
[2021-07-23 16:21:41,979] {logging_mixin.py:104} INFO - [2021-07-23 16:21:41,979] {dag.py:2306} INFO - Setting next_dagrun for example_short_circuit_operator to 2021-07-21 00:00:00+00:00
[2021-07-23 16:21:42,022] {scheduler_job.py:189} INFO - Processing /home/dennismutia/.virtualenvs/wefarm/lib/python3.8/site-packages/airflow/example_dags/example_short_circuit_operator.py took 0.330 seconds
[2021-07-23 16:21:46,091] {scheduler_job.py:181} INFO - Started process (PID=3087) to work on /home/dennismutia/.virtualenvs/wefarm/lib/python3.8/site-packages/airflow/example_dags/example_short_circuit_operator.py
[2021-07-23 16:21:46,094] {scheduler_job.py:632} INFO - Processing file /home/dennismutia/.virtualenvs/wefarm/lib/python3.8/site-packages/airflow/example_dags/example_short_circuit_operator.py for tasks to queue
[2021-07-23 16:21:46,095] {logging_mixin.py:104} INFO - [2021-07-23 16:21:46,095] {dagbag.py:496} INFO - Filling up the DagBag from /home/dennismutia/.virtualenvs/wefarm/lib/python3.8/site-packages/airflow/example_dags/example_short_circuit_operator.py
[2021-07-23 16:21:46,224] {scheduler_job.py:642} INFO - DAG(s) dict_keys(['example_short_circuit_operator']) retrieved from /home/dennismutia/.virtualenvs/wefarm/lib/python3.8/site-packages/airflow/example_dags/example_short_circuit_operator.py
[2021-07-23 16:21:46,285] {logging_mixin.py:104} INFO - [2021-07-23 16:21:46,285] {dag.py:1833} INFO - Sync 1 DAGs
[2021-07-23 16:21:46,314] {logging_mixin.py:104} INFO - [2021-07-23 16:21:46,314] {dag.py:2306} INFO - Setting next_dagrun for example_short_circuit_operator to 2021-07-21 00:00:00+00:00
[2021-07-23 16:21:46,341] {scheduler_job.py:189} INFO - Processing /home/dennismutia/.virtualenvs/wefarm/lib/python3.8/site-packages/airflow/example_dags/example_short_circuit_operator.py took 0.256 seconds
[2021-07-23 16:21:49,683] {scheduler_job.py:181} INFO - Started process (PID=3148) to work on /home/dennismutia/.virtualenvs/wefarm/lib/python3.8/site-packages/airflow/example_dags/example_short_circuit_operator.py
[2021-07-23 16:21:49,686] {scheduler_job.py:632} INFO - Processing file /home/dennismutia/.virtualenvs/wefarm/lib/python3.8/site-packages/airflow/example_dags/example_short_circuit_operator.py for tasks to queue
[2021-07-23 16:21:49,688] {logging_mixin.py:104} INFO - [2021-07-23 16:21:49,688] {dagbag.py:496} INFO - Filling up the DagBag from /home/dennismutia/.virtualenvs/wefarm/lib/python3.8/site-packages/airflow/example_dags/example_short_circuit_operator.py
[2021-07-23 16:21:49,771] {scheduler_job.py:642} INFO - DAG(s) dict_keys(['example_short_circuit_operator']) retrieved from /home/dennismutia/.virtualenvs/wefarm/lib/python3.8/site-packages/airflow/example_dags/example_short_circuit_operator.py
[2021-07-23 16:21:49,823] {logging_mixin.py:104} INFO - [2021-07-23 16:21:49,823] {dag.py:1833} INFO - Sync 1 DAGs
[2021-07-23 16:21:49,843] {logging_mixin.py:104} INFO - [2021-07-23 16:21:49,843] {dag.py:2306} INFO - Setting next_dagrun for example_short_circuit_operator to 2021-07-21 00:00:00+00:00
[2021-07-23 16:21:49,869] {scheduler_job.py:189} INFO - Processing /home/dennismutia/.virtualenvs/wefarm/lib/python3.8/site-packages/airflow/example_dags/example_short_circuit_operator.py took 0.190 seconds
[2021-07-23 16:21:53,312] {scheduler_job.py:181} INFO - Started process (PID=3208) to work on /home/dennismutia/.virtualenvs/wefarm/lib/python3.8/site-packages/airflow/example_dags/example_short_circuit_operator.py
[2021-07-23 16:21:53,315] {scheduler_job.py:632} INFO - Processing file /home/dennismutia/.virtualenvs/wefarm/lib/python3.8/site-packages/airflow/example_dags/example_short_circuit_operator.py for tasks to queue
[2021-07-23 16:21:53,318] {logging_mixin.py:104} INFO - [2021-07-23 16:21:53,317] {dagbag.py:496} INFO - Filling up the DagBag from /home/dennismutia/.virtualenvs/wefarm/lib/python3.8/site-packages/airflow/example_dags/example_short_circuit_operator.py
[2021-07-23 16:21:53,433] {scheduler_job.py:642} INFO - DAG(s) dict_keys(['example_short_circuit_operator']) retrieved from /home/dennismutia/.virtualenvs/wefarm/lib/python3.8/site-packages/airflow/example_dags/example_short_circuit_operator.py
[2021-07-23 16:21:53,478] {logging_mixin.py:104} INFO - [2021-07-23 16:21:53,478] {dag.py:1833} INFO - Sync 1 DAGs
[2021-07-23 16:21:53,514] {logging_mixin.py:104} INFO - [2021-07-23 16:21:53,514] {dag.py:2306} INFO - Setting next_dagrun for example_short_circuit_operator to 2021-07-21 00:00:00+00:00
[2021-07-23 16:21:53,540] {scheduler_job.py:189} INFO - Processing /home/dennismutia/.virtualenvs/wefarm/lib/python3.8/site-packages/airflow/example_dags/example_short_circuit_operator.py took 0.231 seconds
