[2021-07-23 16:19:54,449] {scheduler_job.py:181} INFO - Started process (PID=779) to work on /home/dennismutia/.virtualenvs/wefarm/lib/python3.8/site-packages/airflow/example_dags/example_task_group.py
[2021-07-23 16:19:54,450] {scheduler_job.py:632} INFO - Processing file /home/dennismutia/.virtualenvs/wefarm/lib/python3.8/site-packages/airflow/example_dags/example_task_group.py for tasks to queue
[2021-07-23 16:19:54,450] {logging_mixin.py:104} INFO - [2021-07-23 16:19:54,450] {dagbag.py:496} INFO - Filling up the DagBag from /home/dennismutia/.virtualenvs/wefarm/lib/python3.8/site-packages/airflow/example_dags/example_task_group.py
[2021-07-23 16:19:54,464] {scheduler_job.py:642} INFO - DAG(s) dict_keys(['example_task_group']) retrieved from /home/dennismutia/.virtualenvs/wefarm/lib/python3.8/site-packages/airflow/example_dags/example_task_group.py
[2021-07-23 16:19:54,673] {logging_mixin.py:104} INFO - [2021-07-23 16:19:54,673] {dag.py:1833} INFO - Sync 1 DAGs
[2021-07-23 16:19:54,683] {logging_mixin.py:104} INFO - [2021-07-23 16:19:54,683] {dag.py:2306} INFO - Setting next_dagrun for example_task_group to 2021-07-21 00:00:00+00:00
[2021-07-23 16:19:54,695] {scheduler_job.py:189} INFO - Processing /home/dennismutia/.virtualenvs/wefarm/lib/python3.8/site-packages/airflow/example_dags/example_task_group.py took 0.256 seconds
[2021-07-23 16:19:58,728] {scheduler_job.py:181} INFO - Started process (PID=844) to work on /home/dennismutia/.virtualenvs/wefarm/lib/python3.8/site-packages/airflow/example_dags/example_task_group.py
[2021-07-23 16:19:58,729] {scheduler_job.py:632} INFO - Processing file /home/dennismutia/.virtualenvs/wefarm/lib/python3.8/site-packages/airflow/example_dags/example_task_group.py for tasks to queue
[2021-07-23 16:19:58,729] {logging_mixin.py:104} INFO - [2021-07-23 16:19:58,729] {dagbag.py:496} INFO - Filling up the DagBag from /home/dennismutia/.virtualenvs/wefarm/lib/python3.8/site-packages/airflow/example_dags/example_task_group.py
[2021-07-23 16:19:58,739] {scheduler_job.py:642} INFO - DAG(s) dict_keys(['example_task_group']) retrieved from /home/dennismutia/.virtualenvs/wefarm/lib/python3.8/site-packages/airflow/example_dags/example_task_group.py
[2021-07-23 16:19:58,751] {logging_mixin.py:104} INFO - [2021-07-23 16:19:58,751] {dag.py:1833} INFO - Sync 1 DAGs
[2021-07-23 16:19:58,807] {logging_mixin.py:104} INFO - [2021-07-23 16:19:58,807] {dag.py:2306} INFO - Setting next_dagrun for example_task_group to 2021-07-21 00:00:00+00:00
[2021-07-23 16:19:58,817] {scheduler_job.py:189} INFO - Processing /home/dennismutia/.virtualenvs/wefarm/lib/python3.8/site-packages/airflow/example_dags/example_task_group.py took 0.092 seconds
[2021-07-23 16:20:00,404] {scheduler_job.py:181} INFO - Started process (PID=904) to work on /home/dennismutia/.virtualenvs/wefarm/lib/python3.8/site-packages/airflow/example_dags/example_task_group.py
[2021-07-23 16:20:00,405] {scheduler_job.py:632} INFO - Processing file /home/dennismutia/.virtualenvs/wefarm/lib/python3.8/site-packages/airflow/example_dags/example_task_group.py for tasks to queue
[2021-07-23 16:20:00,405] {logging_mixin.py:104} INFO - [2021-07-23 16:20:00,405] {dagbag.py:496} INFO - Filling up the DagBag from /home/dennismutia/.virtualenvs/wefarm/lib/python3.8/site-packages/airflow/example_dags/example_task_group.py
[2021-07-23 16:20:00,418] {scheduler_job.py:642} INFO - DAG(s) dict_keys(['example_task_group']) retrieved from /home/dennismutia/.virtualenvs/wefarm/lib/python3.8/site-packages/airflow/example_dags/example_task_group.py
[2021-07-23 16:20:00,434] {logging_mixin.py:104} INFO - [2021-07-23 16:20:00,434] {dag.py:1833} INFO - Sync 1 DAGs
[2021-07-23 16:20:00,504] {logging_mixin.py:104} INFO - [2021-07-23 16:20:00,504] {dag.py:2306} INFO - Setting next_dagrun for example_task_group to 2021-07-21 00:00:00+00:00
[2021-07-23 16:20:00,520] {scheduler_job.py:189} INFO - Processing /home/dennismutia/.virtualenvs/wefarm/lib/python3.8/site-packages/airflow/example_dags/example_task_group.py took 0.120 seconds
[2021-07-23 16:20:02,510] {scheduler_job.py:181} INFO - Started process (PID=1007) to work on /home/dennismutia/.virtualenvs/wefarm/lib/python3.8/site-packages/airflow/example_dags/example_task_group.py
[2021-07-23 16:20:02,515] {scheduler_job.py:632} INFO - Processing file /home/dennismutia/.virtualenvs/wefarm/lib/python3.8/site-packages/airflow/example_dags/example_task_group.py for tasks to queue
[2021-07-23 16:20:02,516] {logging_mixin.py:104} INFO - [2021-07-23 16:20:02,516] {dagbag.py:496} INFO - Filling up the DagBag from /home/dennismutia/.virtualenvs/wefarm/lib/python3.8/site-packages/airflow/example_dags/example_task_group.py
[2021-07-23 16:20:02,537] {scheduler_job.py:642} INFO - DAG(s) dict_keys(['example_task_group']) retrieved from /home/dennismutia/.virtualenvs/wefarm/lib/python3.8/site-packages/airflow/example_dags/example_task_group.py
[2021-07-23 16:20:02,552] {logging_mixin.py:104} INFO - [2021-07-23 16:20:02,552] {dag.py:1833} INFO - Sync 1 DAGs
[2021-07-23 16:20:02,615] {logging_mixin.py:104} INFO - [2021-07-23 16:20:02,615] {dag.py:2306} INFO - Setting next_dagrun for example_task_group to 2021-07-21 00:00:00+00:00
[2021-07-23 16:20:02,625] {scheduler_job.py:189} INFO - Processing /home/dennismutia/.virtualenvs/wefarm/lib/python3.8/site-packages/airflow/example_dags/example_task_group.py took 0.121 seconds
[2021-07-23 16:20:04,380] {scheduler_job.py:181} INFO - Started process (PID=1074) to work on /home/dennismutia/.virtualenvs/wefarm/lib/python3.8/site-packages/airflow/example_dags/example_task_group.py
[2021-07-23 16:20:04,380] {scheduler_job.py:632} INFO - Processing file /home/dennismutia/.virtualenvs/wefarm/lib/python3.8/site-packages/airflow/example_dags/example_task_group.py for tasks to queue
[2021-07-23 16:20:04,381] {logging_mixin.py:104} INFO - [2021-07-23 16:20:04,381] {dagbag.py:496} INFO - Filling up the DagBag from /home/dennismutia/.virtualenvs/wefarm/lib/python3.8/site-packages/airflow/example_dags/example_task_group.py
[2021-07-23 16:20:04,394] {scheduler_job.py:642} INFO - DAG(s) dict_keys(['example_task_group']) retrieved from /home/dennismutia/.virtualenvs/wefarm/lib/python3.8/site-packages/airflow/example_dags/example_task_group.py
[2021-07-23 16:20:04,419] {logging_mixin.py:104} INFO - [2021-07-23 16:20:04,419] {dag.py:1833} INFO - Sync 1 DAGs
[2021-07-23 16:20:04,480] {logging_mixin.py:104} INFO - [2021-07-23 16:20:04,480] {dag.py:2306} INFO - Setting next_dagrun for example_task_group to 2021-07-21 00:00:00+00:00
[2021-07-23 16:20:04,497] {scheduler_job.py:189} INFO - Processing /home/dennismutia/.virtualenvs/wefarm/lib/python3.8/site-packages/airflow/example_dags/example_task_group.py took 0.120 seconds
[2021-07-23 16:20:06,175] {scheduler_job.py:181} INFO - Started process (PID=1135) to work on /home/dennismutia/.virtualenvs/wefarm/lib/python3.8/site-packages/airflow/example_dags/example_task_group.py
[2021-07-23 16:20:06,176] {scheduler_job.py:632} INFO - Processing file /home/dennismutia/.virtualenvs/wefarm/lib/python3.8/site-packages/airflow/example_dags/example_task_group.py for tasks to queue
[2021-07-23 16:20:06,176] {logging_mixin.py:104} INFO - [2021-07-23 16:20:06,176] {dagbag.py:496} INFO - Filling up the DagBag from /home/dennismutia/.virtualenvs/wefarm/lib/python3.8/site-packages/airflow/example_dags/example_task_group.py
[2021-07-23 16:20:06,187] {scheduler_job.py:642} INFO - DAG(s) dict_keys(['example_task_group']) retrieved from /home/dennismutia/.virtualenvs/wefarm/lib/python3.8/site-packages/airflow/example_dags/example_task_group.py
[2021-07-23 16:20:06,252] {logging_mixin.py:104} INFO - [2021-07-23 16:20:06,252] {dag.py:1833} INFO - Sync 1 DAGs
[2021-07-23 16:20:06,274] {logging_mixin.py:104} INFO - [2021-07-23 16:20:06,274] {dag.py:2306} INFO - Setting next_dagrun for example_task_group to 2021-07-21 00:00:00+00:00
[2021-07-23 16:20:06,286] {scheduler_job.py:189} INFO - Processing /home/dennismutia/.virtualenvs/wefarm/lib/python3.8/site-packages/airflow/example_dags/example_task_group.py took 0.113 seconds
[2021-07-23 16:20:08,212] {scheduler_job.py:181} INFO - Started process (PID=1195) to work on /home/dennismutia/.virtualenvs/wefarm/lib/python3.8/site-packages/airflow/example_dags/example_task_group.py
[2021-07-23 16:20:08,212] {scheduler_job.py:632} INFO - Processing file /home/dennismutia/.virtualenvs/wefarm/lib/python3.8/site-packages/airflow/example_dags/example_task_group.py for tasks to queue
[2021-07-23 16:20:08,213] {logging_mixin.py:104} INFO - [2021-07-23 16:20:08,213] {dagbag.py:496} INFO - Filling up the DagBag from /home/dennismutia/.virtualenvs/wefarm/lib/python3.8/site-packages/airflow/example_dags/example_task_group.py
[2021-07-23 16:20:08,228] {scheduler_job.py:642} INFO - DAG(s) dict_keys(['example_task_group']) retrieved from /home/dennismutia/.virtualenvs/wefarm/lib/python3.8/site-packages/airflow/example_dags/example_task_group.py
[2021-07-23 16:20:08,290] {logging_mixin.py:104} INFO - [2021-07-23 16:20:08,290] {dag.py:1833} INFO - Sync 1 DAGs
[2021-07-23 16:20:08,301] {logging_mixin.py:104} INFO - [2021-07-23 16:20:08,301] {dag.py:2306} INFO - Setting next_dagrun for example_task_group to 2021-07-21 00:00:00+00:00
[2021-07-23 16:20:08,310] {scheduler_job.py:189} INFO - Processing /home/dennismutia/.virtualenvs/wefarm/lib/python3.8/site-packages/airflow/example_dags/example_task_group.py took 0.100 seconds
[2021-07-23 16:20:10,247] {scheduler_job.py:181} INFO - Started process (PID=1278) to work on /home/dennismutia/.virtualenvs/wefarm/lib/python3.8/site-packages/airflow/example_dags/example_task_group.py
[2021-07-23 16:20:10,248] {scheduler_job.py:632} INFO - Processing file /home/dennismutia/.virtualenvs/wefarm/lib/python3.8/site-packages/airflow/example_dags/example_task_group.py for tasks to queue
[2021-07-23 16:20:10,249] {logging_mixin.py:104} INFO - [2021-07-23 16:20:10,249] {dagbag.py:496} INFO - Filling up the DagBag from /home/dennismutia/.virtualenvs/wefarm/lib/python3.8/site-packages/airflow/example_dags/example_task_group.py
[2021-07-23 16:20:10,262] {scheduler_job.py:642} INFO - DAG(s) dict_keys(['example_task_group']) retrieved from /home/dennismutia/.virtualenvs/wefarm/lib/python3.8/site-packages/airflow/example_dags/example_task_group.py
[2021-07-23 16:20:10,330] {logging_mixin.py:104} INFO - [2021-07-23 16:20:10,330] {dag.py:1833} INFO - Sync 1 DAGs
[2021-07-23 16:20:10,345] {logging_mixin.py:104} INFO - [2021-07-23 16:20:10,345] {dag.py:2306} INFO - Setting next_dagrun for example_task_group to 2021-07-21 00:00:00+00:00
[2021-07-23 16:20:10,357] {scheduler_job.py:189} INFO - Processing /home/dennismutia/.virtualenvs/wefarm/lib/python3.8/site-packages/airflow/example_dags/example_task_group.py took 0.112 seconds
[2021-07-23 16:20:12,071] {scheduler_job.py:181} INFO - Started process (PID=1340) to work on /home/dennismutia/.virtualenvs/wefarm/lib/python3.8/site-packages/airflow/example_dags/example_task_group.py
[2021-07-23 16:20:12,073] {scheduler_job.py:632} INFO - Processing file /home/dennismutia/.virtualenvs/wefarm/lib/python3.8/site-packages/airflow/example_dags/example_task_group.py for tasks to queue
[2021-07-23 16:20:12,073] {logging_mixin.py:104} INFO - [2021-07-23 16:20:12,073] {dagbag.py:496} INFO - Filling up the DagBag from /home/dennismutia/.virtualenvs/wefarm/lib/python3.8/site-packages/airflow/example_dags/example_task_group.py
[2021-07-23 16:20:12,089] {scheduler_job.py:642} INFO - DAG(s) dict_keys(['example_task_group']) retrieved from /home/dennismutia/.virtualenvs/wefarm/lib/python3.8/site-packages/airflow/example_dags/example_task_group.py
[2021-07-23 16:20:12,165] {logging_mixin.py:104} INFO - [2021-07-23 16:20:12,165] {dag.py:1833} INFO - Sync 1 DAGs
[2021-07-23 16:20:12,181] {logging_mixin.py:104} INFO - [2021-07-23 16:20:12,181] {dag.py:2306} INFO - Setting next_dagrun for example_task_group to 2021-07-21 00:00:00+00:00
[2021-07-23 16:20:12,194] {scheduler_job.py:189} INFO - Processing /home/dennismutia/.virtualenvs/wefarm/lib/python3.8/site-packages/airflow/example_dags/example_task_group.py took 0.126 seconds
[2021-07-23 16:20:14,301] {scheduler_job.py:181} INFO - Started process (PID=1400) to work on /home/dennismutia/.virtualenvs/wefarm/lib/python3.8/site-packages/airflow/example_dags/example_task_group.py
[2021-07-23 16:20:14,302] {scheduler_job.py:632} INFO - Processing file /home/dennismutia/.virtualenvs/wefarm/lib/python3.8/site-packages/airflow/example_dags/example_task_group.py for tasks to queue
[2021-07-23 16:20:14,302] {logging_mixin.py:104} INFO - [2021-07-23 16:20:14,302] {dagbag.py:496} INFO - Filling up the DagBag from /home/dennismutia/.virtualenvs/wefarm/lib/python3.8/site-packages/airflow/example_dags/example_task_group.py
[2021-07-23 16:20:14,318] {scheduler_job.py:642} INFO - DAG(s) dict_keys(['example_task_group']) retrieved from /home/dennismutia/.virtualenvs/wefarm/lib/python3.8/site-packages/airflow/example_dags/example_task_group.py
[2021-07-23 16:20:14,393] {logging_mixin.py:104} INFO - [2021-07-23 16:20:14,393] {dag.py:1833} INFO - Sync 1 DAGs
[2021-07-23 16:20:14,408] {logging_mixin.py:104} INFO - [2021-07-23 16:20:14,408] {dag.py:2306} INFO - Setting next_dagrun for example_task_group to 2021-07-21 00:00:00+00:00
[2021-07-23 16:20:14,443] {scheduler_job.py:189} INFO - Processing /home/dennismutia/.virtualenvs/wefarm/lib/python3.8/site-packages/airflow/example_dags/example_task_group.py took 0.146 seconds
[2021-07-23 16:20:16,693] {scheduler_job.py:181} INFO - Started process (PID=1460) to work on /home/dennismutia/.virtualenvs/wefarm/lib/python3.8/site-packages/airflow/example_dags/example_task_group.py
[2021-07-23 16:20:16,694] {scheduler_job.py:632} INFO - Processing file /home/dennismutia/.virtualenvs/wefarm/lib/python3.8/site-packages/airflow/example_dags/example_task_group.py for tasks to queue
[2021-07-23 16:20:16,697] {logging_mixin.py:104} INFO - [2021-07-23 16:20:16,696] {dagbag.py:496} INFO - Filling up the DagBag from /home/dennismutia/.virtualenvs/wefarm/lib/python3.8/site-packages/airflow/example_dags/example_task_group.py
[2021-07-23 16:20:16,724] {scheduler_job.py:642} INFO - DAG(s) dict_keys(['example_task_group']) retrieved from /home/dennismutia/.virtualenvs/wefarm/lib/python3.8/site-packages/airflow/example_dags/example_task_group.py
[2021-07-23 16:20:16,869] {logging_mixin.py:104} INFO - [2021-07-23 16:20:16,869] {dag.py:1833} INFO - Sync 1 DAGs
[2021-07-23 16:20:16,901] {logging_mixin.py:104} INFO - [2021-07-23 16:20:16,901] {dag.py:2306} INFO - Setting next_dagrun for example_task_group to 2021-07-21 00:00:00+00:00
[2021-07-23 16:20:16,918] {scheduler_job.py:189} INFO - Processing /home/dennismutia/.virtualenvs/wefarm/lib/python3.8/site-packages/airflow/example_dags/example_task_group.py took 0.231 seconds
[2021-07-23 16:20:19,109] {scheduler_job.py:181} INFO - Started process (PID=1520) to work on /home/dennismutia/.virtualenvs/wefarm/lib/python3.8/site-packages/airflow/example_dags/example_task_group.py
[2021-07-23 16:20:19,110] {scheduler_job.py:632} INFO - Processing file /home/dennismutia/.virtualenvs/wefarm/lib/python3.8/site-packages/airflow/example_dags/example_task_group.py for tasks to queue
[2021-07-23 16:20:19,110] {logging_mixin.py:104} INFO - [2021-07-23 16:20:19,110] {dagbag.py:496} INFO - Filling up the DagBag from /home/dennismutia/.virtualenvs/wefarm/lib/python3.8/site-packages/airflow/example_dags/example_task_group.py
[2021-07-23 16:20:19,129] {scheduler_job.py:642} INFO - DAG(s) dict_keys(['example_task_group']) retrieved from /home/dennismutia/.virtualenvs/wefarm/lib/python3.8/site-packages/airflow/example_dags/example_task_group.py
[2021-07-23 16:20:19,205] {logging_mixin.py:104} INFO - [2021-07-23 16:20:19,205] {dag.py:1833} INFO - Sync 1 DAGs
[2021-07-23 16:20:19,220] {logging_mixin.py:104} INFO - [2021-07-23 16:20:19,220] {dag.py:2306} INFO - Setting next_dagrun for example_task_group to 2021-07-21 00:00:00+00:00
[2021-07-23 16:20:19,232] {scheduler_job.py:189} INFO - Processing /home/dennismutia/.virtualenvs/wefarm/lib/python3.8/site-packages/airflow/example_dags/example_task_group.py took 0.127 seconds
[2021-07-23 16:20:21,446] {scheduler_job.py:181} INFO - Started process (PID=1580) to work on /home/dennismutia/.virtualenvs/wefarm/lib/python3.8/site-packages/airflow/example_dags/example_task_group.py
[2021-07-23 16:20:21,447] {scheduler_job.py:632} INFO - Processing file /home/dennismutia/.virtualenvs/wefarm/lib/python3.8/site-packages/airflow/example_dags/example_task_group.py for tasks to queue
[2021-07-23 16:20:21,448] {logging_mixin.py:104} INFO - [2021-07-23 16:20:21,448] {dagbag.py:496} INFO - Filling up the DagBag from /home/dennismutia/.virtualenvs/wefarm/lib/python3.8/site-packages/airflow/example_dags/example_task_group.py
[2021-07-23 16:20:21,463] {scheduler_job.py:642} INFO - DAG(s) dict_keys(['example_task_group']) retrieved from /home/dennismutia/.virtualenvs/wefarm/lib/python3.8/site-packages/airflow/example_dags/example_task_group.py
[2021-07-23 16:20:21,542] {logging_mixin.py:104} INFO - [2021-07-23 16:20:21,542] {dag.py:1833} INFO - Sync 1 DAGs
[2021-07-23 16:20:21,560] {logging_mixin.py:104} INFO - [2021-07-23 16:20:21,560] {dag.py:2306} INFO - Setting next_dagrun for example_task_group to 2021-07-21 00:00:00+00:00
[2021-07-23 16:20:21,576] {scheduler_job.py:189} INFO - Processing /home/dennismutia/.virtualenvs/wefarm/lib/python3.8/site-packages/airflow/example_dags/example_task_group.py took 0.133 seconds
[2021-07-23 16:20:24,257] {scheduler_job.py:181} INFO - Started process (PID=1645) to work on /home/dennismutia/.virtualenvs/wefarm/lib/python3.8/site-packages/airflow/example_dags/example_task_group.py
[2021-07-23 16:20:24,263] {scheduler_job.py:632} INFO - Processing file /home/dennismutia/.virtualenvs/wefarm/lib/python3.8/site-packages/airflow/example_dags/example_task_group.py for tasks to queue
[2021-07-23 16:20:24,264] {logging_mixin.py:104} INFO - [2021-07-23 16:20:24,264] {dagbag.py:496} INFO - Filling up the DagBag from /home/dennismutia/.virtualenvs/wefarm/lib/python3.8/site-packages/airflow/example_dags/example_task_group.py
[2021-07-23 16:20:24,291] {scheduler_job.py:642} INFO - DAG(s) dict_keys(['example_task_group']) retrieved from /home/dennismutia/.virtualenvs/wefarm/lib/python3.8/site-packages/airflow/example_dags/example_task_group.py
[2021-07-23 16:20:24,372] {logging_mixin.py:104} INFO - [2021-07-23 16:20:24,372] {dag.py:1833} INFO - Sync 1 DAGs
[2021-07-23 16:20:24,387] {logging_mixin.py:104} INFO - [2021-07-23 16:20:24,387] {dag.py:2306} INFO - Setting next_dagrun for example_task_group to 2021-07-21 00:00:00+00:00
[2021-07-23 16:20:24,399] {scheduler_job.py:189} INFO - Processing /home/dennismutia/.virtualenvs/wefarm/lib/python3.8/site-packages/airflow/example_dags/example_task_group.py took 0.145 seconds
[2021-07-23 16:20:26,975] {scheduler_job.py:181} INFO - Started process (PID=1705) to work on /home/dennismutia/.virtualenvs/wefarm/lib/python3.8/site-packages/airflow/example_dags/example_task_group.py
[2021-07-23 16:20:26,976] {scheduler_job.py:632} INFO - Processing file /home/dennismutia/.virtualenvs/wefarm/lib/python3.8/site-packages/airflow/example_dags/example_task_group.py for tasks to queue
[2021-07-23 16:20:26,976] {logging_mixin.py:104} INFO - [2021-07-23 16:20:26,976] {dagbag.py:496} INFO - Filling up the DagBag from /home/dennismutia/.virtualenvs/wefarm/lib/python3.8/site-packages/airflow/example_dags/example_task_group.py
[2021-07-23 16:20:26,992] {scheduler_job.py:642} INFO - DAG(s) dict_keys(['example_task_group']) retrieved from /home/dennismutia/.virtualenvs/wefarm/lib/python3.8/site-packages/airflow/example_dags/example_task_group.py
[2021-07-23 16:20:27,079] {logging_mixin.py:104} INFO - [2021-07-23 16:20:27,079] {dag.py:1833} INFO - Sync 1 DAGs
[2021-07-23 16:20:27,096] {logging_mixin.py:104} INFO - [2021-07-23 16:20:27,096] {dag.py:2306} INFO - Setting next_dagrun for example_task_group to 2021-07-21 00:00:00+00:00
[2021-07-23 16:20:27,107] {scheduler_job.py:189} INFO - Processing /home/dennismutia/.virtualenvs/wefarm/lib/python3.8/site-packages/airflow/example_dags/example_task_group.py took 0.136 seconds
[2021-07-23 16:20:33,659] {scheduler_job.py:181} INFO - Started process (PID=1768) to work on /home/dennismutia/.virtualenvs/wefarm/lib/python3.8/site-packages/airflow/example_dags/example_task_group.py
[2021-07-23 16:20:33,660] {scheduler_job.py:632} INFO - Processing file /home/dennismutia/.virtualenvs/wefarm/lib/python3.8/site-packages/airflow/example_dags/example_task_group.py for tasks to queue
[2021-07-23 16:20:33,675] {logging_mixin.py:104} INFO - [2021-07-23 16:20:33,675] {dagbag.py:496} INFO - Filling up the DagBag from /home/dennismutia/.virtualenvs/wefarm/lib/python3.8/site-packages/airflow/example_dags/example_task_group.py
[2021-07-23 16:20:33,777] {scheduler_job.py:642} INFO - DAG(s) dict_keys(['example_task_group']) retrieved from /home/dennismutia/.virtualenvs/wefarm/lib/python3.8/site-packages/airflow/example_dags/example_task_group.py
[2021-07-23 16:20:34,159] {logging_mixin.py:104} INFO - [2021-07-23 16:20:34,159] {dag.py:1833} INFO - Sync 1 DAGs
[2021-07-23 16:20:34,188] {logging_mixin.py:104} INFO - [2021-07-23 16:20:34,188] {dag.py:2306} INFO - Setting next_dagrun for example_task_group to 2021-07-21 00:00:00+00:00
[2021-07-23 16:20:34,241] {scheduler_job.py:189} INFO - Processing /home/dennismutia/.virtualenvs/wefarm/lib/python3.8/site-packages/airflow/example_dags/example_task_group.py took 0.599 seconds
[2021-07-23 16:20:41,366] {scheduler_job.py:181} INFO - Started process (PID=1845) to work on /home/dennismutia/.virtualenvs/wefarm/lib/python3.8/site-packages/airflow/example_dags/example_task_group.py
[2021-07-23 16:20:41,372] {scheduler_job.py:632} INFO - Processing file /home/dennismutia/.virtualenvs/wefarm/lib/python3.8/site-packages/airflow/example_dags/example_task_group.py for tasks to queue
[2021-07-23 16:20:41,375] {logging_mixin.py:104} INFO - [2021-07-23 16:20:41,375] {dagbag.py:496} INFO - Filling up the DagBag from /home/dennismutia/.virtualenvs/wefarm/lib/python3.8/site-packages/airflow/example_dags/example_task_group.py
[2021-07-23 16:20:41,397] {scheduler_job.py:642} INFO - DAG(s) dict_keys(['example_task_group']) retrieved from /home/dennismutia/.virtualenvs/wefarm/lib/python3.8/site-packages/airflow/example_dags/example_task_group.py
[2021-07-23 16:20:41,623] {logging_mixin.py:104} INFO - [2021-07-23 16:20:41,623] {dag.py:1833} INFO - Sync 1 DAGs
[2021-07-23 16:20:41,655] {logging_mixin.py:104} INFO - [2021-07-23 16:20:41,655] {dag.py:2306} INFO - Setting next_dagrun for example_task_group to 2021-07-21 00:00:00+00:00
[2021-07-23 16:20:41,673] {scheduler_job.py:189} INFO - Processing /home/dennismutia/.virtualenvs/wefarm/lib/python3.8/site-packages/airflow/example_dags/example_task_group.py took 0.310 seconds
[2021-07-23 16:20:48,922] {scheduler_job.py:181} INFO - Started process (PID=1909) to work on /home/dennismutia/.virtualenvs/wefarm/lib/python3.8/site-packages/airflow/example_dags/example_task_group.py
[2021-07-23 16:20:48,928] {scheduler_job.py:632} INFO - Processing file /home/dennismutia/.virtualenvs/wefarm/lib/python3.8/site-packages/airflow/example_dags/example_task_group.py for tasks to queue
[2021-07-23 16:20:48,932] {logging_mixin.py:104} INFO - [2021-07-23 16:20:48,932] {dagbag.py:496} INFO - Filling up the DagBag from /home/dennismutia/.virtualenvs/wefarm/lib/python3.8/site-packages/airflow/example_dags/example_task_group.py
[2021-07-23 16:20:48,954] {scheduler_job.py:642} INFO - DAG(s) dict_keys(['example_task_group']) retrieved from /home/dennismutia/.virtualenvs/wefarm/lib/python3.8/site-packages/airflow/example_dags/example_task_group.py
[2021-07-23 16:20:49,248] {logging_mixin.py:104} INFO - [2021-07-23 16:20:49,248] {dag.py:1833} INFO - Sync 1 DAGs
[2021-07-23 16:20:49,304] {logging_mixin.py:104} INFO - [2021-07-23 16:20:49,304] {dag.py:2306} INFO - Setting next_dagrun for example_task_group to 2021-07-21 00:00:00+00:00
[2021-07-23 16:20:49,338] {scheduler_job.py:189} INFO - Processing /home/dennismutia/.virtualenvs/wefarm/lib/python3.8/site-packages/airflow/example_dags/example_task_group.py took 0.421 seconds
[2021-07-23 16:20:54,933] {scheduler_job.py:181} INFO - Started process (PID=1968) to work on /home/dennismutia/.virtualenvs/wefarm/lib/python3.8/site-packages/airflow/example_dags/example_task_group.py
[2021-07-23 16:20:54,934] {scheduler_job.py:632} INFO - Processing file /home/dennismutia/.virtualenvs/wefarm/lib/python3.8/site-packages/airflow/example_dags/example_task_group.py for tasks to queue
[2021-07-23 16:20:54,935] {logging_mixin.py:104} INFO - [2021-07-23 16:20:54,935] {dagbag.py:496} INFO - Filling up the DagBag from /home/dennismutia/.virtualenvs/wefarm/lib/python3.8/site-packages/airflow/example_dags/example_task_group.py
[2021-07-23 16:20:54,954] {scheduler_job.py:642} INFO - DAG(s) dict_keys(['example_task_group']) retrieved from /home/dennismutia/.virtualenvs/wefarm/lib/python3.8/site-packages/airflow/example_dags/example_task_group.py
[2021-07-23 16:20:55,056] {logging_mixin.py:104} INFO - [2021-07-23 16:20:55,056] {dag.py:1833} INFO - Sync 1 DAGs
[2021-07-23 16:20:55,072] {logging_mixin.py:104} INFO - [2021-07-23 16:20:55,072] {dag.py:2306} INFO - Setting next_dagrun for example_task_group to 2021-07-21 00:00:00+00:00
[2021-07-23 16:20:55,088] {scheduler_job.py:189} INFO - Processing /home/dennismutia/.virtualenvs/wefarm/lib/python3.8/site-packages/airflow/example_dags/example_task_group.py took 0.159 seconds
[2021-07-23 16:20:58,399] {scheduler_job.py:181} INFO - Started process (PID=2029) to work on /home/dennismutia/.virtualenvs/wefarm/lib/python3.8/site-packages/airflow/example_dags/example_task_group.py
[2021-07-23 16:20:58,401] {scheduler_job.py:632} INFO - Processing file /home/dennismutia/.virtualenvs/wefarm/lib/python3.8/site-packages/airflow/example_dags/example_task_group.py for tasks to queue
[2021-07-23 16:20:58,402] {logging_mixin.py:104} INFO - [2021-07-23 16:20:58,402] {dagbag.py:496} INFO - Filling up the DagBag from /home/dennismutia/.virtualenvs/wefarm/lib/python3.8/site-packages/airflow/example_dags/example_task_group.py
[2021-07-23 16:20:58,423] {scheduler_job.py:642} INFO - DAG(s) dict_keys(['example_task_group']) retrieved from /home/dennismutia/.virtualenvs/wefarm/lib/python3.8/site-packages/airflow/example_dags/example_task_group.py
[2021-07-23 16:20:58,529] {logging_mixin.py:104} INFO - [2021-07-23 16:20:58,529] {dag.py:1833} INFO - Sync 1 DAGs
[2021-07-23 16:20:58,546] {logging_mixin.py:104} INFO - [2021-07-23 16:20:58,545] {dag.py:2306} INFO - Setting next_dagrun for example_task_group to 2021-07-21 00:00:00+00:00
[2021-07-23 16:20:58,560] {scheduler_job.py:189} INFO - Processing /home/dennismutia/.virtualenvs/wefarm/lib/python3.8/site-packages/airflow/example_dags/example_task_group.py took 0.165 seconds
[2021-07-23 16:21:02,899] {scheduler_job.py:181} INFO - Started process (PID=2089) to work on /home/dennismutia/.virtualenvs/wefarm/lib/python3.8/site-packages/airflow/example_dags/example_task_group.py
[2021-07-23 16:21:02,902] {scheduler_job.py:632} INFO - Processing file /home/dennismutia/.virtualenvs/wefarm/lib/python3.8/site-packages/airflow/example_dags/example_task_group.py for tasks to queue
[2021-07-23 16:21:02,903] {logging_mixin.py:104} INFO - [2021-07-23 16:21:02,903] {dagbag.py:496} INFO - Filling up the DagBag from /home/dennismutia/.virtualenvs/wefarm/lib/python3.8/site-packages/airflow/example_dags/example_task_group.py
[2021-07-23 16:21:02,927] {scheduler_job.py:642} INFO - DAG(s) dict_keys(['example_task_group']) retrieved from /home/dennismutia/.virtualenvs/wefarm/lib/python3.8/site-packages/airflow/example_dags/example_task_group.py
[2021-07-23 16:21:03,098] {logging_mixin.py:104} INFO - [2021-07-23 16:21:03,098] {dag.py:1833} INFO - Sync 1 DAGs
[2021-07-23 16:21:03,121] {logging_mixin.py:104} INFO - [2021-07-23 16:21:03,121] {dag.py:2306} INFO - Setting next_dagrun for example_task_group to 2021-07-21 00:00:00+00:00
[2021-07-23 16:21:03,144] {scheduler_job.py:189} INFO - Processing /home/dennismutia/.virtualenvs/wefarm/lib/python3.8/site-packages/airflow/example_dags/example_task_group.py took 0.251 seconds
[2021-07-23 16:21:05,607] {scheduler_job.py:181} INFO - Started process (PID=2149) to work on /home/dennismutia/.virtualenvs/wefarm/lib/python3.8/site-packages/airflow/example_dags/example_task_group.py
[2021-07-23 16:21:05,610] {scheduler_job.py:632} INFO - Processing file /home/dennismutia/.virtualenvs/wefarm/lib/python3.8/site-packages/airflow/example_dags/example_task_group.py for tasks to queue
[2021-07-23 16:21:05,612] {logging_mixin.py:104} INFO - [2021-07-23 16:21:05,611] {dagbag.py:496} INFO - Filling up the DagBag from /home/dennismutia/.virtualenvs/wefarm/lib/python3.8/site-packages/airflow/example_dags/example_task_group.py
[2021-07-23 16:21:05,629] {scheduler_job.py:642} INFO - DAG(s) dict_keys(['example_task_group']) retrieved from /home/dennismutia/.virtualenvs/wefarm/lib/python3.8/site-packages/airflow/example_dags/example_task_group.py
[2021-07-23 16:21:05,726] {logging_mixin.py:104} INFO - [2021-07-23 16:21:05,726] {dag.py:1833} INFO - Sync 1 DAGs
[2021-07-23 16:21:05,743] {logging_mixin.py:104} INFO - [2021-07-23 16:21:05,742] {dag.py:2306} INFO - Setting next_dagrun for example_task_group to 2021-07-21 00:00:00+00:00
[2021-07-23 16:21:05,754] {scheduler_job.py:189} INFO - Processing /home/dennismutia/.virtualenvs/wefarm/lib/python3.8/site-packages/airflow/example_dags/example_task_group.py took 0.150 seconds
[2021-07-23 16:21:08,374] {scheduler_job.py:181} INFO - Started process (PID=2210) to work on /home/dennismutia/.virtualenvs/wefarm/lib/python3.8/site-packages/airflow/example_dags/example_task_group.py
[2021-07-23 16:21:08,376] {scheduler_job.py:632} INFO - Processing file /home/dennismutia/.virtualenvs/wefarm/lib/python3.8/site-packages/airflow/example_dags/example_task_group.py for tasks to queue
[2021-07-23 16:21:08,377] {logging_mixin.py:104} INFO - [2021-07-23 16:21:08,376] {dagbag.py:496} INFO - Filling up the DagBag from /home/dennismutia/.virtualenvs/wefarm/lib/python3.8/site-packages/airflow/example_dags/example_task_group.py
[2021-07-23 16:21:08,398] {scheduler_job.py:642} INFO - DAG(s) dict_keys(['example_task_group']) retrieved from /home/dennismutia/.virtualenvs/wefarm/lib/python3.8/site-packages/airflow/example_dags/example_task_group.py
[2021-07-23 16:21:08,494] {logging_mixin.py:104} INFO - [2021-07-23 16:21:08,494] {dag.py:1833} INFO - Sync 1 DAGs
[2021-07-23 16:21:08,508] {logging_mixin.py:104} INFO - [2021-07-23 16:21:08,508] {dag.py:2306} INFO - Setting next_dagrun for example_task_group to 2021-07-21 00:00:00+00:00
[2021-07-23 16:21:08,524] {scheduler_job.py:189} INFO - Processing /home/dennismutia/.virtualenvs/wefarm/lib/python3.8/site-packages/airflow/example_dags/example_task_group.py took 0.153 seconds
[2021-07-23 16:21:11,512] {scheduler_job.py:181} INFO - Started process (PID=2313) to work on /home/dennismutia/.virtualenvs/wefarm/lib/python3.8/site-packages/airflow/example_dags/example_task_group.py
[2021-07-23 16:21:11,515] {scheduler_job.py:632} INFO - Processing file /home/dennismutia/.virtualenvs/wefarm/lib/python3.8/site-packages/airflow/example_dags/example_task_group.py for tasks to queue
[2021-07-23 16:21:11,518] {logging_mixin.py:104} INFO - [2021-07-23 16:21:11,517] {dagbag.py:496} INFO - Filling up the DagBag from /home/dennismutia/.virtualenvs/wefarm/lib/python3.8/site-packages/airflow/example_dags/example_task_group.py
[2021-07-23 16:21:11,536] {scheduler_job.py:642} INFO - DAG(s) dict_keys(['example_task_group']) retrieved from /home/dennismutia/.virtualenvs/wefarm/lib/python3.8/site-packages/airflow/example_dags/example_task_group.py
[2021-07-23 16:21:11,639] {logging_mixin.py:104} INFO - [2021-07-23 16:21:11,639] {dag.py:1833} INFO - Sync 1 DAGs
[2021-07-23 16:21:11,676] {logging_mixin.py:104} INFO - [2021-07-23 16:21:11,676] {dag.py:2306} INFO - Setting next_dagrun for example_task_group to 2021-07-21 00:00:00+00:00
[2021-07-23 16:21:11,687] {scheduler_job.py:189} INFO - Processing /home/dennismutia/.virtualenvs/wefarm/lib/python3.8/site-packages/airflow/example_dags/example_task_group.py took 0.178 seconds
[2021-07-23 16:21:14,033] {scheduler_job.py:181} INFO - Started process (PID=2381) to work on /home/dennismutia/.virtualenvs/wefarm/lib/python3.8/site-packages/airflow/example_dags/example_task_group.py
[2021-07-23 16:21:14,035] {scheduler_job.py:632} INFO - Processing file /home/dennismutia/.virtualenvs/wefarm/lib/python3.8/site-packages/airflow/example_dags/example_task_group.py for tasks to queue
[2021-07-23 16:21:14,036] {logging_mixin.py:104} INFO - [2021-07-23 16:21:14,036] {dagbag.py:496} INFO - Filling up the DagBag from /home/dennismutia/.virtualenvs/wefarm/lib/python3.8/site-packages/airflow/example_dags/example_task_group.py
[2021-07-23 16:21:14,055] {scheduler_job.py:642} INFO - DAG(s) dict_keys(['example_task_group']) retrieved from /home/dennismutia/.virtualenvs/wefarm/lib/python3.8/site-packages/airflow/example_dags/example_task_group.py
[2021-07-23 16:21:14,141] {logging_mixin.py:104} INFO - [2021-07-23 16:21:14,140] {dag.py:1833} INFO - Sync 1 DAGs
[2021-07-23 16:21:14,155] {logging_mixin.py:104} INFO - [2021-07-23 16:21:14,155] {dag.py:2306} INFO - Setting next_dagrun for example_task_group to 2021-07-21 00:00:00+00:00
[2021-07-23 16:21:14,168] {scheduler_job.py:189} INFO - Processing /home/dennismutia/.virtualenvs/wefarm/lib/python3.8/site-packages/airflow/example_dags/example_task_group.py took 0.138 seconds
[2021-07-23 16:21:16,529] {scheduler_job.py:181} INFO - Started process (PID=2441) to work on /home/dennismutia/.virtualenvs/wefarm/lib/python3.8/site-packages/airflow/example_dags/example_task_group.py
[2021-07-23 16:21:16,531] {scheduler_job.py:632} INFO - Processing file /home/dennismutia/.virtualenvs/wefarm/lib/python3.8/site-packages/airflow/example_dags/example_task_group.py for tasks to queue
[2021-07-23 16:21:16,531] {logging_mixin.py:104} INFO - [2021-07-23 16:21:16,531] {dagbag.py:496} INFO - Filling up the DagBag from /home/dennismutia/.virtualenvs/wefarm/lib/python3.8/site-packages/airflow/example_dags/example_task_group.py
[2021-07-23 16:21:16,547] {scheduler_job.py:642} INFO - DAG(s) dict_keys(['example_task_group']) retrieved from /home/dennismutia/.virtualenvs/wefarm/lib/python3.8/site-packages/airflow/example_dags/example_task_group.py
[2021-07-23 16:21:16,626] {logging_mixin.py:104} INFO - [2021-07-23 16:21:16,626] {dag.py:1833} INFO - Sync 1 DAGs
[2021-07-23 16:21:16,639] {logging_mixin.py:104} INFO - [2021-07-23 16:21:16,639] {dag.py:2306} INFO - Setting next_dagrun for example_task_group to 2021-07-21 00:00:00+00:00
[2021-07-23 16:21:16,651] {scheduler_job.py:189} INFO - Processing /home/dennismutia/.virtualenvs/wefarm/lib/python3.8/site-packages/airflow/example_dags/example_task_group.py took 0.126 seconds
[2021-07-23 16:21:18,773] {scheduler_job.py:181} INFO - Started process (PID=2500) to work on /home/dennismutia/.virtualenvs/wefarm/lib/python3.8/site-packages/airflow/example_dags/example_task_group.py
[2021-07-23 16:21:18,774] {scheduler_job.py:632} INFO - Processing file /home/dennismutia/.virtualenvs/wefarm/lib/python3.8/site-packages/airflow/example_dags/example_task_group.py for tasks to queue
[2021-07-23 16:21:18,775] {logging_mixin.py:104} INFO - [2021-07-23 16:21:18,775] {dagbag.py:496} INFO - Filling up the DagBag from /home/dennismutia/.virtualenvs/wefarm/lib/python3.8/site-packages/airflow/example_dags/example_task_group.py
[2021-07-23 16:21:18,801] {scheduler_job.py:642} INFO - DAG(s) dict_keys(['example_task_group']) retrieved from /home/dennismutia/.virtualenvs/wefarm/lib/python3.8/site-packages/airflow/example_dags/example_task_group.py
[2021-07-23 16:21:18,876] {logging_mixin.py:104} INFO - [2021-07-23 16:21:18,876] {dag.py:1833} INFO - Sync 1 DAGs
[2021-07-23 16:21:18,890] {logging_mixin.py:104} INFO - [2021-07-23 16:21:18,890] {dag.py:2306} INFO - Setting next_dagrun for example_task_group to 2021-07-21 00:00:00+00:00
[2021-07-23 16:21:18,899] {scheduler_job.py:189} INFO - Processing /home/dennismutia/.virtualenvs/wefarm/lib/python3.8/site-packages/airflow/example_dags/example_task_group.py took 0.129 seconds
[2021-07-23 16:21:21,194] {scheduler_job.py:181} INFO - Started process (PID=2561) to work on /home/dennismutia/.virtualenvs/wefarm/lib/python3.8/site-packages/airflow/example_dags/example_task_group.py
[2021-07-23 16:21:21,198] {scheduler_job.py:632} INFO - Processing file /home/dennismutia/.virtualenvs/wefarm/lib/python3.8/site-packages/airflow/example_dags/example_task_group.py for tasks to queue
[2021-07-23 16:21:21,201] {logging_mixin.py:104} INFO - [2021-07-23 16:21:21,201] {dagbag.py:496} INFO - Filling up the DagBag from /home/dennismutia/.virtualenvs/wefarm/lib/python3.8/site-packages/airflow/example_dags/example_task_group.py
[2021-07-23 16:21:21,216] {scheduler_job.py:642} INFO - DAG(s) dict_keys(['example_task_group']) retrieved from /home/dennismutia/.virtualenvs/wefarm/lib/python3.8/site-packages/airflow/example_dags/example_task_group.py
[2021-07-23 16:21:21,304] {logging_mixin.py:104} INFO - [2021-07-23 16:21:21,304] {dag.py:1833} INFO - Sync 1 DAGs
[2021-07-23 16:21:21,327] {logging_mixin.py:104} INFO - [2021-07-23 16:21:21,327] {dag.py:2306} INFO - Setting next_dagrun for example_task_group to 2021-07-21 00:00:00+00:00
[2021-07-23 16:21:21,340] {scheduler_job.py:189} INFO - Processing /home/dennismutia/.virtualenvs/wefarm/lib/python3.8/site-packages/airflow/example_dags/example_task_group.py took 0.148 seconds
[2021-07-23 16:21:23,695] {scheduler_job.py:181} INFO - Started process (PID=2620) to work on /home/dennismutia/.virtualenvs/wefarm/lib/python3.8/site-packages/airflow/example_dags/example_task_group.py
[2021-07-23 16:21:23,699] {scheduler_job.py:632} INFO - Processing file /home/dennismutia/.virtualenvs/wefarm/lib/python3.8/site-packages/airflow/example_dags/example_task_group.py for tasks to queue
[2021-07-23 16:21:23,701] {logging_mixin.py:104} INFO - [2021-07-23 16:21:23,701] {dagbag.py:496} INFO - Filling up the DagBag from /home/dennismutia/.virtualenvs/wefarm/lib/python3.8/site-packages/airflow/example_dags/example_task_group.py
[2021-07-23 16:21:23,723] {scheduler_job.py:642} INFO - DAG(s) dict_keys(['example_task_group']) retrieved from /home/dennismutia/.virtualenvs/wefarm/lib/python3.8/site-packages/airflow/example_dags/example_task_group.py
[2021-07-23 16:21:23,830] {logging_mixin.py:104} INFO - [2021-07-23 16:21:23,830] {dag.py:1833} INFO - Sync 1 DAGs
[2021-07-23 16:21:23,849] {logging_mixin.py:104} INFO - [2021-07-23 16:21:23,849] {dag.py:2306} INFO - Setting next_dagrun for example_task_group to 2021-07-21 00:00:00+00:00
[2021-07-23 16:21:23,862] {scheduler_job.py:189} INFO - Processing /home/dennismutia/.virtualenvs/wefarm/lib/python3.8/site-packages/airflow/example_dags/example_task_group.py took 0.170 seconds
[2021-07-23 16:21:26,163] {scheduler_job.py:181} INFO - Started process (PID=2686) to work on /home/dennismutia/.virtualenvs/wefarm/lib/python3.8/site-packages/airflow/example_dags/example_task_group.py
[2021-07-23 16:21:26,165] {scheduler_job.py:632} INFO - Processing file /home/dennismutia/.virtualenvs/wefarm/lib/python3.8/site-packages/airflow/example_dags/example_task_group.py for tasks to queue
[2021-07-23 16:21:26,168] {logging_mixin.py:104} INFO - [2021-07-23 16:21:26,168] {dagbag.py:496} INFO - Filling up the DagBag from /home/dennismutia/.virtualenvs/wefarm/lib/python3.8/site-packages/airflow/example_dags/example_task_group.py
[2021-07-23 16:21:26,263] {scheduler_job.py:642} INFO - DAG(s) dict_keys(['example_task_group']) retrieved from /home/dennismutia/.virtualenvs/wefarm/lib/python3.8/site-packages/airflow/example_dags/example_task_group.py
[2021-07-23 16:21:26,293] {logging_mixin.py:104} INFO - [2021-07-23 16:21:26,293] {dag.py:1833} INFO - Sync 1 DAGs
[2021-07-23 16:21:26,309] {logging_mixin.py:104} INFO - [2021-07-23 16:21:26,308] {dag.py:2306} INFO - Setting next_dagrun for example_task_group to 2021-07-21 00:00:00+00:00
[2021-07-23 16:21:26,322] {scheduler_job.py:189} INFO - Processing /home/dennismutia/.virtualenvs/wefarm/lib/python3.8/site-packages/airflow/example_dags/example_task_group.py took 0.162 seconds
[2021-07-23 16:21:28,638] {scheduler_job.py:181} INFO - Started process (PID=2762) to work on /home/dennismutia/.virtualenvs/wefarm/lib/python3.8/site-packages/airflow/example_dags/example_task_group.py
[2021-07-23 16:21:28,641] {scheduler_job.py:632} INFO - Processing file /home/dennismutia/.virtualenvs/wefarm/lib/python3.8/site-packages/airflow/example_dags/example_task_group.py for tasks to queue
[2021-07-23 16:21:28,642] {logging_mixin.py:104} INFO - [2021-07-23 16:21:28,642] {dagbag.py:496} INFO - Filling up the DagBag from /home/dennismutia/.virtualenvs/wefarm/lib/python3.8/site-packages/airflow/example_dags/example_task_group.py
[2021-07-23 16:21:28,712] {scheduler_job.py:642} INFO - DAG(s) dict_keys(['example_task_group']) retrieved from /home/dennismutia/.virtualenvs/wefarm/lib/python3.8/site-packages/airflow/example_dags/example_task_group.py
[2021-07-23 16:21:28,738] {logging_mixin.py:104} INFO - [2021-07-23 16:21:28,738] {dag.py:1833} INFO - Sync 1 DAGs
[2021-07-23 16:21:28,761] {logging_mixin.py:104} INFO - [2021-07-23 16:21:28,761] {dag.py:2306} INFO - Setting next_dagrun for example_task_group to 2021-07-21 00:00:00+00:00
[2021-07-23 16:21:28,778] {scheduler_job.py:189} INFO - Processing /home/dennismutia/.virtualenvs/wefarm/lib/python3.8/site-packages/airflow/example_dags/example_task_group.py took 0.145 seconds
[2021-07-23 16:21:31,403] {scheduler_job.py:181} INFO - Started process (PID=2821) to work on /home/dennismutia/.virtualenvs/wefarm/lib/python3.8/site-packages/airflow/example_dags/example_task_group.py
[2021-07-23 16:21:31,404] {scheduler_job.py:632} INFO - Processing file /home/dennismutia/.virtualenvs/wefarm/lib/python3.8/site-packages/airflow/example_dags/example_task_group.py for tasks to queue
[2021-07-23 16:21:31,405] {logging_mixin.py:104} INFO - [2021-07-23 16:21:31,405] {dagbag.py:496} INFO - Filling up the DagBag from /home/dennismutia/.virtualenvs/wefarm/lib/python3.8/site-packages/airflow/example_dags/example_task_group.py
[2021-07-23 16:21:31,480] {scheduler_job.py:642} INFO - DAG(s) dict_keys(['example_task_group']) retrieved from /home/dennismutia/.virtualenvs/wefarm/lib/python3.8/site-packages/airflow/example_dags/example_task_group.py
[2021-07-23 16:21:31,508] {logging_mixin.py:104} INFO - [2021-07-23 16:21:31,508] {dag.py:1833} INFO - Sync 1 DAGs
[2021-07-23 16:21:31,521] {logging_mixin.py:104} INFO - [2021-07-23 16:21:31,521] {dag.py:2306} INFO - Setting next_dagrun for example_task_group to 2021-07-21 00:00:00+00:00
[2021-07-23 16:21:31,536] {scheduler_job.py:189} INFO - Processing /home/dennismutia/.virtualenvs/wefarm/lib/python3.8/site-packages/airflow/example_dags/example_task_group.py took 0.138 seconds
[2021-07-23 16:21:34,636] {scheduler_job.py:181} INFO - Started process (PID=2881) to work on /home/dennismutia/.virtualenvs/wefarm/lib/python3.8/site-packages/airflow/example_dags/example_task_group.py
[2021-07-23 16:21:34,642] {scheduler_job.py:632} INFO - Processing file /home/dennismutia/.virtualenvs/wefarm/lib/python3.8/site-packages/airflow/example_dags/example_task_group.py for tasks to queue
[2021-07-23 16:21:34,645] {logging_mixin.py:104} INFO - [2021-07-23 16:21:34,645] {dagbag.py:496} INFO - Filling up the DagBag from /home/dennismutia/.virtualenvs/wefarm/lib/python3.8/site-packages/airflow/example_dags/example_task_group.py
[2021-07-23 16:21:34,724] {scheduler_job.py:642} INFO - DAG(s) dict_keys(['example_task_group']) retrieved from /home/dennismutia/.virtualenvs/wefarm/lib/python3.8/site-packages/airflow/example_dags/example_task_group.py
[2021-07-23 16:21:34,766] {logging_mixin.py:104} INFO - [2021-07-23 16:21:34,766] {dag.py:1833} INFO - Sync 1 DAGs
[2021-07-23 16:21:34,789] {logging_mixin.py:104} INFO - [2021-07-23 16:21:34,789] {dag.py:2306} INFO - Setting next_dagrun for example_task_group to 2021-07-21 00:00:00+00:00
[2021-07-23 16:21:34,815] {scheduler_job.py:189} INFO - Processing /home/dennismutia/.virtualenvs/wefarm/lib/python3.8/site-packages/airflow/example_dags/example_task_group.py took 0.182 seconds
[2021-07-23 16:21:37,903] {scheduler_job.py:181} INFO - Started process (PID=2941) to work on /home/dennismutia/.virtualenvs/wefarm/lib/python3.8/site-packages/airflow/example_dags/example_task_group.py
[2021-07-23 16:21:37,906] {scheduler_job.py:632} INFO - Processing file /home/dennismutia/.virtualenvs/wefarm/lib/python3.8/site-packages/airflow/example_dags/example_task_group.py for tasks to queue
[2021-07-23 16:21:37,909] {logging_mixin.py:104} INFO - [2021-07-23 16:21:37,909] {dagbag.py:496} INFO - Filling up the DagBag from /home/dennismutia/.virtualenvs/wefarm/lib/python3.8/site-packages/airflow/example_dags/example_task_group.py
[2021-07-23 16:21:37,990] {scheduler_job.py:642} INFO - DAG(s) dict_keys(['example_task_group']) retrieved from /home/dennismutia/.virtualenvs/wefarm/lib/python3.8/site-packages/airflow/example_dags/example_task_group.py
[2021-07-23 16:21:38,024] {logging_mixin.py:104} INFO - [2021-07-23 16:21:38,024] {dag.py:1833} INFO - Sync 1 DAGs
[2021-07-23 16:21:38,043] {logging_mixin.py:104} INFO - [2021-07-23 16:21:38,043] {dag.py:2306} INFO - Setting next_dagrun for example_task_group to 2021-07-21 00:00:00+00:00
[2021-07-23 16:21:38,059] {scheduler_job.py:189} INFO - Processing /home/dennismutia/.virtualenvs/wefarm/lib/python3.8/site-packages/airflow/example_dags/example_task_group.py took 0.161 seconds
[2021-07-23 16:21:40,503] {scheduler_job.py:181} INFO - Started process (PID=3001) to work on /home/dennismutia/.virtualenvs/wefarm/lib/python3.8/site-packages/airflow/example_dags/example_task_group.py
[2021-07-23 16:21:40,504] {scheduler_job.py:632} INFO - Processing file /home/dennismutia/.virtualenvs/wefarm/lib/python3.8/site-packages/airflow/example_dags/example_task_group.py for tasks to queue
[2021-07-23 16:21:40,504] {logging_mixin.py:104} INFO - [2021-07-23 16:21:40,504] {dagbag.py:496} INFO - Filling up the DagBag from /home/dennismutia/.virtualenvs/wefarm/lib/python3.8/site-packages/airflow/example_dags/example_task_group.py
[2021-07-23 16:21:40,586] {scheduler_job.py:642} INFO - DAG(s) dict_keys(['example_task_group']) retrieved from /home/dennismutia/.virtualenvs/wefarm/lib/python3.8/site-packages/airflow/example_dags/example_task_group.py
[2021-07-23 16:21:40,633] {logging_mixin.py:104} INFO - [2021-07-23 16:21:40,633] {dag.py:1833} INFO - Sync 1 DAGs
[2021-07-23 16:21:40,663] {logging_mixin.py:104} INFO - [2021-07-23 16:21:40,662] {dag.py:2306} INFO - Setting next_dagrun for example_task_group to 2021-07-21 00:00:00+00:00
[2021-07-23 16:21:40,695] {scheduler_job.py:189} INFO - Processing /home/dennismutia/.virtualenvs/wefarm/lib/python3.8/site-packages/airflow/example_dags/example_task_group.py took 0.196 seconds
[2021-07-23 16:21:44,413] {scheduler_job.py:181} INFO - Started process (PID=3062) to work on /home/dennismutia/.virtualenvs/wefarm/lib/python3.8/site-packages/airflow/example_dags/example_task_group.py
[2021-07-23 16:21:44,414] {scheduler_job.py:632} INFO - Processing file /home/dennismutia/.virtualenvs/wefarm/lib/python3.8/site-packages/airflow/example_dags/example_task_group.py for tasks to queue
[2021-07-23 16:21:44,415] {logging_mixin.py:104} INFO - [2021-07-23 16:21:44,415] {dagbag.py:496} INFO - Filling up the DagBag from /home/dennismutia/.virtualenvs/wefarm/lib/python3.8/site-packages/airflow/example_dags/example_task_group.py
[2021-07-23 16:21:44,552] {scheduler_job.py:642} INFO - DAG(s) dict_keys(['example_task_group']) retrieved from /home/dennismutia/.virtualenvs/wefarm/lib/python3.8/site-packages/airflow/example_dags/example_task_group.py
[2021-07-23 16:21:44,601] {logging_mixin.py:104} INFO - [2021-07-23 16:21:44,601] {dag.py:1833} INFO - Sync 1 DAGs
[2021-07-23 16:21:44,621] {logging_mixin.py:104} INFO - [2021-07-23 16:21:44,621] {dag.py:2306} INFO - Setting next_dagrun for example_task_group to 2021-07-21 00:00:00+00:00
[2021-07-23 16:21:44,660] {scheduler_job.py:189} INFO - Processing /home/dennismutia/.virtualenvs/wefarm/lib/python3.8/site-packages/airflow/example_dags/example_task_group.py took 0.251 seconds
[2021-07-23 16:21:48,401] {scheduler_job.py:181} INFO - Started process (PID=3123) to work on /home/dennismutia/.virtualenvs/wefarm/lib/python3.8/site-packages/airflow/example_dags/example_task_group.py
[2021-07-23 16:21:48,405] {scheduler_job.py:632} INFO - Processing file /home/dennismutia/.virtualenvs/wefarm/lib/python3.8/site-packages/airflow/example_dags/example_task_group.py for tasks to queue
[2021-07-23 16:21:48,408] {logging_mixin.py:104} INFO - [2021-07-23 16:21:48,408] {dagbag.py:496} INFO - Filling up the DagBag from /home/dennismutia/.virtualenvs/wefarm/lib/python3.8/site-packages/airflow/example_dags/example_task_group.py
[2021-07-23 16:21:48,488] {scheduler_job.py:642} INFO - DAG(s) dict_keys(['example_task_group']) retrieved from /home/dennismutia/.virtualenvs/wefarm/lib/python3.8/site-packages/airflow/example_dags/example_task_group.py
[2021-07-23 16:21:48,525] {logging_mixin.py:104} INFO - [2021-07-23 16:21:48,525] {dag.py:1833} INFO - Sync 1 DAGs
[2021-07-23 16:21:48,542] {logging_mixin.py:104} INFO - [2021-07-23 16:21:48,542] {dag.py:2306} INFO - Setting next_dagrun for example_task_group to 2021-07-21 00:00:00+00:00
[2021-07-23 16:21:48,563] {scheduler_job.py:189} INFO - Processing /home/dennismutia/.virtualenvs/wefarm/lib/python3.8/site-packages/airflow/example_dags/example_task_group.py took 0.169 seconds
[2021-07-23 16:21:51,742] {scheduler_job.py:181} INFO - Started process (PID=3183) to work on /home/dennismutia/.virtualenvs/wefarm/lib/python3.8/site-packages/airflow/example_dags/example_task_group.py
[2021-07-23 16:21:51,745] {scheduler_job.py:632} INFO - Processing file /home/dennismutia/.virtualenvs/wefarm/lib/python3.8/site-packages/airflow/example_dags/example_task_group.py for tasks to queue
[2021-07-23 16:21:51,748] {logging_mixin.py:104} INFO - [2021-07-23 16:21:51,748] {dagbag.py:496} INFO - Filling up the DagBag from /home/dennismutia/.virtualenvs/wefarm/lib/python3.8/site-packages/airflow/example_dags/example_task_group.py
[2021-07-23 16:21:51,835] {scheduler_job.py:642} INFO - DAG(s) dict_keys(['example_task_group']) retrieved from /home/dennismutia/.virtualenvs/wefarm/lib/python3.8/site-packages/airflow/example_dags/example_task_group.py
[2021-07-23 16:21:51,865] {logging_mixin.py:104} INFO - [2021-07-23 16:21:51,865] {dag.py:1833} INFO - Sync 1 DAGs
[2021-07-23 16:21:51,881] {logging_mixin.py:104} INFO - [2021-07-23 16:21:51,881] {dag.py:2306} INFO - Setting next_dagrun for example_task_group to 2021-07-21 00:00:00+00:00
[2021-07-23 16:21:51,893] {scheduler_job.py:189} INFO - Processing /home/dennismutia/.virtualenvs/wefarm/lib/python3.8/site-packages/airflow/example_dags/example_task_group.py took 0.155 seconds
