[2021-07-23 16:19:56,140] {scheduler_job.py:181} INFO - Started process (PID=801) to work on /home/dennismutia/.virtualenvs/wefarm/lib/python3.8/site-packages/airflow/example_dags/example_xcomargs.py
[2021-07-23 16:19:56,141] {scheduler_job.py:632} INFO - Processing file /home/dennismutia/.virtualenvs/wefarm/lib/python3.8/site-packages/airflow/example_dags/example_xcomargs.py for tasks to queue
[2021-07-23 16:19:56,141] {logging_mixin.py:104} INFO - [2021-07-23 16:19:56,141] {dagbag.py:496} INFO - Filling up the DagBag from /home/dennismutia/.virtualenvs/wefarm/lib/python3.8/site-packages/airflow/example_dags/example_xcomargs.py
[2021-07-23 16:19:56,210] {scheduler_job.py:642} INFO - DAG(s) dict_keys(['example_xcom_args', 'example_xcom_args_with_operators']) retrieved from /home/dennismutia/.virtualenvs/wefarm/lib/python3.8/site-packages/airflow/example_dags/example_xcomargs.py
[2021-07-23 16:19:56,456] {logging_mixin.py:104} INFO - [2021-07-23 16:19:56,456] {dag.py:1833} INFO - Sync 2 DAGs
[2021-07-23 16:19:56,466] {logging_mixin.py:104} INFO - [2021-07-23 16:19:56,466] {dag.py:2306} INFO - Setting next_dagrun for example_xcom_args to None
[2021-07-23 16:19:56,466] {logging_mixin.py:104} INFO - [2021-07-23 16:19:56,466] {dag.py:2306} INFO - Setting next_dagrun for example_xcom_args_with_operators to None
[2021-07-23 16:19:56,486] {scheduler_job.py:189} INFO - Processing /home/dennismutia/.virtualenvs/wefarm/lib/python3.8/site-packages/airflow/example_dags/example_xcomargs.py took 0.349 seconds
[2021-07-23 16:19:59,246] {scheduler_job.py:181} INFO - Started process (PID=864) to work on /home/dennismutia/.virtualenvs/wefarm/lib/python3.8/site-packages/airflow/example_dags/example_xcomargs.py
[2021-07-23 16:19:59,249] {scheduler_job.py:632} INFO - Processing file /home/dennismutia/.virtualenvs/wefarm/lib/python3.8/site-packages/airflow/example_dags/example_xcomargs.py for tasks to queue
[2021-07-23 16:19:59,249] {logging_mixin.py:104} INFO - [2021-07-23 16:19:59,249] {dagbag.py:496} INFO - Filling up the DagBag from /home/dennismutia/.virtualenvs/wefarm/lib/python3.8/site-packages/airflow/example_dags/example_xcomargs.py
[2021-07-23 16:19:59,311] {scheduler_job.py:642} INFO - DAG(s) dict_keys(['example_xcom_args', 'example_xcom_args_with_operators']) retrieved from /home/dennismutia/.virtualenvs/wefarm/lib/python3.8/site-packages/airflow/example_dags/example_xcomargs.py
[2021-07-23 16:19:59,330] {logging_mixin.py:104} INFO - [2021-07-23 16:19:59,330] {dag.py:1833} INFO - Sync 2 DAGs
[2021-07-23 16:19:59,342] {logging_mixin.py:104} INFO - [2021-07-23 16:19:59,342] {dag.py:2306} INFO - Setting next_dagrun for example_xcom_args to None
[2021-07-23 16:19:59,343] {logging_mixin.py:104} INFO - [2021-07-23 16:19:59,343] {dag.py:2306} INFO - Setting next_dagrun for example_xcom_args_with_operators to None
[2021-07-23 16:19:59,358] {scheduler_job.py:189} INFO - Processing /home/dennismutia/.virtualenvs/wefarm/lib/python3.8/site-packages/airflow/example_dags/example_xcomargs.py took 0.114 seconds
[2021-07-23 16:20:01,052] {scheduler_job.py:181} INFO - Started process (PID=924) to work on /home/dennismutia/.virtualenvs/wefarm/lib/python3.8/site-packages/airflow/example_dags/example_xcomargs.py
[2021-07-23 16:20:01,053] {scheduler_job.py:632} INFO - Processing file /home/dennismutia/.virtualenvs/wefarm/lib/python3.8/site-packages/airflow/example_dags/example_xcomargs.py for tasks to queue
[2021-07-23 16:20:01,054] {logging_mixin.py:104} INFO - [2021-07-23 16:20:01,054] {dagbag.py:496} INFO - Filling up the DagBag from /home/dennismutia/.virtualenvs/wefarm/lib/python3.8/site-packages/airflow/example_dags/example_xcomargs.py
[2021-07-23 16:20:01,115] {scheduler_job.py:642} INFO - DAG(s) dict_keys(['example_xcom_args', 'example_xcom_args_with_operators']) retrieved from /home/dennismutia/.virtualenvs/wefarm/lib/python3.8/site-packages/airflow/example_dags/example_xcomargs.py
[2021-07-23 16:20:01,140] {logging_mixin.py:104} INFO - [2021-07-23 16:20:01,140] {dag.py:1833} INFO - Sync 2 DAGs
[2021-07-23 16:20:01,152] {logging_mixin.py:104} INFO - [2021-07-23 16:20:01,152] {dag.py:2306} INFO - Setting next_dagrun for example_xcom_args to None
[2021-07-23 16:20:01,159] {logging_mixin.py:104} INFO - [2021-07-23 16:20:01,158] {dag.py:2306} INFO - Setting next_dagrun for example_xcom_args_with_operators to None
[2021-07-23 16:20:01,175] {scheduler_job.py:189} INFO - Processing /home/dennismutia/.virtualenvs/wefarm/lib/python3.8/site-packages/airflow/example_dags/example_xcomargs.py took 0.126 seconds
[2021-07-23 16:20:03,104] {scheduler_job.py:181} INFO - Started process (PID=1027) to work on /home/dennismutia/.virtualenvs/wefarm/lib/python3.8/site-packages/airflow/example_dags/example_xcomargs.py
[2021-07-23 16:20:03,104] {scheduler_job.py:632} INFO - Processing file /home/dennismutia/.virtualenvs/wefarm/lib/python3.8/site-packages/airflow/example_dags/example_xcomargs.py for tasks to queue
[2021-07-23 16:20:03,105] {logging_mixin.py:104} INFO - [2021-07-23 16:20:03,105] {dagbag.py:496} INFO - Filling up the DagBag from /home/dennismutia/.virtualenvs/wefarm/lib/python3.8/site-packages/airflow/example_dags/example_xcomargs.py
[2021-07-23 16:20:03,180] {scheduler_job.py:642} INFO - DAG(s) dict_keys(['example_xcom_args', 'example_xcom_args_with_operators']) retrieved from /home/dennismutia/.virtualenvs/wefarm/lib/python3.8/site-packages/airflow/example_dags/example_xcomargs.py
[2021-07-23 16:20:03,200] {logging_mixin.py:104} INFO - [2021-07-23 16:20:03,200] {dag.py:1833} INFO - Sync 2 DAGs
[2021-07-23 16:20:03,217] {logging_mixin.py:104} INFO - [2021-07-23 16:20:03,216] {dag.py:2306} INFO - Setting next_dagrun for example_xcom_args to None
[2021-07-23 16:20:03,218] {logging_mixin.py:104} INFO - [2021-07-23 16:20:03,218] {dag.py:2306} INFO - Setting next_dagrun for example_xcom_args_with_operators to None
[2021-07-23 16:20:03,237] {scheduler_job.py:189} INFO - Processing /home/dennismutia/.virtualenvs/wefarm/lib/python3.8/site-packages/airflow/example_dags/example_xcomargs.py took 0.136 seconds
[2021-07-23 16:20:05,028] {scheduler_job.py:181} INFO - Started process (PID=1095) to work on /home/dennismutia/.virtualenvs/wefarm/lib/python3.8/site-packages/airflow/example_dags/example_xcomargs.py
[2021-07-23 16:20:05,030] {scheduler_job.py:632} INFO - Processing file /home/dennismutia/.virtualenvs/wefarm/lib/python3.8/site-packages/airflow/example_dags/example_xcomargs.py for tasks to queue
[2021-07-23 16:20:05,030] {logging_mixin.py:104} INFO - [2021-07-23 16:20:05,030] {dagbag.py:496} INFO - Filling up the DagBag from /home/dennismutia/.virtualenvs/wefarm/lib/python3.8/site-packages/airflow/example_dags/example_xcomargs.py
[2021-07-23 16:20:05,091] {scheduler_job.py:642} INFO - DAG(s) dict_keys(['example_xcom_args', 'example_xcom_args_with_operators']) retrieved from /home/dennismutia/.virtualenvs/wefarm/lib/python3.8/site-packages/airflow/example_dags/example_xcomargs.py
[2021-07-23 16:20:05,118] {logging_mixin.py:104} INFO - [2021-07-23 16:20:05,117] {dag.py:1833} INFO - Sync 2 DAGs
[2021-07-23 16:20:05,129] {logging_mixin.py:104} INFO - [2021-07-23 16:20:05,129] {dag.py:2306} INFO - Setting next_dagrun for example_xcom_args to None
[2021-07-23 16:20:05,130] {logging_mixin.py:104} INFO - [2021-07-23 16:20:05,129] {dag.py:2306} INFO - Setting next_dagrun for example_xcom_args_with_operators to None
[2021-07-23 16:20:05,140] {scheduler_job.py:189} INFO - Processing /home/dennismutia/.virtualenvs/wefarm/lib/python3.8/site-packages/airflow/example_dags/example_xcomargs.py took 0.115 seconds
[2021-07-23 16:20:06,831] {scheduler_job.py:181} INFO - Started process (PID=1155) to work on /home/dennismutia/.virtualenvs/wefarm/lib/python3.8/site-packages/airflow/example_dags/example_xcomargs.py
[2021-07-23 16:20:06,833] {scheduler_job.py:632} INFO - Processing file /home/dennismutia/.virtualenvs/wefarm/lib/python3.8/site-packages/airflow/example_dags/example_xcomargs.py for tasks to queue
[2021-07-23 16:20:06,833] {logging_mixin.py:104} INFO - [2021-07-23 16:20:06,833] {dagbag.py:496} INFO - Filling up the DagBag from /home/dennismutia/.virtualenvs/wefarm/lib/python3.8/site-packages/airflow/example_dags/example_xcomargs.py
[2021-07-23 16:20:06,895] {scheduler_job.py:642} INFO - DAG(s) dict_keys(['example_xcom_args', 'example_xcom_args_with_operators']) retrieved from /home/dennismutia/.virtualenvs/wefarm/lib/python3.8/site-packages/airflow/example_dags/example_xcomargs.py
[2021-07-23 16:20:06,915] {logging_mixin.py:104} INFO - [2021-07-23 16:20:06,915] {dag.py:1833} INFO - Sync 2 DAGs
[2021-07-23 16:20:06,927] {logging_mixin.py:104} INFO - [2021-07-23 16:20:06,927] {dag.py:2306} INFO - Setting next_dagrun for example_xcom_args to None
[2021-07-23 16:20:06,927] {logging_mixin.py:104} INFO - [2021-07-23 16:20:06,927] {dag.py:2306} INFO - Setting next_dagrun for example_xcom_args_with_operators to None
[2021-07-23 16:20:06,942] {scheduler_job.py:189} INFO - Processing /home/dennismutia/.virtualenvs/wefarm/lib/python3.8/site-packages/airflow/example_dags/example_xcomargs.py took 0.113 seconds
[2021-07-23 16:20:08,899] {scheduler_job.py:181} INFO - Started process (PID=1236) to work on /home/dennismutia/.virtualenvs/wefarm/lib/python3.8/site-packages/airflow/example_dags/example_xcomargs.py
[2021-07-23 16:20:08,902] {scheduler_job.py:632} INFO - Processing file /home/dennismutia/.virtualenvs/wefarm/lib/python3.8/site-packages/airflow/example_dags/example_xcomargs.py for tasks to queue
[2021-07-23 16:20:08,904] {logging_mixin.py:104} INFO - [2021-07-23 16:20:08,904] {dagbag.py:496} INFO - Filling up the DagBag from /home/dennismutia/.virtualenvs/wefarm/lib/python3.8/site-packages/airflow/example_dags/example_xcomargs.py
[2021-07-23 16:20:08,968] {scheduler_job.py:642} INFO - DAG(s) dict_keys(['example_xcom_args', 'example_xcom_args_with_operators']) retrieved from /home/dennismutia/.virtualenvs/wefarm/lib/python3.8/site-packages/airflow/example_dags/example_xcomargs.py
[2021-07-23 16:20:09,005] {logging_mixin.py:104} INFO - [2021-07-23 16:20:09,005] {dag.py:1833} INFO - Sync 2 DAGs
[2021-07-23 16:20:09,018] {logging_mixin.py:104} INFO - [2021-07-23 16:20:09,018] {dag.py:2306} INFO - Setting next_dagrun for example_xcom_args to None
[2021-07-23 16:20:09,019] {logging_mixin.py:104} INFO - [2021-07-23 16:20:09,018] {dag.py:2306} INFO - Setting next_dagrun for example_xcom_args_with_operators to None
[2021-07-23 16:20:09,044] {scheduler_job.py:189} INFO - Processing /home/dennismutia/.virtualenvs/wefarm/lib/python3.8/site-packages/airflow/example_dags/example_xcomargs.py took 0.149 seconds
[2021-07-23 16:20:10,876] {scheduler_job.py:181} INFO - Started process (PID=1298) to work on /home/dennismutia/.virtualenvs/wefarm/lib/python3.8/site-packages/airflow/example_dags/example_xcomargs.py
[2021-07-23 16:20:10,876] {scheduler_job.py:632} INFO - Processing file /home/dennismutia/.virtualenvs/wefarm/lib/python3.8/site-packages/airflow/example_dags/example_xcomargs.py for tasks to queue
[2021-07-23 16:20:10,877] {logging_mixin.py:104} INFO - [2021-07-23 16:20:10,877] {dagbag.py:496} INFO - Filling up the DagBag from /home/dennismutia/.virtualenvs/wefarm/lib/python3.8/site-packages/airflow/example_dags/example_xcomargs.py
[2021-07-23 16:20:10,949] {scheduler_job.py:642} INFO - DAG(s) dict_keys(['example_xcom_args', 'example_xcom_args_with_operators']) retrieved from /home/dennismutia/.virtualenvs/wefarm/lib/python3.8/site-packages/airflow/example_dags/example_xcomargs.py
[2021-07-23 16:20:10,965] {logging_mixin.py:104} INFO - [2021-07-23 16:20:10,965] {dag.py:1833} INFO - Sync 2 DAGs
[2021-07-23 16:20:10,991] {logging_mixin.py:104} INFO - [2021-07-23 16:20:10,991] {dag.py:2306} INFO - Setting next_dagrun for example_xcom_args to None
[2021-07-23 16:20:10,994] {logging_mixin.py:104} INFO - [2021-07-23 16:20:10,994] {dag.py:2306} INFO - Setting next_dagrun for example_xcom_args_with_operators to None
[2021-07-23 16:20:11,005] {scheduler_job.py:189} INFO - Processing /home/dennismutia/.virtualenvs/wefarm/lib/python3.8/site-packages/airflow/example_dags/example_xcomargs.py took 0.132 seconds
[2021-07-23 16:20:12,824] {scheduler_job.py:181} INFO - Started process (PID=1360) to work on /home/dennismutia/.virtualenvs/wefarm/lib/python3.8/site-packages/airflow/example_dags/example_xcomargs.py
[2021-07-23 16:20:12,827] {scheduler_job.py:632} INFO - Processing file /home/dennismutia/.virtualenvs/wefarm/lib/python3.8/site-packages/airflow/example_dags/example_xcomargs.py for tasks to queue
[2021-07-23 16:20:12,829] {logging_mixin.py:104} INFO - [2021-07-23 16:20:12,829] {dagbag.py:496} INFO - Filling up the DagBag from /home/dennismutia/.virtualenvs/wefarm/lib/python3.8/site-packages/airflow/example_dags/example_xcomargs.py
[2021-07-23 16:20:12,919] {scheduler_job.py:642} INFO - DAG(s) dict_keys(['example_xcom_args', 'example_xcom_args_with_operators']) retrieved from /home/dennismutia/.virtualenvs/wefarm/lib/python3.8/site-packages/airflow/example_dags/example_xcomargs.py
[2021-07-23 16:20:12,943] {logging_mixin.py:104} INFO - [2021-07-23 16:20:12,943] {dag.py:1833} INFO - Sync 2 DAGs
[2021-07-23 16:20:12,974] {logging_mixin.py:104} INFO - [2021-07-23 16:20:12,974] {dag.py:2306} INFO - Setting next_dagrun for example_xcom_args to None
[2021-07-23 16:20:12,977] {logging_mixin.py:104} INFO - [2021-07-23 16:20:12,977] {dag.py:2306} INFO - Setting next_dagrun for example_xcom_args_with_operators to None
[2021-07-23 16:20:12,995] {scheduler_job.py:189} INFO - Processing /home/dennismutia/.virtualenvs/wefarm/lib/python3.8/site-packages/airflow/example_dags/example_xcomargs.py took 0.173 seconds
[2021-07-23 16:20:15,165] {scheduler_job.py:181} INFO - Started process (PID=1420) to work on /home/dennismutia/.virtualenvs/wefarm/lib/python3.8/site-packages/airflow/example_dags/example_xcomargs.py
[2021-07-23 16:20:15,166] {scheduler_job.py:632} INFO - Processing file /home/dennismutia/.virtualenvs/wefarm/lib/python3.8/site-packages/airflow/example_dags/example_xcomargs.py for tasks to queue
[2021-07-23 16:20:15,167] {logging_mixin.py:104} INFO - [2021-07-23 16:20:15,166] {dagbag.py:496} INFO - Filling up the DagBag from /home/dennismutia/.virtualenvs/wefarm/lib/python3.8/site-packages/airflow/example_dags/example_xcomargs.py
[2021-07-23 16:20:15,251] {scheduler_job.py:642} INFO - DAG(s) dict_keys(['example_xcom_args', 'example_xcom_args_with_operators']) retrieved from /home/dennismutia/.virtualenvs/wefarm/lib/python3.8/site-packages/airflow/example_dags/example_xcomargs.py
[2021-07-23 16:20:15,292] {logging_mixin.py:104} INFO - [2021-07-23 16:20:15,292] {dag.py:1833} INFO - Sync 2 DAGs
[2021-07-23 16:20:15,312] {logging_mixin.py:104} INFO - [2021-07-23 16:20:15,312] {dag.py:2306} INFO - Setting next_dagrun for example_xcom_args to None
[2021-07-23 16:20:15,313] {logging_mixin.py:104} INFO - [2021-07-23 16:20:15,313] {dag.py:2306} INFO - Setting next_dagrun for example_xcom_args_with_operators to None
[2021-07-23 16:20:15,329] {scheduler_job.py:189} INFO - Processing /home/dennismutia/.virtualenvs/wefarm/lib/python3.8/site-packages/airflow/example_dags/example_xcomargs.py took 0.168 seconds
[2021-07-23 16:20:17,575] {scheduler_job.py:181} INFO - Started process (PID=1480) to work on /home/dennismutia/.virtualenvs/wefarm/lib/python3.8/site-packages/airflow/example_dags/example_xcomargs.py
[2021-07-23 16:20:17,576] {scheduler_job.py:632} INFO - Processing file /home/dennismutia/.virtualenvs/wefarm/lib/python3.8/site-packages/airflow/example_dags/example_xcomargs.py for tasks to queue
[2021-07-23 16:20:17,577] {logging_mixin.py:104} INFO - [2021-07-23 16:20:17,576] {dagbag.py:496} INFO - Filling up the DagBag from /home/dennismutia/.virtualenvs/wefarm/lib/python3.8/site-packages/airflow/example_dags/example_xcomargs.py
[2021-07-23 16:20:17,663] {scheduler_job.py:642} INFO - DAG(s) dict_keys(['example_xcom_args', 'example_xcom_args_with_operators']) retrieved from /home/dennismutia/.virtualenvs/wefarm/lib/python3.8/site-packages/airflow/example_dags/example_xcomargs.py
[2021-07-23 16:20:17,691] {logging_mixin.py:104} INFO - [2021-07-23 16:20:17,691] {dag.py:1833} INFO - Sync 2 DAGs
[2021-07-23 16:20:17,717] {logging_mixin.py:104} INFO - [2021-07-23 16:20:17,717] {dag.py:2306} INFO - Setting next_dagrun for example_xcom_args to None
[2021-07-23 16:20:17,718] {logging_mixin.py:104} INFO - [2021-07-23 16:20:17,717] {dag.py:2306} INFO - Setting next_dagrun for example_xcom_args_with_operators to None
[2021-07-23 16:20:17,739] {scheduler_job.py:189} INFO - Processing /home/dennismutia/.virtualenvs/wefarm/lib/python3.8/site-packages/airflow/example_dags/example_xcomargs.py took 0.167 seconds
[2021-07-23 16:20:19,962] {scheduler_job.py:181} INFO - Started process (PID=1540) to work on /home/dennismutia/.virtualenvs/wefarm/lib/python3.8/site-packages/airflow/example_dags/example_xcomargs.py
[2021-07-23 16:20:19,964] {scheduler_job.py:632} INFO - Processing file /home/dennismutia/.virtualenvs/wefarm/lib/python3.8/site-packages/airflow/example_dags/example_xcomargs.py for tasks to queue
[2021-07-23 16:20:19,964] {logging_mixin.py:104} INFO - [2021-07-23 16:20:19,964] {dagbag.py:496} INFO - Filling up the DagBag from /home/dennismutia/.virtualenvs/wefarm/lib/python3.8/site-packages/airflow/example_dags/example_xcomargs.py
[2021-07-23 16:20:20,059] {scheduler_job.py:642} INFO - DAG(s) dict_keys(['example_xcom_args', 'example_xcom_args_with_operators']) retrieved from /home/dennismutia/.virtualenvs/wefarm/lib/python3.8/site-packages/airflow/example_dags/example_xcomargs.py
[2021-07-23 16:20:20,089] {logging_mixin.py:104} INFO - [2021-07-23 16:20:20,089] {dag.py:1833} INFO - Sync 2 DAGs
[2021-07-23 16:20:20,112] {logging_mixin.py:104} INFO - [2021-07-23 16:20:20,112] {dag.py:2306} INFO - Setting next_dagrun for example_xcom_args to None
[2021-07-23 16:20:20,115] {logging_mixin.py:104} INFO - [2021-07-23 16:20:20,115] {dag.py:2306} INFO - Setting next_dagrun for example_xcom_args_with_operators to None
[2021-07-23 16:20:20,132] {scheduler_job.py:189} INFO - Processing /home/dennismutia/.virtualenvs/wefarm/lib/python3.8/site-packages/airflow/example_dags/example_xcomargs.py took 0.173 seconds
[2021-07-23 16:20:22,318] {scheduler_job.py:181} INFO - Started process (PID=1602) to work on /home/dennismutia/.virtualenvs/wefarm/lib/python3.8/site-packages/airflow/example_dags/example_xcomargs.py
[2021-07-23 16:20:22,335] {scheduler_job.py:632} INFO - Processing file /home/dennismutia/.virtualenvs/wefarm/lib/python3.8/site-packages/airflow/example_dags/example_xcomargs.py for tasks to queue
[2021-07-23 16:20:22,365] {logging_mixin.py:104} INFO - [2021-07-23 16:20:22,365] {dagbag.py:496} INFO - Filling up the DagBag from /home/dennismutia/.virtualenvs/wefarm/lib/python3.8/site-packages/airflow/example_dags/example_xcomargs.py
[2021-07-23 16:20:22,501] {scheduler_job.py:642} INFO - DAG(s) dict_keys(['example_xcom_args', 'example_xcom_args_with_operators']) retrieved from /home/dennismutia/.virtualenvs/wefarm/lib/python3.8/site-packages/airflow/example_dags/example_xcomargs.py
[2021-07-23 16:20:22,533] {logging_mixin.py:104} INFO - [2021-07-23 16:20:22,533] {dag.py:1833} INFO - Sync 2 DAGs
[2021-07-23 16:20:22,551] {logging_mixin.py:104} INFO - [2021-07-23 16:20:22,551] {dag.py:2306} INFO - Setting next_dagrun for example_xcom_args to None
[2021-07-23 16:20:22,562] {logging_mixin.py:104} INFO - [2021-07-23 16:20:22,562] {dag.py:2306} INFO - Setting next_dagrun for example_xcom_args_with_operators to None
[2021-07-23 16:20:22,579] {scheduler_job.py:189} INFO - Processing /home/dennismutia/.virtualenvs/wefarm/lib/python3.8/site-packages/airflow/example_dags/example_xcomargs.py took 0.265 seconds
[2021-07-23 16:20:25,206] {scheduler_job.py:181} INFO - Started process (PID=1665) to work on /home/dennismutia/.virtualenvs/wefarm/lib/python3.8/site-packages/airflow/example_dags/example_xcomargs.py
[2021-07-23 16:20:25,212] {scheduler_job.py:632} INFO - Processing file /home/dennismutia/.virtualenvs/wefarm/lib/python3.8/site-packages/airflow/example_dags/example_xcomargs.py for tasks to queue
[2021-07-23 16:20:25,218] {logging_mixin.py:104} INFO - [2021-07-23 16:20:25,217] {dagbag.py:496} INFO - Filling up the DagBag from /home/dennismutia/.virtualenvs/wefarm/lib/python3.8/site-packages/airflow/example_dags/example_xcomargs.py
[2021-07-23 16:20:25,341] {scheduler_job.py:642} INFO - DAG(s) dict_keys(['example_xcom_args', 'example_xcom_args_with_operators']) retrieved from /home/dennismutia/.virtualenvs/wefarm/lib/python3.8/site-packages/airflow/example_dags/example_xcomargs.py
[2021-07-23 16:20:25,371] {logging_mixin.py:104} INFO - [2021-07-23 16:20:25,371] {dag.py:1833} INFO - Sync 2 DAGs
[2021-07-23 16:20:25,401] {logging_mixin.py:104} INFO - [2021-07-23 16:20:25,401] {dag.py:2306} INFO - Setting next_dagrun for example_xcom_args to None
[2021-07-23 16:20:25,405] {logging_mixin.py:104} INFO - [2021-07-23 16:20:25,405] {dag.py:2306} INFO - Setting next_dagrun for example_xcom_args_with_operators to None
[2021-07-23 16:20:25,429] {scheduler_job.py:189} INFO - Processing /home/dennismutia/.virtualenvs/wefarm/lib/python3.8/site-packages/airflow/example_dags/example_xcomargs.py took 0.226 seconds
[2021-07-23 16:20:28,482] {scheduler_job.py:181} INFO - Started process (PID=1727) to work on /home/dennismutia/.virtualenvs/wefarm/lib/python3.8/site-packages/airflow/example_dags/example_xcomargs.py
[2021-07-23 16:20:28,483] {scheduler_job.py:632} INFO - Processing file /home/dennismutia/.virtualenvs/wefarm/lib/python3.8/site-packages/airflow/example_dags/example_xcomargs.py for tasks to queue
[2021-07-23 16:20:28,484] {logging_mixin.py:104} INFO - [2021-07-23 16:20:28,483] {dagbag.py:496} INFO - Filling up the DagBag from /home/dennismutia/.virtualenvs/wefarm/lib/python3.8/site-packages/airflow/example_dags/example_xcomargs.py
[2021-07-23 16:20:28,570] {scheduler_job.py:642} INFO - DAG(s) dict_keys(['example_xcom_args', 'example_xcom_args_with_operators']) retrieved from /home/dennismutia/.virtualenvs/wefarm/lib/python3.8/site-packages/airflow/example_dags/example_xcomargs.py
[2021-07-23 16:20:28,850] {logging_mixin.py:104} INFO - [2021-07-23 16:20:28,850] {dag.py:1833} INFO - Sync 2 DAGs
[2021-07-23 16:20:28,866] {logging_mixin.py:104} INFO - [2021-07-23 16:20:28,865] {dag.py:2306} INFO - Setting next_dagrun for example_xcom_args to None
[2021-07-23 16:20:28,867] {logging_mixin.py:104} INFO - [2021-07-23 16:20:28,867] {dag.py:2306} INFO - Setting next_dagrun for example_xcom_args_with_operators to None
[2021-07-23 16:20:28,888] {scheduler_job.py:189} INFO - Processing /home/dennismutia/.virtualenvs/wefarm/lib/python3.8/site-packages/airflow/example_dags/example_xcomargs.py took 0.409 seconds
[2021-07-23 16:20:37,612] {scheduler_job.py:181} INFO - Started process (PID=1806) to work on /home/dennismutia/.virtualenvs/wefarm/lib/python3.8/site-packages/airflow/example_dags/example_xcomargs.py
[2021-07-23 16:20:37,615] {scheduler_job.py:632} INFO - Processing file /home/dennismutia/.virtualenvs/wefarm/lib/python3.8/site-packages/airflow/example_dags/example_xcomargs.py for tasks to queue
[2021-07-23 16:20:37,615] {logging_mixin.py:104} INFO - [2021-07-23 16:20:37,615] {dagbag.py:496} INFO - Filling up the DagBag from /home/dennismutia/.virtualenvs/wefarm/lib/python3.8/site-packages/airflow/example_dags/example_xcomargs.py
[2021-07-23 16:20:37,829] {scheduler_job.py:642} INFO - DAG(s) dict_keys(['example_xcom_args', 'example_xcom_args_with_operators']) retrieved from /home/dennismutia/.virtualenvs/wefarm/lib/python3.8/site-packages/airflow/example_dags/example_xcomargs.py
[2021-07-23 16:20:37,911] {logging_mixin.py:104} INFO - [2021-07-23 16:20:37,911] {dag.py:1833} INFO - Sync 2 DAGs
[2021-07-23 16:20:37,947] {logging_mixin.py:104} INFO - [2021-07-23 16:20:37,947] {dag.py:2306} INFO - Setting next_dagrun for example_xcom_args to None
[2021-07-23 16:20:37,954] {logging_mixin.py:104} INFO - [2021-07-23 16:20:37,954] {dag.py:2306} INFO - Setting next_dagrun for example_xcom_args_with_operators to None
[2021-07-23 16:20:37,983] {scheduler_job.py:189} INFO - Processing /home/dennismutia/.virtualenvs/wefarm/lib/python3.8/site-packages/airflow/example_dags/example_xcomargs.py took 0.375 seconds
[2021-07-23 16:20:43,707] {scheduler_job.py:181} INFO - Started process (PID=1867) to work on /home/dennismutia/.virtualenvs/wefarm/lib/python3.8/site-packages/airflow/example_dags/example_xcomargs.py
[2021-07-23 16:20:43,708] {scheduler_job.py:632} INFO - Processing file /home/dennismutia/.virtualenvs/wefarm/lib/python3.8/site-packages/airflow/example_dags/example_xcomargs.py for tasks to queue
[2021-07-23 16:20:43,709] {logging_mixin.py:104} INFO - [2021-07-23 16:20:43,709] {dagbag.py:496} INFO - Filling up the DagBag from /home/dennismutia/.virtualenvs/wefarm/lib/python3.8/site-packages/airflow/example_dags/example_xcomargs.py
[2021-07-23 16:20:44,030] {scheduler_job.py:642} INFO - DAG(s) dict_keys(['example_xcom_args', 'example_xcom_args_with_operators']) retrieved from /home/dennismutia/.virtualenvs/wefarm/lib/python3.8/site-packages/airflow/example_dags/example_xcomargs.py
[2021-07-23 16:20:44,123] {logging_mixin.py:104} INFO - [2021-07-23 16:20:44,123] {dag.py:1833} INFO - Sync 2 DAGs
[2021-07-23 16:20:44,150] {logging_mixin.py:104} INFO - [2021-07-23 16:20:44,150] {dag.py:2306} INFO - Setting next_dagrun for example_xcom_args to None
[2021-07-23 16:20:44,154] {logging_mixin.py:104} INFO - [2021-07-23 16:20:44,154] {dag.py:2306} INFO - Setting next_dagrun for example_xcom_args_with_operators to None
[2021-07-23 16:20:44,188] {scheduler_job.py:189} INFO - Processing /home/dennismutia/.virtualenvs/wefarm/lib/python3.8/site-packages/airflow/example_dags/example_xcomargs.py took 0.509 seconds
[2021-07-23 16:20:51,175] {scheduler_job.py:181} INFO - Started process (PID=1929) to work on /home/dennismutia/.virtualenvs/wefarm/lib/python3.8/site-packages/airflow/example_dags/example_xcomargs.py
[2021-07-23 16:20:51,176] {scheduler_job.py:632} INFO - Processing file /home/dennismutia/.virtualenvs/wefarm/lib/python3.8/site-packages/airflow/example_dags/example_xcomargs.py for tasks to queue
[2021-07-23 16:20:51,177] {logging_mixin.py:104} INFO - [2021-07-23 16:20:51,177] {dagbag.py:496} INFO - Filling up the DagBag from /home/dennismutia/.virtualenvs/wefarm/lib/python3.8/site-packages/airflow/example_dags/example_xcomargs.py
[2021-07-23 16:20:51,442] {scheduler_job.py:642} INFO - DAG(s) dict_keys(['example_xcom_args', 'example_xcom_args_with_operators']) retrieved from /home/dennismutia/.virtualenvs/wefarm/lib/python3.8/site-packages/airflow/example_dags/example_xcomargs.py
[2021-07-23 16:20:51,546] {logging_mixin.py:104} INFO - [2021-07-23 16:20:51,546] {dag.py:1833} INFO - Sync 2 DAGs
[2021-07-23 16:20:51,614] {logging_mixin.py:104} INFO - [2021-07-23 16:20:51,614] {dag.py:2306} INFO - Setting next_dagrun for example_xcom_args to None
[2021-07-23 16:20:51,615] {logging_mixin.py:104} INFO - [2021-07-23 16:20:51,615] {dag.py:2306} INFO - Setting next_dagrun for example_xcom_args_with_operators to None
[2021-07-23 16:20:51,680] {scheduler_job.py:189} INFO - Processing /home/dennismutia/.virtualenvs/wefarm/lib/python3.8/site-packages/airflow/example_dags/example_xcomargs.py took 0.510 seconds
[2021-07-23 16:20:56,347] {scheduler_job.py:181} INFO - Started process (PID=1989) to work on /home/dennismutia/.virtualenvs/wefarm/lib/python3.8/site-packages/airflow/example_dags/example_xcomargs.py
[2021-07-23 16:20:56,360] {scheduler_job.py:632} INFO - Processing file /home/dennismutia/.virtualenvs/wefarm/lib/python3.8/site-packages/airflow/example_dags/example_xcomargs.py for tasks to queue
[2021-07-23 16:20:56,361] {logging_mixin.py:104} INFO - [2021-07-23 16:20:56,361] {dagbag.py:496} INFO - Filling up the DagBag from /home/dennismutia/.virtualenvs/wefarm/lib/python3.8/site-packages/airflow/example_dags/example_xcomargs.py
[2021-07-23 16:20:56,600] {scheduler_job.py:642} INFO - DAG(s) dict_keys(['example_xcom_args', 'example_xcom_args_with_operators']) retrieved from /home/dennismutia/.virtualenvs/wefarm/lib/python3.8/site-packages/airflow/example_dags/example_xcomargs.py
[2021-07-23 16:20:56,667] {logging_mixin.py:104} INFO - [2021-07-23 16:20:56,667] {dag.py:1833} INFO - Sync 2 DAGs
[2021-07-23 16:20:56,709] {logging_mixin.py:104} INFO - [2021-07-23 16:20:56,709] {dag.py:2306} INFO - Setting next_dagrun for example_xcom_args to None
[2021-07-23 16:20:56,711] {logging_mixin.py:104} INFO - [2021-07-23 16:20:56,710] {dag.py:2306} INFO - Setting next_dagrun for example_xcom_args_with_operators to None
[2021-07-23 16:20:56,741] {scheduler_job.py:189} INFO - Processing /home/dennismutia/.virtualenvs/wefarm/lib/python3.8/site-packages/airflow/example_dags/example_xcomargs.py took 0.409 seconds
[2021-07-23 16:20:59,774] {scheduler_job.py:181} INFO - Started process (PID=2049) to work on /home/dennismutia/.virtualenvs/wefarm/lib/python3.8/site-packages/airflow/example_dags/example_xcomargs.py
[2021-07-23 16:20:59,777] {scheduler_job.py:632} INFO - Processing file /home/dennismutia/.virtualenvs/wefarm/lib/python3.8/site-packages/airflow/example_dags/example_xcomargs.py for tasks to queue
[2021-07-23 16:20:59,785] {logging_mixin.py:104} INFO - [2021-07-23 16:20:59,785] {dagbag.py:496} INFO - Filling up the DagBag from /home/dennismutia/.virtualenvs/wefarm/lib/python3.8/site-packages/airflow/example_dags/example_xcomargs.py
[2021-07-23 16:20:59,896] {scheduler_job.py:642} INFO - DAG(s) dict_keys(['example_xcom_args', 'example_xcom_args_with_operators']) retrieved from /home/dennismutia/.virtualenvs/wefarm/lib/python3.8/site-packages/airflow/example_dags/example_xcomargs.py
[2021-07-23 16:21:00,320] {logging_mixin.py:104} INFO - [2021-07-23 16:21:00,320] {dag.py:1833} INFO - Sync 2 DAGs
[2021-07-23 16:21:00,337] {logging_mixin.py:104} INFO - [2021-07-23 16:21:00,337] {dag.py:2306} INFO - Setting next_dagrun for example_xcom_args to None
[2021-07-23 16:21:00,339] {logging_mixin.py:104} INFO - [2021-07-23 16:21:00,339] {dag.py:2306} INFO - Setting next_dagrun for example_xcom_args_with_operators to None
[2021-07-23 16:21:00,369] {scheduler_job.py:189} INFO - Processing /home/dennismutia/.virtualenvs/wefarm/lib/python3.8/site-packages/airflow/example_dags/example_xcomargs.py took 0.599 seconds
[2021-07-23 16:21:03,928] {scheduler_job.py:181} INFO - Started process (PID=2109) to work on /home/dennismutia/.virtualenvs/wefarm/lib/python3.8/site-packages/airflow/example_dags/example_xcomargs.py
[2021-07-23 16:21:03,930] {scheduler_job.py:632} INFO - Processing file /home/dennismutia/.virtualenvs/wefarm/lib/python3.8/site-packages/airflow/example_dags/example_xcomargs.py for tasks to queue
[2021-07-23 16:21:03,931] {logging_mixin.py:104} INFO - [2021-07-23 16:21:03,931] {dagbag.py:496} INFO - Filling up the DagBag from /home/dennismutia/.virtualenvs/wefarm/lib/python3.8/site-packages/airflow/example_dags/example_xcomargs.py
[2021-07-23 16:21:04,018] {scheduler_job.py:642} INFO - DAG(s) dict_keys(['example_xcom_args', 'example_xcom_args_with_operators']) retrieved from /home/dennismutia/.virtualenvs/wefarm/lib/python3.8/site-packages/airflow/example_dags/example_xcomargs.py
[2021-07-23 16:21:04,047] {logging_mixin.py:104} INFO - [2021-07-23 16:21:04,047] {dag.py:1833} INFO - Sync 2 DAGs
[2021-07-23 16:21:04,069] {logging_mixin.py:104} INFO - [2021-07-23 16:21:04,069] {dag.py:2306} INFO - Setting next_dagrun for example_xcom_args to None
[2021-07-23 16:21:04,070] {logging_mixin.py:104} INFO - [2021-07-23 16:21:04,070] {dag.py:2306} INFO - Setting next_dagrun for example_xcom_args_with_operators to None
[2021-07-23 16:21:04,110] {scheduler_job.py:189} INFO - Processing /home/dennismutia/.virtualenvs/wefarm/lib/python3.8/site-packages/airflow/example_dags/example_xcomargs.py took 0.186 seconds
[2021-07-23 16:21:06,507] {scheduler_job.py:181} INFO - Started process (PID=2169) to work on /home/dennismutia/.virtualenvs/wefarm/lib/python3.8/site-packages/airflow/example_dags/example_xcomargs.py
[2021-07-23 16:21:06,509] {scheduler_job.py:632} INFO - Processing file /home/dennismutia/.virtualenvs/wefarm/lib/python3.8/site-packages/airflow/example_dags/example_xcomargs.py for tasks to queue
[2021-07-23 16:21:06,509] {logging_mixin.py:104} INFO - [2021-07-23 16:21:06,509] {dagbag.py:496} INFO - Filling up the DagBag from /home/dennismutia/.virtualenvs/wefarm/lib/python3.8/site-packages/airflow/example_dags/example_xcomargs.py
[2021-07-23 16:21:06,593] {scheduler_job.py:642} INFO - DAG(s) dict_keys(['example_xcom_args', 'example_xcom_args_with_operators']) retrieved from /home/dennismutia/.virtualenvs/wefarm/lib/python3.8/site-packages/airflow/example_dags/example_xcomargs.py
[2021-07-23 16:21:06,625] {logging_mixin.py:104} INFO - [2021-07-23 16:21:06,625] {dag.py:1833} INFO - Sync 2 DAGs
[2021-07-23 16:21:06,649] {logging_mixin.py:104} INFO - [2021-07-23 16:21:06,649] {dag.py:2306} INFO - Setting next_dagrun for example_xcom_args to None
[2021-07-23 16:21:06,651] {logging_mixin.py:104} INFO - [2021-07-23 16:21:06,651] {dag.py:2306} INFO - Setting next_dagrun for example_xcom_args_with_operators to None
[2021-07-23 16:21:06,667] {scheduler_job.py:189} INFO - Processing /home/dennismutia/.virtualenvs/wefarm/lib/python3.8/site-packages/airflow/example_dags/example_xcomargs.py took 0.163 seconds
[2021-07-23 16:21:09,596] {scheduler_job.py:181} INFO - Started process (PID=2272) to work on /home/dennismutia/.virtualenvs/wefarm/lib/python3.8/site-packages/airflow/example_dags/example_xcomargs.py
[2021-07-23 16:21:09,602] {scheduler_job.py:632} INFO - Processing file /home/dennismutia/.virtualenvs/wefarm/lib/python3.8/site-packages/airflow/example_dags/example_xcomargs.py for tasks to queue
[2021-07-23 16:21:09,603] {logging_mixin.py:104} INFO - [2021-07-23 16:21:09,603] {dagbag.py:496} INFO - Filling up the DagBag from /home/dennismutia/.virtualenvs/wefarm/lib/python3.8/site-packages/airflow/example_dags/example_xcomargs.py
[2021-07-23 16:21:09,716] {scheduler_job.py:642} INFO - DAG(s) dict_keys(['example_xcom_args', 'example_xcom_args_with_operators']) retrieved from /home/dennismutia/.virtualenvs/wefarm/lib/python3.8/site-packages/airflow/example_dags/example_xcomargs.py
[2021-07-23 16:21:09,757] {logging_mixin.py:104} INFO - [2021-07-23 16:21:09,755] {dag.py:1833} INFO - Sync 2 DAGs
[2021-07-23 16:21:09,777] {logging_mixin.py:104} INFO - [2021-07-23 16:21:09,777] {dag.py:2306} INFO - Setting next_dagrun for example_xcom_args to None
[2021-07-23 16:21:09,779] {logging_mixin.py:104} INFO - [2021-07-23 16:21:09,779] {dag.py:2306} INFO - Setting next_dagrun for example_xcom_args_with_operators to None
[2021-07-23 16:21:09,795] {scheduler_job.py:189} INFO - Processing /home/dennismutia/.virtualenvs/wefarm/lib/python3.8/site-packages/airflow/example_dags/example_xcomargs.py took 0.210 seconds
[2021-07-23 16:21:12,442] {scheduler_job.py:181} INFO - Started process (PID=2341) to work on /home/dennismutia/.virtualenvs/wefarm/lib/python3.8/site-packages/airflow/example_dags/example_xcomargs.py
[2021-07-23 16:21:12,444] {scheduler_job.py:632} INFO - Processing file /home/dennismutia/.virtualenvs/wefarm/lib/python3.8/site-packages/airflow/example_dags/example_xcomargs.py for tasks to queue
[2021-07-23 16:21:12,444] {logging_mixin.py:104} INFO - [2021-07-23 16:21:12,444] {dagbag.py:496} INFO - Filling up the DagBag from /home/dennismutia/.virtualenvs/wefarm/lib/python3.8/site-packages/airflow/example_dags/example_xcomargs.py
[2021-07-23 16:21:12,519] {scheduler_job.py:642} INFO - DAG(s) dict_keys(['example_xcom_args', 'example_xcom_args_with_operators']) retrieved from /home/dennismutia/.virtualenvs/wefarm/lib/python3.8/site-packages/airflow/example_dags/example_xcomargs.py
[2021-07-23 16:21:12,549] {logging_mixin.py:104} INFO - [2021-07-23 16:21:12,549] {dag.py:1833} INFO - Sync 2 DAGs
[2021-07-23 16:21:12,563] {logging_mixin.py:104} INFO - [2021-07-23 16:21:12,563] {dag.py:2306} INFO - Setting next_dagrun for example_xcom_args to None
[2021-07-23 16:21:12,564] {logging_mixin.py:104} INFO - [2021-07-23 16:21:12,564] {dag.py:2306} INFO - Setting next_dagrun for example_xcom_args_with_operators to None
[2021-07-23 16:21:12,581] {scheduler_job.py:189} INFO - Processing /home/dennismutia/.virtualenvs/wefarm/lib/python3.8/site-packages/airflow/example_dags/example_xcomargs.py took 0.142 seconds
[2021-07-23 16:21:14,900] {scheduler_job.py:181} INFO - Started process (PID=2401) to work on /home/dennismutia/.virtualenvs/wefarm/lib/python3.8/site-packages/airflow/example_dags/example_xcomargs.py
[2021-07-23 16:21:14,901] {scheduler_job.py:632} INFO - Processing file /home/dennismutia/.virtualenvs/wefarm/lib/python3.8/site-packages/airflow/example_dags/example_xcomargs.py for tasks to queue
[2021-07-23 16:21:14,902] {logging_mixin.py:104} INFO - [2021-07-23 16:21:14,902] {dagbag.py:496} INFO - Filling up the DagBag from /home/dennismutia/.virtualenvs/wefarm/lib/python3.8/site-packages/airflow/example_dags/example_xcomargs.py
[2021-07-23 16:21:14,988] {scheduler_job.py:642} INFO - DAG(s) dict_keys(['example_xcom_args', 'example_xcom_args_with_operators']) retrieved from /home/dennismutia/.virtualenvs/wefarm/lib/python3.8/site-packages/airflow/example_dags/example_xcomargs.py
[2021-07-23 16:21:15,013] {logging_mixin.py:104} INFO - [2021-07-23 16:21:15,013] {dag.py:1833} INFO - Sync 2 DAGs
[2021-07-23 16:21:15,031] {logging_mixin.py:104} INFO - [2021-07-23 16:21:15,030] {dag.py:2306} INFO - Setting next_dagrun for example_xcom_args to None
[2021-07-23 16:21:15,031] {logging_mixin.py:104} INFO - [2021-07-23 16:21:15,031] {dag.py:2306} INFO - Setting next_dagrun for example_xcom_args_with_operators to None
[2021-07-23 16:21:15,053] {scheduler_job.py:189} INFO - Processing /home/dennismutia/.virtualenvs/wefarm/lib/python3.8/site-packages/airflow/example_dags/example_xcomargs.py took 0.156 seconds
[2021-07-23 16:21:17,282] {scheduler_job.py:181} INFO - Started process (PID=2461) to work on /home/dennismutia/.virtualenvs/wefarm/lib/python3.8/site-packages/airflow/example_dags/example_xcomargs.py
[2021-07-23 16:21:17,283] {scheduler_job.py:632} INFO - Processing file /home/dennismutia/.virtualenvs/wefarm/lib/python3.8/site-packages/airflow/example_dags/example_xcomargs.py for tasks to queue
[2021-07-23 16:21:17,284] {logging_mixin.py:104} INFO - [2021-07-23 16:21:17,284] {dagbag.py:496} INFO - Filling up the DagBag from /home/dennismutia/.virtualenvs/wefarm/lib/python3.8/site-packages/airflow/example_dags/example_xcomargs.py
[2021-07-23 16:21:17,360] {scheduler_job.py:642} INFO - DAG(s) dict_keys(['example_xcom_args', 'example_xcom_args_with_operators']) retrieved from /home/dennismutia/.virtualenvs/wefarm/lib/python3.8/site-packages/airflow/example_dags/example_xcomargs.py
[2021-07-23 16:21:17,398] {logging_mixin.py:104} INFO - [2021-07-23 16:21:17,397] {dag.py:1833} INFO - Sync 2 DAGs
[2021-07-23 16:21:17,414] {logging_mixin.py:104} INFO - [2021-07-23 16:21:17,414] {dag.py:2306} INFO - Setting next_dagrun for example_xcom_args to None
[2021-07-23 16:21:17,415] {logging_mixin.py:104} INFO - [2021-07-23 16:21:17,415] {dag.py:2306} INFO - Setting next_dagrun for example_xcom_args_with_operators to None
[2021-07-23 16:21:17,427] {scheduler_job.py:189} INFO - Processing /home/dennismutia/.virtualenvs/wefarm/lib/python3.8/site-packages/airflow/example_dags/example_xcomargs.py took 0.148 seconds
[2021-07-23 16:21:19,532] {scheduler_job.py:181} INFO - Started process (PID=2521) to work on /home/dennismutia/.virtualenvs/wefarm/lib/python3.8/site-packages/airflow/example_dags/example_xcomargs.py
[2021-07-23 16:21:19,533] {scheduler_job.py:632} INFO - Processing file /home/dennismutia/.virtualenvs/wefarm/lib/python3.8/site-packages/airflow/example_dags/example_xcomargs.py for tasks to queue
[2021-07-23 16:21:19,534] {logging_mixin.py:104} INFO - [2021-07-23 16:21:19,534] {dagbag.py:496} INFO - Filling up the DagBag from /home/dennismutia/.virtualenvs/wefarm/lib/python3.8/site-packages/airflow/example_dags/example_xcomargs.py
[2021-07-23 16:21:19,612] {scheduler_job.py:642} INFO - DAG(s) dict_keys(['example_xcom_args', 'example_xcom_args_with_operators']) retrieved from /home/dennismutia/.virtualenvs/wefarm/lib/python3.8/site-packages/airflow/example_dags/example_xcomargs.py
[2021-07-23 16:21:19,673] {logging_mixin.py:104} INFO - [2021-07-23 16:21:19,673] {dag.py:1833} INFO - Sync 2 DAGs
[2021-07-23 16:21:19,687] {logging_mixin.py:104} INFO - [2021-07-23 16:21:19,687] {dag.py:2306} INFO - Setting next_dagrun for example_xcom_args to None
[2021-07-23 16:21:19,688] {logging_mixin.py:104} INFO - [2021-07-23 16:21:19,688] {dag.py:2306} INFO - Setting next_dagrun for example_xcom_args_with_operators to None
[2021-07-23 16:21:19,705] {scheduler_job.py:189} INFO - Processing /home/dennismutia/.virtualenvs/wefarm/lib/python3.8/site-packages/airflow/example_dags/example_xcomargs.py took 0.177 seconds
[2021-07-23 16:21:22,058] {scheduler_job.py:181} INFO - Started process (PID=2581) to work on /home/dennismutia/.virtualenvs/wefarm/lib/python3.8/site-packages/airflow/example_dags/example_xcomargs.py
[2021-07-23 16:21:22,060] {scheduler_job.py:632} INFO - Processing file /home/dennismutia/.virtualenvs/wefarm/lib/python3.8/site-packages/airflow/example_dags/example_xcomargs.py for tasks to queue
[2021-07-23 16:21:22,061] {logging_mixin.py:104} INFO - [2021-07-23 16:21:22,061] {dagbag.py:496} INFO - Filling up the DagBag from /home/dennismutia/.virtualenvs/wefarm/lib/python3.8/site-packages/airflow/example_dags/example_xcomargs.py
[2021-07-23 16:21:22,143] {scheduler_job.py:642} INFO - DAG(s) dict_keys(['example_xcom_args', 'example_xcom_args_with_operators']) retrieved from /home/dennismutia/.virtualenvs/wefarm/lib/python3.8/site-packages/airflow/example_dags/example_xcomargs.py
[2021-07-23 16:21:22,191] {logging_mixin.py:104} INFO - [2021-07-23 16:21:22,191] {dag.py:1833} INFO - Sync 2 DAGs
[2021-07-23 16:21:22,213] {logging_mixin.py:104} INFO - [2021-07-23 16:21:22,213] {dag.py:2306} INFO - Setting next_dagrun for example_xcom_args to None
[2021-07-23 16:21:22,218] {logging_mixin.py:104} INFO - [2021-07-23 16:21:22,217] {dag.py:2306} INFO - Setting next_dagrun for example_xcom_args_with_operators to None
[2021-07-23 16:21:22,238] {scheduler_job.py:189} INFO - Processing /home/dennismutia/.virtualenvs/wefarm/lib/python3.8/site-packages/airflow/example_dags/example_xcomargs.py took 0.183 seconds
[2021-07-23 16:21:24,526] {scheduler_job.py:181} INFO - Started process (PID=2641) to work on /home/dennismutia/.virtualenvs/wefarm/lib/python3.8/site-packages/airflow/example_dags/example_xcomargs.py
[2021-07-23 16:21:24,529] {scheduler_job.py:632} INFO - Processing file /home/dennismutia/.virtualenvs/wefarm/lib/python3.8/site-packages/airflow/example_dags/example_xcomargs.py for tasks to queue
[2021-07-23 16:21:24,530] {logging_mixin.py:104} INFO - [2021-07-23 16:21:24,530] {dagbag.py:496} INFO - Filling up the DagBag from /home/dennismutia/.virtualenvs/wefarm/lib/python3.8/site-packages/airflow/example_dags/example_xcomargs.py
[2021-07-23 16:21:24,608] {scheduler_job.py:642} INFO - DAG(s) dict_keys(['example_xcom_args', 'example_xcom_args_with_operators']) retrieved from /home/dennismutia/.virtualenvs/wefarm/lib/python3.8/site-packages/airflow/example_dags/example_xcomargs.py
[2021-07-23 16:21:24,656] {logging_mixin.py:104} INFO - [2021-07-23 16:21:24,656] {dag.py:1833} INFO - Sync 2 DAGs
[2021-07-23 16:21:24,671] {logging_mixin.py:104} INFO - [2021-07-23 16:21:24,670] {dag.py:2306} INFO - Setting next_dagrun for example_xcom_args to None
[2021-07-23 16:21:24,672] {logging_mixin.py:104} INFO - [2021-07-23 16:21:24,672] {dag.py:2306} INFO - Setting next_dagrun for example_xcom_args_with_operators to None
[2021-07-23 16:21:24,687] {scheduler_job.py:189} INFO - Processing /home/dennismutia/.virtualenvs/wefarm/lib/python3.8/site-packages/airflow/example_dags/example_xcomargs.py took 0.164 seconds
[2021-07-23 16:21:27,008] {scheduler_job.py:181} INFO - Started process (PID=2721) to work on /home/dennismutia/.virtualenvs/wefarm/lib/python3.8/site-packages/airflow/example_dags/example_xcomargs.py
[2021-07-23 16:21:27,010] {scheduler_job.py:632} INFO - Processing file /home/dennismutia/.virtualenvs/wefarm/lib/python3.8/site-packages/airflow/example_dags/example_xcomargs.py for tasks to queue
[2021-07-23 16:21:27,010] {logging_mixin.py:104} INFO - [2021-07-23 16:21:27,010] {dagbag.py:496} INFO - Filling up the DagBag from /home/dennismutia/.virtualenvs/wefarm/lib/python3.8/site-packages/airflow/example_dags/example_xcomargs.py
[2021-07-23 16:21:27,082] {scheduler_job.py:642} INFO - DAG(s) dict_keys(['example_xcom_args', 'example_xcom_args_with_operators']) retrieved from /home/dennismutia/.virtualenvs/wefarm/lib/python3.8/site-packages/airflow/example_dags/example_xcomargs.py
[2021-07-23 16:21:27,123] {logging_mixin.py:104} INFO - [2021-07-23 16:21:27,123] {dag.py:1833} INFO - Sync 2 DAGs
[2021-07-23 16:21:27,141] {logging_mixin.py:104} INFO - [2021-07-23 16:21:27,141] {dag.py:2306} INFO - Setting next_dagrun for example_xcom_args to None
[2021-07-23 16:21:27,145] {logging_mixin.py:104} INFO - [2021-07-23 16:21:27,145] {dag.py:2306} INFO - Setting next_dagrun for example_xcom_args_with_operators to None
[2021-07-23 16:21:27,162] {scheduler_job.py:189} INFO - Processing /home/dennismutia/.virtualenvs/wefarm/lib/python3.8/site-packages/airflow/example_dags/example_xcomargs.py took 0.157 seconds
[2021-07-23 16:21:29,636] {scheduler_job.py:181} INFO - Started process (PID=2782) to work on /home/dennismutia/.virtualenvs/wefarm/lib/python3.8/site-packages/airflow/example_dags/example_xcomargs.py
[2021-07-23 16:21:29,637] {scheduler_job.py:632} INFO - Processing file /home/dennismutia/.virtualenvs/wefarm/lib/python3.8/site-packages/airflow/example_dags/example_xcomargs.py for tasks to queue
[2021-07-23 16:21:29,638] {logging_mixin.py:104} INFO - [2021-07-23 16:21:29,637] {dagbag.py:496} INFO - Filling up the DagBag from /home/dennismutia/.virtualenvs/wefarm/lib/python3.8/site-packages/airflow/example_dags/example_xcomargs.py
[2021-07-23 16:21:29,738] {scheduler_job.py:642} INFO - DAG(s) dict_keys(['example_xcom_args', 'example_xcom_args_with_operators']) retrieved from /home/dennismutia/.virtualenvs/wefarm/lib/python3.8/site-packages/airflow/example_dags/example_xcomargs.py
[2021-07-23 16:21:29,772] {logging_mixin.py:104} INFO - [2021-07-23 16:21:29,772] {dag.py:1833} INFO - Sync 2 DAGs
[2021-07-23 16:21:29,789] {logging_mixin.py:104} INFO - [2021-07-23 16:21:29,789] {dag.py:2306} INFO - Setting next_dagrun for example_xcom_args to None
[2021-07-23 16:21:29,790] {logging_mixin.py:104} INFO - [2021-07-23 16:21:29,790] {dag.py:2306} INFO - Setting next_dagrun for example_xcom_args_with_operators to None
[2021-07-23 16:21:29,808] {scheduler_job.py:189} INFO - Processing /home/dennismutia/.virtualenvs/wefarm/lib/python3.8/site-packages/airflow/example_dags/example_xcomargs.py took 0.175 seconds
[2021-07-23 16:21:32,356] {scheduler_job.py:181} INFO - Started process (PID=2841) to work on /home/dennismutia/.virtualenvs/wefarm/lib/python3.8/site-packages/airflow/example_dags/example_xcomargs.py
[2021-07-23 16:21:32,357] {scheduler_job.py:632} INFO - Processing file /home/dennismutia/.virtualenvs/wefarm/lib/python3.8/site-packages/airflow/example_dags/example_xcomargs.py for tasks to queue
[2021-07-23 16:21:32,358] {logging_mixin.py:104} INFO - [2021-07-23 16:21:32,358] {dagbag.py:496} INFO - Filling up the DagBag from /home/dennismutia/.virtualenvs/wefarm/lib/python3.8/site-packages/airflow/example_dags/example_xcomargs.py
[2021-07-23 16:21:32,439] {scheduler_job.py:642} INFO - DAG(s) dict_keys(['example_xcom_args', 'example_xcom_args_with_operators']) retrieved from /home/dennismutia/.virtualenvs/wefarm/lib/python3.8/site-packages/airflow/example_dags/example_xcomargs.py
[2021-07-23 16:21:32,779] {logging_mixin.py:104} INFO - [2021-07-23 16:21:32,779] {dag.py:1833} INFO - Sync 2 DAGs
[2021-07-23 16:21:32,812] {logging_mixin.py:104} INFO - [2021-07-23 16:21:32,811] {dag.py:2306} INFO - Setting next_dagrun for example_xcom_args to None
[2021-07-23 16:21:32,816] {logging_mixin.py:104} INFO - [2021-07-23 16:21:32,816] {dag.py:2306} INFO - Setting next_dagrun for example_xcom_args_with_operators to None
[2021-07-23 16:21:32,839] {scheduler_job.py:189} INFO - Processing /home/dennismutia/.virtualenvs/wefarm/lib/python3.8/site-packages/airflow/example_dags/example_xcomargs.py took 0.486 seconds
[2021-07-23 16:21:35,731] {scheduler_job.py:181} INFO - Started process (PID=2902) to work on /home/dennismutia/.virtualenvs/wefarm/lib/python3.8/site-packages/airflow/example_dags/example_xcomargs.py
[2021-07-23 16:21:35,732] {scheduler_job.py:632} INFO - Processing file /home/dennismutia/.virtualenvs/wefarm/lib/python3.8/site-packages/airflow/example_dags/example_xcomargs.py for tasks to queue
[2021-07-23 16:21:35,736] {logging_mixin.py:104} INFO - [2021-07-23 16:21:35,735] {dagbag.py:496} INFO - Filling up the DagBag from /home/dennismutia/.virtualenvs/wefarm/lib/python3.8/site-packages/airflow/example_dags/example_xcomargs.py
[2021-07-23 16:21:35,872] {scheduler_job.py:642} INFO - DAG(s) dict_keys(['example_xcom_args', 'example_xcom_args_with_operators']) retrieved from /home/dennismutia/.virtualenvs/wefarm/lib/python3.8/site-packages/airflow/example_dags/example_xcomargs.py
[2021-07-23 16:21:35,921] {logging_mixin.py:104} INFO - [2021-07-23 16:21:35,921] {dag.py:1833} INFO - Sync 2 DAGs
[2021-07-23 16:21:35,951] {logging_mixin.py:104} INFO - [2021-07-23 16:21:35,951] {dag.py:2306} INFO - Setting next_dagrun for example_xcom_args to None
[2021-07-23 16:21:35,955] {logging_mixin.py:104} INFO - [2021-07-23 16:21:35,955] {dag.py:2306} INFO - Setting next_dagrun for example_xcom_args_with_operators to None
[2021-07-23 16:21:35,975] {scheduler_job.py:189} INFO - Processing /home/dennismutia/.virtualenvs/wefarm/lib/python3.8/site-packages/airflow/example_dags/example_xcomargs.py took 0.248 seconds
[2021-07-23 16:21:38,715] {scheduler_job.py:181} INFO - Started process (PID=2962) to work on /home/dennismutia/.virtualenvs/wefarm/lib/python3.8/site-packages/airflow/example_dags/example_xcomargs.py
[2021-07-23 16:21:38,720] {scheduler_job.py:632} INFO - Processing file /home/dennismutia/.virtualenvs/wefarm/lib/python3.8/site-packages/airflow/example_dags/example_xcomargs.py for tasks to queue
[2021-07-23 16:21:38,721] {logging_mixin.py:104} INFO - [2021-07-23 16:21:38,721] {dagbag.py:496} INFO - Filling up the DagBag from /home/dennismutia/.virtualenvs/wefarm/lib/python3.8/site-packages/airflow/example_dags/example_xcomargs.py
[2021-07-23 16:21:38,810] {scheduler_job.py:642} INFO - DAG(s) dict_keys(['example_xcom_args', 'example_xcom_args_with_operators']) retrieved from /home/dennismutia/.virtualenvs/wefarm/lib/python3.8/site-packages/airflow/example_dags/example_xcomargs.py
[2021-07-23 16:21:38,836] {logging_mixin.py:104} INFO - [2021-07-23 16:21:38,836] {dag.py:1833} INFO - Sync 2 DAGs
[2021-07-23 16:21:38,855] {logging_mixin.py:104} INFO - [2021-07-23 16:21:38,855] {dag.py:2306} INFO - Setting next_dagrun for example_xcom_args to None
[2021-07-23 16:21:38,856] {logging_mixin.py:104} INFO - [2021-07-23 16:21:38,856] {dag.py:2306} INFO - Setting next_dagrun for example_xcom_args_with_operators to None
[2021-07-23 16:21:38,873] {scheduler_job.py:189} INFO - Processing /home/dennismutia/.virtualenvs/wefarm/lib/python3.8/site-packages/airflow/example_dags/example_xcomargs.py took 0.162 seconds
[2021-07-23 16:21:41,424] {scheduler_job.py:181} INFO - Started process (PID=3022) to work on /home/dennismutia/.virtualenvs/wefarm/lib/python3.8/site-packages/airflow/example_dags/example_xcomargs.py
[2021-07-23 16:21:41,427] {scheduler_job.py:632} INFO - Processing file /home/dennismutia/.virtualenvs/wefarm/lib/python3.8/site-packages/airflow/example_dags/example_xcomargs.py for tasks to queue
[2021-07-23 16:21:41,427] {logging_mixin.py:104} INFO - [2021-07-23 16:21:41,427] {dagbag.py:496} INFO - Filling up the DagBag from /home/dennismutia/.virtualenvs/wefarm/lib/python3.8/site-packages/airflow/example_dags/example_xcomargs.py
[2021-07-23 16:21:41,529] {scheduler_job.py:642} INFO - DAG(s) dict_keys(['example_xcom_args', 'example_xcom_args_with_operators']) retrieved from /home/dennismutia/.virtualenvs/wefarm/lib/python3.8/site-packages/airflow/example_dags/example_xcomargs.py
[2021-07-23 16:21:41,588] {logging_mixin.py:104} INFO - [2021-07-23 16:21:41,588] {dag.py:1833} INFO - Sync 2 DAGs
[2021-07-23 16:21:41,613] {logging_mixin.py:104} INFO - [2021-07-23 16:21:41,613] {dag.py:2306} INFO - Setting next_dagrun for example_xcom_args to None
[2021-07-23 16:21:41,615] {logging_mixin.py:104} INFO - [2021-07-23 16:21:41,614] {dag.py:2306} INFO - Setting next_dagrun for example_xcom_args_with_operators to None
[2021-07-23 16:21:41,659] {scheduler_job.py:189} INFO - Processing /home/dennismutia/.virtualenvs/wefarm/lib/python3.8/site-packages/airflow/example_dags/example_xcomargs.py took 0.239 seconds
[2021-07-23 16:21:45,763] {scheduler_job.py:181} INFO - Started process (PID=3082) to work on /home/dennismutia/.virtualenvs/wefarm/lib/python3.8/site-packages/airflow/example_dags/example_xcomargs.py
[2021-07-23 16:21:45,766] {scheduler_job.py:632} INFO - Processing file /home/dennismutia/.virtualenvs/wefarm/lib/python3.8/site-packages/airflow/example_dags/example_xcomargs.py for tasks to queue
[2021-07-23 16:21:45,767] {logging_mixin.py:104} INFO - [2021-07-23 16:21:45,767] {dagbag.py:496} INFO - Filling up the DagBag from /home/dennismutia/.virtualenvs/wefarm/lib/python3.8/site-packages/airflow/example_dags/example_xcomargs.py
[2021-07-23 16:21:45,908] {scheduler_job.py:642} INFO - DAG(s) dict_keys(['example_xcom_args', 'example_xcom_args_with_operators']) retrieved from /home/dennismutia/.virtualenvs/wefarm/lib/python3.8/site-packages/airflow/example_dags/example_xcomargs.py
[2021-07-23 16:21:45,941] {logging_mixin.py:104} INFO - [2021-07-23 16:21:45,941] {dag.py:1833} INFO - Sync 2 DAGs
[2021-07-23 16:21:45,959] {logging_mixin.py:104} INFO - [2021-07-23 16:21:45,959] {dag.py:2306} INFO - Setting next_dagrun for example_xcom_args to None
[2021-07-23 16:21:45,960] {logging_mixin.py:104} INFO - [2021-07-23 16:21:45,960] {dag.py:2306} INFO - Setting next_dagrun for example_xcom_args_with_operators to None
[2021-07-23 16:21:45,988] {scheduler_job.py:189} INFO - Processing /home/dennismutia/.virtualenvs/wefarm/lib/python3.8/site-packages/airflow/example_dags/example_xcomargs.py took 0.238 seconds
[2021-07-23 16:21:49,449] {scheduler_job.py:181} INFO - Started process (PID=3143) to work on /home/dennismutia/.virtualenvs/wefarm/lib/python3.8/site-packages/airflow/example_dags/example_xcomargs.py
[2021-07-23 16:21:49,460] {scheduler_job.py:632} INFO - Processing file /home/dennismutia/.virtualenvs/wefarm/lib/python3.8/site-packages/airflow/example_dags/example_xcomargs.py for tasks to queue
[2021-07-23 16:21:49,461] {logging_mixin.py:104} INFO - [2021-07-23 16:21:49,461] {dagbag.py:496} INFO - Filling up the DagBag from /home/dennismutia/.virtualenvs/wefarm/lib/python3.8/site-packages/airflow/example_dags/example_xcomargs.py
[2021-07-23 16:21:49,563] {scheduler_job.py:642} INFO - DAG(s) dict_keys(['example_xcom_args', 'example_xcom_args_with_operators']) retrieved from /home/dennismutia/.virtualenvs/wefarm/lib/python3.8/site-packages/airflow/example_dags/example_xcomargs.py
[2021-07-23 16:21:49,600] {logging_mixin.py:104} INFO - [2021-07-23 16:21:49,600] {dag.py:1833} INFO - Sync 2 DAGs
[2021-07-23 16:21:49,635] {logging_mixin.py:104} INFO - [2021-07-23 16:21:49,635] {dag.py:2306} INFO - Setting next_dagrun for example_xcom_args to None
[2021-07-23 16:21:49,640] {logging_mixin.py:104} INFO - [2021-07-23 16:21:49,640] {dag.py:2306} INFO - Setting next_dagrun for example_xcom_args_with_operators to None
[2021-07-23 16:21:49,662] {scheduler_job.py:189} INFO - Processing /home/dennismutia/.virtualenvs/wefarm/lib/python3.8/site-packages/airflow/example_dags/example_xcomargs.py took 0.217 seconds
[2021-07-23 16:21:53,010] {scheduler_job.py:181} INFO - Started process (PID=3203) to work on /home/dennismutia/.virtualenvs/wefarm/lib/python3.8/site-packages/airflow/example_dags/example_xcomargs.py
[2021-07-23 16:21:53,011] {scheduler_job.py:632} INFO - Processing file /home/dennismutia/.virtualenvs/wefarm/lib/python3.8/site-packages/airflow/example_dags/example_xcomargs.py for tasks to queue
[2021-07-23 16:21:53,012] {logging_mixin.py:104} INFO - [2021-07-23 16:21:53,012] {dagbag.py:496} INFO - Filling up the DagBag from /home/dennismutia/.virtualenvs/wefarm/lib/python3.8/site-packages/airflow/example_dags/example_xcomargs.py
[2021-07-23 16:21:53,190] {scheduler_job.py:642} INFO - DAG(s) dict_keys(['example_xcom_args', 'example_xcom_args_with_operators']) retrieved from /home/dennismutia/.virtualenvs/wefarm/lib/python3.8/site-packages/airflow/example_dags/example_xcomargs.py
[2021-07-23 16:21:53,234] {logging_mixin.py:104} INFO - [2021-07-23 16:21:53,234] {dag.py:1833} INFO - Sync 2 DAGs
[2021-07-23 16:21:53,262] {logging_mixin.py:104} INFO - [2021-07-23 16:21:53,262] {dag.py:2306} INFO - Setting next_dagrun for example_xcom_args to None
[2021-07-23 16:21:53,265] {logging_mixin.py:104} INFO - [2021-07-23 16:21:53,265] {dag.py:2306} INFO - Setting next_dagrun for example_xcom_args_with_operators to None
[2021-07-23 16:21:53,282] {scheduler_job.py:189} INFO - Processing /home/dennismutia/.virtualenvs/wefarm/lib/python3.8/site-packages/airflow/example_dags/example_xcomargs.py took 0.283 seconds
