[2021-07-23 16:19:56,872] {scheduler_job.py:181} INFO - Started process (PID=813) to work on /home/dennismutia/.virtualenvs/wefarm/lib/python3.8/site-packages/airflow/example_dags/example_dag_decorator.py
[2021-07-23 16:19:56,873] {scheduler_job.py:632} INFO - Processing file /home/dennismutia/.virtualenvs/wefarm/lib/python3.8/site-packages/airflow/example_dags/example_dag_decorator.py for tasks to queue
[2021-07-23 16:19:56,873] {logging_mixin.py:104} INFO - [2021-07-23 16:19:56,873] {dagbag.py:496} INFO - Filling up the DagBag from /home/dennismutia/.virtualenvs/wefarm/lib/python3.8/site-packages/airflow/example_dags/example_dag_decorator.py
[2021-07-23 16:19:56,925] {scheduler_job.py:642} INFO - DAG(s) dict_keys(['example_dag_decorator']) retrieved from /home/dennismutia/.virtualenvs/wefarm/lib/python3.8/site-packages/airflow/example_dags/example_dag_decorator.py
[2021-07-23 16:19:57,081] {logging_mixin.py:104} INFO - [2021-07-23 16:19:57,081] {dag.py:1833} INFO - Sync 1 DAGs
[2021-07-23 16:19:57,090] {logging_mixin.py:104} INFO - [2021-07-23 16:19:57,090] {dag.py:2306} INFO - Setting next_dagrun for example_dag_decorator to None
[2021-07-23 16:19:57,103] {scheduler_job.py:189} INFO - Processing /home/dennismutia/.virtualenvs/wefarm/lib/python3.8/site-packages/airflow/example_dags/example_dag_decorator.py took 0.234 seconds
[2021-07-23 16:19:59,620] {scheduler_job.py:181} INFO - Started process (PID=876) to work on /home/dennismutia/.virtualenvs/wefarm/lib/python3.8/site-packages/airflow/example_dags/example_dag_decorator.py
[2021-07-23 16:19:59,621] {scheduler_job.py:632} INFO - Processing file /home/dennismutia/.virtualenvs/wefarm/lib/python3.8/site-packages/airflow/example_dags/example_dag_decorator.py for tasks to queue
[2021-07-23 16:19:59,622] {logging_mixin.py:104} INFO - [2021-07-23 16:19:59,622] {dagbag.py:496} INFO - Filling up the DagBag from /home/dennismutia/.virtualenvs/wefarm/lib/python3.8/site-packages/airflow/example_dags/example_dag_decorator.py
[2021-07-23 16:19:59,679] {scheduler_job.py:642} INFO - DAG(s) dict_keys(['example_dag_decorator']) retrieved from /home/dennismutia/.virtualenvs/wefarm/lib/python3.8/site-packages/airflow/example_dags/example_dag_decorator.py
[2021-07-23 16:19:59,691] {logging_mixin.py:104} INFO - [2021-07-23 16:19:59,691] {dag.py:1833} INFO - Sync 1 DAGs
[2021-07-23 16:19:59,703] {logging_mixin.py:104} INFO - [2021-07-23 16:19:59,703] {dag.py:2306} INFO - Setting next_dagrun for example_dag_decorator to None
[2021-07-23 16:19:59,714] {scheduler_job.py:189} INFO - Processing /home/dennismutia/.virtualenvs/wefarm/lib/python3.8/site-packages/airflow/example_dags/example_dag_decorator.py took 0.096 seconds
[2021-07-23 16:20:01,403] {scheduler_job.py:181} INFO - Started process (PID=936) to work on /home/dennismutia/.virtualenvs/wefarm/lib/python3.8/site-packages/airflow/example_dags/example_dag_decorator.py
[2021-07-23 16:20:01,404] {scheduler_job.py:632} INFO - Processing file /home/dennismutia/.virtualenvs/wefarm/lib/python3.8/site-packages/airflow/example_dags/example_dag_decorator.py for tasks to queue
[2021-07-23 16:20:01,404] {logging_mixin.py:104} INFO - [2021-07-23 16:20:01,404] {dagbag.py:496} INFO - Filling up the DagBag from /home/dennismutia/.virtualenvs/wefarm/lib/python3.8/site-packages/airflow/example_dags/example_dag_decorator.py
[2021-07-23 16:20:01,464] {scheduler_job.py:642} INFO - DAG(s) dict_keys(['example_dag_decorator']) retrieved from /home/dennismutia/.virtualenvs/wefarm/lib/python3.8/site-packages/airflow/example_dags/example_dag_decorator.py
[2021-07-23 16:20:01,478] {logging_mixin.py:104} INFO - [2021-07-23 16:20:01,478] {dag.py:1833} INFO - Sync 1 DAGs
[2021-07-23 16:20:01,489] {logging_mixin.py:104} INFO - [2021-07-23 16:20:01,489] {dag.py:2306} INFO - Setting next_dagrun for example_dag_decorator to None
[2021-07-23 16:20:01,498] {scheduler_job.py:189} INFO - Processing /home/dennismutia/.virtualenvs/wefarm/lib/python3.8/site-packages/airflow/example_dags/example_dag_decorator.py took 0.097 seconds
[2021-07-23 16:20:03,479] {scheduler_job.py:181} INFO - Started process (PID=1039) to work on /home/dennismutia/.virtualenvs/wefarm/lib/python3.8/site-packages/airflow/example_dags/example_dag_decorator.py
[2021-07-23 16:20:03,480] {scheduler_job.py:632} INFO - Processing file /home/dennismutia/.virtualenvs/wefarm/lib/python3.8/site-packages/airflow/example_dags/example_dag_decorator.py for tasks to queue
[2021-07-23 16:20:03,480] {logging_mixin.py:104} INFO - [2021-07-23 16:20:03,480] {dagbag.py:496} INFO - Filling up the DagBag from /home/dennismutia/.virtualenvs/wefarm/lib/python3.8/site-packages/airflow/example_dags/example_dag_decorator.py
[2021-07-23 16:20:03,536] {scheduler_job.py:642} INFO - DAG(s) dict_keys(['example_dag_decorator']) retrieved from /home/dennismutia/.virtualenvs/wefarm/lib/python3.8/site-packages/airflow/example_dags/example_dag_decorator.py
[2021-07-23 16:20:03,548] {logging_mixin.py:104} INFO - [2021-07-23 16:20:03,548] {dag.py:1833} INFO - Sync 1 DAGs
[2021-07-23 16:20:03,557] {logging_mixin.py:104} INFO - [2021-07-23 16:20:03,557] {dag.py:2306} INFO - Setting next_dagrun for example_dag_decorator to None
[2021-07-23 16:20:03,567] {scheduler_job.py:189} INFO - Processing /home/dennismutia/.virtualenvs/wefarm/lib/python3.8/site-packages/airflow/example_dags/example_dag_decorator.py took 0.090 seconds
[2021-07-23 16:20:05,402] {scheduler_job.py:181} INFO - Started process (PID=1107) to work on /home/dennismutia/.virtualenvs/wefarm/lib/python3.8/site-packages/airflow/example_dags/example_dag_decorator.py
[2021-07-23 16:20:05,403] {scheduler_job.py:632} INFO - Processing file /home/dennismutia/.virtualenvs/wefarm/lib/python3.8/site-packages/airflow/example_dags/example_dag_decorator.py for tasks to queue
[2021-07-23 16:20:05,403] {logging_mixin.py:104} INFO - [2021-07-23 16:20:05,403] {dagbag.py:496} INFO - Filling up the DagBag from /home/dennismutia/.virtualenvs/wefarm/lib/python3.8/site-packages/airflow/example_dags/example_dag_decorator.py
[2021-07-23 16:20:05,460] {scheduler_job.py:642} INFO - DAG(s) dict_keys(['example_dag_decorator']) retrieved from /home/dennismutia/.virtualenvs/wefarm/lib/python3.8/site-packages/airflow/example_dags/example_dag_decorator.py
[2021-07-23 16:20:05,474] {logging_mixin.py:104} INFO - [2021-07-23 16:20:05,474] {dag.py:1833} INFO - Sync 1 DAGs
[2021-07-23 16:20:05,485] {logging_mixin.py:104} INFO - [2021-07-23 16:20:05,485] {dag.py:2306} INFO - Setting next_dagrun for example_dag_decorator to None
[2021-07-23 16:20:05,493] {scheduler_job.py:189} INFO - Processing /home/dennismutia/.virtualenvs/wefarm/lib/python3.8/site-packages/airflow/example_dags/example_dag_decorator.py took 0.094 seconds
[2021-07-23 16:20:07,265] {scheduler_job.py:181} INFO - Started process (PID=1168) to work on /home/dennismutia/.virtualenvs/wefarm/lib/python3.8/site-packages/airflow/example_dags/example_dag_decorator.py
[2021-07-23 16:20:07,266] {scheduler_job.py:632} INFO - Processing file /home/dennismutia/.virtualenvs/wefarm/lib/python3.8/site-packages/airflow/example_dags/example_dag_decorator.py for tasks to queue
[2021-07-23 16:20:07,266] {logging_mixin.py:104} INFO - [2021-07-23 16:20:07,266] {dagbag.py:496} INFO - Filling up the DagBag from /home/dennismutia/.virtualenvs/wefarm/lib/python3.8/site-packages/airflow/example_dags/example_dag_decorator.py
[2021-07-23 16:20:07,328] {scheduler_job.py:642} INFO - DAG(s) dict_keys(['example_dag_decorator']) retrieved from /home/dennismutia/.virtualenvs/wefarm/lib/python3.8/site-packages/airflow/example_dags/example_dag_decorator.py
[2021-07-23 16:20:07,341] {logging_mixin.py:104} INFO - [2021-07-23 16:20:07,341] {dag.py:1833} INFO - Sync 1 DAGs
[2021-07-23 16:20:07,350] {logging_mixin.py:104} INFO - [2021-07-23 16:20:07,350] {dag.py:2306} INFO - Setting next_dagrun for example_dag_decorator to None
[2021-07-23 16:20:07,359] {scheduler_job.py:189} INFO - Processing /home/dennismutia/.virtualenvs/wefarm/lib/python3.8/site-packages/airflow/example_dags/example_dag_decorator.py took 0.096 seconds
[2021-07-23 16:20:09,345] {scheduler_job.py:181} INFO - Started process (PID=1248) to work on /home/dennismutia/.virtualenvs/wefarm/lib/python3.8/site-packages/airflow/example_dags/example_dag_decorator.py
[2021-07-23 16:20:09,345] {scheduler_job.py:632} INFO - Processing file /home/dennismutia/.virtualenvs/wefarm/lib/python3.8/site-packages/airflow/example_dags/example_dag_decorator.py for tasks to queue
[2021-07-23 16:20:09,346] {logging_mixin.py:104} INFO - [2021-07-23 16:20:09,346] {dagbag.py:496} INFO - Filling up the DagBag from /home/dennismutia/.virtualenvs/wefarm/lib/python3.8/site-packages/airflow/example_dags/example_dag_decorator.py
[2021-07-23 16:20:09,415] {scheduler_job.py:642} INFO - DAG(s) dict_keys(['example_dag_decorator']) retrieved from /home/dennismutia/.virtualenvs/wefarm/lib/python3.8/site-packages/airflow/example_dags/example_dag_decorator.py
[2021-07-23 16:20:09,434] {logging_mixin.py:104} INFO - [2021-07-23 16:20:09,434] {dag.py:1833} INFO - Sync 1 DAGs
[2021-07-23 16:20:09,444] {logging_mixin.py:104} INFO - [2021-07-23 16:20:09,444] {dag.py:2306} INFO - Setting next_dagrun for example_dag_decorator to None
[2021-07-23 16:20:09,452] {scheduler_job.py:189} INFO - Processing /home/dennismutia/.virtualenvs/wefarm/lib/python3.8/site-packages/airflow/example_dags/example_dag_decorator.py took 0.110 seconds
[2021-07-23 16:20:11,217] {scheduler_job.py:181} INFO - Started process (PID=1310) to work on /home/dennismutia/.virtualenvs/wefarm/lib/python3.8/site-packages/airflow/example_dags/example_dag_decorator.py
[2021-07-23 16:20:11,220] {scheduler_job.py:632} INFO - Processing file /home/dennismutia/.virtualenvs/wefarm/lib/python3.8/site-packages/airflow/example_dags/example_dag_decorator.py for tasks to queue
[2021-07-23 16:20:11,222] {logging_mixin.py:104} INFO - [2021-07-23 16:20:11,222] {dagbag.py:496} INFO - Filling up the DagBag from /home/dennismutia/.virtualenvs/wefarm/lib/python3.8/site-packages/airflow/example_dags/example_dag_decorator.py
[2021-07-23 16:20:11,302] {scheduler_job.py:642} INFO - DAG(s) dict_keys(['example_dag_decorator']) retrieved from /home/dennismutia/.virtualenvs/wefarm/lib/python3.8/site-packages/airflow/example_dags/example_dag_decorator.py
[2021-07-23 16:20:11,319] {logging_mixin.py:104} INFO - [2021-07-23 16:20:11,319] {dag.py:1833} INFO - Sync 1 DAGs
[2021-07-23 16:20:11,330] {logging_mixin.py:104} INFO - [2021-07-23 16:20:11,330] {dag.py:2306} INFO - Setting next_dagrun for example_dag_decorator to None
[2021-07-23 16:20:11,341] {scheduler_job.py:189} INFO - Processing /home/dennismutia/.virtualenvs/wefarm/lib/python3.8/site-packages/airflow/example_dags/example_dag_decorator.py took 0.126 seconds
[2021-07-23 16:20:13,277] {scheduler_job.py:181} INFO - Started process (PID=1372) to work on /home/dennismutia/.virtualenvs/wefarm/lib/python3.8/site-packages/airflow/example_dags/example_dag_decorator.py
[2021-07-23 16:20:13,278] {scheduler_job.py:632} INFO - Processing file /home/dennismutia/.virtualenvs/wefarm/lib/python3.8/site-packages/airflow/example_dags/example_dag_decorator.py for tasks to queue
[2021-07-23 16:20:13,279] {logging_mixin.py:104} INFO - [2021-07-23 16:20:13,278] {dagbag.py:496} INFO - Filling up the DagBag from /home/dennismutia/.virtualenvs/wefarm/lib/python3.8/site-packages/airflow/example_dags/example_dag_decorator.py
[2021-07-23 16:20:13,352] {scheduler_job.py:642} INFO - DAG(s) dict_keys(['example_dag_decorator']) retrieved from /home/dennismutia/.virtualenvs/wefarm/lib/python3.8/site-packages/airflow/example_dags/example_dag_decorator.py
[2021-07-23 16:20:13,374] {logging_mixin.py:104} INFO - [2021-07-23 16:20:13,374] {dag.py:1833} INFO - Sync 1 DAGs
[2021-07-23 16:20:13,392] {logging_mixin.py:104} INFO - [2021-07-23 16:20:13,392] {dag.py:2306} INFO - Setting next_dagrun for example_dag_decorator to None
[2021-07-23 16:20:13,408] {scheduler_job.py:189} INFO - Processing /home/dennismutia/.virtualenvs/wefarm/lib/python3.8/site-packages/airflow/example_dags/example_dag_decorator.py took 0.134 seconds
[2021-07-23 16:20:15,664] {scheduler_job.py:181} INFO - Started process (PID=1432) to work on /home/dennismutia/.virtualenvs/wefarm/lib/python3.8/site-packages/airflow/example_dags/example_dag_decorator.py
[2021-07-23 16:20:15,665] {scheduler_job.py:632} INFO - Processing file /home/dennismutia/.virtualenvs/wefarm/lib/python3.8/site-packages/airflow/example_dags/example_dag_decorator.py for tasks to queue
[2021-07-23 16:20:15,666] {logging_mixin.py:104} INFO - [2021-07-23 16:20:15,666] {dagbag.py:496} INFO - Filling up the DagBag from /home/dennismutia/.virtualenvs/wefarm/lib/python3.8/site-packages/airflow/example_dags/example_dag_decorator.py
[2021-07-23 16:20:15,748] {scheduler_job.py:642} INFO - DAG(s) dict_keys(['example_dag_decorator']) retrieved from /home/dennismutia/.virtualenvs/wefarm/lib/python3.8/site-packages/airflow/example_dags/example_dag_decorator.py
[2021-07-23 16:20:15,774] {logging_mixin.py:104} INFO - [2021-07-23 16:20:15,774] {dag.py:1833} INFO - Sync 1 DAGs
[2021-07-23 16:20:15,794] {logging_mixin.py:104} INFO - [2021-07-23 16:20:15,794] {dag.py:2306} INFO - Setting next_dagrun for example_dag_decorator to None
[2021-07-23 16:20:15,814] {scheduler_job.py:189} INFO - Processing /home/dennismutia/.virtualenvs/wefarm/lib/python3.8/site-packages/airflow/example_dags/example_dag_decorator.py took 0.154 seconds
[2021-07-23 16:20:18,080] {scheduler_job.py:181} INFO - Started process (PID=1492) to work on /home/dennismutia/.virtualenvs/wefarm/lib/python3.8/site-packages/airflow/example_dags/example_dag_decorator.py
[2021-07-23 16:20:18,082] {scheduler_job.py:632} INFO - Processing file /home/dennismutia/.virtualenvs/wefarm/lib/python3.8/site-packages/airflow/example_dags/example_dag_decorator.py for tasks to queue
[2021-07-23 16:20:18,085] {logging_mixin.py:104} INFO - [2021-07-23 16:20:18,085] {dagbag.py:496} INFO - Filling up the DagBag from /home/dennismutia/.virtualenvs/wefarm/lib/python3.8/site-packages/airflow/example_dags/example_dag_decorator.py
[2021-07-23 16:20:18,168] {scheduler_job.py:642} INFO - DAG(s) dict_keys(['example_dag_decorator']) retrieved from /home/dennismutia/.virtualenvs/wefarm/lib/python3.8/site-packages/airflow/example_dags/example_dag_decorator.py
[2021-07-23 16:20:18,187] {logging_mixin.py:104} INFO - [2021-07-23 16:20:18,187] {dag.py:1833} INFO - Sync 1 DAGs
[2021-07-23 16:20:18,202] {logging_mixin.py:104} INFO - [2021-07-23 16:20:18,202] {dag.py:2306} INFO - Setting next_dagrun for example_dag_decorator to None
[2021-07-23 16:20:18,218] {scheduler_job.py:189} INFO - Processing /home/dennismutia/.virtualenvs/wefarm/lib/python3.8/site-packages/airflow/example_dags/example_dag_decorator.py took 0.141 seconds
[2021-07-23 16:20:20,387] {scheduler_job.py:181} INFO - Started process (PID=1552) to work on /home/dennismutia/.virtualenvs/wefarm/lib/python3.8/site-packages/airflow/example_dags/example_dag_decorator.py
[2021-07-23 16:20:20,389] {scheduler_job.py:632} INFO - Processing file /home/dennismutia/.virtualenvs/wefarm/lib/python3.8/site-packages/airflow/example_dags/example_dag_decorator.py for tasks to queue
[2021-07-23 16:20:20,390] {logging_mixin.py:104} INFO - [2021-07-23 16:20:20,390] {dagbag.py:496} INFO - Filling up the DagBag from /home/dennismutia/.virtualenvs/wefarm/lib/python3.8/site-packages/airflow/example_dags/example_dag_decorator.py
[2021-07-23 16:20:20,463] {scheduler_job.py:642} INFO - DAG(s) dict_keys(['example_dag_decorator']) retrieved from /home/dennismutia/.virtualenvs/wefarm/lib/python3.8/site-packages/airflow/example_dags/example_dag_decorator.py
[2021-07-23 16:20:20,482] {logging_mixin.py:104} INFO - [2021-07-23 16:20:20,482] {dag.py:1833} INFO - Sync 1 DAGs
[2021-07-23 16:20:20,496] {logging_mixin.py:104} INFO - [2021-07-23 16:20:20,496] {dag.py:2306} INFO - Setting next_dagrun for example_dag_decorator to None
[2021-07-23 16:20:20,509] {scheduler_job.py:189} INFO - Processing /home/dennismutia/.virtualenvs/wefarm/lib/python3.8/site-packages/airflow/example_dags/example_dag_decorator.py took 0.127 seconds
[2021-07-23 16:20:22,937] {scheduler_job.py:181} INFO - Started process (PID=1614) to work on /home/dennismutia/.virtualenvs/wefarm/lib/python3.8/site-packages/airflow/example_dags/example_dag_decorator.py
[2021-07-23 16:20:22,944] {scheduler_job.py:632} INFO - Processing file /home/dennismutia/.virtualenvs/wefarm/lib/python3.8/site-packages/airflow/example_dags/example_dag_decorator.py for tasks to queue
[2021-07-23 16:20:22,951] {logging_mixin.py:104} INFO - [2021-07-23 16:20:22,951] {dagbag.py:496} INFO - Filling up the DagBag from /home/dennismutia/.virtualenvs/wefarm/lib/python3.8/site-packages/airflow/example_dags/example_dag_decorator.py
[2021-07-23 16:20:23,052] {scheduler_job.py:642} INFO - DAG(s) dict_keys(['example_dag_decorator']) retrieved from /home/dennismutia/.virtualenvs/wefarm/lib/python3.8/site-packages/airflow/example_dags/example_dag_decorator.py
[2021-07-23 16:20:23,088] {logging_mixin.py:104} INFO - [2021-07-23 16:20:23,088] {dag.py:1833} INFO - Sync 1 DAGs
[2021-07-23 16:20:23,111] {logging_mixin.py:104} INFO - [2021-07-23 16:20:23,111] {dag.py:2306} INFO - Setting next_dagrun for example_dag_decorator to None
[2021-07-23 16:20:23,133] {scheduler_job.py:189} INFO - Processing /home/dennismutia/.virtualenvs/wefarm/lib/python3.8/site-packages/airflow/example_dags/example_dag_decorator.py took 0.200 seconds
[2021-07-23 16:20:25,778] {scheduler_job.py:181} INFO - Started process (PID=1678) to work on /home/dennismutia/.virtualenvs/wefarm/lib/python3.8/site-packages/airflow/example_dags/example_dag_decorator.py
[2021-07-23 16:20:25,780] {scheduler_job.py:632} INFO - Processing file /home/dennismutia/.virtualenvs/wefarm/lib/python3.8/site-packages/airflow/example_dags/example_dag_decorator.py for tasks to queue
[2021-07-23 16:20:25,782] {logging_mixin.py:104} INFO - [2021-07-23 16:20:25,782] {dagbag.py:496} INFO - Filling up the DagBag from /home/dennismutia/.virtualenvs/wefarm/lib/python3.8/site-packages/airflow/example_dags/example_dag_decorator.py
[2021-07-23 16:20:25,894] {scheduler_job.py:642} INFO - DAG(s) dict_keys(['example_dag_decorator']) retrieved from /home/dennismutia/.virtualenvs/wefarm/lib/python3.8/site-packages/airflow/example_dags/example_dag_decorator.py
[2021-07-23 16:20:25,929] {logging_mixin.py:104} INFO - [2021-07-23 16:20:25,929] {dag.py:1833} INFO - Sync 1 DAGs
[2021-07-23 16:20:25,946] {logging_mixin.py:104} INFO - [2021-07-23 16:20:25,946] {dag.py:2306} INFO - Setting next_dagrun for example_dag_decorator to None
[2021-07-23 16:20:25,961] {scheduler_job.py:189} INFO - Processing /home/dennismutia/.virtualenvs/wefarm/lib/python3.8/site-packages/airflow/example_dags/example_dag_decorator.py took 0.186 seconds
[2021-07-23 16:20:29,307] {scheduler_job.py:181} INFO - Started process (PID=1739) to work on /home/dennismutia/.virtualenvs/wefarm/lib/python3.8/site-packages/airflow/example_dags/example_dag_decorator.py
[2021-07-23 16:20:29,311] {scheduler_job.py:632} INFO - Processing file /home/dennismutia/.virtualenvs/wefarm/lib/python3.8/site-packages/airflow/example_dags/example_dag_decorator.py for tasks to queue
[2021-07-23 16:20:29,314] {logging_mixin.py:104} INFO - [2021-07-23 16:20:29,314] {dagbag.py:496} INFO - Filling up the DagBag from /home/dennismutia/.virtualenvs/wefarm/lib/python3.8/site-packages/airflow/example_dags/example_dag_decorator.py
[2021-07-23 16:20:29,420] {scheduler_job.py:642} INFO - DAG(s) dict_keys(['example_dag_decorator']) retrieved from /home/dennismutia/.virtualenvs/wefarm/lib/python3.8/site-packages/airflow/example_dags/example_dag_decorator.py
[2021-07-23 16:20:30,128] {logging_mixin.py:104} INFO - [2021-07-23 16:20:30,128] {dag.py:1833} INFO - Sync 1 DAGs
[2021-07-23 16:20:30,208] {logging_mixin.py:104} INFO - [2021-07-23 16:20:30,208] {dag.py:2306} INFO - Setting next_dagrun for example_dag_decorator to None
[2021-07-23 16:20:30,340] {scheduler_job.py:189} INFO - Processing /home/dennismutia/.virtualenvs/wefarm/lib/python3.8/site-packages/airflow/example_dags/example_dag_decorator.py took 1.040 seconds
[2021-07-23 16:20:38,640] {scheduler_job.py:181} INFO - Started process (PID=1818) to work on /home/dennismutia/.virtualenvs/wefarm/lib/python3.8/site-packages/airflow/example_dags/example_dag_decorator.py
[2021-07-23 16:20:38,641] {scheduler_job.py:632} INFO - Processing file /home/dennismutia/.virtualenvs/wefarm/lib/python3.8/site-packages/airflow/example_dags/example_dag_decorator.py for tasks to queue
[2021-07-23 16:20:38,642] {logging_mixin.py:104} INFO - [2021-07-23 16:20:38,642] {dagbag.py:496} INFO - Filling up the DagBag from /home/dennismutia/.virtualenvs/wefarm/lib/python3.8/site-packages/airflow/example_dags/example_dag_decorator.py
[2021-07-23 16:20:38,902] {scheduler_job.py:642} INFO - DAG(s) dict_keys(['example_dag_decorator']) retrieved from /home/dennismutia/.virtualenvs/wefarm/lib/python3.8/site-packages/airflow/example_dags/example_dag_decorator.py
[2021-07-23 16:20:38,956] {logging_mixin.py:104} INFO - [2021-07-23 16:20:38,956] {dag.py:1833} INFO - Sync 1 DAGs
[2021-07-23 16:20:39,008] {logging_mixin.py:104} INFO - [2021-07-23 16:20:39,008] {dag.py:2306} INFO - Setting next_dagrun for example_dag_decorator to None
[2021-07-23 16:20:39,041] {scheduler_job.py:189} INFO - Processing /home/dennismutia/.virtualenvs/wefarm/lib/python3.8/site-packages/airflow/example_dags/example_dag_decorator.py took 0.406 seconds
[2021-07-23 16:20:45,186] {scheduler_job.py:181} INFO - Started process (PID=1880) to work on /home/dennismutia/.virtualenvs/wefarm/lib/python3.8/site-packages/airflow/example_dags/example_dag_decorator.py
[2021-07-23 16:20:45,187] {scheduler_job.py:632} INFO - Processing file /home/dennismutia/.virtualenvs/wefarm/lib/python3.8/site-packages/airflow/example_dags/example_dag_decorator.py for tasks to queue
[2021-07-23 16:20:45,189] {logging_mixin.py:104} INFO - [2021-07-23 16:20:45,189] {dagbag.py:496} INFO - Filling up the DagBag from /home/dennismutia/.virtualenvs/wefarm/lib/python3.8/site-packages/airflow/example_dags/example_dag_decorator.py
[2021-07-23 16:20:45,393] {scheduler_job.py:642} INFO - DAG(s) dict_keys(['example_dag_decorator']) retrieved from /home/dennismutia/.virtualenvs/wefarm/lib/python3.8/site-packages/airflow/example_dags/example_dag_decorator.py
[2021-07-23 16:20:45,432] {logging_mixin.py:104} INFO - [2021-07-23 16:20:45,432] {dag.py:1833} INFO - Sync 1 DAGs
[2021-07-23 16:20:45,467] {logging_mixin.py:104} INFO - [2021-07-23 16:20:45,466] {dag.py:2306} INFO - Setting next_dagrun for example_dag_decorator to None
[2021-07-23 16:20:45,494] {scheduler_job.py:189} INFO - Processing /home/dennismutia/.virtualenvs/wefarm/lib/python3.8/site-packages/airflow/example_dags/example_dag_decorator.py took 0.312 seconds
[2021-07-23 16:20:52,656] {scheduler_job.py:181} INFO - Started process (PID=1941) to work on /home/dennismutia/.virtualenvs/wefarm/lib/python3.8/site-packages/airflow/example_dags/example_dag_decorator.py
[2021-07-23 16:20:52,680] {scheduler_job.py:632} INFO - Processing file /home/dennismutia/.virtualenvs/wefarm/lib/python3.8/site-packages/airflow/example_dags/example_dag_decorator.py for tasks to queue
[2021-07-23 16:20:52,684] {logging_mixin.py:104} INFO - [2021-07-23 16:20:52,683] {dagbag.py:496} INFO - Filling up the DagBag from /home/dennismutia/.virtualenvs/wefarm/lib/python3.8/site-packages/airflow/example_dags/example_dag_decorator.py
[2021-07-23 16:20:52,945] {scheduler_job.py:642} INFO - DAG(s) dict_keys(['example_dag_decorator']) retrieved from /home/dennismutia/.virtualenvs/wefarm/lib/python3.8/site-packages/airflow/example_dags/example_dag_decorator.py
[2021-07-23 16:20:52,979] {logging_mixin.py:104} INFO - [2021-07-23 16:20:52,979] {dag.py:1833} INFO - Sync 1 DAGs
[2021-07-23 16:20:53,002] {logging_mixin.py:104} INFO - [2021-07-23 16:20:53,002] {dag.py:2306} INFO - Setting next_dagrun for example_dag_decorator to None
[2021-07-23 16:20:53,022] {scheduler_job.py:189} INFO - Processing /home/dennismutia/.virtualenvs/wefarm/lib/python3.8/site-packages/airflow/example_dags/example_dag_decorator.py took 0.376 seconds
[2021-07-23 16:20:57,166] {scheduler_job.py:181} INFO - Started process (PID=2001) to work on /home/dennismutia/.virtualenvs/wefarm/lib/python3.8/site-packages/airflow/example_dags/example_dag_decorator.py
[2021-07-23 16:20:57,167] {scheduler_job.py:632} INFO - Processing file /home/dennismutia/.virtualenvs/wefarm/lib/python3.8/site-packages/airflow/example_dags/example_dag_decorator.py for tasks to queue
[2021-07-23 16:20:57,168] {logging_mixin.py:104} INFO - [2021-07-23 16:20:57,168] {dagbag.py:496} INFO - Filling up the DagBag from /home/dennismutia/.virtualenvs/wefarm/lib/python3.8/site-packages/airflow/example_dags/example_dag_decorator.py
[2021-07-23 16:20:57,269] {scheduler_job.py:642} INFO - DAG(s) dict_keys(['example_dag_decorator']) retrieved from /home/dennismutia/.virtualenvs/wefarm/lib/python3.8/site-packages/airflow/example_dags/example_dag_decorator.py
[2021-07-23 16:20:57,288] {logging_mixin.py:104} INFO - [2021-07-23 16:20:57,288] {dag.py:1833} INFO - Sync 1 DAGs
[2021-07-23 16:20:57,301] {logging_mixin.py:104} INFO - [2021-07-23 16:20:57,301] {dag.py:2306} INFO - Setting next_dagrun for example_dag_decorator to None
[2021-07-23 16:20:57,315] {scheduler_job.py:189} INFO - Processing /home/dennismutia/.virtualenvs/wefarm/lib/python3.8/site-packages/airflow/example_dags/example_dag_decorator.py took 0.153 seconds
[2021-07-23 16:21:00,540] {scheduler_job.py:181} INFO - Started process (PID=2061) to work on /home/dennismutia/.virtualenvs/wefarm/lib/python3.8/site-packages/airflow/example_dags/example_dag_decorator.py
[2021-07-23 16:21:00,543] {scheduler_job.py:632} INFO - Processing file /home/dennismutia/.virtualenvs/wefarm/lib/python3.8/site-packages/airflow/example_dags/example_dag_decorator.py for tasks to queue
[2021-07-23 16:21:00,544] {logging_mixin.py:104} INFO - [2021-07-23 16:21:00,544] {dagbag.py:496} INFO - Filling up the DagBag from /home/dennismutia/.virtualenvs/wefarm/lib/python3.8/site-packages/airflow/example_dags/example_dag_decorator.py
[2021-07-23 16:21:00,715] {scheduler_job.py:642} INFO - DAG(s) dict_keys(['example_dag_decorator']) retrieved from /home/dennismutia/.virtualenvs/wefarm/lib/python3.8/site-packages/airflow/example_dags/example_dag_decorator.py
[2021-07-23 16:21:01,314] {logging_mixin.py:104} INFO - [2021-07-23 16:21:01,314] {dag.py:1833} INFO - Sync 1 DAGs
[2021-07-23 16:21:01,339] {logging_mixin.py:104} INFO - [2021-07-23 16:21:01,339] {dag.py:2306} INFO - Setting next_dagrun for example_dag_decorator to None
[2021-07-23 16:21:01,394] {scheduler_job.py:189} INFO - Processing /home/dennismutia/.virtualenvs/wefarm/lib/python3.8/site-packages/airflow/example_dags/example_dag_decorator.py took 0.859 seconds
[2021-07-23 16:21:04,574] {scheduler_job.py:181} INFO - Started process (PID=2121) to work on /home/dennismutia/.virtualenvs/wefarm/lib/python3.8/site-packages/airflow/example_dags/example_dag_decorator.py
[2021-07-23 16:21:04,575] {scheduler_job.py:632} INFO - Processing file /home/dennismutia/.virtualenvs/wefarm/lib/python3.8/site-packages/airflow/example_dags/example_dag_decorator.py for tasks to queue
[2021-07-23 16:21:04,576] {logging_mixin.py:104} INFO - [2021-07-23 16:21:04,576] {dagbag.py:496} INFO - Filling up the DagBag from /home/dennismutia/.virtualenvs/wefarm/lib/python3.8/site-packages/airflow/example_dags/example_dag_decorator.py
[2021-07-23 16:21:04,656] {scheduler_job.py:642} INFO - DAG(s) dict_keys(['example_dag_decorator']) retrieved from /home/dennismutia/.virtualenvs/wefarm/lib/python3.8/site-packages/airflow/example_dags/example_dag_decorator.py
[2021-07-23 16:21:04,675] {logging_mixin.py:104} INFO - [2021-07-23 16:21:04,675] {dag.py:1833} INFO - Sync 1 DAGs
[2021-07-23 16:21:04,688] {logging_mixin.py:104} INFO - [2021-07-23 16:21:04,688] {dag.py:2306} INFO - Setting next_dagrun for example_dag_decorator to None
[2021-07-23 16:21:04,702] {scheduler_job.py:189} INFO - Processing /home/dennismutia/.virtualenvs/wefarm/lib/python3.8/site-packages/airflow/example_dags/example_dag_decorator.py took 0.131 seconds
[2021-07-23 16:21:07,124] {scheduler_job.py:181} INFO - Started process (PID=2182) to work on /home/dennismutia/.virtualenvs/wefarm/lib/python3.8/site-packages/airflow/example_dags/example_dag_decorator.py
[2021-07-23 16:21:07,125] {scheduler_job.py:632} INFO - Processing file /home/dennismutia/.virtualenvs/wefarm/lib/python3.8/site-packages/airflow/example_dags/example_dag_decorator.py for tasks to queue
[2021-07-23 16:21:07,126] {logging_mixin.py:104} INFO - [2021-07-23 16:21:07,125] {dagbag.py:496} INFO - Filling up the DagBag from /home/dennismutia/.virtualenvs/wefarm/lib/python3.8/site-packages/airflow/example_dags/example_dag_decorator.py
[2021-07-23 16:21:07,214] {scheduler_job.py:642} INFO - DAG(s) dict_keys(['example_dag_decorator']) retrieved from /home/dennismutia/.virtualenvs/wefarm/lib/python3.8/site-packages/airflow/example_dags/example_dag_decorator.py
[2021-07-23 16:21:07,236] {logging_mixin.py:104} INFO - [2021-07-23 16:21:07,236] {dag.py:1833} INFO - Sync 1 DAGs
[2021-07-23 16:21:07,251] {logging_mixin.py:104} INFO - [2021-07-23 16:21:07,251] {dag.py:2306} INFO - Setting next_dagrun for example_dag_decorator to None
[2021-07-23 16:21:07,265] {scheduler_job.py:189} INFO - Processing /home/dennismutia/.virtualenvs/wefarm/lib/python3.8/site-packages/airflow/example_dags/example_dag_decorator.py took 0.145 seconds
[2021-07-23 16:21:10,192] {scheduler_job.py:181} INFO - Started process (PID=2285) to work on /home/dennismutia/.virtualenvs/wefarm/lib/python3.8/site-packages/airflow/example_dags/example_dag_decorator.py
[2021-07-23 16:21:10,193] {scheduler_job.py:632} INFO - Processing file /home/dennismutia/.virtualenvs/wefarm/lib/python3.8/site-packages/airflow/example_dags/example_dag_decorator.py for tasks to queue
[2021-07-23 16:21:10,194] {logging_mixin.py:104} INFO - [2021-07-23 16:21:10,194] {dagbag.py:496} INFO - Filling up the DagBag from /home/dennismutia/.virtualenvs/wefarm/lib/python3.8/site-packages/airflow/example_dags/example_dag_decorator.py
[2021-07-23 16:21:10,266] {scheduler_job.py:642} INFO - DAG(s) dict_keys(['example_dag_decorator']) retrieved from /home/dennismutia/.virtualenvs/wefarm/lib/python3.8/site-packages/airflow/example_dags/example_dag_decorator.py
[2021-07-23 16:21:10,287] {logging_mixin.py:104} INFO - [2021-07-23 16:21:10,287] {dag.py:1833} INFO - Sync 1 DAGs
[2021-07-23 16:21:10,302] {logging_mixin.py:104} INFO - [2021-07-23 16:21:10,301] {dag.py:2306} INFO - Setting next_dagrun for example_dag_decorator to None
[2021-07-23 16:21:10,321] {scheduler_job.py:189} INFO - Processing /home/dennismutia/.virtualenvs/wefarm/lib/python3.8/site-packages/airflow/example_dags/example_dag_decorator.py took 0.132 seconds
[2021-07-23 16:21:12,922] {scheduler_job.py:181} INFO - Started process (PID=2353) to work on /home/dennismutia/.virtualenvs/wefarm/lib/python3.8/site-packages/airflow/example_dags/example_dag_decorator.py
[2021-07-23 16:21:12,923] {scheduler_job.py:632} INFO - Processing file /home/dennismutia/.virtualenvs/wefarm/lib/python3.8/site-packages/airflow/example_dags/example_dag_decorator.py for tasks to queue
[2021-07-23 16:21:12,924] {logging_mixin.py:104} INFO - [2021-07-23 16:21:12,924] {dagbag.py:496} INFO - Filling up the DagBag from /home/dennismutia/.virtualenvs/wefarm/lib/python3.8/site-packages/airflow/example_dags/example_dag_decorator.py
[2021-07-23 16:21:13,003] {scheduler_job.py:642} INFO - DAG(s) dict_keys(['example_dag_decorator']) retrieved from /home/dennismutia/.virtualenvs/wefarm/lib/python3.8/site-packages/airflow/example_dags/example_dag_decorator.py
[2021-07-23 16:21:13,021] {logging_mixin.py:104} INFO - [2021-07-23 16:21:13,021] {dag.py:1833} INFO - Sync 1 DAGs
[2021-07-23 16:21:13,038] {logging_mixin.py:104} INFO - [2021-07-23 16:21:13,038] {dag.py:2306} INFO - Setting next_dagrun for example_dag_decorator to None
[2021-07-23 16:21:13,052] {scheduler_job.py:189} INFO - Processing /home/dennismutia/.virtualenvs/wefarm/lib/python3.8/site-packages/airflow/example_dags/example_dag_decorator.py took 0.132 seconds
[2021-07-23 16:21:15,375] {scheduler_job.py:181} INFO - Started process (PID=2412) to work on /home/dennismutia/.virtualenvs/wefarm/lib/python3.8/site-packages/airflow/example_dags/example_dag_decorator.py
[2021-07-23 16:21:15,376] {scheduler_job.py:632} INFO - Processing file /home/dennismutia/.virtualenvs/wefarm/lib/python3.8/site-packages/airflow/example_dags/example_dag_decorator.py for tasks to queue
[2021-07-23 16:21:15,377] {logging_mixin.py:104} INFO - [2021-07-23 16:21:15,377] {dagbag.py:496} INFO - Filling up the DagBag from /home/dennismutia/.virtualenvs/wefarm/lib/python3.8/site-packages/airflow/example_dags/example_dag_decorator.py
[2021-07-23 16:21:15,461] {scheduler_job.py:642} INFO - DAG(s) dict_keys(['example_dag_decorator']) retrieved from /home/dennismutia/.virtualenvs/wefarm/lib/python3.8/site-packages/airflow/example_dags/example_dag_decorator.py
[2021-07-23 16:21:15,484] {logging_mixin.py:104} INFO - [2021-07-23 16:21:15,483] {dag.py:1833} INFO - Sync 1 DAGs
[2021-07-23 16:21:15,497] {logging_mixin.py:104} INFO - [2021-07-23 16:21:15,496] {dag.py:2306} INFO - Setting next_dagrun for example_dag_decorator to None
[2021-07-23 16:21:15,513] {scheduler_job.py:189} INFO - Processing /home/dennismutia/.virtualenvs/wefarm/lib/python3.8/site-packages/airflow/example_dags/example_dag_decorator.py took 0.142 seconds
[2021-07-23 16:21:17,746] {scheduler_job.py:181} INFO - Started process (PID=2473) to work on /home/dennismutia/.virtualenvs/wefarm/lib/python3.8/site-packages/airflow/example_dags/example_dag_decorator.py
[2021-07-23 16:21:17,747] {scheduler_job.py:632} INFO - Processing file /home/dennismutia/.virtualenvs/wefarm/lib/python3.8/site-packages/airflow/example_dags/example_dag_decorator.py for tasks to queue
[2021-07-23 16:21:17,747] {logging_mixin.py:104} INFO - [2021-07-23 16:21:17,747] {dagbag.py:496} INFO - Filling up the DagBag from /home/dennismutia/.virtualenvs/wefarm/lib/python3.8/site-packages/airflow/example_dags/example_dag_decorator.py
[2021-07-23 16:21:17,822] {scheduler_job.py:642} INFO - DAG(s) dict_keys(['example_dag_decorator']) retrieved from /home/dennismutia/.virtualenvs/wefarm/lib/python3.8/site-packages/airflow/example_dags/example_dag_decorator.py
[2021-07-23 16:21:17,838] {logging_mixin.py:104} INFO - [2021-07-23 16:21:17,838] {dag.py:1833} INFO - Sync 1 DAGs
[2021-07-23 16:21:17,865] {logging_mixin.py:104} INFO - [2021-07-23 16:21:17,865] {dag.py:2306} INFO - Setting next_dagrun for example_dag_decorator to None
[2021-07-23 16:21:17,878] {scheduler_job.py:189} INFO - Processing /home/dennismutia/.virtualenvs/wefarm/lib/python3.8/site-packages/airflow/example_dags/example_dag_decorator.py took 0.136 seconds
[2021-07-23 16:21:20,025] {scheduler_job.py:181} INFO - Started process (PID=2532) to work on /home/dennismutia/.virtualenvs/wefarm/lib/python3.8/site-packages/airflow/example_dags/example_dag_decorator.py
[2021-07-23 16:21:20,026] {scheduler_job.py:632} INFO - Processing file /home/dennismutia/.virtualenvs/wefarm/lib/python3.8/site-packages/airflow/example_dags/example_dag_decorator.py for tasks to queue
[2021-07-23 16:21:20,027] {logging_mixin.py:104} INFO - [2021-07-23 16:21:20,026] {dagbag.py:496} INFO - Filling up the DagBag from /home/dennismutia/.virtualenvs/wefarm/lib/python3.8/site-packages/airflow/example_dags/example_dag_decorator.py
[2021-07-23 16:21:20,103] {scheduler_job.py:642} INFO - DAG(s) dict_keys(['example_dag_decorator']) retrieved from /home/dennismutia/.virtualenvs/wefarm/lib/python3.8/site-packages/airflow/example_dags/example_dag_decorator.py
[2021-07-23 16:21:20,134] {logging_mixin.py:104} INFO - [2021-07-23 16:21:20,134] {dag.py:1833} INFO - Sync 1 DAGs
[2021-07-23 16:21:20,149] {logging_mixin.py:104} INFO - [2021-07-23 16:21:20,148] {dag.py:2306} INFO - Setting next_dagrun for example_dag_decorator to None
[2021-07-23 16:21:20,169] {scheduler_job.py:189} INFO - Processing /home/dennismutia/.virtualenvs/wefarm/lib/python3.8/site-packages/airflow/example_dags/example_dag_decorator.py took 0.147 seconds
[2021-07-23 16:21:22,655] {scheduler_job.py:181} INFO - Started process (PID=2593) to work on /home/dennismutia/.virtualenvs/wefarm/lib/python3.8/site-packages/airflow/example_dags/example_dag_decorator.py
[2021-07-23 16:21:22,667] {scheduler_job.py:632} INFO - Processing file /home/dennismutia/.virtualenvs/wefarm/lib/python3.8/site-packages/airflow/example_dags/example_dag_decorator.py for tasks to queue
[2021-07-23 16:21:22,668] {logging_mixin.py:104} INFO - [2021-07-23 16:21:22,668] {dagbag.py:496} INFO - Filling up the DagBag from /home/dennismutia/.virtualenvs/wefarm/lib/python3.8/site-packages/airflow/example_dags/example_dag_decorator.py
[2021-07-23 16:21:22,755] {scheduler_job.py:642} INFO - DAG(s) dict_keys(['example_dag_decorator']) retrieved from /home/dennismutia/.virtualenvs/wefarm/lib/python3.8/site-packages/airflow/example_dags/example_dag_decorator.py
[2021-07-23 16:21:22,774] {logging_mixin.py:104} INFO - [2021-07-23 16:21:22,774] {dag.py:1833} INFO - Sync 1 DAGs
[2021-07-23 16:21:22,787] {logging_mixin.py:104} INFO - [2021-07-23 16:21:22,787] {dag.py:2306} INFO - Setting next_dagrun for example_dag_decorator to None
[2021-07-23 16:21:22,801] {scheduler_job.py:189} INFO - Processing /home/dennismutia/.virtualenvs/wefarm/lib/python3.8/site-packages/airflow/example_dags/example_dag_decorator.py took 0.152 seconds
[2021-07-23 16:21:25,008] {scheduler_job.py:181} INFO - Started process (PID=2652) to work on /home/dennismutia/.virtualenvs/wefarm/lib/python3.8/site-packages/airflow/example_dags/example_dag_decorator.py
[2021-07-23 16:21:25,009] {scheduler_job.py:632} INFO - Processing file /home/dennismutia/.virtualenvs/wefarm/lib/python3.8/site-packages/airflow/example_dags/example_dag_decorator.py for tasks to queue
[2021-07-23 16:21:25,010] {logging_mixin.py:104} INFO - [2021-07-23 16:21:25,010] {dagbag.py:496} INFO - Filling up the DagBag from /home/dennismutia/.virtualenvs/wefarm/lib/python3.8/site-packages/airflow/example_dags/example_dag_decorator.py
[2021-07-23 16:21:25,083] {scheduler_job.py:642} INFO - DAG(s) dict_keys(['example_dag_decorator']) retrieved from /home/dennismutia/.virtualenvs/wefarm/lib/python3.8/site-packages/airflow/example_dags/example_dag_decorator.py
[2021-07-23 16:21:25,106] {logging_mixin.py:104} INFO - [2021-07-23 16:21:25,106] {dag.py:1833} INFO - Sync 1 DAGs
[2021-07-23 16:21:25,119] {logging_mixin.py:104} INFO - [2021-07-23 16:21:25,119] {dag.py:2306} INFO - Setting next_dagrun for example_dag_decorator to None
[2021-07-23 16:21:25,130] {scheduler_job.py:189} INFO - Processing /home/dennismutia/.virtualenvs/wefarm/lib/python3.8/site-packages/airflow/example_dags/example_dag_decorator.py took 0.137 seconds
[2021-07-23 16:21:27,476] {scheduler_job.py:181} INFO - Started process (PID=2734) to work on /home/dennismutia/.virtualenvs/wefarm/lib/python3.8/site-packages/airflow/example_dags/example_dag_decorator.py
[2021-07-23 16:21:27,478] {scheduler_job.py:632} INFO - Processing file /home/dennismutia/.virtualenvs/wefarm/lib/python3.8/site-packages/airflow/example_dags/example_dag_decorator.py for tasks to queue
[2021-07-23 16:21:27,480] {logging_mixin.py:104} INFO - [2021-07-23 16:21:27,480] {dagbag.py:496} INFO - Filling up the DagBag from /home/dennismutia/.virtualenvs/wefarm/lib/python3.8/site-packages/airflow/example_dags/example_dag_decorator.py
[2021-07-23 16:21:27,572] {scheduler_job.py:642} INFO - DAG(s) dict_keys(['example_dag_decorator']) retrieved from /home/dennismutia/.virtualenvs/wefarm/lib/python3.8/site-packages/airflow/example_dags/example_dag_decorator.py
[2021-07-23 16:21:27,592] {logging_mixin.py:104} INFO - [2021-07-23 16:21:27,591] {dag.py:1833} INFO - Sync 1 DAGs
[2021-07-23 16:21:27,606] {logging_mixin.py:104} INFO - [2021-07-23 16:21:27,606] {dag.py:2306} INFO - Setting next_dagrun for example_dag_decorator to None
[2021-07-23 16:21:27,622] {scheduler_job.py:189} INFO - Processing /home/dennismutia/.virtualenvs/wefarm/lib/python3.8/site-packages/airflow/example_dags/example_dag_decorator.py took 0.149 seconds
[2021-07-23 16:21:30,179] {scheduler_job.py:181} INFO - Started process (PID=2794) to work on /home/dennismutia/.virtualenvs/wefarm/lib/python3.8/site-packages/airflow/example_dags/example_dag_decorator.py
[2021-07-23 16:21:30,184] {scheduler_job.py:632} INFO - Processing file /home/dennismutia/.virtualenvs/wefarm/lib/python3.8/site-packages/airflow/example_dags/example_dag_decorator.py for tasks to queue
[2021-07-23 16:21:30,186] {logging_mixin.py:104} INFO - [2021-07-23 16:21:30,186] {dagbag.py:496} INFO - Filling up the DagBag from /home/dennismutia/.virtualenvs/wefarm/lib/python3.8/site-packages/airflow/example_dags/example_dag_decorator.py
[2021-07-23 16:21:30,280] {scheduler_job.py:642} INFO - DAG(s) dict_keys(['example_dag_decorator']) retrieved from /home/dennismutia/.virtualenvs/wefarm/lib/python3.8/site-packages/airflow/example_dags/example_dag_decorator.py
[2021-07-23 16:21:30,298] {logging_mixin.py:104} INFO - [2021-07-23 16:21:30,298] {dag.py:1833} INFO - Sync 1 DAGs
[2021-07-23 16:21:30,313] {logging_mixin.py:104} INFO - [2021-07-23 16:21:30,313] {dag.py:2306} INFO - Setting next_dagrun for example_dag_decorator to None
[2021-07-23 16:21:30,332] {scheduler_job.py:189} INFO - Processing /home/dennismutia/.virtualenvs/wefarm/lib/python3.8/site-packages/airflow/example_dags/example_dag_decorator.py took 0.156 seconds
[2021-07-23 16:21:33,061] {scheduler_job.py:181} INFO - Started process (PID=2854) to work on /home/dennismutia/.virtualenvs/wefarm/lib/python3.8/site-packages/airflow/example_dags/example_dag_decorator.py
[2021-07-23 16:21:33,063] {scheduler_job.py:632} INFO - Processing file /home/dennismutia/.virtualenvs/wefarm/lib/python3.8/site-packages/airflow/example_dags/example_dag_decorator.py for tasks to queue
[2021-07-23 16:21:33,063] {logging_mixin.py:104} INFO - [2021-07-23 16:21:33,063] {dagbag.py:496} INFO - Filling up the DagBag from /home/dennismutia/.virtualenvs/wefarm/lib/python3.8/site-packages/airflow/example_dags/example_dag_decorator.py
[2021-07-23 16:21:33,167] {scheduler_job.py:642} INFO - DAG(s) dict_keys(['example_dag_decorator']) retrieved from /home/dennismutia/.virtualenvs/wefarm/lib/python3.8/site-packages/airflow/example_dags/example_dag_decorator.py
[2021-07-23 16:21:33,535] {logging_mixin.py:104} INFO - [2021-07-23 16:21:33,535] {dag.py:1833} INFO - Sync 1 DAGs
[2021-07-23 16:21:33,565] {logging_mixin.py:104} INFO - [2021-07-23 16:21:33,564] {dag.py:2306} INFO - Setting next_dagrun for example_dag_decorator to None
[2021-07-23 16:21:33,596] {scheduler_job.py:189} INFO - Processing /home/dennismutia/.virtualenvs/wefarm/lib/python3.8/site-packages/airflow/example_dags/example_dag_decorator.py took 0.538 seconds
[2021-07-23 16:21:36,474] {scheduler_job.py:181} INFO - Started process (PID=2914) to work on /home/dennismutia/.virtualenvs/wefarm/lib/python3.8/site-packages/airflow/example_dags/example_dag_decorator.py
[2021-07-23 16:21:36,476] {scheduler_job.py:632} INFO - Processing file /home/dennismutia/.virtualenvs/wefarm/lib/python3.8/site-packages/airflow/example_dags/example_dag_decorator.py for tasks to queue
[2021-07-23 16:21:36,476] {logging_mixin.py:104} INFO - [2021-07-23 16:21:36,476] {dagbag.py:496} INFO - Filling up the DagBag from /home/dennismutia/.virtualenvs/wefarm/lib/python3.8/site-packages/airflow/example_dags/example_dag_decorator.py
[2021-07-23 16:21:36,574] {scheduler_job.py:642} INFO - DAG(s) dict_keys(['example_dag_decorator']) retrieved from /home/dennismutia/.virtualenvs/wefarm/lib/python3.8/site-packages/airflow/example_dags/example_dag_decorator.py
[2021-07-23 16:21:36,594] {logging_mixin.py:104} INFO - [2021-07-23 16:21:36,594] {dag.py:1833} INFO - Sync 1 DAGs
[2021-07-23 16:21:36,610] {logging_mixin.py:104} INFO - [2021-07-23 16:21:36,610] {dag.py:2306} INFO - Setting next_dagrun for example_dag_decorator to None
[2021-07-23 16:21:36,624] {scheduler_job.py:189} INFO - Processing /home/dennismutia/.virtualenvs/wefarm/lib/python3.8/site-packages/airflow/example_dags/example_dag_decorator.py took 0.153 seconds
[2021-07-23 16:21:39,211] {scheduler_job.py:181} INFO - Started process (PID=2974) to work on /home/dennismutia/.virtualenvs/wefarm/lib/python3.8/site-packages/airflow/example_dags/example_dag_decorator.py
[2021-07-23 16:21:39,212] {scheduler_job.py:632} INFO - Processing file /home/dennismutia/.virtualenvs/wefarm/lib/python3.8/site-packages/airflow/example_dags/example_dag_decorator.py for tasks to queue
[2021-07-23 16:21:39,213] {logging_mixin.py:104} INFO - [2021-07-23 16:21:39,213] {dagbag.py:496} INFO - Filling up the DagBag from /home/dennismutia/.virtualenvs/wefarm/lib/python3.8/site-packages/airflow/example_dags/example_dag_decorator.py
[2021-07-23 16:21:39,293] {scheduler_job.py:642} INFO - DAG(s) dict_keys(['example_dag_decorator']) retrieved from /home/dennismutia/.virtualenvs/wefarm/lib/python3.8/site-packages/airflow/example_dags/example_dag_decorator.py
[2021-07-23 16:21:39,322] {logging_mixin.py:104} INFO - [2021-07-23 16:21:39,322] {dag.py:1833} INFO - Sync 1 DAGs
[2021-07-23 16:21:39,339] {logging_mixin.py:104} INFO - [2021-07-23 16:21:39,339] {dag.py:2306} INFO - Setting next_dagrun for example_dag_decorator to None
[2021-07-23 16:21:39,354] {scheduler_job.py:189} INFO - Processing /home/dennismutia/.virtualenvs/wefarm/lib/python3.8/site-packages/airflow/example_dags/example_dag_decorator.py took 0.146 seconds
[2021-07-23 16:21:42,302] {scheduler_job.py:181} INFO - Started process (PID=3034) to work on /home/dennismutia/.virtualenvs/wefarm/lib/python3.8/site-packages/airflow/example_dags/example_dag_decorator.py
[2021-07-23 16:21:42,305] {scheduler_job.py:632} INFO - Processing file /home/dennismutia/.virtualenvs/wefarm/lib/python3.8/site-packages/airflow/example_dags/example_dag_decorator.py for tasks to queue
[2021-07-23 16:21:42,306] {logging_mixin.py:104} INFO - [2021-07-23 16:21:42,306] {dagbag.py:496} INFO - Filling up the DagBag from /home/dennismutia/.virtualenvs/wefarm/lib/python3.8/site-packages/airflow/example_dags/example_dag_decorator.py
[2021-07-23 16:21:42,437] {scheduler_job.py:642} INFO - DAG(s) dict_keys(['example_dag_decorator']) retrieved from /home/dennismutia/.virtualenvs/wefarm/lib/python3.8/site-packages/airflow/example_dags/example_dag_decorator.py
[2021-07-23 16:21:42,478] {logging_mixin.py:104} INFO - [2021-07-23 16:21:42,478] {dag.py:1833} INFO - Sync 1 DAGs
[2021-07-23 16:21:42,498] {logging_mixin.py:104} INFO - [2021-07-23 16:21:42,498] {dag.py:2306} INFO - Setting next_dagrun for example_dag_decorator to None
[2021-07-23 16:21:42,524] {scheduler_job.py:189} INFO - Processing /home/dennismutia/.virtualenvs/wefarm/lib/python3.8/site-packages/airflow/example_dags/example_dag_decorator.py took 0.228 seconds
[2021-07-23 16:21:46,666] {scheduler_job.py:181} INFO - Started process (PID=3094) to work on /home/dennismutia/.virtualenvs/wefarm/lib/python3.8/site-packages/airflow/example_dags/example_dag_decorator.py
[2021-07-23 16:21:46,670] {scheduler_job.py:632} INFO - Processing file /home/dennismutia/.virtualenvs/wefarm/lib/python3.8/site-packages/airflow/example_dags/example_dag_decorator.py for tasks to queue
[2021-07-23 16:21:46,673] {logging_mixin.py:104} INFO - [2021-07-23 16:21:46,673] {dagbag.py:496} INFO - Filling up the DagBag from /home/dennismutia/.virtualenvs/wefarm/lib/python3.8/site-packages/airflow/example_dags/example_dag_decorator.py
[2021-07-23 16:21:46,806] {scheduler_job.py:642} INFO - DAG(s) dict_keys(['example_dag_decorator']) retrieved from /home/dennismutia/.virtualenvs/wefarm/lib/python3.8/site-packages/airflow/example_dags/example_dag_decorator.py
[2021-07-23 16:21:46,836] {logging_mixin.py:104} INFO - [2021-07-23 16:21:46,836] {dag.py:1833} INFO - Sync 1 DAGs
[2021-07-23 16:21:46,862] {logging_mixin.py:104} INFO - [2021-07-23 16:21:46,862] {dag.py:2306} INFO - Setting next_dagrun for example_dag_decorator to None
[2021-07-23 16:21:46,897] {scheduler_job.py:189} INFO - Processing /home/dennismutia/.virtualenvs/wefarm/lib/python3.8/site-packages/airflow/example_dags/example_dag_decorator.py took 0.240 seconds
[2021-07-23 16:21:49,968] {scheduler_job.py:181} INFO - Started process (PID=3155) to work on /home/dennismutia/.virtualenvs/wefarm/lib/python3.8/site-packages/airflow/example_dags/example_dag_decorator.py
[2021-07-23 16:21:49,970] {scheduler_job.py:632} INFO - Processing file /home/dennismutia/.virtualenvs/wefarm/lib/python3.8/site-packages/airflow/example_dags/example_dag_decorator.py for tasks to queue
[2021-07-23 16:21:49,971] {logging_mixin.py:104} INFO - [2021-07-23 16:21:49,970] {dagbag.py:496} INFO - Filling up the DagBag from /home/dennismutia/.virtualenvs/wefarm/lib/python3.8/site-packages/airflow/example_dags/example_dag_decorator.py
[2021-07-23 16:21:50,062] {scheduler_job.py:642} INFO - DAG(s) dict_keys(['example_dag_decorator']) retrieved from /home/dennismutia/.virtualenvs/wefarm/lib/python3.8/site-packages/airflow/example_dags/example_dag_decorator.py
[2021-07-23 16:21:50,086] {logging_mixin.py:104} INFO - [2021-07-23 16:21:50,085] {dag.py:1833} INFO - Sync 1 DAGs
[2021-07-23 16:21:50,122] {logging_mixin.py:104} INFO - [2021-07-23 16:21:50,121] {dag.py:2306} INFO - Setting next_dagrun for example_dag_decorator to None
[2021-07-23 16:21:50,139] {scheduler_job.py:189} INFO - Processing /home/dennismutia/.virtualenvs/wefarm/lib/python3.8/site-packages/airflow/example_dags/example_dag_decorator.py took 0.175 seconds
[2021-07-23 16:21:53,726] {scheduler_job.py:181} INFO - Started process (PID=3215) to work on /home/dennismutia/.virtualenvs/wefarm/lib/python3.8/site-packages/airflow/example_dags/example_dag_decorator.py
[2021-07-23 16:21:53,734] {scheduler_job.py:632} INFO - Processing file /home/dennismutia/.virtualenvs/wefarm/lib/python3.8/site-packages/airflow/example_dags/example_dag_decorator.py for tasks to queue
[2021-07-23 16:21:53,737] {logging_mixin.py:104} INFO - [2021-07-23 16:21:53,737] {dagbag.py:496} INFO - Filling up the DagBag from /home/dennismutia/.virtualenvs/wefarm/lib/python3.8/site-packages/airflow/example_dags/example_dag_decorator.py
[2021-07-23 16:21:53,822] {scheduler_job.py:642} INFO - DAG(s) dict_keys(['example_dag_decorator']) retrieved from /home/dennismutia/.virtualenvs/wefarm/lib/python3.8/site-packages/airflow/example_dags/example_dag_decorator.py
[2021-07-23 16:21:53,842] {logging_mixin.py:104} INFO - [2021-07-23 16:21:53,842] {dag.py:1833} INFO - Sync 1 DAGs
[2021-07-23 16:21:53,860] {logging_mixin.py:104} INFO - [2021-07-23 16:21:53,860] {dag.py:2306} INFO - Setting next_dagrun for example_dag_decorator to None
[2021-07-23 16:21:53,872] {scheduler_job.py:189} INFO - Processing /home/dennismutia/.virtualenvs/wefarm/lib/python3.8/site-packages/airflow/example_dags/example_dag_decorator.py took 0.149 seconds
