[2021-07-23 16:19:58,522] {scheduler_job.py:181} INFO - Started process (PID=840) to work on /home/dennismutia/.virtualenvs/wefarm/lib/python3.8/site-packages/airflow/example_dags/example_external_task_marker_dag.py
[2021-07-23 16:19:58,523] {scheduler_job.py:632} INFO - Processing file /home/dennismutia/.virtualenvs/wefarm/lib/python3.8/site-packages/airflow/example_dags/example_external_task_marker_dag.py for tasks to queue
[2021-07-23 16:19:58,523] {logging_mixin.py:104} INFO - [2021-07-23 16:19:58,523] {dagbag.py:496} INFO - Filling up the DagBag from /home/dennismutia/.virtualenvs/wefarm/lib/python3.8/site-packages/airflow/example_dags/example_external_task_marker_dag.py
[2021-07-23 16:19:58,534] {scheduler_job.py:642} INFO - DAG(s) dict_keys(['example_external_task_marker_parent', 'example_external_task_marker_child']) retrieved from /home/dennismutia/.virtualenvs/wefarm/lib/python3.8/site-packages/airflow/example_dags/example_external_task_marker_dag.py
[2021-07-23 16:19:58,759] {logging_mixin.py:104} INFO - [2021-07-23 16:19:58,759] {dag.py:1833} INFO - Sync 2 DAGs
[2021-07-23 16:19:58,769] {logging_mixin.py:104} INFO - [2021-07-23 16:19:58,769] {dag.py:2306} INFO - Setting next_dagrun for example_external_task_marker_child to None
[2021-07-23 16:19:58,769] {logging_mixin.py:104} INFO - [2021-07-23 16:19:58,769] {dag.py:2306} INFO - Setting next_dagrun for example_external_task_marker_parent to None
[2021-07-23 16:19:58,785] {scheduler_job.py:189} INFO - Processing /home/dennismutia/.virtualenvs/wefarm/lib/python3.8/site-packages/airflow/example_dags/example_external_task_marker_dag.py took 0.266 seconds
[2021-07-23 16:20:02,364] {scheduler_job.py:181} INFO - Started process (PID=1003) to work on /home/dennismutia/.virtualenvs/wefarm/lib/python3.8/site-packages/airflow/example_dags/example_external_task_marker_dag.py
[2021-07-23 16:20:02,365] {scheduler_job.py:632} INFO - Processing file /home/dennismutia/.virtualenvs/wefarm/lib/python3.8/site-packages/airflow/example_dags/example_external_task_marker_dag.py for tasks to queue
[2021-07-23 16:20:02,365] {logging_mixin.py:104} INFO - [2021-07-23 16:20:02,365] {dagbag.py:496} INFO - Filling up the DagBag from /home/dennismutia/.virtualenvs/wefarm/lib/python3.8/site-packages/airflow/example_dags/example_external_task_marker_dag.py
[2021-07-23 16:20:02,378] {scheduler_job.py:642} INFO - DAG(s) dict_keys(['example_external_task_marker_parent', 'example_external_task_marker_child']) retrieved from /home/dennismutia/.virtualenvs/wefarm/lib/python3.8/site-packages/airflow/example_dags/example_external_task_marker_dag.py
[2021-07-23 16:20:02,419] {logging_mixin.py:104} INFO - [2021-07-23 16:20:02,418] {dag.py:1833} INFO - Sync 2 DAGs
[2021-07-23 16:20:02,472] {logging_mixin.py:104} INFO - [2021-07-23 16:20:02,471] {dag.py:2306} INFO - Setting next_dagrun for example_external_task_marker_child to None
[2021-07-23 16:20:02,472] {logging_mixin.py:104} INFO - [2021-07-23 16:20:02,472] {dag.py:2306} INFO - Setting next_dagrun for example_external_task_marker_parent to None
[2021-07-23 16:20:02,492] {scheduler_job.py:189} INFO - Processing /home/dennismutia/.virtualenvs/wefarm/lib/python3.8/site-packages/airflow/example_dags/example_external_task_marker_dag.py took 0.130 seconds
[2021-07-23 16:20:06,051] {scheduler_job.py:181} INFO - Started process (PID=1131) to work on /home/dennismutia/.virtualenvs/wefarm/lib/python3.8/site-packages/airflow/example_dags/example_external_task_marker_dag.py
[2021-07-23 16:20:06,051] {scheduler_job.py:632} INFO - Processing file /home/dennismutia/.virtualenvs/wefarm/lib/python3.8/site-packages/airflow/example_dags/example_external_task_marker_dag.py for tasks to queue
[2021-07-23 16:20:06,052] {logging_mixin.py:104} INFO - [2021-07-23 16:20:06,052] {dagbag.py:496} INFO - Filling up the DagBag from /home/dennismutia/.virtualenvs/wefarm/lib/python3.8/site-packages/airflow/example_dags/example_external_task_marker_dag.py
[2021-07-23 16:20:06,068] {scheduler_job.py:642} INFO - DAG(s) dict_keys(['example_external_task_marker_parent', 'example_external_task_marker_child']) retrieved from /home/dennismutia/.virtualenvs/wefarm/lib/python3.8/site-packages/airflow/example_dags/example_external_task_marker_dag.py
[2021-07-23 16:20:06,084] {logging_mixin.py:104} INFO - [2021-07-23 16:20:06,084] {dag.py:1833} INFO - Sync 2 DAGs
[2021-07-23 16:20:06,144] {logging_mixin.py:104} INFO - [2021-07-23 16:20:06,144] {dag.py:2306} INFO - Setting next_dagrun for example_external_task_marker_child to None
[2021-07-23 16:20:06,145] {logging_mixin.py:104} INFO - [2021-07-23 16:20:06,145] {dag.py:2306} INFO - Setting next_dagrun for example_external_task_marker_parent to None
[2021-07-23 16:20:06,156] {scheduler_job.py:189} INFO - Processing /home/dennismutia/.virtualenvs/wefarm/lib/python3.8/site-packages/airflow/example_dags/example_external_task_marker_dag.py took 0.108 seconds
[2021-07-23 16:20:10,112] {scheduler_job.py:181} INFO - Started process (PID=1274) to work on /home/dennismutia/.virtualenvs/wefarm/lib/python3.8/site-packages/airflow/example_dags/example_external_task_marker_dag.py
[2021-07-23 16:20:10,112] {scheduler_job.py:632} INFO - Processing file /home/dennismutia/.virtualenvs/wefarm/lib/python3.8/site-packages/airflow/example_dags/example_external_task_marker_dag.py for tasks to queue
[2021-07-23 16:20:10,113] {logging_mixin.py:104} INFO - [2021-07-23 16:20:10,113] {dagbag.py:496} INFO - Filling up the DagBag from /home/dennismutia/.virtualenvs/wefarm/lib/python3.8/site-packages/airflow/example_dags/example_external_task_marker_dag.py
[2021-07-23 16:20:10,124] {scheduler_job.py:642} INFO - DAG(s) dict_keys(['example_external_task_marker_parent', 'example_external_task_marker_child']) retrieved from /home/dennismutia/.virtualenvs/wefarm/lib/python3.8/site-packages/airflow/example_dags/example_external_task_marker_dag.py
[2021-07-23 16:20:10,153] {logging_mixin.py:104} INFO - [2021-07-23 16:20:10,153] {dag.py:1833} INFO - Sync 2 DAGs
[2021-07-23 16:20:10,216] {logging_mixin.py:104} INFO - [2021-07-23 16:20:10,216] {dag.py:2306} INFO - Setting next_dagrun for example_external_task_marker_child to None
[2021-07-23 16:20:10,217] {logging_mixin.py:104} INFO - [2021-07-23 16:20:10,217] {dag.py:2306} INFO - Setting next_dagrun for example_external_task_marker_parent to None
[2021-07-23 16:20:10,234] {scheduler_job.py:189} INFO - Processing /home/dennismutia/.virtualenvs/wefarm/lib/python3.8/site-packages/airflow/example_dags/example_external_task_marker_dag.py took 0.125 seconds
[2021-07-23 16:20:14,146] {scheduler_job.py:181} INFO - Started process (PID=1396) to work on /home/dennismutia/.virtualenvs/wefarm/lib/python3.8/site-packages/airflow/example_dags/example_external_task_marker_dag.py
[2021-07-23 16:20:14,147] {scheduler_job.py:632} INFO - Processing file /home/dennismutia/.virtualenvs/wefarm/lib/python3.8/site-packages/airflow/example_dags/example_external_task_marker_dag.py for tasks to queue
[2021-07-23 16:20:14,148] {logging_mixin.py:104} INFO - [2021-07-23 16:20:14,148] {dagbag.py:496} INFO - Filling up the DagBag from /home/dennismutia/.virtualenvs/wefarm/lib/python3.8/site-packages/airflow/example_dags/example_external_task_marker_dag.py
[2021-07-23 16:20:14,162] {scheduler_job.py:642} INFO - DAG(s) dict_keys(['example_external_task_marker_parent', 'example_external_task_marker_child']) retrieved from /home/dennismutia/.virtualenvs/wefarm/lib/python3.8/site-packages/airflow/example_dags/example_external_task_marker_dag.py
[2021-07-23 16:20:14,185] {logging_mixin.py:104} INFO - [2021-07-23 16:20:14,185] {dag.py:1833} INFO - Sync 2 DAGs
[2021-07-23 16:20:14,259] {logging_mixin.py:104} INFO - [2021-07-23 16:20:14,259] {dag.py:2306} INFO - Setting next_dagrun for example_external_task_marker_child to None
[2021-07-23 16:20:14,260] {logging_mixin.py:104} INFO - [2021-07-23 16:20:14,260] {dag.py:2306} INFO - Setting next_dagrun for example_external_task_marker_parent to None
[2021-07-23 16:20:14,284] {scheduler_job.py:189} INFO - Processing /home/dennismutia/.virtualenvs/wefarm/lib/python3.8/site-packages/airflow/example_dags/example_external_task_marker_dag.py took 0.142 seconds
[2021-07-23 16:20:18,953] {scheduler_job.py:181} INFO - Started process (PID=1516) to work on /home/dennismutia/.virtualenvs/wefarm/lib/python3.8/site-packages/airflow/example_dags/example_external_task_marker_dag.py
[2021-07-23 16:20:18,956] {scheduler_job.py:632} INFO - Processing file /home/dennismutia/.virtualenvs/wefarm/lib/python3.8/site-packages/airflow/example_dags/example_external_task_marker_dag.py for tasks to queue
[2021-07-23 16:20:18,958] {logging_mixin.py:104} INFO - [2021-07-23 16:20:18,958] {dagbag.py:496} INFO - Filling up the DagBag from /home/dennismutia/.virtualenvs/wefarm/lib/python3.8/site-packages/airflow/example_dags/example_external_task_marker_dag.py
[2021-07-23 16:20:18,973] {scheduler_job.py:642} INFO - DAG(s) dict_keys(['example_external_task_marker_parent', 'example_external_task_marker_child']) retrieved from /home/dennismutia/.virtualenvs/wefarm/lib/python3.8/site-packages/airflow/example_dags/example_external_task_marker_dag.py
[2021-07-23 16:20:19,000] {logging_mixin.py:104} INFO - [2021-07-23 16:20:18,999] {dag.py:1833} INFO - Sync 2 DAGs
[2021-07-23 16:20:19,072] {logging_mixin.py:104} INFO - [2021-07-23 16:20:19,072] {dag.py:2306} INFO - Setting next_dagrun for example_external_task_marker_child to None
[2021-07-23 16:20:19,077] {logging_mixin.py:104} INFO - [2021-07-23 16:20:19,076] {dag.py:2306} INFO - Setting next_dagrun for example_external_task_marker_parent to None
[2021-07-23 16:20:19,089] {scheduler_job.py:189} INFO - Processing /home/dennismutia/.virtualenvs/wefarm/lib/python3.8/site-packages/airflow/example_dags/example_external_task_marker_dag.py took 0.140 seconds
[2021-07-23 16:20:24,065] {scheduler_job.py:181} INFO - Started process (PID=1641) to work on /home/dennismutia/.virtualenvs/wefarm/lib/python3.8/site-packages/airflow/example_dags/example_external_task_marker_dag.py
[2021-07-23 16:20:24,066] {scheduler_job.py:632} INFO - Processing file /home/dennismutia/.virtualenvs/wefarm/lib/python3.8/site-packages/airflow/example_dags/example_external_task_marker_dag.py for tasks to queue
[2021-07-23 16:20:24,066] {logging_mixin.py:104} INFO - [2021-07-23 16:20:24,066] {dagbag.py:496} INFO - Filling up the DagBag from /home/dennismutia/.virtualenvs/wefarm/lib/python3.8/site-packages/airflow/example_dags/example_external_task_marker_dag.py
[2021-07-23 16:20:24,081] {scheduler_job.py:642} INFO - DAG(s) dict_keys(['example_external_task_marker_parent', 'example_external_task_marker_child']) retrieved from /home/dennismutia/.virtualenvs/wefarm/lib/python3.8/site-packages/airflow/example_dags/example_external_task_marker_dag.py
[2021-07-23 16:20:24,105] {logging_mixin.py:104} INFO - [2021-07-23 16:20:24,105] {dag.py:1833} INFO - Sync 2 DAGs
[2021-07-23 16:20:24,220] {logging_mixin.py:104} INFO - [2021-07-23 16:20:24,219] {dag.py:2306} INFO - Setting next_dagrun for example_external_task_marker_child to None
[2021-07-23 16:20:24,221] {logging_mixin.py:104} INFO - [2021-07-23 16:20:24,220] {dag.py:2306} INFO - Setting next_dagrun for example_external_task_marker_parent to None
[2021-07-23 16:20:24,233] {scheduler_job.py:189} INFO - Processing /home/dennismutia/.virtualenvs/wefarm/lib/python3.8/site-packages/airflow/example_dags/example_external_task_marker_dag.py took 0.172 seconds
[2021-07-23 16:20:32,784] {scheduler_job.py:181} INFO - Started process (PID=1764) to work on /home/dennismutia/.virtualenvs/wefarm/lib/python3.8/site-packages/airflow/example_dags/example_external_task_marker_dag.py
[2021-07-23 16:20:32,786] {scheduler_job.py:632} INFO - Processing file /home/dennismutia/.virtualenvs/wefarm/lib/python3.8/site-packages/airflow/example_dags/example_external_task_marker_dag.py for tasks to queue
[2021-07-23 16:20:32,786] {logging_mixin.py:104} INFO - [2021-07-23 16:20:32,786] {dagbag.py:496} INFO - Filling up the DagBag from /home/dennismutia/.virtualenvs/wefarm/lib/python3.8/site-packages/airflow/example_dags/example_external_task_marker_dag.py
[2021-07-23 16:20:32,870] {scheduler_job.py:642} INFO - DAG(s) dict_keys(['example_external_task_marker_parent', 'example_external_task_marker_child']) retrieved from /home/dennismutia/.virtualenvs/wefarm/lib/python3.8/site-packages/airflow/example_dags/example_external_task_marker_dag.py
[2021-07-23 16:20:33,255] {logging_mixin.py:104} INFO - [2021-07-23 16:20:33,255] {dag.py:1833} INFO - Sync 2 DAGs
[2021-07-23 16:20:33,304] {logging_mixin.py:104} INFO - [2021-07-23 16:20:33,304] {dag.py:2306} INFO - Setting next_dagrun for example_external_task_marker_child to None
[2021-07-23 16:20:33,305] {logging_mixin.py:104} INFO - [2021-07-23 16:20:33,305] {dag.py:2306} INFO - Setting next_dagrun for example_external_task_marker_parent to None
[2021-07-23 16:20:33,464] {scheduler_job.py:189} INFO - Processing /home/dennismutia/.virtualenvs/wefarm/lib/python3.8/site-packages/airflow/example_dags/example_external_task_marker_dag.py took 0.694 seconds
[2021-07-23 16:20:48,439] {scheduler_job.py:181} INFO - Started process (PID=1905) to work on /home/dennismutia/.virtualenvs/wefarm/lib/python3.8/site-packages/airflow/example_dags/example_external_task_marker_dag.py
[2021-07-23 16:20:48,458] {scheduler_job.py:632} INFO - Processing file /home/dennismutia/.virtualenvs/wefarm/lib/python3.8/site-packages/airflow/example_dags/example_external_task_marker_dag.py for tasks to queue
[2021-07-23 16:20:48,480] {logging_mixin.py:104} INFO - [2021-07-23 16:20:48,480] {dagbag.py:496} INFO - Filling up the DagBag from /home/dennismutia/.virtualenvs/wefarm/lib/python3.8/site-packages/airflow/example_dags/example_external_task_marker_dag.py
[2021-07-23 16:20:48,524] {scheduler_job.py:642} INFO - DAG(s) dict_keys(['example_external_task_marker_parent', 'example_external_task_marker_child']) retrieved from /home/dennismutia/.virtualenvs/wefarm/lib/python3.8/site-packages/airflow/example_dags/example_external_task_marker_dag.py
[2021-07-23 16:20:49,461] {logging_mixin.py:104} INFO - [2021-07-23 16:20:49,460] {dag.py:1833} INFO - Sync 2 DAGs
[2021-07-23 16:20:49,496] {logging_mixin.py:104} INFO - [2021-07-23 16:20:49,495] {dag.py:2306} INFO - Setting next_dagrun for example_external_task_marker_child to None
[2021-07-23 16:20:49,497] {logging_mixin.py:104} INFO - [2021-07-23 16:20:49,496] {dag.py:2306} INFO - Setting next_dagrun for example_external_task_marker_parent to None
[2021-07-23 16:20:49,521] {scheduler_job.py:189} INFO - Processing /home/dennismutia/.virtualenvs/wefarm/lib/python3.8/site-packages/airflow/example_dags/example_external_task_marker_dag.py took 1.086 seconds
[2021-07-23 16:20:58,214] {scheduler_job.py:181} INFO - Started process (PID=2025) to work on /home/dennismutia/.virtualenvs/wefarm/lib/python3.8/site-packages/airflow/example_dags/example_external_task_marker_dag.py
[2021-07-23 16:20:58,217] {scheduler_job.py:632} INFO - Processing file /home/dennismutia/.virtualenvs/wefarm/lib/python3.8/site-packages/airflow/example_dags/example_external_task_marker_dag.py for tasks to queue
[2021-07-23 16:20:58,220] {logging_mixin.py:104} INFO - [2021-07-23 16:20:58,220] {dagbag.py:496} INFO - Filling up the DagBag from /home/dennismutia/.virtualenvs/wefarm/lib/python3.8/site-packages/airflow/example_dags/example_external_task_marker_dag.py
[2021-07-23 16:20:58,241] {scheduler_job.py:642} INFO - DAG(s) dict_keys(['example_external_task_marker_parent', 'example_external_task_marker_child']) retrieved from /home/dennismutia/.virtualenvs/wefarm/lib/python3.8/site-packages/airflow/example_dags/example_external_task_marker_dag.py
[2021-07-23 16:20:58,337] {logging_mixin.py:104} INFO - [2021-07-23 16:20:58,337] {dag.py:1833} INFO - Sync 2 DAGs
[2021-07-23 16:20:58,356] {logging_mixin.py:104} INFO - [2021-07-23 16:20:58,355] {dag.py:2306} INFO - Setting next_dagrun for example_external_task_marker_child to None
[2021-07-23 16:20:58,358] {logging_mixin.py:104} INFO - [2021-07-23 16:20:58,358] {dag.py:2306} INFO - Setting next_dagrun for example_external_task_marker_parent to None
[2021-07-23 16:20:58,376] {scheduler_job.py:189} INFO - Processing /home/dennismutia/.virtualenvs/wefarm/lib/python3.8/site-packages/airflow/example_dags/example_external_task_marker_dag.py took 0.165 seconds
[2021-07-23 16:21:05,437] {scheduler_job.py:181} INFO - Started process (PID=2145) to work on /home/dennismutia/.virtualenvs/wefarm/lib/python3.8/site-packages/airflow/example_dags/example_external_task_marker_dag.py
[2021-07-23 16:21:05,439] {scheduler_job.py:632} INFO - Processing file /home/dennismutia/.virtualenvs/wefarm/lib/python3.8/site-packages/airflow/example_dags/example_external_task_marker_dag.py for tasks to queue
[2021-07-23 16:21:05,442] {logging_mixin.py:104} INFO - [2021-07-23 16:21:05,441] {dagbag.py:496} INFO - Filling up the DagBag from /home/dennismutia/.virtualenvs/wefarm/lib/python3.8/site-packages/airflow/example_dags/example_external_task_marker_dag.py
[2021-07-23 16:21:05,458] {scheduler_job.py:642} INFO - DAG(s) dict_keys(['example_external_task_marker_parent', 'example_external_task_marker_child']) retrieved from /home/dennismutia/.virtualenvs/wefarm/lib/python3.8/site-packages/airflow/example_dags/example_external_task_marker_dag.py
[2021-07-23 16:21:05,546] {logging_mixin.py:104} INFO - [2021-07-23 16:21:05,546] {dag.py:1833} INFO - Sync 2 DAGs
[2021-07-23 16:21:05,573] {logging_mixin.py:104} INFO - [2021-07-23 16:21:05,573] {dag.py:2306} INFO - Setting next_dagrun for example_external_task_marker_child to None
[2021-07-23 16:21:05,573] {logging_mixin.py:104} INFO - [2021-07-23 16:21:05,573] {dag.py:2306} INFO - Setting next_dagrun for example_external_task_marker_parent to None
[2021-07-23 16:21:05,591] {scheduler_job.py:189} INFO - Processing /home/dennismutia/.virtualenvs/wefarm/lib/python3.8/site-packages/airflow/example_dags/example_external_task_marker_dag.py took 0.157 seconds
[2021-07-23 16:21:11,217] {scheduler_job.py:181} INFO - Started process (PID=2309) to work on /home/dennismutia/.virtualenvs/wefarm/lib/python3.8/site-packages/airflow/example_dags/example_external_task_marker_dag.py
[2021-07-23 16:21:11,220] {scheduler_job.py:632} INFO - Processing file /home/dennismutia/.virtualenvs/wefarm/lib/python3.8/site-packages/airflow/example_dags/example_external_task_marker_dag.py for tasks to queue
[2021-07-23 16:21:11,222] {logging_mixin.py:104} INFO - [2021-07-23 16:21:11,222] {dagbag.py:496} INFO - Filling up the DagBag from /home/dennismutia/.virtualenvs/wefarm/lib/python3.8/site-packages/airflow/example_dags/example_external_task_marker_dag.py
[2021-07-23 16:21:11,240] {scheduler_job.py:642} INFO - DAG(s) dict_keys(['example_external_task_marker_parent', 'example_external_task_marker_child']) retrieved from /home/dennismutia/.virtualenvs/wefarm/lib/python3.8/site-packages/airflow/example_dags/example_external_task_marker_dag.py
[2021-07-23 16:21:11,423] {logging_mixin.py:104} INFO - [2021-07-23 16:21:11,423] {dag.py:1833} INFO - Sync 2 DAGs
[2021-07-23 16:21:11,463] {logging_mixin.py:104} INFO - [2021-07-23 16:21:11,461] {dag.py:2306} INFO - Setting next_dagrun for example_external_task_marker_child to None
[2021-07-23 16:21:11,466] {logging_mixin.py:104} INFO - [2021-07-23 16:21:11,465] {dag.py:2306} INFO - Setting next_dagrun for example_external_task_marker_parent to None
[2021-07-23 16:21:11,496] {scheduler_job.py:189} INFO - Processing /home/dennismutia/.virtualenvs/wefarm/lib/python3.8/site-packages/airflow/example_dags/example_external_task_marker_dag.py took 0.282 seconds
[2021-07-23 16:21:16,350] {scheduler_job.py:181} INFO - Started process (PID=2436) to work on /home/dennismutia/.virtualenvs/wefarm/lib/python3.8/site-packages/airflow/example_dags/example_external_task_marker_dag.py
[2021-07-23 16:21:16,354] {scheduler_job.py:632} INFO - Processing file /home/dennismutia/.virtualenvs/wefarm/lib/python3.8/site-packages/airflow/example_dags/example_external_task_marker_dag.py for tasks to queue
[2021-07-23 16:21:16,356] {logging_mixin.py:104} INFO - [2021-07-23 16:21:16,356] {dagbag.py:496} INFO - Filling up the DagBag from /home/dennismutia/.virtualenvs/wefarm/lib/python3.8/site-packages/airflow/example_dags/example_external_task_marker_dag.py
[2021-07-23 16:21:16,375] {scheduler_job.py:642} INFO - DAG(s) dict_keys(['example_external_task_marker_parent', 'example_external_task_marker_child']) retrieved from /home/dennismutia/.virtualenvs/wefarm/lib/python3.8/site-packages/airflow/example_dags/example_external_task_marker_dag.py
[2021-07-23 16:21:16,466] {logging_mixin.py:104} INFO - [2021-07-23 16:21:16,466] {dag.py:1833} INFO - Sync 2 DAGs
[2021-07-23 16:21:16,482] {logging_mixin.py:104} INFO - [2021-07-23 16:21:16,482] {dag.py:2306} INFO - Setting next_dagrun for example_external_task_marker_child to None
[2021-07-23 16:21:16,483] {logging_mixin.py:104} INFO - [2021-07-23 16:21:16,483] {dag.py:2306} INFO - Setting next_dagrun for example_external_task_marker_parent to None
[2021-07-23 16:21:16,500] {scheduler_job.py:189} INFO - Processing /home/dennismutia/.virtualenvs/wefarm/lib/python3.8/site-packages/airflow/example_dags/example_external_task_marker_dag.py took 0.153 seconds
[2021-07-23 16:21:20,954] {scheduler_job.py:181} INFO - Started process (PID=2556) to work on /home/dennismutia/.virtualenvs/wefarm/lib/python3.8/site-packages/airflow/example_dags/example_external_task_marker_dag.py
[2021-07-23 16:21:20,956] {scheduler_job.py:632} INFO - Processing file /home/dennismutia/.virtualenvs/wefarm/lib/python3.8/site-packages/airflow/example_dags/example_external_task_marker_dag.py for tasks to queue
[2021-07-23 16:21:20,959] {logging_mixin.py:104} INFO - [2021-07-23 16:21:20,959] {dagbag.py:496} INFO - Filling up the DagBag from /home/dennismutia/.virtualenvs/wefarm/lib/python3.8/site-packages/airflow/example_dags/example_external_task_marker_dag.py
[2021-07-23 16:21:20,979] {scheduler_job.py:642} INFO - DAG(s) dict_keys(['example_external_task_marker_parent', 'example_external_task_marker_child']) retrieved from /home/dennismutia/.virtualenvs/wefarm/lib/python3.8/site-packages/airflow/example_dags/example_external_task_marker_dag.py
[2021-07-23 16:21:21,310] {logging_mixin.py:104} INFO - [2021-07-23 16:21:21,310] {dag.py:1833} INFO - Sync 2 DAGs
[2021-07-23 16:21:21,323] {logging_mixin.py:104} INFO - [2021-07-23 16:21:21,323] {dag.py:2306} INFO - Setting next_dagrun for example_external_task_marker_child to None
[2021-07-23 16:21:21,324] {logging_mixin.py:104} INFO - [2021-07-23 16:21:21,324] {dag.py:2306} INFO - Setting next_dagrun for example_external_task_marker_parent to None
[2021-07-23 16:21:21,353] {scheduler_job.py:189} INFO - Processing /home/dennismutia/.virtualenvs/wefarm/lib/python3.8/site-packages/airflow/example_dags/example_external_task_marker_dag.py took 0.402 seconds
[2021-07-23 16:21:25,982] {scheduler_job.py:181} INFO - Started process (PID=2676) to work on /home/dennismutia/.virtualenvs/wefarm/lib/python3.8/site-packages/airflow/example_dags/example_external_task_marker_dag.py
[2021-07-23 16:21:25,983] {scheduler_job.py:632} INFO - Processing file /home/dennismutia/.virtualenvs/wefarm/lib/python3.8/site-packages/airflow/example_dags/example_external_task_marker_dag.py for tasks to queue
[2021-07-23 16:21:25,984] {logging_mixin.py:104} INFO - [2021-07-23 16:21:25,984] {dagbag.py:496} INFO - Filling up the DagBag from /home/dennismutia/.virtualenvs/wefarm/lib/python3.8/site-packages/airflow/example_dags/example_external_task_marker_dag.py
[2021-07-23 16:21:26,000] {scheduler_job.py:642} INFO - DAG(s) dict_keys(['example_external_task_marker_parent', 'example_external_task_marker_child']) retrieved from /home/dennismutia/.virtualenvs/wefarm/lib/python3.8/site-packages/airflow/example_dags/example_external_task_marker_dag.py
[2021-07-23 16:21:26,113] {logging_mixin.py:104} INFO - [2021-07-23 16:21:26,113] {dag.py:1833} INFO - Sync 2 DAGs
[2021-07-23 16:21:26,128] {logging_mixin.py:104} INFO - [2021-07-23 16:21:26,128] {dag.py:2306} INFO - Setting next_dagrun for example_external_task_marker_child to None
[2021-07-23 16:21:26,129] {logging_mixin.py:104} INFO - [2021-07-23 16:21:26,129] {dag.py:2306} INFO - Setting next_dagrun for example_external_task_marker_parent to None
[2021-07-23 16:21:26,147] {scheduler_job.py:189} INFO - Processing /home/dennismutia/.virtualenvs/wefarm/lib/python3.8/site-packages/airflow/example_dags/example_external_task_marker_dag.py took 0.168 seconds
[2021-07-23 16:21:31,218] {scheduler_job.py:181} INFO - Started process (PID=2817) to work on /home/dennismutia/.virtualenvs/wefarm/lib/python3.8/site-packages/airflow/example_dags/example_external_task_marker_dag.py
[2021-07-23 16:21:31,219] {scheduler_job.py:632} INFO - Processing file /home/dennismutia/.virtualenvs/wefarm/lib/python3.8/site-packages/airflow/example_dags/example_external_task_marker_dag.py for tasks to queue
[2021-07-23 16:21:31,220] {logging_mixin.py:104} INFO - [2021-07-23 16:21:31,220] {dagbag.py:496} INFO - Filling up the DagBag from /home/dennismutia/.virtualenvs/wefarm/lib/python3.8/site-packages/airflow/example_dags/example_external_task_marker_dag.py
[2021-07-23 16:21:31,237] {scheduler_job.py:642} INFO - DAG(s) dict_keys(['example_external_task_marker_parent', 'example_external_task_marker_child']) retrieved from /home/dennismutia/.virtualenvs/wefarm/lib/python3.8/site-packages/airflow/example_dags/example_external_task_marker_dag.py
[2021-07-23 16:21:31,323] {logging_mixin.py:104} INFO - [2021-07-23 16:21:31,323] {dag.py:1833} INFO - Sync 2 DAGs
[2021-07-23 16:21:31,341] {logging_mixin.py:104} INFO - [2021-07-23 16:21:31,341] {dag.py:2306} INFO - Setting next_dagrun for example_external_task_marker_child to None
[2021-07-23 16:21:31,344] {logging_mixin.py:104} INFO - [2021-07-23 16:21:31,344] {dag.py:2306} INFO - Setting next_dagrun for example_external_task_marker_parent to None
[2021-07-23 16:21:31,377] {scheduler_job.py:189} INFO - Processing /home/dennismutia/.virtualenvs/wefarm/lib/python3.8/site-packages/airflow/example_dags/example_external_task_marker_dag.py took 0.162 seconds
[2021-07-23 16:21:37,655] {scheduler_job.py:181} INFO - Started process (PID=2937) to work on /home/dennismutia/.virtualenvs/wefarm/lib/python3.8/site-packages/airflow/example_dags/example_external_task_marker_dag.py
[2021-07-23 16:21:37,657] {scheduler_job.py:632} INFO - Processing file /home/dennismutia/.virtualenvs/wefarm/lib/python3.8/site-packages/airflow/example_dags/example_external_task_marker_dag.py for tasks to queue
[2021-07-23 16:21:37,658] {logging_mixin.py:104} INFO - [2021-07-23 16:21:37,657] {dagbag.py:496} INFO - Filling up the DagBag from /home/dennismutia/.virtualenvs/wefarm/lib/python3.8/site-packages/airflow/example_dags/example_external_task_marker_dag.py
[2021-07-23 16:21:37,677] {scheduler_job.py:642} INFO - DAG(s) dict_keys(['example_external_task_marker_parent', 'example_external_task_marker_child']) retrieved from /home/dennismutia/.virtualenvs/wefarm/lib/python3.8/site-packages/airflow/example_dags/example_external_task_marker_dag.py
[2021-07-23 16:21:37,811] {logging_mixin.py:104} INFO - [2021-07-23 16:21:37,811] {dag.py:1833} INFO - Sync 2 DAGs
[2021-07-23 16:21:37,832] {logging_mixin.py:104} INFO - [2021-07-23 16:21:37,832] {dag.py:2306} INFO - Setting next_dagrun for example_external_task_marker_child to None
[2021-07-23 16:21:37,833] {logging_mixin.py:104} INFO - [2021-07-23 16:21:37,833] {dag.py:2306} INFO - Setting next_dagrun for example_external_task_marker_parent to None
[2021-07-23 16:21:37,859] {scheduler_job.py:189} INFO - Processing /home/dennismutia/.virtualenvs/wefarm/lib/python3.8/site-packages/airflow/example_dags/example_external_task_marker_dag.py took 0.210 seconds
[2021-07-23 16:21:44,138] {scheduler_job.py:181} INFO - Started process (PID=3058) to work on /home/dennismutia/.virtualenvs/wefarm/lib/python3.8/site-packages/airflow/example_dags/example_external_task_marker_dag.py
[2021-07-23 16:21:44,139] {scheduler_job.py:632} INFO - Processing file /home/dennismutia/.virtualenvs/wefarm/lib/python3.8/site-packages/airflow/example_dags/example_external_task_marker_dag.py for tasks to queue
[2021-07-23 16:21:44,140] {logging_mixin.py:104} INFO - [2021-07-23 16:21:44,140] {dagbag.py:496} INFO - Filling up the DagBag from /home/dennismutia/.virtualenvs/wefarm/lib/python3.8/site-packages/airflow/example_dags/example_external_task_marker_dag.py
[2021-07-23 16:21:44,155] {scheduler_job.py:642} INFO - DAG(s) dict_keys(['example_external_task_marker_parent', 'example_external_task_marker_child']) retrieved from /home/dennismutia/.virtualenvs/wefarm/lib/python3.8/site-packages/airflow/example_dags/example_external_task_marker_dag.py
[2021-07-23 16:21:44,308] {logging_mixin.py:104} INFO - [2021-07-23 16:21:44,308] {dag.py:1833} INFO - Sync 2 DAGs
[2021-07-23 16:21:44,336] {logging_mixin.py:104} INFO - [2021-07-23 16:21:44,335] {dag.py:2306} INFO - Setting next_dagrun for example_external_task_marker_child to None
[2021-07-23 16:21:44,339] {logging_mixin.py:104} INFO - [2021-07-23 16:21:44,339] {dag.py:2306} INFO - Setting next_dagrun for example_external_task_marker_parent to None
[2021-07-23 16:21:44,386] {scheduler_job.py:189} INFO - Processing /home/dennismutia/.virtualenvs/wefarm/lib/python3.8/site-packages/airflow/example_dags/example_external_task_marker_dag.py took 0.251 seconds
[2021-07-23 16:21:51,236] {scheduler_job.py:181} INFO - Started process (PID=3178) to work on /home/dennismutia/.virtualenvs/wefarm/lib/python3.8/site-packages/airflow/example_dags/example_external_task_marker_dag.py
[2021-07-23 16:21:51,247] {scheduler_job.py:632} INFO - Processing file /home/dennismutia/.virtualenvs/wefarm/lib/python3.8/site-packages/airflow/example_dags/example_external_task_marker_dag.py for tasks to queue
[2021-07-23 16:21:51,248] {logging_mixin.py:104} INFO - [2021-07-23 16:21:51,248] {dagbag.py:496} INFO - Filling up the DagBag from /home/dennismutia/.virtualenvs/wefarm/lib/python3.8/site-packages/airflow/example_dags/example_external_task_marker_dag.py
[2021-07-23 16:21:51,269] {scheduler_job.py:642} INFO - DAG(s) dict_keys(['example_external_task_marker_parent', 'example_external_task_marker_child']) retrieved from /home/dennismutia/.virtualenvs/wefarm/lib/python3.8/site-packages/airflow/example_dags/example_external_task_marker_dag.py
[2021-07-23 16:21:51,890] {logging_mixin.py:104} INFO - [2021-07-23 16:21:51,890] {dag.py:1833} INFO - Sync 2 DAGs
[2021-07-23 16:21:51,936] {logging_mixin.py:104} INFO - [2021-07-23 16:21:51,936] {dag.py:2306} INFO - Setting next_dagrun for example_external_task_marker_child to None
[2021-07-23 16:21:51,939] {logging_mixin.py:104} INFO - [2021-07-23 16:21:51,939] {dag.py:2306} INFO - Setting next_dagrun for example_external_task_marker_parent to None
[2021-07-23 16:21:51,960] {scheduler_job.py:189} INFO - Processing /home/dennismutia/.virtualenvs/wefarm/lib/python3.8/site-packages/airflow/example_dags/example_external_task_marker_dag.py took 0.729 seconds
