[2021-07-23 16:19:58,194] {scheduler_job.py:181} INFO - Started process (PID=836) to work on /home/dennismutia/.virtualenvs/wefarm/lib/python3.8/site-packages/airflow/example_dags/example_branch_python_dop_operator_3.py
[2021-07-23 16:19:58,195] {scheduler_job.py:632} INFO - Processing file /home/dennismutia/.virtualenvs/wefarm/lib/python3.8/site-packages/airflow/example_dags/example_branch_python_dop_operator_3.py for tasks to queue
[2021-07-23 16:19:58,195] {logging_mixin.py:104} INFO - [2021-07-23 16:19:58,195] {dagbag.py:496} INFO - Filling up the DagBag from /home/dennismutia/.virtualenvs/wefarm/lib/python3.8/site-packages/airflow/example_dags/example_branch_python_dop_operator_3.py
[2021-07-23 16:19:58,210] {scheduler_job.py:642} INFO - DAG(s) dict_keys(['example_branch_dop_operator_v3']) retrieved from /home/dennismutia/.virtualenvs/wefarm/lib/python3.8/site-packages/airflow/example_dags/example_branch_python_dop_operator_3.py
[2021-07-23 16:19:58,480] {logging_mixin.py:104} INFO - [2021-07-23 16:19:58,480] {dag.py:1833} INFO - Sync 1 DAGs
[2021-07-23 16:19:58,499] {logging_mixin.py:104} INFO - [2021-07-23 16:19:58,499] {dag.py:2306} INFO - Setting next_dagrun for example_branch_dop_operator_v3 to 2021-07-21 00:00:00+00:00
[2021-07-23 16:19:58,510] {scheduler_job.py:189} INFO - Processing /home/dennismutia/.virtualenvs/wefarm/lib/python3.8/site-packages/airflow/example_dags/example_branch_python_dop_operator_3.py took 0.319 seconds
[2021-07-23 16:20:00,251] {scheduler_job.py:181} INFO - Started process (PID=898) to work on /home/dennismutia/.virtualenvs/wefarm/lib/python3.8/site-packages/airflow/example_dags/example_branch_python_dop_operator_3.py
[2021-07-23 16:20:00,251] {scheduler_job.py:632} INFO - Processing file /home/dennismutia/.virtualenvs/wefarm/lib/python3.8/site-packages/airflow/example_dags/example_branch_python_dop_operator_3.py for tasks to queue
[2021-07-23 16:20:00,252] {logging_mixin.py:104} INFO - [2021-07-23 16:20:00,252] {dagbag.py:496} INFO - Filling up the DagBag from /home/dennismutia/.virtualenvs/wefarm/lib/python3.8/site-packages/airflow/example_dags/example_branch_python_dop_operator_3.py
[2021-07-23 16:20:00,265] {scheduler_job.py:642} INFO - DAG(s) dict_keys(['example_branch_dop_operator_v3']) retrieved from /home/dennismutia/.virtualenvs/wefarm/lib/python3.8/site-packages/airflow/example_dags/example_branch_python_dop_operator_3.py
[2021-07-23 16:20:00,287] {logging_mixin.py:104} INFO - [2021-07-23 16:20:00,286] {dag.py:1833} INFO - Sync 1 DAGs
[2021-07-23 16:20:00,352] {logging_mixin.py:104} INFO - [2021-07-23 16:20:00,352] {dag.py:2306} INFO - Setting next_dagrun for example_branch_dop_operator_v3 to 2021-07-21 00:00:00+00:00
[2021-07-23 16:20:00,362] {scheduler_job.py:189} INFO - Processing /home/dennismutia/.virtualenvs/wefarm/lib/python3.8/site-packages/airflow/example_dags/example_branch_python_dop_operator_3.py took 0.114 seconds
[2021-07-23 16:20:02,249] {scheduler_job.py:181} INFO - Started process (PID=1000) to work on /home/dennismutia/.virtualenvs/wefarm/lib/python3.8/site-packages/airflow/example_dags/example_branch_python_dop_operator_3.py
[2021-07-23 16:20:02,250] {scheduler_job.py:632} INFO - Processing file /home/dennismutia/.virtualenvs/wefarm/lib/python3.8/site-packages/airflow/example_dags/example_branch_python_dop_operator_3.py for tasks to queue
[2021-07-23 16:20:02,251] {logging_mixin.py:104} INFO - [2021-07-23 16:20:02,251] {dagbag.py:496} INFO - Filling up the DagBag from /home/dennismutia/.virtualenvs/wefarm/lib/python3.8/site-packages/airflow/example_dags/example_branch_python_dop_operator_3.py
[2021-07-23 16:20:02,272] {scheduler_job.py:642} INFO - DAG(s) dict_keys(['example_branch_dop_operator_v3']) retrieved from /home/dennismutia/.virtualenvs/wefarm/lib/python3.8/site-packages/airflow/example_dags/example_branch_python_dop_operator_3.py
[2021-07-23 16:20:02,298] {logging_mixin.py:104} INFO - [2021-07-23 16:20:02,298] {dag.py:1833} INFO - Sync 1 DAGs
[2021-07-23 16:20:02,363] {logging_mixin.py:104} INFO - [2021-07-23 16:20:02,363] {dag.py:2306} INFO - Setting next_dagrun for example_branch_dop_operator_v3 to 2021-07-21 00:00:00+00:00
[2021-07-23 16:20:02,377] {scheduler_job.py:189} INFO - Processing /home/dennismutia/.virtualenvs/wefarm/lib/python3.8/site-packages/airflow/example_dags/example_branch_python_dop_operator_3.py took 0.130 seconds
[2021-07-23 16:20:04,190] {scheduler_job.py:181} INFO - Started process (PID=1061) to work on /home/dennismutia/.virtualenvs/wefarm/lib/python3.8/site-packages/airflow/example_dags/example_branch_python_dop_operator_3.py
[2021-07-23 16:20:04,191] {scheduler_job.py:632} INFO - Processing file /home/dennismutia/.virtualenvs/wefarm/lib/python3.8/site-packages/airflow/example_dags/example_branch_python_dop_operator_3.py for tasks to queue
[2021-07-23 16:20:04,192] {logging_mixin.py:104} INFO - [2021-07-23 16:20:04,191] {dagbag.py:496} INFO - Filling up the DagBag from /home/dennismutia/.virtualenvs/wefarm/lib/python3.8/site-packages/airflow/example_dags/example_branch_python_dop_operator_3.py
[2021-07-23 16:20:04,206] {scheduler_job.py:642} INFO - DAG(s) dict_keys(['example_branch_dop_operator_v3']) retrieved from /home/dennismutia/.virtualenvs/wefarm/lib/python3.8/site-packages/airflow/example_dags/example_branch_python_dop_operator_3.py
[2021-07-23 16:20:04,248] {logging_mixin.py:104} INFO - [2021-07-23 16:20:04,248] {dag.py:1833} INFO - Sync 1 DAGs
[2021-07-23 16:20:04,332] {logging_mixin.py:104} INFO - [2021-07-23 16:20:04,332] {dag.py:2306} INFO - Setting next_dagrun for example_branch_dop_operator_v3 to 2021-07-21 00:00:00+00:00
[2021-07-23 16:20:04,344] {scheduler_job.py:189} INFO - Processing /home/dennismutia/.virtualenvs/wefarm/lib/python3.8/site-packages/airflow/example_dags/example_branch_python_dop_operator_3.py took 0.156 seconds
[2021-07-23 16:20:06,017] {scheduler_job.py:181} INFO - Started process (PID=1129) to work on /home/dennismutia/.virtualenvs/wefarm/lib/python3.8/site-packages/airflow/example_dags/example_branch_python_dop_operator_3.py
[2021-07-23 16:20:06,018] {scheduler_job.py:632} INFO - Processing file /home/dennismutia/.virtualenvs/wefarm/lib/python3.8/site-packages/airflow/example_dags/example_branch_python_dop_operator_3.py for tasks to queue
[2021-07-23 16:20:06,018] {logging_mixin.py:104} INFO - [2021-07-23 16:20:06,018] {dagbag.py:496} INFO - Filling up the DagBag from /home/dennismutia/.virtualenvs/wefarm/lib/python3.8/site-packages/airflow/example_dags/example_branch_python_dop_operator_3.py
[2021-07-23 16:20:06,031] {scheduler_job.py:642} INFO - DAG(s) dict_keys(['example_branch_dop_operator_v3']) retrieved from /home/dennismutia/.virtualenvs/wefarm/lib/python3.8/site-packages/airflow/example_dags/example_branch_python_dop_operator_3.py
[2021-07-23 16:20:06,048] {logging_mixin.py:104} INFO - [2021-07-23 16:20:06,048] {dag.py:1833} INFO - Sync 1 DAGs
[2021-07-23 16:20:06,109] {logging_mixin.py:104} INFO - [2021-07-23 16:20:06,109] {dag.py:2306} INFO - Setting next_dagrun for example_branch_dop_operator_v3 to 2021-07-21 00:00:00+00:00
[2021-07-23 16:20:06,122] {scheduler_job.py:189} INFO - Processing /home/dennismutia/.virtualenvs/wefarm/lib/python3.8/site-packages/airflow/example_dags/example_branch_python_dop_operator_3.py took 0.108 seconds
[2021-07-23 16:20:08,020] {scheduler_job.py:181} INFO - Started process (PID=1190) to work on /home/dennismutia/.virtualenvs/wefarm/lib/python3.8/site-packages/airflow/example_dags/example_branch_python_dop_operator_3.py
[2021-07-23 16:20:08,021] {scheduler_job.py:632} INFO - Processing file /home/dennismutia/.virtualenvs/wefarm/lib/python3.8/site-packages/airflow/example_dags/example_branch_python_dop_operator_3.py for tasks to queue
[2021-07-23 16:20:08,021] {logging_mixin.py:104} INFO - [2021-07-23 16:20:08,021] {dagbag.py:496} INFO - Filling up the DagBag from /home/dennismutia/.virtualenvs/wefarm/lib/python3.8/site-packages/airflow/example_dags/example_branch_python_dop_operator_3.py
[2021-07-23 16:20:08,034] {scheduler_job.py:642} INFO - DAG(s) dict_keys(['example_branch_dop_operator_v3']) retrieved from /home/dennismutia/.virtualenvs/wefarm/lib/python3.8/site-packages/airflow/example_dags/example_branch_python_dop_operator_3.py
[2021-07-23 16:20:08,050] {logging_mixin.py:104} INFO - [2021-07-23 16:20:08,050] {dag.py:1833} INFO - Sync 1 DAGs
[2021-07-23 16:20:08,097] {logging_mixin.py:104} INFO - [2021-07-23 16:20:08,096] {dag.py:2306} INFO - Setting next_dagrun for example_branch_dop_operator_v3 to 2021-07-21 00:00:00+00:00
[2021-07-23 16:20:08,105] {scheduler_job.py:189} INFO - Processing /home/dennismutia/.virtualenvs/wefarm/lib/python3.8/site-packages/airflow/example_dags/example_branch_python_dop_operator_3.py took 0.087 seconds
[2021-07-23 16:20:09,992] {scheduler_job.py:181} INFO - Started process (PID=1270) to work on /home/dennismutia/.virtualenvs/wefarm/lib/python3.8/site-packages/airflow/example_dags/example_branch_python_dop_operator_3.py
[2021-07-23 16:20:09,992] {scheduler_job.py:632} INFO - Processing file /home/dennismutia/.virtualenvs/wefarm/lib/python3.8/site-packages/airflow/example_dags/example_branch_python_dop_operator_3.py for tasks to queue
[2021-07-23 16:20:09,994] {logging_mixin.py:104} INFO - [2021-07-23 16:20:09,994] {dagbag.py:496} INFO - Filling up the DagBag from /home/dennismutia/.virtualenvs/wefarm/lib/python3.8/site-packages/airflow/example_dags/example_branch_python_dop_operator_3.py
[2021-07-23 16:20:10,009] {scheduler_job.py:642} INFO - DAG(s) dict_keys(['example_branch_dop_operator_v3']) retrieved from /home/dennismutia/.virtualenvs/wefarm/lib/python3.8/site-packages/airflow/example_dags/example_branch_python_dop_operator_3.py
[2021-07-23 16:20:10,026] {logging_mixin.py:104} INFO - [2021-07-23 16:20:10,026] {dag.py:1833} INFO - Sync 1 DAGs
[2021-07-23 16:20:10,088] {logging_mixin.py:104} INFO - [2021-07-23 16:20:10,088] {dag.py:2306} INFO - Setting next_dagrun for example_branch_dop_operator_v3 to 2021-07-21 00:00:00+00:00
[2021-07-23 16:20:10,100] {scheduler_job.py:189} INFO - Processing /home/dennismutia/.virtualenvs/wefarm/lib/python3.8/site-packages/airflow/example_dags/example_branch_python_dop_operator_3.py took 0.111 seconds
[2021-07-23 16:20:11,894] {scheduler_job.py:181} INFO - Started process (PID=1334) to work on /home/dennismutia/.virtualenvs/wefarm/lib/python3.8/site-packages/airflow/example_dags/example_branch_python_dop_operator_3.py
[2021-07-23 16:20:11,896] {scheduler_job.py:632} INFO - Processing file /home/dennismutia/.virtualenvs/wefarm/lib/python3.8/site-packages/airflow/example_dags/example_branch_python_dop_operator_3.py for tasks to queue
[2021-07-23 16:20:11,898] {logging_mixin.py:104} INFO - [2021-07-23 16:20:11,897] {dagbag.py:496} INFO - Filling up the DagBag from /home/dennismutia/.virtualenvs/wefarm/lib/python3.8/site-packages/airflow/example_dags/example_branch_python_dop_operator_3.py
[2021-07-23 16:20:11,912] {scheduler_job.py:642} INFO - DAG(s) dict_keys(['example_branch_dop_operator_v3']) retrieved from /home/dennismutia/.virtualenvs/wefarm/lib/python3.8/site-packages/airflow/example_dags/example_branch_python_dop_operator_3.py
[2021-07-23 16:20:11,930] {logging_mixin.py:104} INFO - [2021-07-23 16:20:11,930] {dag.py:1833} INFO - Sync 1 DAGs
[2021-07-23 16:20:12,005] {logging_mixin.py:104} INFO - [2021-07-23 16:20:12,005] {dag.py:2306} INFO - Setting next_dagrun for example_branch_dop_operator_v3 to 2021-07-21 00:00:00+00:00
[2021-07-23 16:20:12,021] {scheduler_job.py:189} INFO - Processing /home/dennismutia/.virtualenvs/wefarm/lib/python3.8/site-packages/airflow/example_dags/example_branch_python_dop_operator_3.py took 0.130 seconds
[2021-07-23 16:20:14,072] {scheduler_job.py:181} INFO - Started process (PID=1394) to work on /home/dennismutia/.virtualenvs/wefarm/lib/python3.8/site-packages/airflow/example_dags/example_branch_python_dop_operator_3.py
[2021-07-23 16:20:14,075] {scheduler_job.py:632} INFO - Processing file /home/dennismutia/.virtualenvs/wefarm/lib/python3.8/site-packages/airflow/example_dags/example_branch_python_dop_operator_3.py for tasks to queue
[2021-07-23 16:20:14,077] {logging_mixin.py:104} INFO - [2021-07-23 16:20:14,077] {dagbag.py:496} INFO - Filling up the DagBag from /home/dennismutia/.virtualenvs/wefarm/lib/python3.8/site-packages/airflow/example_dags/example_branch_python_dop_operator_3.py
[2021-07-23 16:20:14,095] {scheduler_job.py:642} INFO - DAG(s) dict_keys(['example_branch_dop_operator_v3']) retrieved from /home/dennismutia/.virtualenvs/wefarm/lib/python3.8/site-packages/airflow/example_dags/example_branch_python_dop_operator_3.py
[2021-07-23 16:20:14,118] {logging_mixin.py:104} INFO - [2021-07-23 16:20:14,118] {dag.py:1833} INFO - Sync 1 DAGs
[2021-07-23 16:20:14,205] {logging_mixin.py:104} INFO - [2021-07-23 16:20:14,205] {dag.py:2306} INFO - Setting next_dagrun for example_branch_dop_operator_v3 to 2021-07-21 00:00:00+00:00
[2021-07-23 16:20:14,232] {scheduler_job.py:189} INFO - Processing /home/dennismutia/.virtualenvs/wefarm/lib/python3.8/site-packages/airflow/example_dags/example_branch_python_dop_operator_3.py took 0.163 seconds
[2021-07-23 16:20:16,499] {scheduler_job.py:181} INFO - Started process (PID=1454) to work on /home/dennismutia/.virtualenvs/wefarm/lib/python3.8/site-packages/airflow/example_dags/example_branch_python_dop_operator_3.py
[2021-07-23 16:20:16,500] {scheduler_job.py:632} INFO - Processing file /home/dennismutia/.virtualenvs/wefarm/lib/python3.8/site-packages/airflow/example_dags/example_branch_python_dop_operator_3.py for tasks to queue
[2021-07-23 16:20:16,501] {logging_mixin.py:104} INFO - [2021-07-23 16:20:16,500] {dagbag.py:496} INFO - Filling up the DagBag from /home/dennismutia/.virtualenvs/wefarm/lib/python3.8/site-packages/airflow/example_dags/example_branch_python_dop_operator_3.py
[2021-07-23 16:20:16,518] {scheduler_job.py:642} INFO - DAG(s) dict_keys(['example_branch_dop_operator_v3']) retrieved from /home/dennismutia/.virtualenvs/wefarm/lib/python3.8/site-packages/airflow/example_dags/example_branch_python_dop_operator_3.py
[2021-07-23 16:20:16,549] {logging_mixin.py:104} INFO - [2021-07-23 16:20:16,549] {dag.py:1833} INFO - Sync 1 DAGs
[2021-07-23 16:20:16,623] {logging_mixin.py:104} INFO - [2021-07-23 16:20:16,623] {dag.py:2306} INFO - Setting next_dagrun for example_branch_dop_operator_v3 to 2021-07-21 00:00:00+00:00
[2021-07-23 16:20:16,635] {scheduler_job.py:189} INFO - Processing /home/dennismutia/.virtualenvs/wefarm/lib/python3.8/site-packages/airflow/example_dags/example_branch_python_dop_operator_3.py took 0.141 seconds
[2021-07-23 16:20:18,859] {scheduler_job.py:181} INFO - Started process (PID=1514) to work on /home/dennismutia/.virtualenvs/wefarm/lib/python3.8/site-packages/airflow/example_dags/example_branch_python_dop_operator_3.py
[2021-07-23 16:20:18,862] {scheduler_job.py:632} INFO - Processing file /home/dennismutia/.virtualenvs/wefarm/lib/python3.8/site-packages/airflow/example_dags/example_branch_python_dop_operator_3.py for tasks to queue
[2021-07-23 16:20:18,864] {logging_mixin.py:104} INFO - [2021-07-23 16:20:18,863] {dagbag.py:496} INFO - Filling up the DagBag from /home/dennismutia/.virtualenvs/wefarm/lib/python3.8/site-packages/airflow/example_dags/example_branch_python_dop_operator_3.py
[2021-07-23 16:20:18,883] {scheduler_job.py:642} INFO - DAG(s) dict_keys(['example_branch_dop_operator_v3']) retrieved from /home/dennismutia/.virtualenvs/wefarm/lib/python3.8/site-packages/airflow/example_dags/example_branch_python_dop_operator_3.py
[2021-07-23 16:20:18,905] {logging_mixin.py:104} INFO - [2021-07-23 16:20:18,905] {dag.py:1833} INFO - Sync 1 DAGs
[2021-07-23 16:20:18,990] {logging_mixin.py:104} INFO - [2021-07-23 16:20:18,990] {dag.py:2306} INFO - Setting next_dagrun for example_branch_dop_operator_v3 to 2021-07-21 00:00:00+00:00
[2021-07-23 16:20:19,004] {scheduler_job.py:189} INFO - Processing /home/dennismutia/.virtualenvs/wefarm/lib/python3.8/site-packages/airflow/example_dags/example_branch_python_dop_operator_3.py took 0.149 seconds
[2021-07-23 16:20:21,179] {scheduler_job.py:181} INFO - Started process (PID=1574) to work on /home/dennismutia/.virtualenvs/wefarm/lib/python3.8/site-packages/airflow/example_dags/example_branch_python_dop_operator_3.py
[2021-07-23 16:20:21,182] {scheduler_job.py:632} INFO - Processing file /home/dennismutia/.virtualenvs/wefarm/lib/python3.8/site-packages/airflow/example_dags/example_branch_python_dop_operator_3.py for tasks to queue
[2021-07-23 16:20:21,184] {logging_mixin.py:104} INFO - [2021-07-23 16:20:21,183] {dagbag.py:496} INFO - Filling up the DagBag from /home/dennismutia/.virtualenvs/wefarm/lib/python3.8/site-packages/airflow/example_dags/example_branch_python_dop_operator_3.py
[2021-07-23 16:20:21,207] {scheduler_job.py:642} INFO - DAG(s) dict_keys(['example_branch_dop_operator_v3']) retrieved from /home/dennismutia/.virtualenvs/wefarm/lib/python3.8/site-packages/airflow/example_dags/example_branch_python_dop_operator_3.py
[2021-07-23 16:20:21,236] {logging_mixin.py:104} INFO - [2021-07-23 16:20:21,236] {dag.py:1833} INFO - Sync 1 DAGs
[2021-07-23 16:20:21,314] {logging_mixin.py:104} INFO - [2021-07-23 16:20:21,314] {dag.py:2306} INFO - Setting next_dagrun for example_branch_dop_operator_v3 to 2021-07-21 00:00:00+00:00
[2021-07-23 16:20:21,327] {scheduler_job.py:189} INFO - Processing /home/dennismutia/.virtualenvs/wefarm/lib/python3.8/site-packages/airflow/example_dags/example_branch_python_dop_operator_3.py took 0.151 seconds
[2021-07-23 16:20:23,959] {scheduler_job.py:181} INFO - Started process (PID=1639) to work on /home/dennismutia/.virtualenvs/wefarm/lib/python3.8/site-packages/airflow/example_dags/example_branch_python_dop_operator_3.py
[2021-07-23 16:20:23,962] {scheduler_job.py:632} INFO - Processing file /home/dennismutia/.virtualenvs/wefarm/lib/python3.8/site-packages/airflow/example_dags/example_branch_python_dop_operator_3.py for tasks to queue
[2021-07-23 16:20:23,966] {logging_mixin.py:104} INFO - [2021-07-23 16:20:23,965] {dagbag.py:496} INFO - Filling up the DagBag from /home/dennismutia/.virtualenvs/wefarm/lib/python3.8/site-packages/airflow/example_dags/example_branch_python_dop_operator_3.py
[2021-07-23 16:20:23,985] {scheduler_job.py:642} INFO - DAG(s) dict_keys(['example_branch_dop_operator_v3']) retrieved from /home/dennismutia/.virtualenvs/wefarm/lib/python3.8/site-packages/airflow/example_dags/example_branch_python_dop_operator_3.py
[2021-07-23 16:20:24,013] {logging_mixin.py:104} INFO - [2021-07-23 16:20:24,013] {dag.py:1833} INFO - Sync 1 DAGs
[2021-07-23 16:20:24,109] {logging_mixin.py:104} INFO - [2021-07-23 16:20:24,108] {dag.py:2306} INFO - Setting next_dagrun for example_branch_dop_operator_v3 to 2021-07-21 00:00:00+00:00
[2021-07-23 16:20:24,120] {scheduler_job.py:189} INFO - Processing /home/dennismutia/.virtualenvs/wefarm/lib/python3.8/site-packages/airflow/example_dags/example_branch_python_dop_operator_3.py took 0.165 seconds
[2021-07-23 16:20:26,759] {scheduler_job.py:181} INFO - Started process (PID=1700) to work on /home/dennismutia/.virtualenvs/wefarm/lib/python3.8/site-packages/airflow/example_dags/example_branch_python_dop_operator_3.py
[2021-07-23 16:20:26,763] {scheduler_job.py:632} INFO - Processing file /home/dennismutia/.virtualenvs/wefarm/lib/python3.8/site-packages/airflow/example_dags/example_branch_python_dop_operator_3.py for tasks to queue
[2021-07-23 16:20:26,766] {logging_mixin.py:104} INFO - [2021-07-23 16:20:26,765] {dagbag.py:496} INFO - Filling up the DagBag from /home/dennismutia/.virtualenvs/wefarm/lib/python3.8/site-packages/airflow/example_dags/example_branch_python_dop_operator_3.py
[2021-07-23 16:20:26,786] {scheduler_job.py:642} INFO - DAG(s) dict_keys(['example_branch_dop_operator_v3']) retrieved from /home/dennismutia/.virtualenvs/wefarm/lib/python3.8/site-packages/airflow/example_dags/example_branch_python_dop_operator_3.py
[2021-07-23 16:20:26,884] {logging_mixin.py:104} INFO - [2021-07-23 16:20:26,884] {dag.py:1833} INFO - Sync 1 DAGs
[2021-07-23 16:20:26,911] {logging_mixin.py:104} INFO - [2021-07-23 16:20:26,911] {dag.py:2306} INFO - Setting next_dagrun for example_branch_dop_operator_v3 to 2021-07-21 00:00:00+00:00
[2021-07-23 16:20:26,927] {scheduler_job.py:189} INFO - Processing /home/dennismutia/.virtualenvs/wefarm/lib/python3.8/site-packages/airflow/example_dags/example_branch_python_dop_operator_3.py took 0.180 seconds
[2021-07-23 16:20:32,777] {scheduler_job.py:181} INFO - Started process (PID=1763) to work on /home/dennismutia/.virtualenvs/wefarm/lib/python3.8/site-packages/airflow/example_dags/example_branch_python_dop_operator_3.py
[2021-07-23 16:20:32,793] {scheduler_job.py:632} INFO - Processing file /home/dennismutia/.virtualenvs/wefarm/lib/python3.8/site-packages/airflow/example_dags/example_branch_python_dop_operator_3.py for tasks to queue
[2021-07-23 16:20:32,806] {logging_mixin.py:104} INFO - [2021-07-23 16:20:32,805] {dagbag.py:496} INFO - Filling up the DagBag from /home/dennismutia/.virtualenvs/wefarm/lib/python3.8/site-packages/airflow/example_dags/example_branch_python_dop_operator_3.py
[2021-07-23 16:20:32,898] {scheduler_job.py:642} INFO - DAG(s) dict_keys(['example_branch_dop_operator_v3']) retrieved from /home/dennismutia/.virtualenvs/wefarm/lib/python3.8/site-packages/airflow/example_dags/example_branch_python_dop_operator_3.py
[2021-07-23 16:20:33,219] {logging_mixin.py:104} INFO - [2021-07-23 16:20:33,219] {dag.py:1833} INFO - Sync 1 DAGs
[2021-07-23 16:20:33,333] {logging_mixin.py:104} INFO - [2021-07-23 16:20:33,333] {dag.py:2306} INFO - Setting next_dagrun for example_branch_dop_operator_v3 to 2021-07-21 00:00:00+00:00
[2021-07-23 16:20:33,518] {scheduler_job.py:189} INFO - Processing /home/dennismutia/.virtualenvs/wefarm/lib/python3.8/site-packages/airflow/example_dags/example_branch_python_dop_operator_3.py took 0.744 seconds
[2021-07-23 16:20:47,617] {scheduler_job.py:181} INFO - Started process (PID=1902) to work on /home/dennismutia/.virtualenvs/wefarm/lib/python3.8/site-packages/airflow/example_dags/example_branch_python_dop_operator_3.py
[2021-07-23 16:20:47,618] {scheduler_job.py:632} INFO - Processing file /home/dennismutia/.virtualenvs/wefarm/lib/python3.8/site-packages/airflow/example_dags/example_branch_python_dop_operator_3.py for tasks to queue
[2021-07-23 16:20:47,619] {logging_mixin.py:104} INFO - [2021-07-23 16:20:47,619] {dagbag.py:496} INFO - Filling up the DagBag from /home/dennismutia/.virtualenvs/wefarm/lib/python3.8/site-packages/airflow/example_dags/example_branch_python_dop_operator_3.py
[2021-07-23 16:20:47,703] {scheduler_job.py:642} INFO - DAG(s) dict_keys(['example_branch_dop_operator_v3']) retrieved from /home/dennismutia/.virtualenvs/wefarm/lib/python3.8/site-packages/airflow/example_dags/example_branch_python_dop_operator_3.py
[2021-07-23 16:20:48,139] {logging_mixin.py:104} INFO - [2021-07-23 16:20:48,138] {dag.py:1833} INFO - Sync 1 DAGs
[2021-07-23 16:20:48,304] {logging_mixin.py:104} INFO - [2021-07-23 16:20:48,303] {dag.py:2306} INFO - Setting next_dagrun for example_branch_dop_operator_v3 to 2021-07-21 00:00:00+00:00
[2021-07-23 16:20:48,348] {scheduler_job.py:189} INFO - Processing /home/dennismutia/.virtualenvs/wefarm/lib/python3.8/site-packages/airflow/example_dags/example_branch_python_dop_operator_3.py took 0.734 seconds
[2021-07-23 16:20:54,487] {scheduler_job.py:181} INFO - Started process (PID=1963) to work on /home/dennismutia/.virtualenvs/wefarm/lib/python3.8/site-packages/airflow/example_dags/example_branch_python_dop_operator_3.py
[2021-07-23 16:20:54,488] {scheduler_job.py:632} INFO - Processing file /home/dennismutia/.virtualenvs/wefarm/lib/python3.8/site-packages/airflow/example_dags/example_branch_python_dop_operator_3.py for tasks to queue
[2021-07-23 16:20:54,490] {logging_mixin.py:104} INFO - [2021-07-23 16:20:54,489] {dagbag.py:496} INFO - Filling up the DagBag from /home/dennismutia/.virtualenvs/wefarm/lib/python3.8/site-packages/airflow/example_dags/example_branch_python_dop_operator_3.py
[2021-07-23 16:20:54,524] {scheduler_job.py:642} INFO - DAG(s) dict_keys(['example_branch_dop_operator_v3']) retrieved from /home/dennismutia/.virtualenvs/wefarm/lib/python3.8/site-packages/airflow/example_dags/example_branch_python_dop_operator_3.py
[2021-07-23 16:20:54,748] {logging_mixin.py:104} INFO - [2021-07-23 16:20:54,748] {dag.py:1833} INFO - Sync 1 DAGs
[2021-07-23 16:20:54,808] {logging_mixin.py:104} INFO - [2021-07-23 16:20:54,808] {dag.py:2306} INFO - Setting next_dagrun for example_branch_dop_operator_v3 to 2021-07-21 00:00:00+00:00
[2021-07-23 16:20:54,843] {scheduler_job.py:189} INFO - Processing /home/dennismutia/.virtualenvs/wefarm/lib/python3.8/site-packages/airflow/example_dags/example_branch_python_dop_operator_3.py took 0.368 seconds
[2021-07-23 16:20:58,127] {scheduler_job.py:181} INFO - Started process (PID=2023) to work on /home/dennismutia/.virtualenvs/wefarm/lib/python3.8/site-packages/airflow/example_dags/example_branch_python_dop_operator_3.py
[2021-07-23 16:20:58,129] {scheduler_job.py:632} INFO - Processing file /home/dennismutia/.virtualenvs/wefarm/lib/python3.8/site-packages/airflow/example_dags/example_branch_python_dop_operator_3.py for tasks to queue
[2021-07-23 16:20:58,131] {logging_mixin.py:104} INFO - [2021-07-23 16:20:58,130] {dagbag.py:496} INFO - Filling up the DagBag from /home/dennismutia/.virtualenvs/wefarm/lib/python3.8/site-packages/airflow/example_dags/example_branch_python_dop_operator_3.py
[2021-07-23 16:20:58,147] {scheduler_job.py:642} INFO - DAG(s) dict_keys(['example_branch_dop_operator_v3']) retrieved from /home/dennismutia/.virtualenvs/wefarm/lib/python3.8/site-packages/airflow/example_dags/example_branch_python_dop_operator_3.py
[2021-07-23 16:20:58,237] {logging_mixin.py:104} INFO - [2021-07-23 16:20:58,237] {dag.py:1833} INFO - Sync 1 DAGs
[2021-07-23 16:20:58,266] {logging_mixin.py:104} INFO - [2021-07-23 16:20:58,266] {dag.py:2306} INFO - Setting next_dagrun for example_branch_dop_operator_v3 to 2021-07-21 00:00:00+00:00
[2021-07-23 16:20:58,279] {scheduler_job.py:189} INFO - Processing /home/dennismutia/.virtualenvs/wefarm/lib/python3.8/site-packages/airflow/example_dags/example_branch_python_dop_operator_3.py took 0.155 seconds
[2021-07-23 16:21:02,367] {scheduler_job.py:181} INFO - Started process (PID=2082) to work on /home/dennismutia/.virtualenvs/wefarm/lib/python3.8/site-packages/airflow/example_dags/example_branch_python_dop_operator_3.py
[2021-07-23 16:21:02,368] {scheduler_job.py:632} INFO - Processing file /home/dennismutia/.virtualenvs/wefarm/lib/python3.8/site-packages/airflow/example_dags/example_branch_python_dop_operator_3.py for tasks to queue
[2021-07-23 16:21:02,369] {logging_mixin.py:104} INFO - [2021-07-23 16:21:02,369] {dagbag.py:496} INFO - Filling up the DagBag from /home/dennismutia/.virtualenvs/wefarm/lib/python3.8/site-packages/airflow/example_dags/example_branch_python_dop_operator_3.py
[2021-07-23 16:21:02,395] {scheduler_job.py:642} INFO - DAG(s) dict_keys(['example_branch_dop_operator_v3']) retrieved from /home/dennismutia/.virtualenvs/wefarm/lib/python3.8/site-packages/airflow/example_dags/example_branch_python_dop_operator_3.py
[2021-07-23 16:21:02,515] {logging_mixin.py:104} INFO - [2021-07-23 16:21:02,515] {dag.py:1833} INFO - Sync 1 DAGs
[2021-07-23 16:21:02,559] {logging_mixin.py:104} INFO - [2021-07-23 16:21:02,554] {dag.py:2306} INFO - Setting next_dagrun for example_branch_dop_operator_v3 to 2021-07-21 00:00:00+00:00
[2021-07-23 16:21:02,596] {scheduler_job.py:189} INFO - Processing /home/dennismutia/.virtualenvs/wefarm/lib/python3.8/site-packages/airflow/example_dags/example_branch_python_dop_operator_3.py took 0.233 seconds
[2021-07-23 16:21:05,374] {scheduler_job.py:181} INFO - Started process (PID=2143) to work on /home/dennismutia/.virtualenvs/wefarm/lib/python3.8/site-packages/airflow/example_dags/example_branch_python_dop_operator_3.py
[2021-07-23 16:21:05,377] {scheduler_job.py:632} INFO - Processing file /home/dennismutia/.virtualenvs/wefarm/lib/python3.8/site-packages/airflow/example_dags/example_branch_python_dop_operator_3.py for tasks to queue
[2021-07-23 16:21:05,379] {logging_mixin.py:104} INFO - [2021-07-23 16:21:05,379] {dagbag.py:496} INFO - Filling up the DagBag from /home/dennismutia/.virtualenvs/wefarm/lib/python3.8/site-packages/airflow/example_dags/example_branch_python_dop_operator_3.py
[2021-07-23 16:21:05,401] {scheduler_job.py:642} INFO - DAG(s) dict_keys(['example_branch_dop_operator_v3']) retrieved from /home/dennismutia/.virtualenvs/wefarm/lib/python3.8/site-packages/airflow/example_dags/example_branch_python_dop_operator_3.py
[2021-07-23 16:21:05,492] {logging_mixin.py:104} INFO - [2021-07-23 16:21:05,492] {dag.py:1833} INFO - Sync 1 DAGs
[2021-07-23 16:21:05,522] {logging_mixin.py:104} INFO - [2021-07-23 16:21:05,522] {dag.py:2306} INFO - Setting next_dagrun for example_branch_dop_operator_v3 to 2021-07-21 00:00:00+00:00
[2021-07-23 16:21:05,536] {scheduler_job.py:189} INFO - Processing /home/dennismutia/.virtualenvs/wefarm/lib/python3.8/site-packages/airflow/example_dags/example_branch_python_dop_operator_3.py took 0.166 seconds
[2021-07-23 16:21:08,127] {scheduler_job.py:181} INFO - Started process (PID=2204) to work on /home/dennismutia/.virtualenvs/wefarm/lib/python3.8/site-packages/airflow/example_dags/example_branch_python_dop_operator_3.py
[2021-07-23 16:21:08,130] {scheduler_job.py:632} INFO - Processing file /home/dennismutia/.virtualenvs/wefarm/lib/python3.8/site-packages/airflow/example_dags/example_branch_python_dop_operator_3.py for tasks to queue
[2021-07-23 16:21:08,132] {logging_mixin.py:104} INFO - [2021-07-23 16:21:08,132] {dagbag.py:496} INFO - Filling up the DagBag from /home/dennismutia/.virtualenvs/wefarm/lib/python3.8/site-packages/airflow/example_dags/example_branch_python_dop_operator_3.py
[2021-07-23 16:21:08,154] {scheduler_job.py:642} INFO - DAG(s) dict_keys(['example_branch_dop_operator_v3']) retrieved from /home/dennismutia/.virtualenvs/wefarm/lib/python3.8/site-packages/airflow/example_dags/example_branch_python_dop_operator_3.py
[2021-07-23 16:21:08,245] {logging_mixin.py:104} INFO - [2021-07-23 16:21:08,245] {dag.py:1833} INFO - Sync 1 DAGs
[2021-07-23 16:21:08,274] {logging_mixin.py:104} INFO - [2021-07-23 16:21:08,274] {dag.py:2306} INFO - Setting next_dagrun for example_branch_dop_operator_v3 to 2021-07-21 00:00:00+00:00
[2021-07-23 16:21:08,286] {scheduler_job.py:189} INFO - Processing /home/dennismutia/.virtualenvs/wefarm/lib/python3.8/site-packages/airflow/example_dags/example_branch_python_dop_operator_3.py took 0.162 seconds
[2021-07-23 16:21:11,170] {scheduler_job.py:181} INFO - Started process (PID=2307) to work on /home/dennismutia/.virtualenvs/wefarm/lib/python3.8/site-packages/airflow/example_dags/example_branch_python_dop_operator_3.py
[2021-07-23 16:21:11,173] {scheduler_job.py:632} INFO - Processing file /home/dennismutia/.virtualenvs/wefarm/lib/python3.8/site-packages/airflow/example_dags/example_branch_python_dop_operator_3.py for tasks to queue
[2021-07-23 16:21:11,176] {logging_mixin.py:104} INFO - [2021-07-23 16:21:11,176] {dagbag.py:496} INFO - Filling up the DagBag from /home/dennismutia/.virtualenvs/wefarm/lib/python3.8/site-packages/airflow/example_dags/example_branch_python_dop_operator_3.py
[2021-07-23 16:21:11,198] {scheduler_job.py:642} INFO - DAG(s) dict_keys(['example_branch_dop_operator_v3']) retrieved from /home/dennismutia/.virtualenvs/wefarm/lib/python3.8/site-packages/airflow/example_dags/example_branch_python_dop_operator_3.py
[2021-07-23 16:21:11,349] {logging_mixin.py:104} INFO - [2021-07-23 16:21:11,349] {dag.py:1833} INFO - Sync 1 DAGs
[2021-07-23 16:21:11,411] {logging_mixin.py:104} INFO - [2021-07-23 16:21:11,411] {dag.py:2306} INFO - Setting next_dagrun for example_branch_dop_operator_v3 to 2021-07-21 00:00:00+00:00
[2021-07-23 16:21:11,434] {scheduler_job.py:189} INFO - Processing /home/dennismutia/.virtualenvs/wefarm/lib/python3.8/site-packages/airflow/example_dags/example_branch_python_dop_operator_3.py took 0.267 seconds
[2021-07-23 16:21:13,796] {scheduler_job.py:181} INFO - Started process (PID=2375) to work on /home/dennismutia/.virtualenvs/wefarm/lib/python3.8/site-packages/airflow/example_dags/example_branch_python_dop_operator_3.py
[2021-07-23 16:21:13,799] {scheduler_job.py:632} INFO - Processing file /home/dennismutia/.virtualenvs/wefarm/lib/python3.8/site-packages/airflow/example_dags/example_branch_python_dop_operator_3.py for tasks to queue
[2021-07-23 16:21:13,801] {logging_mixin.py:104} INFO - [2021-07-23 16:21:13,801] {dagbag.py:496} INFO - Filling up the DagBag from /home/dennismutia/.virtualenvs/wefarm/lib/python3.8/site-packages/airflow/example_dags/example_branch_python_dop_operator_3.py
[2021-07-23 16:21:13,820] {scheduler_job.py:642} INFO - DAG(s) dict_keys(['example_branch_dop_operator_v3']) retrieved from /home/dennismutia/.virtualenvs/wefarm/lib/python3.8/site-packages/airflow/example_dags/example_branch_python_dop_operator_3.py
[2021-07-23 16:21:13,922] {logging_mixin.py:104} INFO - [2021-07-23 16:21:13,921] {dag.py:1833} INFO - Sync 1 DAGs
[2021-07-23 16:21:13,941] {logging_mixin.py:104} INFO - [2021-07-23 16:21:13,941] {dag.py:2306} INFO - Setting next_dagrun for example_branch_dop_operator_v3 to 2021-07-21 00:00:00+00:00
[2021-07-23 16:21:13,953] {scheduler_job.py:189} INFO - Processing /home/dennismutia/.virtualenvs/wefarm/lib/python3.8/site-packages/airflow/example_dags/example_branch_python_dop_operator_3.py took 0.161 seconds
[2021-07-23 16:21:16,270] {scheduler_job.py:181} INFO - Started process (PID=2435) to work on /home/dennismutia/.virtualenvs/wefarm/lib/python3.8/site-packages/airflow/example_dags/example_branch_python_dop_operator_3.py
[2021-07-23 16:21:16,272] {scheduler_job.py:632} INFO - Processing file /home/dennismutia/.virtualenvs/wefarm/lib/python3.8/site-packages/airflow/example_dags/example_branch_python_dop_operator_3.py for tasks to queue
[2021-07-23 16:21:16,273] {logging_mixin.py:104} INFO - [2021-07-23 16:21:16,273] {dagbag.py:496} INFO - Filling up the DagBag from /home/dennismutia/.virtualenvs/wefarm/lib/python3.8/site-packages/airflow/example_dags/example_branch_python_dop_operator_3.py
[2021-07-23 16:21:16,291] {scheduler_job.py:642} INFO - DAG(s) dict_keys(['example_branch_dop_operator_v3']) retrieved from /home/dennismutia/.virtualenvs/wefarm/lib/python3.8/site-packages/airflow/example_dags/example_branch_python_dop_operator_3.py
[2021-07-23 16:21:16,368] {logging_mixin.py:104} INFO - [2021-07-23 16:21:16,368] {dag.py:1833} INFO - Sync 1 DAGs
[2021-07-23 16:21:16,397] {logging_mixin.py:104} INFO - [2021-07-23 16:21:16,397] {dag.py:2306} INFO - Setting next_dagrun for example_branch_dop_operator_v3 to 2021-07-21 00:00:00+00:00
[2021-07-23 16:21:16,412] {scheduler_job.py:189} INFO - Processing /home/dennismutia/.virtualenvs/wefarm/lib/python3.8/site-packages/airflow/example_dags/example_branch_python_dop_operator_3.py took 0.145 seconds
[2021-07-23 16:21:18,560] {scheduler_job.py:181} INFO - Started process (PID=2495) to work on /home/dennismutia/.virtualenvs/wefarm/lib/python3.8/site-packages/airflow/example_dags/example_branch_python_dop_operator_3.py
[2021-07-23 16:21:18,563] {scheduler_job.py:632} INFO - Processing file /home/dennismutia/.virtualenvs/wefarm/lib/python3.8/site-packages/airflow/example_dags/example_branch_python_dop_operator_3.py for tasks to queue
[2021-07-23 16:21:18,565] {logging_mixin.py:104} INFO - [2021-07-23 16:21:18,565] {dagbag.py:496} INFO - Filling up the DagBag from /home/dennismutia/.virtualenvs/wefarm/lib/python3.8/site-packages/airflow/example_dags/example_branch_python_dop_operator_3.py
[2021-07-23 16:21:18,581] {scheduler_job.py:642} INFO - DAG(s) dict_keys(['example_branch_dop_operator_v3']) retrieved from /home/dennismutia/.virtualenvs/wefarm/lib/python3.8/site-packages/airflow/example_dags/example_branch_python_dop_operator_3.py
[2021-07-23 16:21:18,677] {logging_mixin.py:104} INFO - [2021-07-23 16:21:18,677] {dag.py:1833} INFO - Sync 1 DAGs
[2021-07-23 16:21:18,699] {logging_mixin.py:104} INFO - [2021-07-23 16:21:18,699] {dag.py:2306} INFO - Setting next_dagrun for example_branch_dop_operator_v3 to 2021-07-21 00:00:00+00:00
[2021-07-23 16:21:18,711] {scheduler_job.py:189} INFO - Processing /home/dennismutia/.virtualenvs/wefarm/lib/python3.8/site-packages/airflow/example_dags/example_branch_python_dop_operator_3.py took 0.154 seconds
[2021-07-23 16:21:20,874] {scheduler_job.py:181} INFO - Started process (PID=2555) to work on /home/dennismutia/.virtualenvs/wefarm/lib/python3.8/site-packages/airflow/example_dags/example_branch_python_dop_operator_3.py
[2021-07-23 16:21:20,876] {scheduler_job.py:632} INFO - Processing file /home/dennismutia/.virtualenvs/wefarm/lib/python3.8/site-packages/airflow/example_dags/example_branch_python_dop_operator_3.py for tasks to queue
[2021-07-23 16:21:20,876] {logging_mixin.py:104} INFO - [2021-07-23 16:21:20,876] {dagbag.py:496} INFO - Filling up the DagBag from /home/dennismutia/.virtualenvs/wefarm/lib/python3.8/site-packages/airflow/example_dags/example_branch_python_dop_operator_3.py
[2021-07-23 16:21:20,895] {scheduler_job.py:642} INFO - DAG(s) dict_keys(['example_branch_dop_operator_v3']) retrieved from /home/dennismutia/.virtualenvs/wefarm/lib/python3.8/site-packages/airflow/example_dags/example_branch_python_dop_operator_3.py
[2021-07-23 16:21:20,992] {logging_mixin.py:104} INFO - [2021-07-23 16:21:20,992] {dag.py:1833} INFO - Sync 1 DAGs
[2021-07-23 16:21:21,014] {logging_mixin.py:104} INFO - [2021-07-23 16:21:21,013] {dag.py:2306} INFO - Setting next_dagrun for example_branch_dop_operator_v3 to 2021-07-21 00:00:00+00:00
[2021-07-23 16:21:21,032] {scheduler_job.py:189} INFO - Processing /home/dennismutia/.virtualenvs/wefarm/lib/python3.8/site-packages/airflow/example_dags/example_branch_python_dop_operator_3.py took 0.161 seconds
[2021-07-23 16:21:23,485] {scheduler_job.py:181} INFO - Started process (PID=2615) to work on /home/dennismutia/.virtualenvs/wefarm/lib/python3.8/site-packages/airflow/example_dags/example_branch_python_dop_operator_3.py
[2021-07-23 16:21:23,486] {scheduler_job.py:632} INFO - Processing file /home/dennismutia/.virtualenvs/wefarm/lib/python3.8/site-packages/airflow/example_dags/example_branch_python_dop_operator_3.py for tasks to queue
[2021-07-23 16:21:23,487] {logging_mixin.py:104} INFO - [2021-07-23 16:21:23,487] {dagbag.py:496} INFO - Filling up the DagBag from /home/dennismutia/.virtualenvs/wefarm/lib/python3.8/site-packages/airflow/example_dags/example_branch_python_dop_operator_3.py
[2021-07-23 16:21:23,502] {scheduler_job.py:642} INFO - DAG(s) dict_keys(['example_branch_dop_operator_v3']) retrieved from /home/dennismutia/.virtualenvs/wefarm/lib/python3.8/site-packages/airflow/example_dags/example_branch_python_dop_operator_3.py
[2021-07-23 16:21:23,589] {logging_mixin.py:104} INFO - [2021-07-23 16:21:23,588] {dag.py:1833} INFO - Sync 1 DAGs
[2021-07-23 16:21:23,617] {logging_mixin.py:104} INFO - [2021-07-23 16:21:23,617] {dag.py:2306} INFO - Setting next_dagrun for example_branch_dop_operator_v3 to 2021-07-21 00:00:00+00:00
[2021-07-23 16:21:23,633] {scheduler_job.py:189} INFO - Processing /home/dennismutia/.virtualenvs/wefarm/lib/python3.8/site-packages/airflow/example_dags/example_branch_python_dop_operator_3.py took 0.151 seconds
[2021-07-23 16:21:25,911] {scheduler_job.py:181} INFO - Started process (PID=2675) to work on /home/dennismutia/.virtualenvs/wefarm/lib/python3.8/site-packages/airflow/example_dags/example_branch_python_dop_operator_3.py
[2021-07-23 16:21:25,912] {scheduler_job.py:632} INFO - Processing file /home/dennismutia/.virtualenvs/wefarm/lib/python3.8/site-packages/airflow/example_dags/example_branch_python_dop_operator_3.py for tasks to queue
[2021-07-23 16:21:25,913] {logging_mixin.py:104} INFO - [2021-07-23 16:21:25,913] {dagbag.py:496} INFO - Filling up the DagBag from /home/dennismutia/.virtualenvs/wefarm/lib/python3.8/site-packages/airflow/example_dags/example_branch_python_dop_operator_3.py
[2021-07-23 16:21:25,937] {scheduler_job.py:642} INFO - DAG(s) dict_keys(['example_branch_dop_operator_v3']) retrieved from /home/dennismutia/.virtualenvs/wefarm/lib/python3.8/site-packages/airflow/example_dags/example_branch_python_dop_operator_3.py
[2021-07-23 16:21:26,016] {logging_mixin.py:104} INFO - [2021-07-23 16:21:26,016] {dag.py:1833} INFO - Sync 1 DAGs
[2021-07-23 16:21:26,040] {logging_mixin.py:104} INFO - [2021-07-23 16:21:26,040] {dag.py:2306} INFO - Setting next_dagrun for example_branch_dop_operator_v3 to 2021-07-21 00:00:00+00:00
[2021-07-23 16:21:26,052] {scheduler_job.py:189} INFO - Processing /home/dennismutia/.virtualenvs/wefarm/lib/python3.8/site-packages/airflow/example_dags/example_branch_python_dop_operator_3.py took 0.145 seconds
[2021-07-23 16:21:28,308] {scheduler_job.py:181} INFO - Started process (PID=2756) to work on /home/dennismutia/.virtualenvs/wefarm/lib/python3.8/site-packages/airflow/example_dags/example_branch_python_dop_operator_3.py
[2021-07-23 16:21:28,309] {scheduler_job.py:632} INFO - Processing file /home/dennismutia/.virtualenvs/wefarm/lib/python3.8/site-packages/airflow/example_dags/example_branch_python_dop_operator_3.py for tasks to queue
[2021-07-23 16:21:28,310] {logging_mixin.py:104} INFO - [2021-07-23 16:21:28,310] {dagbag.py:496} INFO - Filling up the DagBag from /home/dennismutia/.virtualenvs/wefarm/lib/python3.8/site-packages/airflow/example_dags/example_branch_python_dop_operator_3.py
[2021-07-23 16:21:28,325] {scheduler_job.py:642} INFO - DAG(s) dict_keys(['example_branch_dop_operator_v3']) retrieved from /home/dennismutia/.virtualenvs/wefarm/lib/python3.8/site-packages/airflow/example_dags/example_branch_python_dop_operator_3.py
[2021-07-23 16:21:28,409] {logging_mixin.py:104} INFO - [2021-07-23 16:21:28,408] {dag.py:1833} INFO - Sync 1 DAGs
[2021-07-23 16:21:28,434] {logging_mixin.py:104} INFO - [2021-07-23 16:21:28,434] {dag.py:2306} INFO - Setting next_dagrun for example_branch_dop_operator_v3 to 2021-07-21 00:00:00+00:00
[2021-07-23 16:21:28,450] {scheduler_job.py:189} INFO - Processing /home/dennismutia/.virtualenvs/wefarm/lib/python3.8/site-packages/airflow/example_dags/example_branch_python_dop_operator_3.py took 0.145 seconds
[2021-07-23 16:21:31,196] {scheduler_job.py:181} INFO - Started process (PID=2816) to work on /home/dennismutia/.virtualenvs/wefarm/lib/python3.8/site-packages/airflow/example_dags/example_branch_python_dop_operator_3.py
[2021-07-23 16:21:31,197] {scheduler_job.py:632} INFO - Processing file /home/dennismutia/.virtualenvs/wefarm/lib/python3.8/site-packages/airflow/example_dags/example_branch_python_dop_operator_3.py for tasks to queue
[2021-07-23 16:21:31,198] {logging_mixin.py:104} INFO - [2021-07-23 16:21:31,198] {dagbag.py:496} INFO - Filling up the DagBag from /home/dennismutia/.virtualenvs/wefarm/lib/python3.8/site-packages/airflow/example_dags/example_branch_python_dop_operator_3.py
[2021-07-23 16:21:31,217] {scheduler_job.py:642} INFO - DAG(s) dict_keys(['example_branch_dop_operator_v3']) retrieved from /home/dennismutia/.virtualenvs/wefarm/lib/python3.8/site-packages/airflow/example_dags/example_branch_python_dop_operator_3.py
[2021-07-23 16:21:31,303] {logging_mixin.py:104} INFO - [2021-07-23 16:21:31,303] {dag.py:1833} INFO - Sync 1 DAGs
[2021-07-23 16:21:31,331] {logging_mixin.py:104} INFO - [2021-07-23 16:21:31,331] {dag.py:2306} INFO - Setting next_dagrun for example_branch_dop_operator_v3 to 2021-07-21 00:00:00+00:00
[2021-07-23 16:21:31,344] {scheduler_job.py:189} INFO - Processing /home/dennismutia/.virtualenvs/wefarm/lib/python3.8/site-packages/airflow/example_dags/example_branch_python_dop_operator_3.py took 0.151 seconds
[2021-07-23 16:21:34,311] {scheduler_job.py:181} INFO - Started process (PID=2876) to work on /home/dennismutia/.virtualenvs/wefarm/lib/python3.8/site-packages/airflow/example_dags/example_branch_python_dop_operator_3.py
[2021-07-23 16:21:34,314] {scheduler_job.py:632} INFO - Processing file /home/dennismutia/.virtualenvs/wefarm/lib/python3.8/site-packages/airflow/example_dags/example_branch_python_dop_operator_3.py for tasks to queue
[2021-07-23 16:21:34,315] {logging_mixin.py:104} INFO - [2021-07-23 16:21:34,315] {dagbag.py:496} INFO - Filling up the DagBag from /home/dennismutia/.virtualenvs/wefarm/lib/python3.8/site-packages/airflow/example_dags/example_branch_python_dop_operator_3.py
[2021-07-23 16:21:34,351] {scheduler_job.py:642} INFO - DAG(s) dict_keys(['example_branch_dop_operator_v3']) retrieved from /home/dennismutia/.virtualenvs/wefarm/lib/python3.8/site-packages/airflow/example_dags/example_branch_python_dop_operator_3.py
[2021-07-23 16:21:34,472] {logging_mixin.py:104} INFO - [2021-07-23 16:21:34,472] {dag.py:1833} INFO - Sync 1 DAGs
[2021-07-23 16:21:34,519] {logging_mixin.py:104} INFO - [2021-07-23 16:21:34,519] {dag.py:2306} INFO - Setting next_dagrun for example_branch_dop_operator_v3 to 2021-07-21 00:00:00+00:00
[2021-07-23 16:21:34,538] {scheduler_job.py:189} INFO - Processing /home/dennismutia/.virtualenvs/wefarm/lib/python3.8/site-packages/airflow/example_dags/example_branch_python_dop_operator_3.py took 0.233 seconds
[2021-07-23 16:21:37,606] {scheduler_job.py:181} INFO - Started process (PID=2936) to work on /home/dennismutia/.virtualenvs/wefarm/lib/python3.8/site-packages/airflow/example_dags/example_branch_python_dop_operator_3.py
[2021-07-23 16:21:37,607] {scheduler_job.py:632} INFO - Processing file /home/dennismutia/.virtualenvs/wefarm/lib/python3.8/site-packages/airflow/example_dags/example_branch_python_dop_operator_3.py for tasks to queue
[2021-07-23 16:21:37,608] {logging_mixin.py:104} INFO - [2021-07-23 16:21:37,608] {dagbag.py:496} INFO - Filling up the DagBag from /home/dennismutia/.virtualenvs/wefarm/lib/python3.8/site-packages/airflow/example_dags/example_branch_python_dop_operator_3.py
[2021-07-23 16:21:37,636] {scheduler_job.py:642} INFO - DAG(s) dict_keys(['example_branch_dop_operator_v3']) retrieved from /home/dennismutia/.virtualenvs/wefarm/lib/python3.8/site-packages/airflow/example_dags/example_branch_python_dop_operator_3.py
[2021-07-23 16:21:37,779] {logging_mixin.py:104} INFO - [2021-07-23 16:21:37,779] {dag.py:1833} INFO - Sync 1 DAGs
[2021-07-23 16:21:37,824] {logging_mixin.py:104} INFO - [2021-07-23 16:21:37,824] {dag.py:2306} INFO - Setting next_dagrun for example_branch_dop_operator_v3 to 2021-07-21 00:00:00+00:00
[2021-07-23 16:21:37,846] {scheduler_job.py:189} INFO - Processing /home/dennismutia/.virtualenvs/wefarm/lib/python3.8/site-packages/airflow/example_dags/example_branch_python_dop_operator_3.py took 0.244 seconds
[2021-07-23 16:21:40,239] {scheduler_job.py:181} INFO - Started process (PID=2996) to work on /home/dennismutia/.virtualenvs/wefarm/lib/python3.8/site-packages/airflow/example_dags/example_branch_python_dop_operator_3.py
[2021-07-23 16:21:40,245] {scheduler_job.py:632} INFO - Processing file /home/dennismutia/.virtualenvs/wefarm/lib/python3.8/site-packages/airflow/example_dags/example_branch_python_dop_operator_3.py for tasks to queue
[2021-07-23 16:21:40,250] {logging_mixin.py:104} INFO - [2021-07-23 16:21:40,249] {dagbag.py:496} INFO - Filling up the DagBag from /home/dennismutia/.virtualenvs/wefarm/lib/python3.8/site-packages/airflow/example_dags/example_branch_python_dop_operator_3.py
[2021-07-23 16:21:40,275] {scheduler_job.py:642} INFO - DAG(s) dict_keys(['example_branch_dop_operator_v3']) retrieved from /home/dennismutia/.virtualenvs/wefarm/lib/python3.8/site-packages/airflow/example_dags/example_branch_python_dop_operator_3.py
[2021-07-23 16:21:40,384] {logging_mixin.py:104} INFO - [2021-07-23 16:21:40,383] {dag.py:1833} INFO - Sync 1 DAGs
[2021-07-23 16:21:40,421] {logging_mixin.py:104} INFO - [2021-07-23 16:21:40,421] {dag.py:2306} INFO - Setting next_dagrun for example_branch_dop_operator_v3 to 2021-07-21 00:00:00+00:00
[2021-07-23 16:21:40,434] {scheduler_job.py:189} INFO - Processing /home/dennismutia/.virtualenvs/wefarm/lib/python3.8/site-packages/airflow/example_dags/example_branch_python_dop_operator_3.py took 0.198 seconds
[2021-07-23 16:21:43,933] {scheduler_job.py:181} INFO - Started process (PID=3055) to work on /home/dennismutia/.virtualenvs/wefarm/lib/python3.8/site-packages/airflow/example_dags/example_branch_python_dop_operator_3.py
[2021-07-23 16:21:43,934] {scheduler_job.py:632} INFO - Processing file /home/dennismutia/.virtualenvs/wefarm/lib/python3.8/site-packages/airflow/example_dags/example_branch_python_dop_operator_3.py for tasks to queue
[2021-07-23 16:21:43,935] {logging_mixin.py:104} INFO - [2021-07-23 16:21:43,934] {dagbag.py:496} INFO - Filling up the DagBag from /home/dennismutia/.virtualenvs/wefarm/lib/python3.8/site-packages/airflow/example_dags/example_branch_python_dop_operator_3.py
[2021-07-23 16:21:43,976] {scheduler_job.py:642} INFO - DAG(s) dict_keys(['example_branch_dop_operator_v3']) retrieved from /home/dennismutia/.virtualenvs/wefarm/lib/python3.8/site-packages/airflow/example_dags/example_branch_python_dop_operator_3.py
[2021-07-23 16:21:44,072] {logging_mixin.py:104} INFO - [2021-07-23 16:21:44,072] {dag.py:1833} INFO - Sync 1 DAGs
[2021-07-23 16:21:44,098] {logging_mixin.py:104} INFO - [2021-07-23 16:21:44,098] {dag.py:2306} INFO - Setting next_dagrun for example_branch_dop_operator_v3 to 2021-07-21 00:00:00+00:00
[2021-07-23 16:21:44,161] {scheduler_job.py:189} INFO - Processing /home/dennismutia/.virtualenvs/wefarm/lib/python3.8/site-packages/airflow/example_dags/example_branch_python_dop_operator_3.py took 0.248 seconds
[2021-07-23 16:21:48,058] {scheduler_job.py:181} INFO - Started process (PID=3117) to work on /home/dennismutia/.virtualenvs/wefarm/lib/python3.8/site-packages/airflow/example_dags/example_branch_python_dop_operator_3.py
[2021-07-23 16:21:48,061] {scheduler_job.py:632} INFO - Processing file /home/dennismutia/.virtualenvs/wefarm/lib/python3.8/site-packages/airflow/example_dags/example_branch_python_dop_operator_3.py for tasks to queue
[2021-07-23 16:21:48,063] {logging_mixin.py:104} INFO - [2021-07-23 16:21:48,063] {dagbag.py:496} INFO - Filling up the DagBag from /home/dennismutia/.virtualenvs/wefarm/lib/python3.8/site-packages/airflow/example_dags/example_branch_python_dop_operator_3.py
[2021-07-23 16:21:48,093] {scheduler_job.py:642} INFO - DAG(s) dict_keys(['example_branch_dop_operator_v3']) retrieved from /home/dennismutia/.virtualenvs/wefarm/lib/python3.8/site-packages/airflow/example_dags/example_branch_python_dop_operator_3.py
[2021-07-23 16:21:48,210] {logging_mixin.py:104} INFO - [2021-07-23 16:21:48,210] {dag.py:1833} INFO - Sync 1 DAGs
[2021-07-23 16:21:48,245] {logging_mixin.py:104} INFO - [2021-07-23 16:21:48,245] {dag.py:2306} INFO - Setting next_dagrun for example_branch_dop_operator_v3 to 2021-07-21 00:00:00+00:00
[2021-07-23 16:21:48,268] {scheduler_job.py:189} INFO - Processing /home/dennismutia/.virtualenvs/wefarm/lib/python3.8/site-packages/airflow/example_dags/example_branch_python_dop_operator_3.py took 0.213 seconds
[2021-07-23 16:21:51,147] {scheduler_job.py:181} INFO - Started process (PID=3177) to work on /home/dennismutia/.virtualenvs/wefarm/lib/python3.8/site-packages/airflow/example_dags/example_branch_python_dop_operator_3.py
[2021-07-23 16:21:51,150] {scheduler_job.py:632} INFO - Processing file /home/dennismutia/.virtualenvs/wefarm/lib/python3.8/site-packages/airflow/example_dags/example_branch_python_dop_operator_3.py for tasks to queue
[2021-07-23 16:21:51,153] {logging_mixin.py:104} INFO - [2021-07-23 16:21:51,152] {dagbag.py:496} INFO - Filling up the DagBag from /home/dennismutia/.virtualenvs/wefarm/lib/python3.8/site-packages/airflow/example_dags/example_branch_python_dop_operator_3.py
[2021-07-23 16:21:51,182] {scheduler_job.py:642} INFO - DAG(s) dict_keys(['example_branch_dop_operator_v3']) retrieved from /home/dennismutia/.virtualenvs/wefarm/lib/python3.8/site-packages/airflow/example_dags/example_branch_python_dop_operator_3.py
[2021-07-23 16:21:51,330] {logging_mixin.py:104} INFO - [2021-07-23 16:21:51,330] {dag.py:1833} INFO - Sync 1 DAGs
[2021-07-23 16:21:51,416] {logging_mixin.py:104} INFO - [2021-07-23 16:21:51,416] {dag.py:2306} INFO - Setting next_dagrun for example_branch_dop_operator_v3 to 2021-07-21 00:00:00+00:00
[2021-07-23 16:21:51,461] {scheduler_job.py:189} INFO - Processing /home/dennismutia/.virtualenvs/wefarm/lib/python3.8/site-packages/airflow/example_dags/example_branch_python_dop_operator_3.py took 0.320 seconds
