[2021-07-23 16:19:57,716] {scheduler_job.py:181} INFO - Started process (PID=829) to work on /home/dennismutia/.virtualenvs/wefarm/lib/python3.8/site-packages/airflow/example_dags/example_nested_branch_dag.py
[2021-07-23 16:19:57,717] {scheduler_job.py:632} INFO - Processing file /home/dennismutia/.virtualenvs/wefarm/lib/python3.8/site-packages/airflow/example_dags/example_nested_branch_dag.py for tasks to queue
[2021-07-23 16:19:57,717] {logging_mixin.py:104} INFO - [2021-07-23 16:19:57,717] {dagbag.py:496} INFO - Filling up the DagBag from /home/dennismutia/.virtualenvs/wefarm/lib/python3.8/site-packages/airflow/example_dags/example_nested_branch_dag.py
[2021-07-23 16:19:57,729] {scheduler_job.py:642} INFO - DAG(s) dict_keys(['example_nested_branch_dag']) retrieved from /home/dennismutia/.virtualenvs/wefarm/lib/python3.8/site-packages/airflow/example_dags/example_nested_branch_dag.py
[2021-07-23 16:19:57,951] {logging_mixin.py:104} INFO - [2021-07-23 16:19:57,951] {dag.py:1833} INFO - Sync 1 DAGs
[2021-07-23 16:19:57,966] {logging_mixin.py:104} INFO - [2021-07-23 16:19:57,966] {dag.py:2306} INFO - Setting next_dagrun for example_nested_branch_dag to 2021-07-21 00:00:00+00:00
[2021-07-23 16:19:57,981] {scheduler_job.py:189} INFO - Processing /home/dennismutia/.virtualenvs/wefarm/lib/python3.8/site-packages/airflow/example_dags/example_nested_branch_dag.py took 0.268 seconds
[2021-07-23 16:20:00,018] {scheduler_job.py:181} INFO - Started process (PID=891) to work on /home/dennismutia/.virtualenvs/wefarm/lib/python3.8/site-packages/airflow/example_dags/example_nested_branch_dag.py
[2021-07-23 16:20:00,020] {scheduler_job.py:632} INFO - Processing file /home/dennismutia/.virtualenvs/wefarm/lib/python3.8/site-packages/airflow/example_dags/example_nested_branch_dag.py for tasks to queue
[2021-07-23 16:20:00,020] {logging_mixin.py:104} INFO - [2021-07-23 16:20:00,020] {dagbag.py:496} INFO - Filling up the DagBag from /home/dennismutia/.virtualenvs/wefarm/lib/python3.8/site-packages/airflow/example_dags/example_nested_branch_dag.py
[2021-07-23 16:20:00,033] {scheduler_job.py:642} INFO - DAG(s) dict_keys(['example_nested_branch_dag']) retrieved from /home/dennismutia/.virtualenvs/wefarm/lib/python3.8/site-packages/airflow/example_dags/example_nested_branch_dag.py
[2021-07-23 16:20:00,096] {logging_mixin.py:104} INFO - [2021-07-23 16:20:00,095] {dag.py:1833} INFO - Sync 1 DAGs
[2021-07-23 16:20:00,124] {logging_mixin.py:104} INFO - [2021-07-23 16:20:00,123] {dag.py:2306} INFO - Setting next_dagrun for example_nested_branch_dag to 2021-07-21 00:00:00+00:00
[2021-07-23 16:20:00,136] {scheduler_job.py:189} INFO - Processing /home/dennismutia/.virtualenvs/wefarm/lib/python3.8/site-packages/airflow/example_dags/example_nested_branch_dag.py took 0.121 seconds
[2021-07-23 16:20:02,053] {scheduler_job.py:181} INFO - Started process (PID=991) to work on /home/dennismutia/.virtualenvs/wefarm/lib/python3.8/site-packages/airflow/example_dags/example_nested_branch_dag.py
[2021-07-23 16:20:02,054] {scheduler_job.py:632} INFO - Processing file /home/dennismutia/.virtualenvs/wefarm/lib/python3.8/site-packages/airflow/example_dags/example_nested_branch_dag.py for tasks to queue
[2021-07-23 16:20:02,054] {logging_mixin.py:104} INFO - [2021-07-23 16:20:02,054] {dagbag.py:496} INFO - Filling up the DagBag from /home/dennismutia/.virtualenvs/wefarm/lib/python3.8/site-packages/airflow/example_dags/example_nested_branch_dag.py
[2021-07-23 16:20:02,066] {scheduler_job.py:642} INFO - DAG(s) dict_keys(['example_nested_branch_dag']) retrieved from /home/dennismutia/.virtualenvs/wefarm/lib/python3.8/site-packages/airflow/example_dags/example_nested_branch_dag.py
[2021-07-23 16:20:02,199] {logging_mixin.py:104} INFO - [2021-07-23 16:20:02,198] {dag.py:1833} INFO - Sync 1 DAGs
[2021-07-23 16:20:02,216] {logging_mixin.py:104} INFO - [2021-07-23 16:20:02,216] {dag.py:2306} INFO - Setting next_dagrun for example_nested_branch_dag to 2021-07-21 00:00:00+00:00
[2021-07-23 16:20:02,234] {scheduler_job.py:189} INFO - Processing /home/dennismutia/.virtualenvs/wefarm/lib/python3.8/site-packages/airflow/example_dags/example_nested_branch_dag.py took 0.188 seconds
[2021-07-23 16:20:03,940] {scheduler_job.py:181} INFO - Started process (PID=1055) to work on /home/dennismutia/.virtualenvs/wefarm/lib/python3.8/site-packages/airflow/example_dags/example_nested_branch_dag.py
[2021-07-23 16:20:03,943] {scheduler_job.py:632} INFO - Processing file /home/dennismutia/.virtualenvs/wefarm/lib/python3.8/site-packages/airflow/example_dags/example_nested_branch_dag.py for tasks to queue
[2021-07-23 16:20:03,944] {logging_mixin.py:104} INFO - [2021-07-23 16:20:03,944] {dagbag.py:496} INFO - Filling up the DagBag from /home/dennismutia/.virtualenvs/wefarm/lib/python3.8/site-packages/airflow/example_dags/example_nested_branch_dag.py
[2021-07-23 16:20:03,959] {scheduler_job.py:642} INFO - DAG(s) dict_keys(['example_nested_branch_dag']) retrieved from /home/dennismutia/.virtualenvs/wefarm/lib/python3.8/site-packages/airflow/example_dags/example_nested_branch_dag.py
[2021-07-23 16:20:04,018] {logging_mixin.py:104} INFO - [2021-07-23 16:20:04,018] {dag.py:1833} INFO - Sync 1 DAGs
[2021-07-23 16:20:04,032] {logging_mixin.py:104} INFO - [2021-07-23 16:20:04,032] {dag.py:2306} INFO - Setting next_dagrun for example_nested_branch_dag to 2021-07-21 00:00:00+00:00
[2021-07-23 16:20:04,044] {scheduler_job.py:189} INFO - Processing /home/dennismutia/.virtualenvs/wefarm/lib/python3.8/site-packages/airflow/example_dags/example_nested_branch_dag.py took 0.107 seconds
[2021-07-23 16:20:05,809] {scheduler_job.py:181} INFO - Started process (PID=1122) to work on /home/dennismutia/.virtualenvs/wefarm/lib/python3.8/site-packages/airflow/example_dags/example_nested_branch_dag.py
[2021-07-23 16:20:05,810] {scheduler_job.py:632} INFO - Processing file /home/dennismutia/.virtualenvs/wefarm/lib/python3.8/site-packages/airflow/example_dags/example_nested_branch_dag.py for tasks to queue
[2021-07-23 16:20:05,811] {logging_mixin.py:104} INFO - [2021-07-23 16:20:05,811] {dagbag.py:496} INFO - Filling up the DagBag from /home/dennismutia/.virtualenvs/wefarm/lib/python3.8/site-packages/airflow/example_dags/example_nested_branch_dag.py
[2021-07-23 16:20:05,822] {scheduler_job.py:642} INFO - DAG(s) dict_keys(['example_nested_branch_dag']) retrieved from /home/dennismutia/.virtualenvs/wefarm/lib/python3.8/site-packages/airflow/example_dags/example_nested_branch_dag.py
[2021-07-23 16:20:05,883] {logging_mixin.py:104} INFO - [2021-07-23 16:20:05,883] {dag.py:1833} INFO - Sync 1 DAGs
[2021-07-23 16:20:05,897] {logging_mixin.py:104} INFO - [2021-07-23 16:20:05,897] {dag.py:2306} INFO - Setting next_dagrun for example_nested_branch_dag to 2021-07-21 00:00:00+00:00
[2021-07-23 16:20:05,912] {scheduler_job.py:189} INFO - Processing /home/dennismutia/.virtualenvs/wefarm/lib/python3.8/site-packages/airflow/example_dags/example_nested_branch_dag.py took 0.105 seconds
[2021-07-23 16:20:07,800] {scheduler_job.py:181} INFO - Started process (PID=1184) to work on /home/dennismutia/.virtualenvs/wefarm/lib/python3.8/site-packages/airflow/example_dags/example_nested_branch_dag.py
[2021-07-23 16:20:07,801] {scheduler_job.py:632} INFO - Processing file /home/dennismutia/.virtualenvs/wefarm/lib/python3.8/site-packages/airflow/example_dags/example_nested_branch_dag.py for tasks to queue
[2021-07-23 16:20:07,801] {logging_mixin.py:104} INFO - [2021-07-23 16:20:07,801] {dagbag.py:496} INFO - Filling up the DagBag from /home/dennismutia/.virtualenvs/wefarm/lib/python3.8/site-packages/airflow/example_dags/example_nested_branch_dag.py
[2021-07-23 16:20:07,814] {scheduler_job.py:642} INFO - DAG(s) dict_keys(['example_nested_branch_dag']) retrieved from /home/dennismutia/.virtualenvs/wefarm/lib/python3.8/site-packages/airflow/example_dags/example_nested_branch_dag.py
[2021-07-23 16:20:07,867] {logging_mixin.py:104} INFO - [2021-07-23 16:20:07,867] {dag.py:1833} INFO - Sync 1 DAGs
[2021-07-23 16:20:07,877] {logging_mixin.py:104} INFO - [2021-07-23 16:20:07,877] {dag.py:2306} INFO - Setting next_dagrun for example_nested_branch_dag to 2021-07-21 00:00:00+00:00
[2021-07-23 16:20:07,887] {scheduler_job.py:189} INFO - Processing /home/dennismutia/.virtualenvs/wefarm/lib/python3.8/site-packages/airflow/example_dags/example_nested_branch_dag.py took 0.089 seconds
[2021-07-23 16:20:09,789] {scheduler_job.py:181} INFO - Started process (PID=1263) to work on /home/dennismutia/.virtualenvs/wefarm/lib/python3.8/site-packages/airflow/example_dags/example_nested_branch_dag.py
[2021-07-23 16:20:09,790] {scheduler_job.py:632} INFO - Processing file /home/dennismutia/.virtualenvs/wefarm/lib/python3.8/site-packages/airflow/example_dags/example_nested_branch_dag.py for tasks to queue
[2021-07-23 16:20:09,791] {logging_mixin.py:104} INFO - [2021-07-23 16:20:09,791] {dagbag.py:496} INFO - Filling up the DagBag from /home/dennismutia/.virtualenvs/wefarm/lib/python3.8/site-packages/airflow/example_dags/example_nested_branch_dag.py
[2021-07-23 16:20:09,803] {scheduler_job.py:642} INFO - DAG(s) dict_keys(['example_nested_branch_dag']) retrieved from /home/dennismutia/.virtualenvs/wefarm/lib/python3.8/site-packages/airflow/example_dags/example_nested_branch_dag.py
[2021-07-23 16:20:09,866] {logging_mixin.py:104} INFO - [2021-07-23 16:20:09,866] {dag.py:1833} INFO - Sync 1 DAGs
[2021-07-23 16:20:09,884] {logging_mixin.py:104} INFO - [2021-07-23 16:20:09,884] {dag.py:2306} INFO - Setting next_dagrun for example_nested_branch_dag to 2021-07-21 00:00:00+00:00
[2021-07-23 16:20:09,896] {scheduler_job.py:189} INFO - Processing /home/dennismutia/.virtualenvs/wefarm/lib/python3.8/site-packages/airflow/example_dags/example_nested_branch_dag.py took 0.110 seconds
[2021-07-23 16:20:11,689] {scheduler_job.py:181} INFO - Started process (PID=1326) to work on /home/dennismutia/.virtualenvs/wefarm/lib/python3.8/site-packages/airflow/example_dags/example_nested_branch_dag.py
[2021-07-23 16:20:11,689] {scheduler_job.py:632} INFO - Processing file /home/dennismutia/.virtualenvs/wefarm/lib/python3.8/site-packages/airflow/example_dags/example_nested_branch_dag.py for tasks to queue
[2021-07-23 16:20:11,690] {logging_mixin.py:104} INFO - [2021-07-23 16:20:11,690] {dagbag.py:496} INFO - Filling up the DagBag from /home/dennismutia/.virtualenvs/wefarm/lib/python3.8/site-packages/airflow/example_dags/example_nested_branch_dag.py
[2021-07-23 16:20:11,704] {scheduler_job.py:642} INFO - DAG(s) dict_keys(['example_nested_branch_dag']) retrieved from /home/dennismutia/.virtualenvs/wefarm/lib/python3.8/site-packages/airflow/example_dags/example_nested_branch_dag.py
[2021-07-23 16:20:11,774] {logging_mixin.py:104} INFO - [2021-07-23 16:20:11,774] {dag.py:1833} INFO - Sync 1 DAGs
[2021-07-23 16:20:11,793] {logging_mixin.py:104} INFO - [2021-07-23 16:20:11,793] {dag.py:2306} INFO - Setting next_dagrun for example_nested_branch_dag to 2021-07-21 00:00:00+00:00
[2021-07-23 16:20:11,809] {scheduler_job.py:189} INFO - Processing /home/dennismutia/.virtualenvs/wefarm/lib/python3.8/site-packages/airflow/example_dags/example_nested_branch_dag.py took 0.123 seconds
[2021-07-23 16:20:13,831] {scheduler_job.py:181} INFO - Started process (PID=1388) to work on /home/dennismutia/.virtualenvs/wefarm/lib/python3.8/site-packages/airflow/example_dags/example_nested_branch_dag.py
[2021-07-23 16:20:13,834] {scheduler_job.py:632} INFO - Processing file /home/dennismutia/.virtualenvs/wefarm/lib/python3.8/site-packages/airflow/example_dags/example_nested_branch_dag.py for tasks to queue
[2021-07-23 16:20:13,836] {logging_mixin.py:104} INFO - [2021-07-23 16:20:13,835] {dagbag.py:496} INFO - Filling up the DagBag from /home/dennismutia/.virtualenvs/wefarm/lib/python3.8/site-packages/airflow/example_dags/example_nested_branch_dag.py
[2021-07-23 16:20:13,854] {scheduler_job.py:642} INFO - DAG(s) dict_keys(['example_nested_branch_dag']) retrieved from /home/dennismutia/.virtualenvs/wefarm/lib/python3.8/site-packages/airflow/example_dags/example_nested_branch_dag.py
[2021-07-23 16:20:13,939] {logging_mixin.py:104} INFO - [2021-07-23 16:20:13,939] {dag.py:1833} INFO - Sync 1 DAGs
[2021-07-23 16:20:13,959] {logging_mixin.py:104} INFO - [2021-07-23 16:20:13,959] {dag.py:2306} INFO - Setting next_dagrun for example_nested_branch_dag to 2021-07-21 00:00:00+00:00
[2021-07-23 16:20:13,975] {scheduler_job.py:189} INFO - Processing /home/dennismutia/.virtualenvs/wefarm/lib/python3.8/site-packages/airflow/example_dags/example_nested_branch_dag.py took 0.148 seconds
[2021-07-23 16:20:16,235] {scheduler_job.py:181} INFO - Started process (PID=1447) to work on /home/dennismutia/.virtualenvs/wefarm/lib/python3.8/site-packages/airflow/example_dags/example_nested_branch_dag.py
[2021-07-23 16:20:16,237] {scheduler_job.py:632} INFO - Processing file /home/dennismutia/.virtualenvs/wefarm/lib/python3.8/site-packages/airflow/example_dags/example_nested_branch_dag.py for tasks to queue
[2021-07-23 16:20:16,237] {logging_mixin.py:104} INFO - [2021-07-23 16:20:16,237] {dagbag.py:496} INFO - Filling up the DagBag from /home/dennismutia/.virtualenvs/wefarm/lib/python3.8/site-packages/airflow/example_dags/example_nested_branch_dag.py
[2021-07-23 16:20:16,255] {scheduler_job.py:642} INFO - DAG(s) dict_keys(['example_nested_branch_dag']) retrieved from /home/dennismutia/.virtualenvs/wefarm/lib/python3.8/site-packages/airflow/example_dags/example_nested_branch_dag.py
[2021-07-23 16:20:16,343] {logging_mixin.py:104} INFO - [2021-07-23 16:20:16,343] {dag.py:1833} INFO - Sync 1 DAGs
[2021-07-23 16:20:16,365] {logging_mixin.py:104} INFO - [2021-07-23 16:20:16,365] {dag.py:2306} INFO - Setting next_dagrun for example_nested_branch_dag to 2021-07-21 00:00:00+00:00
[2021-07-23 16:20:16,378] {scheduler_job.py:189} INFO - Processing /home/dennismutia/.virtualenvs/wefarm/lib/python3.8/site-packages/airflow/example_dags/example_nested_branch_dag.py took 0.151 seconds
[2021-07-23 16:20:18,644] {scheduler_job.py:181} INFO - Started process (PID=1508) to work on /home/dennismutia/.virtualenvs/wefarm/lib/python3.8/site-packages/airflow/example_dags/example_nested_branch_dag.py
[2021-07-23 16:20:18,645] {scheduler_job.py:632} INFO - Processing file /home/dennismutia/.virtualenvs/wefarm/lib/python3.8/site-packages/airflow/example_dags/example_nested_branch_dag.py for tasks to queue
[2021-07-23 16:20:18,646] {logging_mixin.py:104} INFO - [2021-07-23 16:20:18,646] {dagbag.py:496} INFO - Filling up the DagBag from /home/dennismutia/.virtualenvs/wefarm/lib/python3.8/site-packages/airflow/example_dags/example_nested_branch_dag.py
[2021-07-23 16:20:18,664] {scheduler_job.py:642} INFO - DAG(s) dict_keys(['example_nested_branch_dag']) retrieved from /home/dennismutia/.virtualenvs/wefarm/lib/python3.8/site-packages/airflow/example_dags/example_nested_branch_dag.py
[2021-07-23 16:20:18,737] {logging_mixin.py:104} INFO - [2021-07-23 16:20:18,737] {dag.py:1833} INFO - Sync 1 DAGs
[2021-07-23 16:20:18,755] {logging_mixin.py:104} INFO - [2021-07-23 16:20:18,755] {dag.py:2306} INFO - Setting next_dagrun for example_nested_branch_dag to 2021-07-21 00:00:00+00:00
[2021-07-23 16:20:18,773] {scheduler_job.py:189} INFO - Processing /home/dennismutia/.virtualenvs/wefarm/lib/python3.8/site-packages/airflow/example_dags/example_nested_branch_dag.py took 0.133 seconds
[2021-07-23 16:20:20,943] {scheduler_job.py:181} INFO - Started process (PID=1567) to work on /home/dennismutia/.virtualenvs/wefarm/lib/python3.8/site-packages/airflow/example_dags/example_nested_branch_dag.py
[2021-07-23 16:20:20,947] {scheduler_job.py:632} INFO - Processing file /home/dennismutia/.virtualenvs/wefarm/lib/python3.8/site-packages/airflow/example_dags/example_nested_branch_dag.py for tasks to queue
[2021-07-23 16:20:20,949] {logging_mixin.py:104} INFO - [2021-07-23 16:20:20,949] {dagbag.py:496} INFO - Filling up the DagBag from /home/dennismutia/.virtualenvs/wefarm/lib/python3.8/site-packages/airflow/example_dags/example_nested_branch_dag.py
[2021-07-23 16:20:20,968] {scheduler_job.py:642} INFO - DAG(s) dict_keys(['example_nested_branch_dag']) retrieved from /home/dennismutia/.virtualenvs/wefarm/lib/python3.8/site-packages/airflow/example_dags/example_nested_branch_dag.py
[2021-07-23 16:20:21,045] {logging_mixin.py:104} INFO - [2021-07-23 16:20:21,045] {dag.py:1833} INFO - Sync 1 DAGs
[2021-07-23 16:20:21,060] {logging_mixin.py:104} INFO - [2021-07-23 16:20:21,060] {dag.py:2306} INFO - Setting next_dagrun for example_nested_branch_dag to 2021-07-21 00:00:00+00:00
[2021-07-23 16:20:21,072] {scheduler_job.py:189} INFO - Processing /home/dennismutia/.virtualenvs/wefarm/lib/python3.8/site-packages/airflow/example_dags/example_nested_branch_dag.py took 0.132 seconds
[2021-07-23 16:20:23,648] {scheduler_job.py:181} INFO - Started process (PID=1632) to work on /home/dennismutia/.virtualenvs/wefarm/lib/python3.8/site-packages/airflow/example_dags/example_nested_branch_dag.py
[2021-07-23 16:20:23,652] {scheduler_job.py:632} INFO - Processing file /home/dennismutia/.virtualenvs/wefarm/lib/python3.8/site-packages/airflow/example_dags/example_nested_branch_dag.py for tasks to queue
[2021-07-23 16:20:23,657] {logging_mixin.py:104} INFO - [2021-07-23 16:20:23,657] {dagbag.py:496} INFO - Filling up the DagBag from /home/dennismutia/.virtualenvs/wefarm/lib/python3.8/site-packages/airflow/example_dags/example_nested_branch_dag.py
[2021-07-23 16:20:23,680] {scheduler_job.py:642} INFO - DAG(s) dict_keys(['example_nested_branch_dag']) retrieved from /home/dennismutia/.virtualenvs/wefarm/lib/python3.8/site-packages/airflow/example_dags/example_nested_branch_dag.py
[2021-07-23 16:20:23,769] {logging_mixin.py:104} INFO - [2021-07-23 16:20:23,769] {dag.py:1833} INFO - Sync 1 DAGs
[2021-07-23 16:20:23,792] {logging_mixin.py:104} INFO - [2021-07-23 16:20:23,792] {dag.py:2306} INFO - Setting next_dagrun for example_nested_branch_dag to 2021-07-21 00:00:00+00:00
[2021-07-23 16:20:23,806] {scheduler_job.py:189} INFO - Processing /home/dennismutia/.virtualenvs/wefarm/lib/python3.8/site-packages/airflow/example_dags/example_nested_branch_dag.py took 0.162 seconds
[2021-07-23 16:20:26,435] {scheduler_job.py:181} INFO - Started process (PID=1693) to work on /home/dennismutia/.virtualenvs/wefarm/lib/python3.8/site-packages/airflow/example_dags/example_nested_branch_dag.py
[2021-07-23 16:20:26,441] {scheduler_job.py:632} INFO - Processing file /home/dennismutia/.virtualenvs/wefarm/lib/python3.8/site-packages/airflow/example_dags/example_nested_branch_dag.py for tasks to queue
[2021-07-23 16:20:26,445] {logging_mixin.py:104} INFO - [2021-07-23 16:20:26,445] {dagbag.py:496} INFO - Filling up the DagBag from /home/dennismutia/.virtualenvs/wefarm/lib/python3.8/site-packages/airflow/example_dags/example_nested_branch_dag.py
[2021-07-23 16:20:26,466] {scheduler_job.py:642} INFO - DAG(s) dict_keys(['example_nested_branch_dag']) retrieved from /home/dennismutia/.virtualenvs/wefarm/lib/python3.8/site-packages/airflow/example_dags/example_nested_branch_dag.py
[2021-07-23 16:20:26,540] {logging_mixin.py:104} INFO - [2021-07-23 16:20:26,540] {dag.py:1833} INFO - Sync 1 DAGs
[2021-07-23 16:20:26,564] {logging_mixin.py:104} INFO - [2021-07-23 16:20:26,563] {dag.py:2306} INFO - Setting next_dagrun for example_nested_branch_dag to 2021-07-21 00:00:00+00:00
[2021-07-23 16:20:26,583] {scheduler_job.py:189} INFO - Processing /home/dennismutia/.virtualenvs/wefarm/lib/python3.8/site-packages/airflow/example_dags/example_nested_branch_dag.py took 0.151 seconds
[2021-07-23 16:20:31,824] {scheduler_job.py:181} INFO - Started process (PID=1756) to work on /home/dennismutia/.virtualenvs/wefarm/lib/python3.8/site-packages/airflow/example_dags/example_nested_branch_dag.py
[2021-07-23 16:20:31,853] {scheduler_job.py:632} INFO - Processing file /home/dennismutia/.virtualenvs/wefarm/lib/python3.8/site-packages/airflow/example_dags/example_nested_branch_dag.py for tasks to queue
[2021-07-23 16:20:31,855] {logging_mixin.py:104} INFO - [2021-07-23 16:20:31,854] {dagbag.py:496} INFO - Filling up the DagBag from /home/dennismutia/.virtualenvs/wefarm/lib/python3.8/site-packages/airflow/example_dags/example_nested_branch_dag.py
[2021-07-23 16:20:31,910] {scheduler_job.py:642} INFO - DAG(s) dict_keys(['example_nested_branch_dag']) retrieved from /home/dennismutia/.virtualenvs/wefarm/lib/python3.8/site-packages/airflow/example_dags/example_nested_branch_dag.py
[2021-07-23 16:20:32,111] {logging_mixin.py:104} INFO - [2021-07-23 16:20:32,111] {dag.py:1833} INFO - Sync 1 DAGs
[2021-07-23 16:20:32,165] {logging_mixin.py:104} INFO - [2021-07-23 16:20:32,164] {dag.py:2306} INFO - Setting next_dagrun for example_nested_branch_dag to 2021-07-21 00:00:00+00:00
[2021-07-23 16:20:32,216] {scheduler_job.py:189} INFO - Processing /home/dennismutia/.virtualenvs/wefarm/lib/python3.8/site-packages/airflow/example_dags/example_nested_branch_dag.py took 0.399 seconds
[2021-07-23 16:20:40,335] {scheduler_job.py:181} INFO - Started process (PID=1834) to work on /home/dennismutia/.virtualenvs/wefarm/lib/python3.8/site-packages/airflow/example_dags/example_nested_branch_dag.py
[2021-07-23 16:20:40,349] {scheduler_job.py:632} INFO - Processing file /home/dennismutia/.virtualenvs/wefarm/lib/python3.8/site-packages/airflow/example_dags/example_nested_branch_dag.py for tasks to queue
[2021-07-23 16:20:40,351] {logging_mixin.py:104} INFO - [2021-07-23 16:20:40,351] {dagbag.py:496} INFO - Filling up the DagBag from /home/dennismutia/.virtualenvs/wefarm/lib/python3.8/site-packages/airflow/example_dags/example_nested_branch_dag.py
[2021-07-23 16:20:40,384] {scheduler_job.py:642} INFO - DAG(s) dict_keys(['example_nested_branch_dag']) retrieved from /home/dennismutia/.virtualenvs/wefarm/lib/python3.8/site-packages/airflow/example_dags/example_nested_branch_dag.py
[2021-07-23 16:20:40,731] {logging_mixin.py:104} INFO - [2021-07-23 16:20:40,730] {dag.py:1833} INFO - Sync 1 DAGs
[2021-07-23 16:20:40,768] {logging_mixin.py:104} INFO - [2021-07-23 16:20:40,767] {dag.py:2306} INFO - Setting next_dagrun for example_nested_branch_dag to 2021-07-21 00:00:00+00:00
[2021-07-23 16:20:40,830] {scheduler_job.py:189} INFO - Processing /home/dennismutia/.virtualenvs/wefarm/lib/python3.8/site-packages/airflow/example_dags/example_nested_branch_dag.py took 0.499 seconds
[2021-07-23 16:20:46,952] {scheduler_job.py:181} INFO - Started process (PID=1895) to work on /home/dennismutia/.virtualenvs/wefarm/lib/python3.8/site-packages/airflow/example_dags/example_nested_branch_dag.py
[2021-07-23 16:20:46,955] {scheduler_job.py:632} INFO - Processing file /home/dennismutia/.virtualenvs/wefarm/lib/python3.8/site-packages/airflow/example_dags/example_nested_branch_dag.py for tasks to queue
[2021-07-23 16:20:46,957] {logging_mixin.py:104} INFO - [2021-07-23 16:20:46,957] {dagbag.py:496} INFO - Filling up the DagBag from /home/dennismutia/.virtualenvs/wefarm/lib/python3.8/site-packages/airflow/example_dags/example_nested_branch_dag.py
[2021-07-23 16:20:47,004] {scheduler_job.py:642} INFO - DAG(s) dict_keys(['example_nested_branch_dag']) retrieved from /home/dennismutia/.virtualenvs/wefarm/lib/python3.8/site-packages/airflow/example_dags/example_nested_branch_dag.py
[2021-07-23 16:20:47,135] {logging_mixin.py:104} INFO - [2021-07-23 16:20:47,135] {dag.py:1833} INFO - Sync 1 DAGs
[2021-07-23 16:20:47,167] {logging_mixin.py:104} INFO - [2021-07-23 16:20:47,167] {dag.py:2306} INFO - Setting next_dagrun for example_nested_branch_dag to 2021-07-21 00:00:00+00:00
[2021-07-23 16:20:47,196] {scheduler_job.py:189} INFO - Processing /home/dennismutia/.virtualenvs/wefarm/lib/python3.8/site-packages/airflow/example_dags/example_nested_branch_dag.py took 0.248 seconds
[2021-07-23 16:20:53,839] {scheduler_job.py:181} INFO - Started process (PID=1956) to work on /home/dennismutia/.virtualenvs/wefarm/lib/python3.8/site-packages/airflow/example_dags/example_nested_branch_dag.py
[2021-07-23 16:20:53,844] {scheduler_job.py:632} INFO - Processing file /home/dennismutia/.virtualenvs/wefarm/lib/python3.8/site-packages/airflow/example_dags/example_nested_branch_dag.py for tasks to queue
[2021-07-23 16:20:53,846] {logging_mixin.py:104} INFO - [2021-07-23 16:20:53,845] {dagbag.py:496} INFO - Filling up the DagBag from /home/dennismutia/.virtualenvs/wefarm/lib/python3.8/site-packages/airflow/example_dags/example_nested_branch_dag.py
[2021-07-23 16:20:53,875] {scheduler_job.py:642} INFO - DAG(s) dict_keys(['example_nested_branch_dag']) retrieved from /home/dennismutia/.virtualenvs/wefarm/lib/python3.8/site-packages/airflow/example_dags/example_nested_branch_dag.py
[2021-07-23 16:20:54,079] {logging_mixin.py:104} INFO - [2021-07-23 16:20:54,078] {dag.py:1833} INFO - Sync 1 DAGs
[2021-07-23 16:20:54,110] {logging_mixin.py:104} INFO - [2021-07-23 16:20:54,110] {dag.py:2306} INFO - Setting next_dagrun for example_nested_branch_dag to 2021-07-21 00:00:00+00:00
[2021-07-23 16:20:54,133] {scheduler_job.py:189} INFO - Processing /home/dennismutia/.virtualenvs/wefarm/lib/python3.8/site-packages/airflow/example_dags/example_nested_branch_dag.py took 0.298 seconds
[2021-07-23 16:20:57,840] {scheduler_job.py:181} INFO - Started process (PID=2016) to work on /home/dennismutia/.virtualenvs/wefarm/lib/python3.8/site-packages/airflow/example_dags/example_nested_branch_dag.py
[2021-07-23 16:20:57,843] {scheduler_job.py:632} INFO - Processing file /home/dennismutia/.virtualenvs/wefarm/lib/python3.8/site-packages/airflow/example_dags/example_nested_branch_dag.py for tasks to queue
[2021-07-23 16:20:57,845] {logging_mixin.py:104} INFO - [2021-07-23 16:20:57,844] {dagbag.py:496} INFO - Filling up the DagBag from /home/dennismutia/.virtualenvs/wefarm/lib/python3.8/site-packages/airflow/example_dags/example_nested_branch_dag.py
[2021-07-23 16:20:57,871] {scheduler_job.py:642} INFO - DAG(s) dict_keys(['example_nested_branch_dag']) retrieved from /home/dennismutia/.virtualenvs/wefarm/lib/python3.8/site-packages/airflow/example_dags/example_nested_branch_dag.py
[2021-07-23 16:20:57,968] {logging_mixin.py:104} INFO - [2021-07-23 16:20:57,968] {dag.py:1833} INFO - Sync 1 DAGs
[2021-07-23 16:20:57,995] {logging_mixin.py:104} INFO - [2021-07-23 16:20:57,995] {dag.py:2306} INFO - Setting next_dagrun for example_nested_branch_dag to 2021-07-21 00:00:00+00:00
[2021-07-23 16:20:58,007] {scheduler_job.py:189} INFO - Processing /home/dennismutia/.virtualenvs/wefarm/lib/python3.8/site-packages/airflow/example_dags/example_nested_branch_dag.py took 0.170 seconds
[2021-07-23 16:21:02,086] {scheduler_job.py:181} INFO - Started process (PID=2077) to work on /home/dennismutia/.virtualenvs/wefarm/lib/python3.8/site-packages/airflow/example_dags/example_nested_branch_dag.py
[2021-07-23 16:21:02,091] {scheduler_job.py:632} INFO - Processing file /home/dennismutia/.virtualenvs/wefarm/lib/python3.8/site-packages/airflow/example_dags/example_nested_branch_dag.py for tasks to queue
[2021-07-23 16:21:02,092] {logging_mixin.py:104} INFO - [2021-07-23 16:21:02,092] {dagbag.py:496} INFO - Filling up the DagBag from /home/dennismutia/.virtualenvs/wefarm/lib/python3.8/site-packages/airflow/example_dags/example_nested_branch_dag.py
[2021-07-23 16:21:02,122] {scheduler_job.py:642} INFO - DAG(s) dict_keys(['example_nested_branch_dag']) retrieved from /home/dennismutia/.virtualenvs/wefarm/lib/python3.8/site-packages/airflow/example_dags/example_nested_branch_dag.py
[2021-07-23 16:21:02,250] {logging_mixin.py:104} INFO - [2021-07-23 16:21:02,250] {dag.py:1833} INFO - Sync 1 DAGs
[2021-07-23 16:21:02,278] {logging_mixin.py:104} INFO - [2021-07-23 16:21:02,278] {dag.py:2306} INFO - Setting next_dagrun for example_nested_branch_dag to 2021-07-21 00:00:00+00:00
[2021-07-23 16:21:02,311] {scheduler_job.py:189} INFO - Processing /home/dennismutia/.virtualenvs/wefarm/lib/python3.8/site-packages/airflow/example_dags/example_nested_branch_dag.py took 0.229 seconds
[2021-07-23 16:21:05,130] {scheduler_job.py:181} INFO - Started process (PID=2136) to work on /home/dennismutia/.virtualenvs/wefarm/lib/python3.8/site-packages/airflow/example_dags/example_nested_branch_dag.py
[2021-07-23 16:21:05,132] {scheduler_job.py:632} INFO - Processing file /home/dennismutia/.virtualenvs/wefarm/lib/python3.8/site-packages/airflow/example_dags/example_nested_branch_dag.py for tasks to queue
[2021-07-23 16:21:05,133] {logging_mixin.py:104} INFO - [2021-07-23 16:21:05,132] {dagbag.py:496} INFO - Filling up the DagBag from /home/dennismutia/.virtualenvs/wefarm/lib/python3.8/site-packages/airflow/example_dags/example_nested_branch_dag.py
[2021-07-23 16:21:05,151] {scheduler_job.py:642} INFO - DAG(s) dict_keys(['example_nested_branch_dag']) retrieved from /home/dennismutia/.virtualenvs/wefarm/lib/python3.8/site-packages/airflow/example_dags/example_nested_branch_dag.py
[2021-07-23 16:21:05,232] {logging_mixin.py:104} INFO - [2021-07-23 16:21:05,232] {dag.py:1833} INFO - Sync 1 DAGs
[2021-07-23 16:21:05,248] {logging_mixin.py:104} INFO - [2021-07-23 16:21:05,248] {dag.py:2306} INFO - Setting next_dagrun for example_nested_branch_dag to 2021-07-21 00:00:00+00:00
[2021-07-23 16:21:05,259] {scheduler_job.py:189} INFO - Processing /home/dennismutia/.virtualenvs/wefarm/lib/python3.8/site-packages/airflow/example_dags/example_nested_branch_dag.py took 0.132 seconds
[2021-07-23 16:21:07,806] {scheduler_job.py:181} INFO - Started process (PID=2197) to work on /home/dennismutia/.virtualenvs/wefarm/lib/python3.8/site-packages/airflow/example_dags/example_nested_branch_dag.py
[2021-07-23 16:21:07,808] {scheduler_job.py:632} INFO - Processing file /home/dennismutia/.virtualenvs/wefarm/lib/python3.8/site-packages/airflow/example_dags/example_nested_branch_dag.py for tasks to queue
[2021-07-23 16:21:07,809] {logging_mixin.py:104} INFO - [2021-07-23 16:21:07,809] {dagbag.py:496} INFO - Filling up the DagBag from /home/dennismutia/.virtualenvs/wefarm/lib/python3.8/site-packages/airflow/example_dags/example_nested_branch_dag.py
[2021-07-23 16:21:07,851] {scheduler_job.py:642} INFO - DAG(s) dict_keys(['example_nested_branch_dag']) retrieved from /home/dennismutia/.virtualenvs/wefarm/lib/python3.8/site-packages/airflow/example_dags/example_nested_branch_dag.py
[2021-07-23 16:21:07,958] {logging_mixin.py:104} INFO - [2021-07-23 16:21:07,958] {dag.py:1833} INFO - Sync 1 DAGs
[2021-07-23 16:21:07,994] {logging_mixin.py:104} INFO - [2021-07-23 16:21:07,994] {dag.py:2306} INFO - Setting next_dagrun for example_nested_branch_dag to 2021-07-21 00:00:00+00:00
[2021-07-23 16:21:08,007] {scheduler_job.py:189} INFO - Processing /home/dennismutia/.virtualenvs/wefarm/lib/python3.8/site-packages/airflow/example_dags/example_nested_branch_dag.py took 0.206 seconds
[2021-07-23 16:21:10,771] {scheduler_job.py:181} INFO - Started process (PID=2300) to work on /home/dennismutia/.virtualenvs/wefarm/lib/python3.8/site-packages/airflow/example_dags/example_nested_branch_dag.py
[2021-07-23 16:21:10,774] {scheduler_job.py:632} INFO - Processing file /home/dennismutia/.virtualenvs/wefarm/lib/python3.8/site-packages/airflow/example_dags/example_nested_branch_dag.py for tasks to queue
[2021-07-23 16:21:10,777] {logging_mixin.py:104} INFO - [2021-07-23 16:21:10,776] {dagbag.py:496} INFO - Filling up the DagBag from /home/dennismutia/.virtualenvs/wefarm/lib/python3.8/site-packages/airflow/example_dags/example_nested_branch_dag.py
[2021-07-23 16:21:10,797] {scheduler_job.py:642} INFO - DAG(s) dict_keys(['example_nested_branch_dag']) retrieved from /home/dennismutia/.virtualenvs/wefarm/lib/python3.8/site-packages/airflow/example_dags/example_nested_branch_dag.py
[2021-07-23 16:21:10,882] {logging_mixin.py:104} INFO - [2021-07-23 16:21:10,882] {dag.py:1833} INFO - Sync 1 DAGs
[2021-07-23 16:21:10,907] {logging_mixin.py:104} INFO - [2021-07-23 16:21:10,906] {dag.py:2306} INFO - Setting next_dagrun for example_nested_branch_dag to 2021-07-21 00:00:00+00:00
[2021-07-23 16:21:10,925] {scheduler_job.py:189} INFO - Processing /home/dennismutia/.virtualenvs/wefarm/lib/python3.8/site-packages/airflow/example_dags/example_nested_branch_dag.py took 0.166 seconds
[2021-07-23 16:21:13,490] {scheduler_job.py:181} INFO - Started process (PID=2368) to work on /home/dennismutia/.virtualenvs/wefarm/lib/python3.8/site-packages/airflow/example_dags/example_nested_branch_dag.py
[2021-07-23 16:21:13,493] {scheduler_job.py:632} INFO - Processing file /home/dennismutia/.virtualenvs/wefarm/lib/python3.8/site-packages/airflow/example_dags/example_nested_branch_dag.py for tasks to queue
[2021-07-23 16:21:13,493] {logging_mixin.py:104} INFO - [2021-07-23 16:21:13,493] {dagbag.py:496} INFO - Filling up the DagBag from /home/dennismutia/.virtualenvs/wefarm/lib/python3.8/site-packages/airflow/example_dags/example_nested_branch_dag.py
[2021-07-23 16:21:13,509] {scheduler_job.py:642} INFO - DAG(s) dict_keys(['example_nested_branch_dag']) retrieved from /home/dennismutia/.virtualenvs/wefarm/lib/python3.8/site-packages/airflow/example_dags/example_nested_branch_dag.py
[2021-07-23 16:21:13,607] {logging_mixin.py:104} INFO - [2021-07-23 16:21:13,607] {dag.py:1833} INFO - Sync 1 DAGs
[2021-07-23 16:21:13,638] {logging_mixin.py:104} INFO - [2021-07-23 16:21:13,637] {dag.py:2306} INFO - Setting next_dagrun for example_nested_branch_dag to 2021-07-21 00:00:00+00:00
[2021-07-23 16:21:13,656] {scheduler_job.py:189} INFO - Processing /home/dennismutia/.virtualenvs/wefarm/lib/python3.8/site-packages/airflow/example_dags/example_nested_branch_dag.py took 0.170 seconds
[2021-07-23 16:21:16,031] {scheduler_job.py:181} INFO - Started process (PID=2428) to work on /home/dennismutia/.virtualenvs/wefarm/lib/python3.8/site-packages/airflow/example_dags/example_nested_branch_dag.py
[2021-07-23 16:21:16,033] {scheduler_job.py:632} INFO - Processing file /home/dennismutia/.virtualenvs/wefarm/lib/python3.8/site-packages/airflow/example_dags/example_nested_branch_dag.py for tasks to queue
[2021-07-23 16:21:16,034] {logging_mixin.py:104} INFO - [2021-07-23 16:21:16,034] {dagbag.py:496} INFO - Filling up the DagBag from /home/dennismutia/.virtualenvs/wefarm/lib/python3.8/site-packages/airflow/example_dags/example_nested_branch_dag.py
[2021-07-23 16:21:16,102] {scheduler_job.py:642} INFO - DAG(s) dict_keys(['example_nested_branch_dag']) retrieved from /home/dennismutia/.virtualenvs/wefarm/lib/python3.8/site-packages/airflow/example_dags/example_nested_branch_dag.py
[2021-07-23 16:21:16,141] {logging_mixin.py:104} INFO - [2021-07-23 16:21:16,141] {dag.py:1833} INFO - Sync 1 DAGs
[2021-07-23 16:21:16,158] {logging_mixin.py:104} INFO - [2021-07-23 16:21:16,158] {dag.py:2306} INFO - Setting next_dagrun for example_nested_branch_dag to 2021-07-21 00:00:00+00:00
[2021-07-23 16:21:16,169] {scheduler_job.py:189} INFO - Processing /home/dennismutia/.virtualenvs/wefarm/lib/python3.8/site-packages/airflow/example_dags/example_nested_branch_dag.py took 0.141 seconds
[2021-07-23 16:21:18,330] {scheduler_job.py:181} INFO - Started process (PID=2488) to work on /home/dennismutia/.virtualenvs/wefarm/lib/python3.8/site-packages/airflow/example_dags/example_nested_branch_dag.py
[2021-07-23 16:21:18,332] {scheduler_job.py:632} INFO - Processing file /home/dennismutia/.virtualenvs/wefarm/lib/python3.8/site-packages/airflow/example_dags/example_nested_branch_dag.py for tasks to queue
[2021-07-23 16:21:18,333] {logging_mixin.py:104} INFO - [2021-07-23 16:21:18,333] {dagbag.py:496} INFO - Filling up the DagBag from /home/dennismutia/.virtualenvs/wefarm/lib/python3.8/site-packages/airflow/example_dags/example_nested_branch_dag.py
[2021-07-23 16:21:18,404] {scheduler_job.py:642} INFO - DAG(s) dict_keys(['example_nested_branch_dag']) retrieved from /home/dennismutia/.virtualenvs/wefarm/lib/python3.8/site-packages/airflow/example_dags/example_nested_branch_dag.py
[2021-07-23 16:21:18,428] {logging_mixin.py:104} INFO - [2021-07-23 16:21:18,428] {dag.py:1833} INFO - Sync 1 DAGs
[2021-07-23 16:21:18,444] {logging_mixin.py:104} INFO - [2021-07-23 16:21:18,444] {dag.py:2306} INFO - Setting next_dagrun for example_nested_branch_dag to 2021-07-21 00:00:00+00:00
[2021-07-23 16:21:18,455] {scheduler_job.py:189} INFO - Processing /home/dennismutia/.virtualenvs/wefarm/lib/python3.8/site-packages/airflow/example_dags/example_nested_branch_dag.py took 0.128 seconds
[2021-07-23 16:21:20,609] {scheduler_job.py:181} INFO - Started process (PID=2548) to work on /home/dennismutia/.virtualenvs/wefarm/lib/python3.8/site-packages/airflow/example_dags/example_nested_branch_dag.py
[2021-07-23 16:21:20,612] {scheduler_job.py:632} INFO - Processing file /home/dennismutia/.virtualenvs/wefarm/lib/python3.8/site-packages/airflow/example_dags/example_nested_branch_dag.py for tasks to queue
[2021-07-23 16:21:20,614] {logging_mixin.py:104} INFO - [2021-07-23 16:21:20,614] {dagbag.py:496} INFO - Filling up the DagBag from /home/dennismutia/.virtualenvs/wefarm/lib/python3.8/site-packages/airflow/example_dags/example_nested_branch_dag.py
[2021-07-23 16:21:20,694] {scheduler_job.py:642} INFO - DAG(s) dict_keys(['example_nested_branch_dag']) retrieved from /home/dennismutia/.virtualenvs/wefarm/lib/python3.8/site-packages/airflow/example_dags/example_nested_branch_dag.py
[2021-07-23 16:21:20,745] {logging_mixin.py:104} INFO - [2021-07-23 16:21:20,745] {dag.py:1833} INFO - Sync 1 DAGs
[2021-07-23 16:21:20,766] {logging_mixin.py:104} INFO - [2021-07-23 16:21:20,766] {dag.py:2306} INFO - Setting next_dagrun for example_nested_branch_dag to 2021-07-21 00:00:00+00:00
[2021-07-23 16:21:20,783] {scheduler_job.py:189} INFO - Processing /home/dennismutia/.virtualenvs/wefarm/lib/python3.8/site-packages/airflow/example_dags/example_nested_branch_dag.py took 0.176 seconds
[2021-07-23 16:21:23,199] {scheduler_job.py:181} INFO - Started process (PID=2608) to work on /home/dennismutia/.virtualenvs/wefarm/lib/python3.8/site-packages/airflow/example_dags/example_nested_branch_dag.py
[2021-07-23 16:21:23,200] {scheduler_job.py:632} INFO - Processing file /home/dennismutia/.virtualenvs/wefarm/lib/python3.8/site-packages/airflow/example_dags/example_nested_branch_dag.py for tasks to queue
[2021-07-23 16:21:23,201] {logging_mixin.py:104} INFO - [2021-07-23 16:21:23,201] {dagbag.py:496} INFO - Filling up the DagBag from /home/dennismutia/.virtualenvs/wefarm/lib/python3.8/site-packages/airflow/example_dags/example_nested_branch_dag.py
[2021-07-23 16:21:23,268] {scheduler_job.py:642} INFO - DAG(s) dict_keys(['example_nested_branch_dag']) retrieved from /home/dennismutia/.virtualenvs/wefarm/lib/python3.8/site-packages/airflow/example_dags/example_nested_branch_dag.py
[2021-07-23 16:21:23,295] {logging_mixin.py:104} INFO - [2021-07-23 16:21:23,295] {dag.py:1833} INFO - Sync 1 DAGs
[2021-07-23 16:21:23,309] {logging_mixin.py:104} INFO - [2021-07-23 16:21:23,309] {dag.py:2306} INFO - Setting next_dagrun for example_nested_branch_dag to 2021-07-21 00:00:00+00:00
[2021-07-23 16:21:23,319] {scheduler_job.py:189} INFO - Processing /home/dennismutia/.virtualenvs/wefarm/lib/python3.8/site-packages/airflow/example_dags/example_nested_branch_dag.py took 0.124 seconds
[2021-07-23 16:21:25,627] {scheduler_job.py:181} INFO - Started process (PID=2668) to work on /home/dennismutia/.virtualenvs/wefarm/lib/python3.8/site-packages/airflow/example_dags/example_nested_branch_dag.py
[2021-07-23 16:21:25,629] {scheduler_job.py:632} INFO - Processing file /home/dennismutia/.virtualenvs/wefarm/lib/python3.8/site-packages/airflow/example_dags/example_nested_branch_dag.py for tasks to queue
[2021-07-23 16:21:25,632] {logging_mixin.py:104} INFO - [2021-07-23 16:21:25,632] {dagbag.py:496} INFO - Filling up the DagBag from /home/dennismutia/.virtualenvs/wefarm/lib/python3.8/site-packages/airflow/example_dags/example_nested_branch_dag.py
[2021-07-23 16:21:25,716] {scheduler_job.py:642} INFO - DAG(s) dict_keys(['example_nested_branch_dag']) retrieved from /home/dennismutia/.virtualenvs/wefarm/lib/python3.8/site-packages/airflow/example_dags/example_nested_branch_dag.py
[2021-07-23 16:21:25,760] {logging_mixin.py:104} INFO - [2021-07-23 16:21:25,759] {dag.py:1833} INFO - Sync 1 DAGs
[2021-07-23 16:21:25,782] {logging_mixin.py:104} INFO - [2021-07-23 16:21:25,782] {dag.py:2306} INFO - Setting next_dagrun for example_nested_branch_dag to 2021-07-21 00:00:00+00:00
[2021-07-23 16:21:25,799] {scheduler_job.py:189} INFO - Processing /home/dennismutia/.virtualenvs/wefarm/lib/python3.8/site-packages/airflow/example_dags/example_nested_branch_dag.py took 0.175 seconds
[2021-07-23 16:21:28,070] {scheduler_job.py:181} INFO - Started process (PID=2749) to work on /home/dennismutia/.virtualenvs/wefarm/lib/python3.8/site-packages/airflow/example_dags/example_nested_branch_dag.py
[2021-07-23 16:21:28,071] {scheduler_job.py:632} INFO - Processing file /home/dennismutia/.virtualenvs/wefarm/lib/python3.8/site-packages/airflow/example_dags/example_nested_branch_dag.py for tasks to queue
[2021-07-23 16:21:28,073] {logging_mixin.py:104} INFO - [2021-07-23 16:21:28,072] {dagbag.py:496} INFO - Filling up the DagBag from /home/dennismutia/.virtualenvs/wefarm/lib/python3.8/site-packages/airflow/example_dags/example_nested_branch_dag.py
[2021-07-23 16:21:28,142] {scheduler_job.py:642} INFO - DAG(s) dict_keys(['example_nested_branch_dag']) retrieved from /home/dennismutia/.virtualenvs/wefarm/lib/python3.8/site-packages/airflow/example_dags/example_nested_branch_dag.py
[2021-07-23 16:21:28,166] {logging_mixin.py:104} INFO - [2021-07-23 16:21:28,165] {dag.py:1833} INFO - Sync 1 DAGs
[2021-07-23 16:21:28,182] {logging_mixin.py:104} INFO - [2021-07-23 16:21:28,182] {dag.py:2306} INFO - Setting next_dagrun for example_nested_branch_dag to 2021-07-21 00:00:00+00:00
[2021-07-23 16:21:28,192] {scheduler_job.py:189} INFO - Processing /home/dennismutia/.virtualenvs/wefarm/lib/python3.8/site-packages/airflow/example_dags/example_nested_branch_dag.py took 0.130 seconds
[2021-07-23 16:21:30,764] {scheduler_job.py:181} INFO - Started process (PID=2809) to work on /home/dennismutia/.virtualenvs/wefarm/lib/python3.8/site-packages/airflow/example_dags/example_nested_branch_dag.py
[2021-07-23 16:21:30,766] {scheduler_job.py:632} INFO - Processing file /home/dennismutia/.virtualenvs/wefarm/lib/python3.8/site-packages/airflow/example_dags/example_nested_branch_dag.py for tasks to queue
[2021-07-23 16:21:30,766] {logging_mixin.py:104} INFO - [2021-07-23 16:21:30,766] {dagbag.py:496} INFO - Filling up the DagBag from /home/dennismutia/.virtualenvs/wefarm/lib/python3.8/site-packages/airflow/example_dags/example_nested_branch_dag.py
[2021-07-23 16:21:30,864] {scheduler_job.py:642} INFO - DAG(s) dict_keys(['example_nested_branch_dag']) retrieved from /home/dennismutia/.virtualenvs/wefarm/lib/python3.8/site-packages/airflow/example_dags/example_nested_branch_dag.py
[2021-07-23 16:21:30,906] {logging_mixin.py:104} INFO - [2021-07-23 16:21:30,906] {dag.py:1833} INFO - Sync 1 DAGs
[2021-07-23 16:21:30,949] {logging_mixin.py:104} INFO - [2021-07-23 16:21:30,949] {dag.py:2306} INFO - Setting next_dagrun for example_nested_branch_dag to 2021-07-21 00:00:00+00:00
[2021-07-23 16:21:30,976] {scheduler_job.py:189} INFO - Processing /home/dennismutia/.virtualenvs/wefarm/lib/python3.8/site-packages/airflow/example_dags/example_nested_branch_dag.py took 0.214 seconds
[2021-07-23 16:21:34,001] {scheduler_job.py:181} INFO - Started process (PID=2869) to work on /home/dennismutia/.virtualenvs/wefarm/lib/python3.8/site-packages/airflow/example_dags/example_nested_branch_dag.py
[2021-07-23 16:21:34,005] {scheduler_job.py:632} INFO - Processing file /home/dennismutia/.virtualenvs/wefarm/lib/python3.8/site-packages/airflow/example_dags/example_nested_branch_dag.py for tasks to queue
[2021-07-23 16:21:34,006] {logging_mixin.py:104} INFO - [2021-07-23 16:21:34,006] {dagbag.py:496} INFO - Filling up the DagBag from /home/dennismutia/.virtualenvs/wefarm/lib/python3.8/site-packages/airflow/example_dags/example_nested_branch_dag.py
[2021-07-23 16:21:34,109] {scheduler_job.py:642} INFO - DAG(s) dict_keys(['example_nested_branch_dag']) retrieved from /home/dennismutia/.virtualenvs/wefarm/lib/python3.8/site-packages/airflow/example_dags/example_nested_branch_dag.py
[2021-07-23 16:21:34,147] {logging_mixin.py:104} INFO - [2021-07-23 16:21:34,147] {dag.py:1833} INFO - Sync 1 DAGs
[2021-07-23 16:21:34,178] {logging_mixin.py:104} INFO - [2021-07-23 16:21:34,178] {dag.py:2306} INFO - Setting next_dagrun for example_nested_branch_dag to 2021-07-21 00:00:00+00:00
[2021-07-23 16:21:34,191] {scheduler_job.py:189} INFO - Processing /home/dennismutia/.virtualenvs/wefarm/lib/python3.8/site-packages/airflow/example_dags/example_nested_branch_dag.py took 0.199 seconds
[2021-07-23 16:21:37,189] {scheduler_job.py:181} INFO - Started process (PID=2929) to work on /home/dennismutia/.virtualenvs/wefarm/lib/python3.8/site-packages/airflow/example_dags/example_nested_branch_dag.py
[2021-07-23 16:21:37,190] {scheduler_job.py:632} INFO - Processing file /home/dennismutia/.virtualenvs/wefarm/lib/python3.8/site-packages/airflow/example_dags/example_nested_branch_dag.py for tasks to queue
[2021-07-23 16:21:37,191] {logging_mixin.py:104} INFO - [2021-07-23 16:21:37,191] {dagbag.py:496} INFO - Filling up the DagBag from /home/dennismutia/.virtualenvs/wefarm/lib/python3.8/site-packages/airflow/example_dags/example_nested_branch_dag.py
[2021-07-23 16:21:37,283] {scheduler_job.py:642} INFO - DAG(s) dict_keys(['example_nested_branch_dag']) retrieved from /home/dennismutia/.virtualenvs/wefarm/lib/python3.8/site-packages/airflow/example_dags/example_nested_branch_dag.py
[2021-07-23 16:21:37,325] {logging_mixin.py:104} INFO - [2021-07-23 16:21:37,325] {dag.py:1833} INFO - Sync 1 DAGs
[2021-07-23 16:21:37,371] {logging_mixin.py:104} INFO - [2021-07-23 16:21:37,370] {dag.py:2306} INFO - Setting next_dagrun for example_nested_branch_dag to 2021-07-21 00:00:00+00:00
[2021-07-23 16:21:37,398] {scheduler_job.py:189} INFO - Processing /home/dennismutia/.virtualenvs/wefarm/lib/python3.8/site-packages/airflow/example_dags/example_nested_branch_dag.py took 0.213 seconds
[2021-07-23 16:21:39,819] {scheduler_job.py:181} INFO - Started process (PID=2989) to work on /home/dennismutia/.virtualenvs/wefarm/lib/python3.8/site-packages/airflow/example_dags/example_nested_branch_dag.py
[2021-07-23 16:21:39,820] {scheduler_job.py:632} INFO - Processing file /home/dennismutia/.virtualenvs/wefarm/lib/python3.8/site-packages/airflow/example_dags/example_nested_branch_dag.py for tasks to queue
[2021-07-23 16:21:39,821] {logging_mixin.py:104} INFO - [2021-07-23 16:21:39,821] {dagbag.py:496} INFO - Filling up the DagBag from /home/dennismutia/.virtualenvs/wefarm/lib/python3.8/site-packages/airflow/example_dags/example_nested_branch_dag.py
[2021-07-23 16:21:39,922] {scheduler_job.py:642} INFO - DAG(s) dict_keys(['example_nested_branch_dag']) retrieved from /home/dennismutia/.virtualenvs/wefarm/lib/python3.8/site-packages/airflow/example_dags/example_nested_branch_dag.py
[2021-07-23 16:21:39,970] {logging_mixin.py:104} INFO - [2021-07-23 16:21:39,969] {dag.py:1833} INFO - Sync 1 DAGs
[2021-07-23 16:21:40,012] {logging_mixin.py:104} INFO - [2021-07-23 16:21:40,011] {dag.py:2306} INFO - Setting next_dagrun for example_nested_branch_dag to 2021-07-21 00:00:00+00:00
[2021-07-23 16:21:40,026] {scheduler_job.py:189} INFO - Processing /home/dennismutia/.virtualenvs/wefarm/lib/python3.8/site-packages/airflow/example_dags/example_nested_branch_dag.py took 0.215 seconds
[2021-07-23 16:21:43,342] {scheduler_job.py:181} INFO - Started process (PID=3049) to work on /home/dennismutia/.virtualenvs/wefarm/lib/python3.8/site-packages/airflow/example_dags/example_nested_branch_dag.py
[2021-07-23 16:21:43,376] {scheduler_job.py:632} INFO - Processing file /home/dennismutia/.virtualenvs/wefarm/lib/python3.8/site-packages/airflow/example_dags/example_nested_branch_dag.py for tasks to queue
[2021-07-23 16:21:43,382] {logging_mixin.py:104} INFO - [2021-07-23 16:21:43,382] {dagbag.py:496} INFO - Filling up the DagBag from /home/dennismutia/.virtualenvs/wefarm/lib/python3.8/site-packages/airflow/example_dags/example_nested_branch_dag.py
[2021-07-23 16:21:43,594] {scheduler_job.py:642} INFO - DAG(s) dict_keys(['example_nested_branch_dag']) retrieved from /home/dennismutia/.virtualenvs/wefarm/lib/python3.8/site-packages/airflow/example_dags/example_nested_branch_dag.py
[2021-07-23 16:21:43,700] {logging_mixin.py:104} INFO - [2021-07-23 16:21:43,699] {dag.py:1833} INFO - Sync 1 DAGs
[2021-07-23 16:21:43,747] {logging_mixin.py:104} INFO - [2021-07-23 16:21:43,747] {dag.py:2306} INFO - Setting next_dagrun for example_nested_branch_dag to 2021-07-21 00:00:00+00:00
[2021-07-23 16:21:43,771] {scheduler_job.py:189} INFO - Processing /home/dennismutia/.virtualenvs/wefarm/lib/python3.8/site-packages/airflow/example_dags/example_nested_branch_dag.py took 0.440 seconds
[2021-07-23 16:21:47,646] {scheduler_job.py:181} INFO - Started process (PID=3111) to work on /home/dennismutia/.virtualenvs/wefarm/lib/python3.8/site-packages/airflow/example_dags/example_nested_branch_dag.py
[2021-07-23 16:21:47,652] {scheduler_job.py:632} INFO - Processing file /home/dennismutia/.virtualenvs/wefarm/lib/python3.8/site-packages/airflow/example_dags/example_nested_branch_dag.py for tasks to queue
[2021-07-23 16:21:47,654] {logging_mixin.py:104} INFO - [2021-07-23 16:21:47,654] {dagbag.py:496} INFO - Filling up the DagBag from /home/dennismutia/.virtualenvs/wefarm/lib/python3.8/site-packages/airflow/example_dags/example_nested_branch_dag.py
[2021-07-23 16:21:47,791] {scheduler_job.py:642} INFO - DAG(s) dict_keys(['example_nested_branch_dag']) retrieved from /home/dennismutia/.virtualenvs/wefarm/lib/python3.8/site-packages/airflow/example_dags/example_nested_branch_dag.py
[2021-07-23 16:21:47,825] {logging_mixin.py:104} INFO - [2021-07-23 16:21:47,825] {dag.py:1833} INFO - Sync 1 DAGs
[2021-07-23 16:21:47,855] {logging_mixin.py:104} INFO - [2021-07-23 16:21:47,855] {dag.py:2306} INFO - Setting next_dagrun for example_nested_branch_dag to 2021-07-21 00:00:00+00:00
[2021-07-23 16:21:47,886] {scheduler_job.py:189} INFO - Processing /home/dennismutia/.virtualenvs/wefarm/lib/python3.8/site-packages/airflow/example_dags/example_nested_branch_dag.py took 0.244 seconds
[2021-07-23 16:21:50,757] {scheduler_job.py:181} INFO - Started process (PID=3170) to work on /home/dennismutia/.virtualenvs/wefarm/lib/python3.8/site-packages/airflow/example_dags/example_nested_branch_dag.py
[2021-07-23 16:21:50,758] {scheduler_job.py:632} INFO - Processing file /home/dennismutia/.virtualenvs/wefarm/lib/python3.8/site-packages/airflow/example_dags/example_nested_branch_dag.py for tasks to queue
[2021-07-23 16:21:50,759] {logging_mixin.py:104} INFO - [2021-07-23 16:21:50,759] {dagbag.py:496} INFO - Filling up the DagBag from /home/dennismutia/.virtualenvs/wefarm/lib/python3.8/site-packages/airflow/example_dags/example_nested_branch_dag.py
[2021-07-23 16:21:50,836] {scheduler_job.py:642} INFO - DAG(s) dict_keys(['example_nested_branch_dag']) retrieved from /home/dennismutia/.virtualenvs/wefarm/lib/python3.8/site-packages/airflow/example_dags/example_nested_branch_dag.py
[2021-07-23 16:21:50,864] {logging_mixin.py:104} INFO - [2021-07-23 16:21:50,864] {dag.py:1833} INFO - Sync 1 DAGs
[2021-07-23 16:21:50,885] {logging_mixin.py:104} INFO - [2021-07-23 16:21:50,885] {dag.py:2306} INFO - Setting next_dagrun for example_nested_branch_dag to 2021-07-21 00:00:00+00:00
[2021-07-23 16:21:50,917] {scheduler_job.py:189} INFO - Processing /home/dennismutia/.virtualenvs/wefarm/lib/python3.8/site-packages/airflow/example_dags/example_nested_branch_dag.py took 0.163 seconds
