[2021-07-23 16:19:57,114] {scheduler_job.py:181} INFO - Started process (PID=817) to work on /home/dennismutia/.virtualenvs/wefarm/lib/python3.8/site-packages/airflow/example_dags/example_kubernetes_executor_config.py
[2021-07-23 16:19:57,115] {scheduler_job.py:632} INFO - Processing file /home/dennismutia/.virtualenvs/wefarm/lib/python3.8/site-packages/airflow/example_dags/example_kubernetes_executor_config.py for tasks to queue
[2021-07-23 16:19:57,116] {logging_mixin.py:104} INFO - [2021-07-23 16:19:57,115] {dagbag.py:496} INFO - Filling up the DagBag from /home/dennismutia/.virtualenvs/wefarm/lib/python3.8/site-packages/airflow/example_dags/example_kubernetes_executor_config.py
[2021-07-23 16:19:57,120] {logging_mixin.py:104} INFO - [2021-07-23 16:19:57,120] {example_kubernetes_executor_config.py:175} WARNING - Could not import DAGs in example_kubernetes_executor_config.py: No module named 'kubernetes'
[2021-07-23 16:19:57,120] {logging_mixin.py:104} INFO - [2021-07-23 16:19:57,120] {example_kubernetes_executor_config.py:176} WARNING - Install kubernetes dependencies with: pip install apache-airflow['cncf.kubernetes']
[2021-07-23 16:19:57,120] {scheduler_job.py:644} WARNING - No viable dags retrieved from /home/dennismutia/.virtualenvs/wefarm/lib/python3.8/site-packages/airflow/example_dags/example_kubernetes_executor_config.py
[2021-07-23 16:19:57,135] {scheduler_job.py:189} INFO - Processing /home/dennismutia/.virtualenvs/wefarm/lib/python3.8/site-packages/airflow/example_dags/example_kubernetes_executor_config.py took 0.024 seconds
[2021-07-23 16:19:59,730] {scheduler_job.py:181} INFO - Started process (PID=880) to work on /home/dennismutia/.virtualenvs/wefarm/lib/python3.8/site-packages/airflow/example_dags/example_kubernetes_executor_config.py
[2021-07-23 16:19:59,731] {scheduler_job.py:632} INFO - Processing file /home/dennismutia/.virtualenvs/wefarm/lib/python3.8/site-packages/airflow/example_dags/example_kubernetes_executor_config.py for tasks to queue
[2021-07-23 16:19:59,732] {logging_mixin.py:104} INFO - [2021-07-23 16:19:59,732] {dagbag.py:496} INFO - Filling up the DagBag from /home/dennismutia/.virtualenvs/wefarm/lib/python3.8/site-packages/airflow/example_dags/example_kubernetes_executor_config.py
[2021-07-23 16:19:59,736] {logging_mixin.py:104} INFO - [2021-07-23 16:19:59,736] {example_kubernetes_executor_config.py:175} WARNING - Could not import DAGs in example_kubernetes_executor_config.py: No module named 'kubernetes'
[2021-07-23 16:19:59,736] {logging_mixin.py:104} INFO - [2021-07-23 16:19:59,736] {example_kubernetes_executor_config.py:176} WARNING - Install kubernetes dependencies with: pip install apache-airflow['cncf.kubernetes']
[2021-07-23 16:19:59,736] {scheduler_job.py:644} WARNING - No viable dags retrieved from /home/dennismutia/.virtualenvs/wefarm/lib/python3.8/site-packages/airflow/example_dags/example_kubernetes_executor_config.py
[2021-07-23 16:19:59,760] {scheduler_job.py:189} INFO - Processing /home/dennismutia/.virtualenvs/wefarm/lib/python3.8/site-packages/airflow/example_dags/example_kubernetes_executor_config.py took 0.032 seconds
[2021-07-23 16:20:01,510] {scheduler_job.py:181} INFO - Started process (PID=940) to work on /home/dennismutia/.virtualenvs/wefarm/lib/python3.8/site-packages/airflow/example_dags/example_kubernetes_executor_config.py
[2021-07-23 16:20:01,514] {scheduler_job.py:632} INFO - Processing file /home/dennismutia/.virtualenvs/wefarm/lib/python3.8/site-packages/airflow/example_dags/example_kubernetes_executor_config.py for tasks to queue
[2021-07-23 16:20:01,514] {logging_mixin.py:104} INFO - [2021-07-23 16:20:01,514] {dagbag.py:496} INFO - Filling up the DagBag from /home/dennismutia/.virtualenvs/wefarm/lib/python3.8/site-packages/airflow/example_dags/example_kubernetes_executor_config.py
[2021-07-23 16:20:01,519] {logging_mixin.py:104} INFO - [2021-07-23 16:20:01,519] {example_kubernetes_executor_config.py:175} WARNING - Could not import DAGs in example_kubernetes_executor_config.py: No module named 'kubernetes'
[2021-07-23 16:20:01,519] {logging_mixin.py:104} INFO - [2021-07-23 16:20:01,519] {example_kubernetes_executor_config.py:176} WARNING - Install kubernetes dependencies with: pip install apache-airflow['cncf.kubernetes']
[2021-07-23 16:20:01,520] {scheduler_job.py:644} WARNING - No viable dags retrieved from /home/dennismutia/.virtualenvs/wefarm/lib/python3.8/site-packages/airflow/example_dags/example_kubernetes_executor_config.py
[2021-07-23 16:20:01,533] {scheduler_job.py:189} INFO - Processing /home/dennismutia/.virtualenvs/wefarm/lib/python3.8/site-packages/airflow/example_dags/example_kubernetes_executor_config.py took 0.025 seconds
[2021-07-23 16:20:03,580] {scheduler_job.py:181} INFO - Started process (PID=1043) to work on /home/dennismutia/.virtualenvs/wefarm/lib/python3.8/site-packages/airflow/example_dags/example_kubernetes_executor_config.py
[2021-07-23 16:20:03,582] {scheduler_job.py:632} INFO - Processing file /home/dennismutia/.virtualenvs/wefarm/lib/python3.8/site-packages/airflow/example_dags/example_kubernetes_executor_config.py for tasks to queue
[2021-07-23 16:20:03,582] {logging_mixin.py:104} INFO - [2021-07-23 16:20:03,582] {dagbag.py:496} INFO - Filling up the DagBag from /home/dennismutia/.virtualenvs/wefarm/lib/python3.8/site-packages/airflow/example_dags/example_kubernetes_executor_config.py
[2021-07-23 16:20:03,587] {logging_mixin.py:104} INFO - [2021-07-23 16:20:03,587] {example_kubernetes_executor_config.py:175} WARNING - Could not import DAGs in example_kubernetes_executor_config.py: No module named 'kubernetes'
[2021-07-23 16:20:03,588] {logging_mixin.py:104} INFO - [2021-07-23 16:20:03,587] {example_kubernetes_executor_config.py:176} WARNING - Install kubernetes dependencies with: pip install apache-airflow['cncf.kubernetes']
[2021-07-23 16:20:03,588] {scheduler_job.py:644} WARNING - No viable dags retrieved from /home/dennismutia/.virtualenvs/wefarm/lib/python3.8/site-packages/airflow/example_dags/example_kubernetes_executor_config.py
[2021-07-23 16:20:03,605] {scheduler_job.py:189} INFO - Processing /home/dennismutia/.virtualenvs/wefarm/lib/python3.8/site-packages/airflow/example_dags/example_kubernetes_executor_config.py took 0.027 seconds
[2021-07-23 16:20:05,507] {scheduler_job.py:181} INFO - Started process (PID=1111) to work on /home/dennismutia/.virtualenvs/wefarm/lib/python3.8/site-packages/airflow/example_dags/example_kubernetes_executor_config.py
[2021-07-23 16:20:05,508] {scheduler_job.py:632} INFO - Processing file /home/dennismutia/.virtualenvs/wefarm/lib/python3.8/site-packages/airflow/example_dags/example_kubernetes_executor_config.py for tasks to queue
[2021-07-23 16:20:05,508] {logging_mixin.py:104} INFO - [2021-07-23 16:20:05,508] {dagbag.py:496} INFO - Filling up the DagBag from /home/dennismutia/.virtualenvs/wefarm/lib/python3.8/site-packages/airflow/example_dags/example_kubernetes_executor_config.py
[2021-07-23 16:20:05,513] {logging_mixin.py:104} INFO - [2021-07-23 16:20:05,513] {example_kubernetes_executor_config.py:175} WARNING - Could not import DAGs in example_kubernetes_executor_config.py: No module named 'kubernetes'
[2021-07-23 16:20:05,513] {logging_mixin.py:104} INFO - [2021-07-23 16:20:05,513] {example_kubernetes_executor_config.py:176} WARNING - Install kubernetes dependencies with: pip install apache-airflow['cncf.kubernetes']
[2021-07-23 16:20:05,514] {scheduler_job.py:644} WARNING - No viable dags retrieved from /home/dennismutia/.virtualenvs/wefarm/lib/python3.8/site-packages/airflow/example_dags/example_kubernetes_executor_config.py
[2021-07-23 16:20:05,555] {scheduler_job.py:189} INFO - Processing /home/dennismutia/.virtualenvs/wefarm/lib/python3.8/site-packages/airflow/example_dags/example_kubernetes_executor_config.py took 0.051 seconds
[2021-07-23 16:20:07,372] {scheduler_job.py:181} INFO - Started process (PID=1172) to work on /home/dennismutia/.virtualenvs/wefarm/lib/python3.8/site-packages/airflow/example_dags/example_kubernetes_executor_config.py
[2021-07-23 16:20:07,373] {scheduler_job.py:632} INFO - Processing file /home/dennismutia/.virtualenvs/wefarm/lib/python3.8/site-packages/airflow/example_dags/example_kubernetes_executor_config.py for tasks to queue
[2021-07-23 16:20:07,374] {logging_mixin.py:104} INFO - [2021-07-23 16:20:07,374] {dagbag.py:496} INFO - Filling up the DagBag from /home/dennismutia/.virtualenvs/wefarm/lib/python3.8/site-packages/airflow/example_dags/example_kubernetes_executor_config.py
[2021-07-23 16:20:07,379] {logging_mixin.py:104} INFO - [2021-07-23 16:20:07,378] {example_kubernetes_executor_config.py:175} WARNING - Could not import DAGs in example_kubernetes_executor_config.py: No module named 'kubernetes'
[2021-07-23 16:20:07,379] {logging_mixin.py:104} INFO - [2021-07-23 16:20:07,379] {example_kubernetes_executor_config.py:176} WARNING - Install kubernetes dependencies with: pip install apache-airflow['cncf.kubernetes']
[2021-07-23 16:20:07,379] {scheduler_job.py:644} WARNING - No viable dags retrieved from /home/dennismutia/.virtualenvs/wefarm/lib/python3.8/site-packages/airflow/example_dags/example_kubernetes_executor_config.py
[2021-07-23 16:20:07,405] {scheduler_job.py:189} INFO - Processing /home/dennismutia/.virtualenvs/wefarm/lib/python3.8/site-packages/airflow/example_dags/example_kubernetes_executor_config.py took 0.035 seconds
[2021-07-23 16:20:09,465] {scheduler_job.py:181} INFO - Started process (PID=1252) to work on /home/dennismutia/.virtualenvs/wefarm/lib/python3.8/site-packages/airflow/example_dags/example_kubernetes_executor_config.py
[2021-07-23 16:20:09,466] {scheduler_job.py:632} INFO - Processing file /home/dennismutia/.virtualenvs/wefarm/lib/python3.8/site-packages/airflow/example_dags/example_kubernetes_executor_config.py for tasks to queue
[2021-07-23 16:20:09,467] {logging_mixin.py:104} INFO - [2021-07-23 16:20:09,466] {dagbag.py:496} INFO - Filling up the DagBag from /home/dennismutia/.virtualenvs/wefarm/lib/python3.8/site-packages/airflow/example_dags/example_kubernetes_executor_config.py
[2021-07-23 16:20:09,471] {logging_mixin.py:104} INFO - [2021-07-23 16:20:09,471] {example_kubernetes_executor_config.py:175} WARNING - Could not import DAGs in example_kubernetes_executor_config.py: No module named 'kubernetes'
[2021-07-23 16:20:09,471] {logging_mixin.py:104} INFO - [2021-07-23 16:20:09,471] {example_kubernetes_executor_config.py:176} WARNING - Install kubernetes dependencies with: pip install apache-airflow['cncf.kubernetes']
[2021-07-23 16:20:09,471] {scheduler_job.py:644} WARNING - No viable dags retrieved from /home/dennismutia/.virtualenvs/wefarm/lib/python3.8/site-packages/airflow/example_dags/example_kubernetes_executor_config.py
[2021-07-23 16:20:09,487] {scheduler_job.py:189} INFO - Processing /home/dennismutia/.virtualenvs/wefarm/lib/python3.8/site-packages/airflow/example_dags/example_kubernetes_executor_config.py took 0.024 seconds
[2021-07-23 16:20:11,356] {scheduler_job.py:181} INFO - Started process (PID=1314) to work on /home/dennismutia/.virtualenvs/wefarm/lib/python3.8/site-packages/airflow/example_dags/example_kubernetes_executor_config.py
[2021-07-23 16:20:11,357] {scheduler_job.py:632} INFO - Processing file /home/dennismutia/.virtualenvs/wefarm/lib/python3.8/site-packages/airflow/example_dags/example_kubernetes_executor_config.py for tasks to queue
[2021-07-23 16:20:11,357] {logging_mixin.py:104} INFO - [2021-07-23 16:20:11,357] {dagbag.py:496} INFO - Filling up the DagBag from /home/dennismutia/.virtualenvs/wefarm/lib/python3.8/site-packages/airflow/example_dags/example_kubernetes_executor_config.py
[2021-07-23 16:20:11,362] {logging_mixin.py:104} INFO - [2021-07-23 16:20:11,362] {example_kubernetes_executor_config.py:175} WARNING - Could not import DAGs in example_kubernetes_executor_config.py: No module named 'kubernetes'
[2021-07-23 16:20:11,362] {logging_mixin.py:104} INFO - [2021-07-23 16:20:11,362] {example_kubernetes_executor_config.py:176} WARNING - Install kubernetes dependencies with: pip install apache-airflow['cncf.kubernetes']
[2021-07-23 16:20:11,362] {scheduler_job.py:644} WARNING - No viable dags retrieved from /home/dennismutia/.virtualenvs/wefarm/lib/python3.8/site-packages/airflow/example_dags/example_kubernetes_executor_config.py
[2021-07-23 16:20:11,380] {scheduler_job.py:189} INFO - Processing /home/dennismutia/.virtualenvs/wefarm/lib/python3.8/site-packages/airflow/example_dags/example_kubernetes_executor_config.py took 0.027 seconds
[2021-07-23 16:20:13,424] {scheduler_job.py:181} INFO - Started process (PID=1376) to work on /home/dennismutia/.virtualenvs/wefarm/lib/python3.8/site-packages/airflow/example_dags/example_kubernetes_executor_config.py
[2021-07-23 16:20:13,425] {scheduler_job.py:632} INFO - Processing file /home/dennismutia/.virtualenvs/wefarm/lib/python3.8/site-packages/airflow/example_dags/example_kubernetes_executor_config.py for tasks to queue
[2021-07-23 16:20:13,426] {logging_mixin.py:104} INFO - [2021-07-23 16:20:13,426] {dagbag.py:496} INFO - Filling up the DagBag from /home/dennismutia/.virtualenvs/wefarm/lib/python3.8/site-packages/airflow/example_dags/example_kubernetes_executor_config.py
[2021-07-23 16:20:13,432] {logging_mixin.py:104} INFO - [2021-07-23 16:20:13,432] {example_kubernetes_executor_config.py:175} WARNING - Could not import DAGs in example_kubernetes_executor_config.py: No module named 'kubernetes'
[2021-07-23 16:20:13,432] {logging_mixin.py:104} INFO - [2021-07-23 16:20:13,432] {example_kubernetes_executor_config.py:176} WARNING - Install kubernetes dependencies with: pip install apache-airflow['cncf.kubernetes']
[2021-07-23 16:20:13,432] {scheduler_job.py:644} WARNING - No viable dags retrieved from /home/dennismutia/.virtualenvs/wefarm/lib/python3.8/site-packages/airflow/example_dags/example_kubernetes_executor_config.py
[2021-07-23 16:20:13,477] {scheduler_job.py:189} INFO - Processing /home/dennismutia/.virtualenvs/wefarm/lib/python3.8/site-packages/airflow/example_dags/example_kubernetes_executor_config.py took 0.057 seconds
[2021-07-23 16:20:15,829] {scheduler_job.py:181} INFO - Started process (PID=1436) to work on /home/dennismutia/.virtualenvs/wefarm/lib/python3.8/site-packages/airflow/example_dags/example_kubernetes_executor_config.py
[2021-07-23 16:20:15,830] {scheduler_job.py:632} INFO - Processing file /home/dennismutia/.virtualenvs/wefarm/lib/python3.8/site-packages/airflow/example_dags/example_kubernetes_executor_config.py for tasks to queue
[2021-07-23 16:20:15,831] {logging_mixin.py:104} INFO - [2021-07-23 16:20:15,831] {dagbag.py:496} INFO - Filling up the DagBag from /home/dennismutia/.virtualenvs/wefarm/lib/python3.8/site-packages/airflow/example_dags/example_kubernetes_executor_config.py
[2021-07-23 16:20:15,839] {logging_mixin.py:104} INFO - [2021-07-23 16:20:15,839] {example_kubernetes_executor_config.py:175} WARNING - Could not import DAGs in example_kubernetes_executor_config.py: No module named 'kubernetes'
[2021-07-23 16:20:15,840] {logging_mixin.py:104} INFO - [2021-07-23 16:20:15,839] {example_kubernetes_executor_config.py:176} WARNING - Install kubernetes dependencies with: pip install apache-airflow['cncf.kubernetes']
[2021-07-23 16:20:15,840] {scheduler_job.py:644} WARNING - No viable dags retrieved from /home/dennismutia/.virtualenvs/wefarm/lib/python3.8/site-packages/airflow/example_dags/example_kubernetes_executor_config.py
[2021-07-23 16:20:15,877] {scheduler_job.py:189} INFO - Processing /home/dennismutia/.virtualenvs/wefarm/lib/python3.8/site-packages/airflow/example_dags/example_kubernetes_executor_config.py took 0.052 seconds
[2021-07-23 16:20:18,237] {scheduler_job.py:181} INFO - Started process (PID=1496) to work on /home/dennismutia/.virtualenvs/wefarm/lib/python3.8/site-packages/airflow/example_dags/example_kubernetes_executor_config.py
[2021-07-23 16:20:18,238] {scheduler_job.py:632} INFO - Processing file /home/dennismutia/.virtualenvs/wefarm/lib/python3.8/site-packages/airflow/example_dags/example_kubernetes_executor_config.py for tasks to queue
[2021-07-23 16:20:18,239] {logging_mixin.py:104} INFO - [2021-07-23 16:20:18,239] {dagbag.py:496} INFO - Filling up the DagBag from /home/dennismutia/.virtualenvs/wefarm/lib/python3.8/site-packages/airflow/example_dags/example_kubernetes_executor_config.py
[2021-07-23 16:20:18,244] {logging_mixin.py:104} INFO - [2021-07-23 16:20:18,244] {example_kubernetes_executor_config.py:175} WARNING - Could not import DAGs in example_kubernetes_executor_config.py: No module named 'kubernetes'
[2021-07-23 16:20:18,245] {logging_mixin.py:104} INFO - [2021-07-23 16:20:18,245] {example_kubernetes_executor_config.py:176} WARNING - Install kubernetes dependencies with: pip install apache-airflow['cncf.kubernetes']
[2021-07-23 16:20:18,245] {scheduler_job.py:644} WARNING - No viable dags retrieved from /home/dennismutia/.virtualenvs/wefarm/lib/python3.8/site-packages/airflow/example_dags/example_kubernetes_executor_config.py
[2021-07-23 16:20:18,280] {scheduler_job.py:189} INFO - Processing /home/dennismutia/.virtualenvs/wefarm/lib/python3.8/site-packages/airflow/example_dags/example_kubernetes_executor_config.py took 0.046 seconds
[2021-07-23 16:20:20,530] {scheduler_job.py:181} INFO - Started process (PID=1555) to work on /home/dennismutia/.virtualenvs/wefarm/lib/python3.8/site-packages/airflow/example_dags/example_kubernetes_executor_config.py
[2021-07-23 16:20:20,532] {scheduler_job.py:632} INFO - Processing file /home/dennismutia/.virtualenvs/wefarm/lib/python3.8/site-packages/airflow/example_dags/example_kubernetes_executor_config.py for tasks to queue
[2021-07-23 16:20:20,533] {logging_mixin.py:104} INFO - [2021-07-23 16:20:20,533] {dagbag.py:496} INFO - Filling up the DagBag from /home/dennismutia/.virtualenvs/wefarm/lib/python3.8/site-packages/airflow/example_dags/example_kubernetes_executor_config.py
[2021-07-23 16:20:20,539] {logging_mixin.py:104} INFO - [2021-07-23 16:20:20,539] {example_kubernetes_executor_config.py:175} WARNING - Could not import DAGs in example_kubernetes_executor_config.py: No module named 'kubernetes'
[2021-07-23 16:20:20,539] {logging_mixin.py:104} INFO - [2021-07-23 16:20:20,539] {example_kubernetes_executor_config.py:176} WARNING - Install kubernetes dependencies with: pip install apache-airflow['cncf.kubernetes']
[2021-07-23 16:20:20,540] {scheduler_job.py:644} WARNING - No viable dags retrieved from /home/dennismutia/.virtualenvs/wefarm/lib/python3.8/site-packages/airflow/example_dags/example_kubernetes_executor_config.py
[2021-07-23 16:20:20,575] {scheduler_job.py:189} INFO - Processing /home/dennismutia/.virtualenvs/wefarm/lib/python3.8/site-packages/airflow/example_dags/example_kubernetes_executor_config.py took 0.051 seconds
[2021-07-23 16:20:23,168] {scheduler_job.py:181} INFO - Started process (PID=1618) to work on /home/dennismutia/.virtualenvs/wefarm/lib/python3.8/site-packages/airflow/example_dags/example_kubernetes_executor_config.py
[2021-07-23 16:20:23,169] {scheduler_job.py:632} INFO - Processing file /home/dennismutia/.virtualenvs/wefarm/lib/python3.8/site-packages/airflow/example_dags/example_kubernetes_executor_config.py for tasks to queue
[2021-07-23 16:20:23,170] {logging_mixin.py:104} INFO - [2021-07-23 16:20:23,170] {dagbag.py:496} INFO - Filling up the DagBag from /home/dennismutia/.virtualenvs/wefarm/lib/python3.8/site-packages/airflow/example_dags/example_kubernetes_executor_config.py
[2021-07-23 16:20:23,175] {logging_mixin.py:104} INFO - [2021-07-23 16:20:23,175] {example_kubernetes_executor_config.py:175} WARNING - Could not import DAGs in example_kubernetes_executor_config.py: No module named 'kubernetes'
[2021-07-23 16:20:23,175] {logging_mixin.py:104} INFO - [2021-07-23 16:20:23,175] {example_kubernetes_executor_config.py:176} WARNING - Install kubernetes dependencies with: pip install apache-airflow['cncf.kubernetes']
[2021-07-23 16:20:23,176] {scheduler_job.py:644} WARNING - No viable dags retrieved from /home/dennismutia/.virtualenvs/wefarm/lib/python3.8/site-packages/airflow/example_dags/example_kubernetes_executor_config.py
[2021-07-23 16:20:23,211] {scheduler_job.py:189} INFO - Processing /home/dennismutia/.virtualenvs/wefarm/lib/python3.8/site-packages/airflow/example_dags/example_kubernetes_executor_config.py took 0.045 seconds
[2021-07-23 16:20:25,981] {scheduler_job.py:181} INFO - Started process (PID=1682) to work on /home/dennismutia/.virtualenvs/wefarm/lib/python3.8/site-packages/airflow/example_dags/example_kubernetes_executor_config.py
[2021-07-23 16:20:25,983] {scheduler_job.py:632} INFO - Processing file /home/dennismutia/.virtualenvs/wefarm/lib/python3.8/site-packages/airflow/example_dags/example_kubernetes_executor_config.py for tasks to queue
[2021-07-23 16:20:25,983] {logging_mixin.py:104} INFO - [2021-07-23 16:20:25,983] {dagbag.py:496} INFO - Filling up the DagBag from /home/dennismutia/.virtualenvs/wefarm/lib/python3.8/site-packages/airflow/example_dags/example_kubernetes_executor_config.py
[2021-07-23 16:20:25,989] {logging_mixin.py:104} INFO - [2021-07-23 16:20:25,989] {example_kubernetes_executor_config.py:175} WARNING - Could not import DAGs in example_kubernetes_executor_config.py: No module named 'kubernetes'
[2021-07-23 16:20:25,989] {logging_mixin.py:104} INFO - [2021-07-23 16:20:25,989] {example_kubernetes_executor_config.py:176} WARNING - Install kubernetes dependencies with: pip install apache-airflow['cncf.kubernetes']
[2021-07-23 16:20:25,990] {scheduler_job.py:644} WARNING - No viable dags retrieved from /home/dennismutia/.virtualenvs/wefarm/lib/python3.8/site-packages/airflow/example_dags/example_kubernetes_executor_config.py
[2021-07-23 16:20:26,013] {scheduler_job.py:189} INFO - Processing /home/dennismutia/.virtualenvs/wefarm/lib/python3.8/site-packages/airflow/example_dags/example_kubernetes_executor_config.py took 0.035 seconds
[2021-07-23 16:20:29,649] {scheduler_job.py:181} INFO - Started process (PID=1743) to work on /home/dennismutia/.virtualenvs/wefarm/lib/python3.8/site-packages/airflow/example_dags/example_kubernetes_executor_config.py
[2021-07-23 16:20:29,653] {scheduler_job.py:632} INFO - Processing file /home/dennismutia/.virtualenvs/wefarm/lib/python3.8/site-packages/airflow/example_dags/example_kubernetes_executor_config.py for tasks to queue
[2021-07-23 16:20:29,657] {logging_mixin.py:104} INFO - [2021-07-23 16:20:29,657] {dagbag.py:496} INFO - Filling up the DagBag from /home/dennismutia/.virtualenvs/wefarm/lib/python3.8/site-packages/airflow/example_dags/example_kubernetes_executor_config.py
[2021-07-23 16:20:29,665] {logging_mixin.py:104} INFO - [2021-07-23 16:20:29,664] {example_kubernetes_executor_config.py:175} WARNING - Could not import DAGs in example_kubernetes_executor_config.py: No module named 'kubernetes'
[2021-07-23 16:20:29,666] {logging_mixin.py:104} INFO - [2021-07-23 16:20:29,666] {example_kubernetes_executor_config.py:176} WARNING - Install kubernetes dependencies with: pip install apache-airflow['cncf.kubernetes']
[2021-07-23 16:20:29,668] {scheduler_job.py:644} WARNING - No viable dags retrieved from /home/dennismutia/.virtualenvs/wefarm/lib/python3.8/site-packages/airflow/example_dags/example_kubernetes_executor_config.py
[2021-07-23 16:20:29,691] {scheduler_job.py:189} INFO - Processing /home/dennismutia/.virtualenvs/wefarm/lib/python3.8/site-packages/airflow/example_dags/example_kubernetes_executor_config.py took 0.046 seconds
[2021-07-23 16:20:39,087] {scheduler_job.py:181} INFO - Started process (PID=1821) to work on /home/dennismutia/.virtualenvs/wefarm/lib/python3.8/site-packages/airflow/example_dags/example_kubernetes_executor_config.py
[2021-07-23 16:20:39,096] {scheduler_job.py:632} INFO - Processing file /home/dennismutia/.virtualenvs/wefarm/lib/python3.8/site-packages/airflow/example_dags/example_kubernetes_executor_config.py for tasks to queue
[2021-07-23 16:20:39,107] {logging_mixin.py:104} INFO - [2021-07-23 16:20:39,107] {dagbag.py:496} INFO - Filling up the DagBag from /home/dennismutia/.virtualenvs/wefarm/lib/python3.8/site-packages/airflow/example_dags/example_kubernetes_executor_config.py
[2021-07-23 16:20:39,124] {logging_mixin.py:104} INFO - [2021-07-23 16:20:39,124] {example_kubernetes_executor_config.py:175} WARNING - Could not import DAGs in example_kubernetes_executor_config.py: No module named 'kubernetes'
[2021-07-23 16:20:39,131] {logging_mixin.py:104} INFO - [2021-07-23 16:20:39,131] {example_kubernetes_executor_config.py:176} WARNING - Install kubernetes dependencies with: pip install apache-airflow['cncf.kubernetes']
[2021-07-23 16:20:39,147] {scheduler_job.py:644} WARNING - No viable dags retrieved from /home/dennismutia/.virtualenvs/wefarm/lib/python3.8/site-packages/airflow/example_dags/example_kubernetes_executor_config.py
[2021-07-23 16:20:39,183] {scheduler_job.py:189} INFO - Processing /home/dennismutia/.virtualenvs/wefarm/lib/python3.8/site-packages/airflow/example_dags/example_kubernetes_executor_config.py took 0.101 seconds
[2021-07-23 16:20:45,582] {scheduler_job.py:181} INFO - Started process (PID=1883) to work on /home/dennismutia/.virtualenvs/wefarm/lib/python3.8/site-packages/airflow/example_dags/example_kubernetes_executor_config.py
[2021-07-23 16:20:45,584] {scheduler_job.py:632} INFO - Processing file /home/dennismutia/.virtualenvs/wefarm/lib/python3.8/site-packages/airflow/example_dags/example_kubernetes_executor_config.py for tasks to queue
[2021-07-23 16:20:45,585] {logging_mixin.py:104} INFO - [2021-07-23 16:20:45,585] {dagbag.py:496} INFO - Filling up the DagBag from /home/dennismutia/.virtualenvs/wefarm/lib/python3.8/site-packages/airflow/example_dags/example_kubernetes_executor_config.py
[2021-07-23 16:20:45,617] {logging_mixin.py:104} INFO - [2021-07-23 16:20:45,617] {example_kubernetes_executor_config.py:175} WARNING - Could not import DAGs in example_kubernetes_executor_config.py: No module named 'kubernetes'
[2021-07-23 16:20:45,618] {logging_mixin.py:104} INFO - [2021-07-23 16:20:45,617] {example_kubernetes_executor_config.py:176} WARNING - Install kubernetes dependencies with: pip install apache-airflow['cncf.kubernetes']
[2021-07-23 16:20:45,618] {scheduler_job.py:644} WARNING - No viable dags retrieved from /home/dennismutia/.virtualenvs/wefarm/lib/python3.8/site-packages/airflow/example_dags/example_kubernetes_executor_config.py
[2021-07-23 16:20:45,680] {scheduler_job.py:189} INFO - Processing /home/dennismutia/.virtualenvs/wefarm/lib/python3.8/site-packages/airflow/example_dags/example_kubernetes_executor_config.py took 0.122 seconds
[2021-07-23 16:20:53,056] {scheduler_job.py:181} INFO - Started process (PID=1945) to work on /home/dennismutia/.virtualenvs/wefarm/lib/python3.8/site-packages/airflow/example_dags/example_kubernetes_executor_config.py
[2021-07-23 16:20:53,057] {scheduler_job.py:632} INFO - Processing file /home/dennismutia/.virtualenvs/wefarm/lib/python3.8/site-packages/airflow/example_dags/example_kubernetes_executor_config.py for tasks to queue
[2021-07-23 16:20:53,059] {logging_mixin.py:104} INFO - [2021-07-23 16:20:53,058] {dagbag.py:496} INFO - Filling up the DagBag from /home/dennismutia/.virtualenvs/wefarm/lib/python3.8/site-packages/airflow/example_dags/example_kubernetes_executor_config.py
[2021-07-23 16:20:53,074] {logging_mixin.py:104} INFO - [2021-07-23 16:20:53,074] {example_kubernetes_executor_config.py:175} WARNING - Could not import DAGs in example_kubernetes_executor_config.py: No module named 'kubernetes'
[2021-07-23 16:20:53,074] {logging_mixin.py:104} INFO - [2021-07-23 16:20:53,074] {example_kubernetes_executor_config.py:176} WARNING - Install kubernetes dependencies with: pip install apache-airflow['cncf.kubernetes']
[2021-07-23 16:20:53,074] {scheduler_job.py:644} WARNING - No viable dags retrieved from /home/dennismutia/.virtualenvs/wefarm/lib/python3.8/site-packages/airflow/example_dags/example_kubernetes_executor_config.py
[2021-07-23 16:20:53,098] {scheduler_job.py:189} INFO - Processing /home/dennismutia/.virtualenvs/wefarm/lib/python3.8/site-packages/airflow/example_dags/example_kubernetes_executor_config.py took 0.045 seconds
[2021-07-23 16:20:57,331] {scheduler_job.py:181} INFO - Started process (PID=2005) to work on /home/dennismutia/.virtualenvs/wefarm/lib/python3.8/site-packages/airflow/example_dags/example_kubernetes_executor_config.py
[2021-07-23 16:20:57,334] {scheduler_job.py:632} INFO - Processing file /home/dennismutia/.virtualenvs/wefarm/lib/python3.8/site-packages/airflow/example_dags/example_kubernetes_executor_config.py for tasks to queue
[2021-07-23 16:20:57,335] {logging_mixin.py:104} INFO - [2021-07-23 16:20:57,335] {dagbag.py:496} INFO - Filling up the DagBag from /home/dennismutia/.virtualenvs/wefarm/lib/python3.8/site-packages/airflow/example_dags/example_kubernetes_executor_config.py
[2021-07-23 16:20:57,344] {logging_mixin.py:104} INFO - [2021-07-23 16:20:57,343] {example_kubernetes_executor_config.py:175} WARNING - Could not import DAGs in example_kubernetes_executor_config.py: No module named 'kubernetes'
[2021-07-23 16:20:57,344] {logging_mixin.py:104} INFO - [2021-07-23 16:20:57,344] {example_kubernetes_executor_config.py:176} WARNING - Install kubernetes dependencies with: pip install apache-airflow['cncf.kubernetes']
[2021-07-23 16:20:57,344] {scheduler_job.py:644} WARNING - No viable dags retrieved from /home/dennismutia/.virtualenvs/wefarm/lib/python3.8/site-packages/airflow/example_dags/example_kubernetes_executor_config.py
[2021-07-23 16:20:57,366] {scheduler_job.py:189} INFO - Processing /home/dennismutia/.virtualenvs/wefarm/lib/python3.8/site-packages/airflow/example_dags/example_kubernetes_executor_config.py took 0.039 seconds
[2021-07-23 16:21:00,954] {scheduler_job.py:181} INFO - Started process (PID=2065) to work on /home/dennismutia/.virtualenvs/wefarm/lib/python3.8/site-packages/airflow/example_dags/example_kubernetes_executor_config.py
[2021-07-23 16:21:00,966] {scheduler_job.py:632} INFO - Processing file /home/dennismutia/.virtualenvs/wefarm/lib/python3.8/site-packages/airflow/example_dags/example_kubernetes_executor_config.py for tasks to queue
[2021-07-23 16:21:00,967] {logging_mixin.py:104} INFO - [2021-07-23 16:21:00,967] {dagbag.py:496} INFO - Filling up the DagBag from /home/dennismutia/.virtualenvs/wefarm/lib/python3.8/site-packages/airflow/example_dags/example_kubernetes_executor_config.py
[2021-07-23 16:21:01,013] {logging_mixin.py:104} INFO - [2021-07-23 16:21:01,002] {example_kubernetes_executor_config.py:175} WARNING - Could not import DAGs in example_kubernetes_executor_config.py: No module named 'kubernetes'
[2021-07-23 16:21:01,013] {logging_mixin.py:104} INFO - [2021-07-23 16:21:01,013] {example_kubernetes_executor_config.py:176} WARNING - Install kubernetes dependencies with: pip install apache-airflow['cncf.kubernetes']
[2021-07-23 16:21:01,014] {scheduler_job.py:644} WARNING - No viable dags retrieved from /home/dennismutia/.virtualenvs/wefarm/lib/python3.8/site-packages/airflow/example_dags/example_kubernetes_executor_config.py
[2021-07-23 16:21:01,084] {scheduler_job.py:189} INFO - Processing /home/dennismutia/.virtualenvs/wefarm/lib/python3.8/site-packages/airflow/example_dags/example_kubernetes_executor_config.py took 0.134 seconds
[2021-07-23 16:21:04,724] {scheduler_job.py:181} INFO - Started process (PID=2125) to work on /home/dennismutia/.virtualenvs/wefarm/lib/python3.8/site-packages/airflow/example_dags/example_kubernetes_executor_config.py
[2021-07-23 16:21:04,725] {scheduler_job.py:632} INFO - Processing file /home/dennismutia/.virtualenvs/wefarm/lib/python3.8/site-packages/airflow/example_dags/example_kubernetes_executor_config.py for tasks to queue
[2021-07-23 16:21:04,726] {logging_mixin.py:104} INFO - [2021-07-23 16:21:04,726] {dagbag.py:496} INFO - Filling up the DagBag from /home/dennismutia/.virtualenvs/wefarm/lib/python3.8/site-packages/airflow/example_dags/example_kubernetes_executor_config.py
[2021-07-23 16:21:04,742] {logging_mixin.py:104} INFO - [2021-07-23 16:21:04,742] {example_kubernetes_executor_config.py:175} WARNING - Could not import DAGs in example_kubernetes_executor_config.py: No module named 'kubernetes'
[2021-07-23 16:21:04,742] {logging_mixin.py:104} INFO - [2021-07-23 16:21:04,742] {example_kubernetes_executor_config.py:176} WARNING - Install kubernetes dependencies with: pip install apache-airflow['cncf.kubernetes']
[2021-07-23 16:21:04,743] {scheduler_job.py:644} WARNING - No viable dags retrieved from /home/dennismutia/.virtualenvs/wefarm/lib/python3.8/site-packages/airflow/example_dags/example_kubernetes_executor_config.py
[2021-07-23 16:21:04,767] {scheduler_job.py:189} INFO - Processing /home/dennismutia/.virtualenvs/wefarm/lib/python3.8/site-packages/airflow/example_dags/example_kubernetes_executor_config.py took 0.046 seconds
[2021-07-23 16:21:07,292] {scheduler_job.py:181} INFO - Started process (PID=2185) to work on /home/dennismutia/.virtualenvs/wefarm/lib/python3.8/site-packages/airflow/example_dags/example_kubernetes_executor_config.py
[2021-07-23 16:21:07,296] {scheduler_job.py:632} INFO - Processing file /home/dennismutia/.virtualenvs/wefarm/lib/python3.8/site-packages/airflow/example_dags/example_kubernetes_executor_config.py for tasks to queue
[2021-07-23 16:21:07,300] {logging_mixin.py:104} INFO - [2021-07-23 16:21:07,299] {dagbag.py:496} INFO - Filling up the DagBag from /home/dennismutia/.virtualenvs/wefarm/lib/python3.8/site-packages/airflow/example_dags/example_kubernetes_executor_config.py
[2021-07-23 16:21:07,313] {logging_mixin.py:104} INFO - [2021-07-23 16:21:07,313] {example_kubernetes_executor_config.py:175} WARNING - Could not import DAGs in example_kubernetes_executor_config.py: No module named 'kubernetes'
[2021-07-23 16:21:07,313] {logging_mixin.py:104} INFO - [2021-07-23 16:21:07,313] {example_kubernetes_executor_config.py:176} WARNING - Install kubernetes dependencies with: pip install apache-airflow['cncf.kubernetes']
[2021-07-23 16:21:07,314] {scheduler_job.py:644} WARNING - No viable dags retrieved from /home/dennismutia/.virtualenvs/wefarm/lib/python3.8/site-packages/airflow/example_dags/example_kubernetes_executor_config.py
[2021-07-23 16:21:07,357] {scheduler_job.py:189} INFO - Processing /home/dennismutia/.virtualenvs/wefarm/lib/python3.8/site-packages/airflow/example_dags/example_kubernetes_executor_config.py took 0.073 seconds
[2021-07-23 16:21:10,341] {scheduler_job.py:181} INFO - Started process (PID=2289) to work on /home/dennismutia/.virtualenvs/wefarm/lib/python3.8/site-packages/airflow/example_dags/example_kubernetes_executor_config.py
[2021-07-23 16:21:10,343] {scheduler_job.py:632} INFO - Processing file /home/dennismutia/.virtualenvs/wefarm/lib/python3.8/site-packages/airflow/example_dags/example_kubernetes_executor_config.py for tasks to queue
[2021-07-23 16:21:10,343] {logging_mixin.py:104} INFO - [2021-07-23 16:21:10,343] {dagbag.py:496} INFO - Filling up the DagBag from /home/dennismutia/.virtualenvs/wefarm/lib/python3.8/site-packages/airflow/example_dags/example_kubernetes_executor_config.py
[2021-07-23 16:21:10,352] {logging_mixin.py:104} INFO - [2021-07-23 16:21:10,352] {example_kubernetes_executor_config.py:175} WARNING - Could not import DAGs in example_kubernetes_executor_config.py: No module named 'kubernetes'
[2021-07-23 16:21:10,353] {logging_mixin.py:104} INFO - [2021-07-23 16:21:10,353] {example_kubernetes_executor_config.py:176} WARNING - Install kubernetes dependencies with: pip install apache-airflow['cncf.kubernetes']
[2021-07-23 16:21:10,353] {scheduler_job.py:644} WARNING - No viable dags retrieved from /home/dennismutia/.virtualenvs/wefarm/lib/python3.8/site-packages/airflow/example_dags/example_kubernetes_executor_config.py
[2021-07-23 16:21:10,383] {scheduler_job.py:189} INFO - Processing /home/dennismutia/.virtualenvs/wefarm/lib/python3.8/site-packages/airflow/example_dags/example_kubernetes_executor_config.py took 0.046 seconds
[2021-07-23 16:21:13,066] {scheduler_job.py:181} INFO - Started process (PID=2357) to work on /home/dennismutia/.virtualenvs/wefarm/lib/python3.8/site-packages/airflow/example_dags/example_kubernetes_executor_config.py
[2021-07-23 16:21:13,067] {scheduler_job.py:632} INFO - Processing file /home/dennismutia/.virtualenvs/wefarm/lib/python3.8/site-packages/airflow/example_dags/example_kubernetes_executor_config.py for tasks to queue
[2021-07-23 16:21:13,068] {logging_mixin.py:104} INFO - [2021-07-23 16:21:13,068] {dagbag.py:496} INFO - Filling up the DagBag from /home/dennismutia/.virtualenvs/wefarm/lib/python3.8/site-packages/airflow/example_dags/example_kubernetes_executor_config.py
[2021-07-23 16:21:13,077] {logging_mixin.py:104} INFO - [2021-07-23 16:21:13,076] {example_kubernetes_executor_config.py:175} WARNING - Could not import DAGs in example_kubernetes_executor_config.py: No module named 'kubernetes'
[2021-07-23 16:21:13,077] {logging_mixin.py:104} INFO - [2021-07-23 16:21:13,077] {example_kubernetes_executor_config.py:176} WARNING - Install kubernetes dependencies with: pip install apache-airflow['cncf.kubernetes']
[2021-07-23 16:21:13,077] {scheduler_job.py:644} WARNING - No viable dags retrieved from /home/dennismutia/.virtualenvs/wefarm/lib/python3.8/site-packages/airflow/example_dags/example_kubernetes_executor_config.py
[2021-07-23 16:21:13,102] {scheduler_job.py:189} INFO - Processing /home/dennismutia/.virtualenvs/wefarm/lib/python3.8/site-packages/airflow/example_dags/example_kubernetes_executor_config.py took 0.040 seconds
[2021-07-23 16:21:15,670] {scheduler_job.py:181} INFO - Started process (PID=2417) to work on /home/dennismutia/.virtualenvs/wefarm/lib/python3.8/site-packages/airflow/example_dags/example_kubernetes_executor_config.py
[2021-07-23 16:21:15,671] {scheduler_job.py:632} INFO - Processing file /home/dennismutia/.virtualenvs/wefarm/lib/python3.8/site-packages/airflow/example_dags/example_kubernetes_executor_config.py for tasks to queue
[2021-07-23 16:21:15,672] {logging_mixin.py:104} INFO - [2021-07-23 16:21:15,672] {dagbag.py:496} INFO - Filling up the DagBag from /home/dennismutia/.virtualenvs/wefarm/lib/python3.8/site-packages/airflow/example_dags/example_kubernetes_executor_config.py
[2021-07-23 16:21:15,680] {logging_mixin.py:104} INFO - [2021-07-23 16:21:15,680] {example_kubernetes_executor_config.py:175} WARNING - Could not import DAGs in example_kubernetes_executor_config.py: No module named 'kubernetes'
[2021-07-23 16:21:15,681] {logging_mixin.py:104} INFO - [2021-07-23 16:21:15,681] {example_kubernetes_executor_config.py:176} WARNING - Install kubernetes dependencies with: pip install apache-airflow['cncf.kubernetes']
[2021-07-23 16:21:15,681] {scheduler_job.py:644} WARNING - No viable dags retrieved from /home/dennismutia/.virtualenvs/wefarm/lib/python3.8/site-packages/airflow/example_dags/example_kubernetes_executor_config.py
[2021-07-23 16:21:15,714] {scheduler_job.py:189} INFO - Processing /home/dennismutia/.virtualenvs/wefarm/lib/python3.8/site-packages/airflow/example_dags/example_kubernetes_executor_config.py took 0.047 seconds
[2021-07-23 16:21:17,900] {scheduler_job.py:181} INFO - Started process (PID=2477) to work on /home/dennismutia/.virtualenvs/wefarm/lib/python3.8/site-packages/airflow/example_dags/example_kubernetes_executor_config.py
[2021-07-23 16:21:17,901] {scheduler_job.py:632} INFO - Processing file /home/dennismutia/.virtualenvs/wefarm/lib/python3.8/site-packages/airflow/example_dags/example_kubernetes_executor_config.py for tasks to queue
[2021-07-23 16:21:17,902] {logging_mixin.py:104} INFO - [2021-07-23 16:21:17,902] {dagbag.py:496} INFO - Filling up the DagBag from /home/dennismutia/.virtualenvs/wefarm/lib/python3.8/site-packages/airflow/example_dags/example_kubernetes_executor_config.py
[2021-07-23 16:21:17,910] {logging_mixin.py:104} INFO - [2021-07-23 16:21:17,910] {example_kubernetes_executor_config.py:175} WARNING - Could not import DAGs in example_kubernetes_executor_config.py: No module named 'kubernetes'
[2021-07-23 16:21:17,911] {logging_mixin.py:104} INFO - [2021-07-23 16:21:17,911] {example_kubernetes_executor_config.py:176} WARNING - Install kubernetes dependencies with: pip install apache-airflow['cncf.kubernetes']
[2021-07-23 16:21:17,911] {scheduler_job.py:644} WARNING - No viable dags retrieved from /home/dennismutia/.virtualenvs/wefarm/lib/python3.8/site-packages/airflow/example_dags/example_kubernetes_executor_config.py
[2021-07-23 16:21:17,931] {scheduler_job.py:189} INFO - Processing /home/dennismutia/.virtualenvs/wefarm/lib/python3.8/site-packages/airflow/example_dags/example_kubernetes_executor_config.py took 0.034 seconds
[2021-07-23 16:21:20,191] {scheduler_job.py:181} INFO - Started process (PID=2536) to work on /home/dennismutia/.virtualenvs/wefarm/lib/python3.8/site-packages/airflow/example_dags/example_kubernetes_executor_config.py
[2021-07-23 16:21:20,193] {scheduler_job.py:632} INFO - Processing file /home/dennismutia/.virtualenvs/wefarm/lib/python3.8/site-packages/airflow/example_dags/example_kubernetes_executor_config.py for tasks to queue
[2021-07-23 16:21:20,193] {logging_mixin.py:104} INFO - [2021-07-23 16:21:20,193] {dagbag.py:496} INFO - Filling up the DagBag from /home/dennismutia/.virtualenvs/wefarm/lib/python3.8/site-packages/airflow/example_dags/example_kubernetes_executor_config.py
[2021-07-23 16:21:20,204] {logging_mixin.py:104} INFO - [2021-07-23 16:21:20,203] {example_kubernetes_executor_config.py:175} WARNING - Could not import DAGs in example_kubernetes_executor_config.py: No module named 'kubernetes'
[2021-07-23 16:21:20,204] {logging_mixin.py:104} INFO - [2021-07-23 16:21:20,204] {example_kubernetes_executor_config.py:176} WARNING - Install kubernetes dependencies with: pip install apache-airflow['cncf.kubernetes']
[2021-07-23 16:21:20,204] {scheduler_job.py:644} WARNING - No viable dags retrieved from /home/dennismutia/.virtualenvs/wefarm/lib/python3.8/site-packages/airflow/example_dags/example_kubernetes_executor_config.py
[2021-07-23 16:21:20,226] {scheduler_job.py:189} INFO - Processing /home/dennismutia/.virtualenvs/wefarm/lib/python3.8/site-packages/airflow/example_dags/example_kubernetes_executor_config.py took 0.038 seconds
[2021-07-23 16:21:22,822] {scheduler_job.py:181} INFO - Started process (PID=2597) to work on /home/dennismutia/.virtualenvs/wefarm/lib/python3.8/site-packages/airflow/example_dags/example_kubernetes_executor_config.py
[2021-07-23 16:21:22,823] {scheduler_job.py:632} INFO - Processing file /home/dennismutia/.virtualenvs/wefarm/lib/python3.8/site-packages/airflow/example_dags/example_kubernetes_executor_config.py for tasks to queue
[2021-07-23 16:21:22,823] {logging_mixin.py:104} INFO - [2021-07-23 16:21:22,823] {dagbag.py:496} INFO - Filling up the DagBag from /home/dennismutia/.virtualenvs/wefarm/lib/python3.8/site-packages/airflow/example_dags/example_kubernetes_executor_config.py
[2021-07-23 16:21:22,833] {logging_mixin.py:104} INFO - [2021-07-23 16:21:22,833] {example_kubernetes_executor_config.py:175} WARNING - Could not import DAGs in example_kubernetes_executor_config.py: No module named 'kubernetes'
[2021-07-23 16:21:22,833] {logging_mixin.py:104} INFO - [2021-07-23 16:21:22,833] {example_kubernetes_executor_config.py:176} WARNING - Install kubernetes dependencies with: pip install apache-airflow['cncf.kubernetes']
[2021-07-23 16:21:22,833] {scheduler_job.py:644} WARNING - No viable dags retrieved from /home/dennismutia/.virtualenvs/wefarm/lib/python3.8/site-packages/airflow/example_dags/example_kubernetes_executor_config.py
[2021-07-23 16:21:22,877] {scheduler_job.py:189} INFO - Processing /home/dennismutia/.virtualenvs/wefarm/lib/python3.8/site-packages/airflow/example_dags/example_kubernetes_executor_config.py took 0.059 seconds
[2021-07-23 16:21:25,172] {scheduler_job.py:181} INFO - Started process (PID=2656) to work on /home/dennismutia/.virtualenvs/wefarm/lib/python3.8/site-packages/airflow/example_dags/example_kubernetes_executor_config.py
[2021-07-23 16:21:25,175] {scheduler_job.py:632} INFO - Processing file /home/dennismutia/.virtualenvs/wefarm/lib/python3.8/site-packages/airflow/example_dags/example_kubernetes_executor_config.py for tasks to queue
[2021-07-23 16:21:25,178] {logging_mixin.py:104} INFO - [2021-07-23 16:21:25,178] {dagbag.py:496} INFO - Filling up the DagBag from /home/dennismutia/.virtualenvs/wefarm/lib/python3.8/site-packages/airflow/example_dags/example_kubernetes_executor_config.py
[2021-07-23 16:21:25,188] {logging_mixin.py:104} INFO - [2021-07-23 16:21:25,188] {example_kubernetes_executor_config.py:175} WARNING - Could not import DAGs in example_kubernetes_executor_config.py: No module named 'kubernetes'
[2021-07-23 16:21:25,190] {logging_mixin.py:104} INFO - [2021-07-23 16:21:25,189] {example_kubernetes_executor_config.py:176} WARNING - Install kubernetes dependencies with: pip install apache-airflow['cncf.kubernetes']
[2021-07-23 16:21:25,192] {scheduler_job.py:644} WARNING - No viable dags retrieved from /home/dennismutia/.virtualenvs/wefarm/lib/python3.8/site-packages/airflow/example_dags/example_kubernetes_executor_config.py
[2021-07-23 16:21:25,229] {scheduler_job.py:189} INFO - Processing /home/dennismutia/.virtualenvs/wefarm/lib/python3.8/site-packages/airflow/example_dags/example_kubernetes_executor_config.py took 0.060 seconds
[2021-07-23 16:21:27,637] {scheduler_job.py:181} INFO - Started process (PID=2738) to work on /home/dennismutia/.virtualenvs/wefarm/lib/python3.8/site-packages/airflow/example_dags/example_kubernetes_executor_config.py
[2021-07-23 16:21:27,640] {scheduler_job.py:632} INFO - Processing file /home/dennismutia/.virtualenvs/wefarm/lib/python3.8/site-packages/airflow/example_dags/example_kubernetes_executor_config.py for tasks to queue
[2021-07-23 16:21:27,642] {logging_mixin.py:104} INFO - [2021-07-23 16:21:27,641] {dagbag.py:496} INFO - Filling up the DagBag from /home/dennismutia/.virtualenvs/wefarm/lib/python3.8/site-packages/airflow/example_dags/example_kubernetes_executor_config.py
[2021-07-23 16:21:27,651] {logging_mixin.py:104} INFO - [2021-07-23 16:21:27,651] {example_kubernetes_executor_config.py:175} WARNING - Could not import DAGs in example_kubernetes_executor_config.py: No module named 'kubernetes'
[2021-07-23 16:21:27,652] {logging_mixin.py:104} INFO - [2021-07-23 16:21:27,652] {example_kubernetes_executor_config.py:176} WARNING - Install kubernetes dependencies with: pip install apache-airflow['cncf.kubernetes']
[2021-07-23 16:21:27,652] {scheduler_job.py:644} WARNING - No viable dags retrieved from /home/dennismutia/.virtualenvs/wefarm/lib/python3.8/site-packages/airflow/example_dags/example_kubernetes_executor_config.py
[2021-07-23 16:21:27,674] {scheduler_job.py:189} INFO - Processing /home/dennismutia/.virtualenvs/wefarm/lib/python3.8/site-packages/airflow/example_dags/example_kubernetes_executor_config.py took 0.041 seconds
[2021-07-23 16:21:30,347] {scheduler_job.py:181} INFO - Started process (PID=2798) to work on /home/dennismutia/.virtualenvs/wefarm/lib/python3.8/site-packages/airflow/example_dags/example_kubernetes_executor_config.py
[2021-07-23 16:21:30,348] {scheduler_job.py:632} INFO - Processing file /home/dennismutia/.virtualenvs/wefarm/lib/python3.8/site-packages/airflow/example_dags/example_kubernetes_executor_config.py for tasks to queue
[2021-07-23 16:21:30,349] {logging_mixin.py:104} INFO - [2021-07-23 16:21:30,349] {dagbag.py:496} INFO - Filling up the DagBag from /home/dennismutia/.virtualenvs/wefarm/lib/python3.8/site-packages/airflow/example_dags/example_kubernetes_executor_config.py
[2021-07-23 16:21:30,359] {logging_mixin.py:104} INFO - [2021-07-23 16:21:30,359] {example_kubernetes_executor_config.py:175} WARNING - Could not import DAGs in example_kubernetes_executor_config.py: No module named 'kubernetes'
[2021-07-23 16:21:30,359] {logging_mixin.py:104} INFO - [2021-07-23 16:21:30,359] {example_kubernetes_executor_config.py:176} WARNING - Install kubernetes dependencies with: pip install apache-airflow['cncf.kubernetes']
[2021-07-23 16:21:30,359] {scheduler_job.py:644} WARNING - No viable dags retrieved from /home/dennismutia/.virtualenvs/wefarm/lib/python3.8/site-packages/airflow/example_dags/example_kubernetes_executor_config.py
[2021-07-23 16:21:30,389] {scheduler_job.py:189} INFO - Processing /home/dennismutia/.virtualenvs/wefarm/lib/python3.8/site-packages/airflow/example_dags/example_kubernetes_executor_config.py took 0.044 seconds
[2021-07-23 16:21:33,411] {scheduler_job.py:181} INFO - Started process (PID=2858) to work on /home/dennismutia/.virtualenvs/wefarm/lib/python3.8/site-packages/airflow/example_dags/example_kubernetes_executor_config.py
[2021-07-23 16:21:33,412] {scheduler_job.py:632} INFO - Processing file /home/dennismutia/.virtualenvs/wefarm/lib/python3.8/site-packages/airflow/example_dags/example_kubernetes_executor_config.py for tasks to queue
[2021-07-23 16:21:33,413] {logging_mixin.py:104} INFO - [2021-07-23 16:21:33,413] {dagbag.py:496} INFO - Filling up the DagBag from /home/dennismutia/.virtualenvs/wefarm/lib/python3.8/site-packages/airflow/example_dags/example_kubernetes_executor_config.py
[2021-07-23 16:21:33,423] {logging_mixin.py:104} INFO - [2021-07-23 16:21:33,423] {example_kubernetes_executor_config.py:175} WARNING - Could not import DAGs in example_kubernetes_executor_config.py: No module named 'kubernetes'
[2021-07-23 16:21:33,424] {logging_mixin.py:104} INFO - [2021-07-23 16:21:33,423] {example_kubernetes_executor_config.py:176} WARNING - Install kubernetes dependencies with: pip install apache-airflow['cncf.kubernetes']
[2021-07-23 16:21:33,424] {scheduler_job.py:644} WARNING - No viable dags retrieved from /home/dennismutia/.virtualenvs/wefarm/lib/python3.8/site-packages/airflow/example_dags/example_kubernetes_executor_config.py
[2021-07-23 16:21:33,449] {scheduler_job.py:189} INFO - Processing /home/dennismutia/.virtualenvs/wefarm/lib/python3.8/site-packages/airflow/example_dags/example_kubernetes_executor_config.py took 0.041 seconds
[2021-07-23 16:21:36,651] {scheduler_job.py:181} INFO - Started process (PID=2918) to work on /home/dennismutia/.virtualenvs/wefarm/lib/python3.8/site-packages/airflow/example_dags/example_kubernetes_executor_config.py
[2021-07-23 16:21:36,653] {scheduler_job.py:632} INFO - Processing file /home/dennismutia/.virtualenvs/wefarm/lib/python3.8/site-packages/airflow/example_dags/example_kubernetes_executor_config.py for tasks to queue
[2021-07-23 16:21:36,654] {logging_mixin.py:104} INFO - [2021-07-23 16:21:36,654] {dagbag.py:496} INFO - Filling up the DagBag from /home/dennismutia/.virtualenvs/wefarm/lib/python3.8/site-packages/airflow/example_dags/example_kubernetes_executor_config.py
[2021-07-23 16:21:36,662] {logging_mixin.py:104} INFO - [2021-07-23 16:21:36,662] {example_kubernetes_executor_config.py:175} WARNING - Could not import DAGs in example_kubernetes_executor_config.py: No module named 'kubernetes'
[2021-07-23 16:21:36,662] {logging_mixin.py:104} INFO - [2021-07-23 16:21:36,662] {example_kubernetes_executor_config.py:176} WARNING - Install kubernetes dependencies with: pip install apache-airflow['cncf.kubernetes']
[2021-07-23 16:21:36,663] {scheduler_job.py:644} WARNING - No viable dags retrieved from /home/dennismutia/.virtualenvs/wefarm/lib/python3.8/site-packages/airflow/example_dags/example_kubernetes_executor_config.py
[2021-07-23 16:21:36,682] {scheduler_job.py:189} INFO - Processing /home/dennismutia/.virtualenvs/wefarm/lib/python3.8/site-packages/airflow/example_dags/example_kubernetes_executor_config.py took 0.036 seconds
[2021-07-23 16:21:39,371] {scheduler_job.py:181} INFO - Started process (PID=2978) to work on /home/dennismutia/.virtualenvs/wefarm/lib/python3.8/site-packages/airflow/example_dags/example_kubernetes_executor_config.py
[2021-07-23 16:21:39,372] {scheduler_job.py:632} INFO - Processing file /home/dennismutia/.virtualenvs/wefarm/lib/python3.8/site-packages/airflow/example_dags/example_kubernetes_executor_config.py for tasks to queue
[2021-07-23 16:21:39,372] {logging_mixin.py:104} INFO - [2021-07-23 16:21:39,372] {dagbag.py:496} INFO - Filling up the DagBag from /home/dennismutia/.virtualenvs/wefarm/lib/python3.8/site-packages/airflow/example_dags/example_kubernetes_executor_config.py
[2021-07-23 16:21:39,382] {logging_mixin.py:104} INFO - [2021-07-23 16:21:39,382] {example_kubernetes_executor_config.py:175} WARNING - Could not import DAGs in example_kubernetes_executor_config.py: No module named 'kubernetes'
[2021-07-23 16:21:39,382] {logging_mixin.py:104} INFO - [2021-07-23 16:21:39,382] {example_kubernetes_executor_config.py:176} WARNING - Install kubernetes dependencies with: pip install apache-airflow['cncf.kubernetes']
[2021-07-23 16:21:39,382] {scheduler_job.py:644} WARNING - No viable dags retrieved from /home/dennismutia/.virtualenvs/wefarm/lib/python3.8/site-packages/airflow/example_dags/example_kubernetes_executor_config.py
[2021-07-23 16:21:39,403] {scheduler_job.py:189} INFO - Processing /home/dennismutia/.virtualenvs/wefarm/lib/python3.8/site-packages/airflow/example_dags/example_kubernetes_executor_config.py took 0.036 seconds
[2021-07-23 16:21:42,549] {scheduler_job.py:181} INFO - Started process (PID=3038) to work on /home/dennismutia/.virtualenvs/wefarm/lib/python3.8/site-packages/airflow/example_dags/example_kubernetes_executor_config.py
[2021-07-23 16:21:42,552] {scheduler_job.py:632} INFO - Processing file /home/dennismutia/.virtualenvs/wefarm/lib/python3.8/site-packages/airflow/example_dags/example_kubernetes_executor_config.py for tasks to queue
[2021-07-23 16:21:42,553] {logging_mixin.py:104} INFO - [2021-07-23 16:21:42,553] {dagbag.py:496} INFO - Filling up the DagBag from /home/dennismutia/.virtualenvs/wefarm/lib/python3.8/site-packages/airflow/example_dags/example_kubernetes_executor_config.py
[2021-07-23 16:21:42,570] {logging_mixin.py:104} INFO - [2021-07-23 16:21:42,570] {example_kubernetes_executor_config.py:175} WARNING - Could not import DAGs in example_kubernetes_executor_config.py: No module named 'kubernetes'
[2021-07-23 16:21:42,571] {logging_mixin.py:104} INFO - [2021-07-23 16:21:42,571] {example_kubernetes_executor_config.py:176} WARNING - Install kubernetes dependencies with: pip install apache-airflow['cncf.kubernetes']
[2021-07-23 16:21:42,571] {scheduler_job.py:644} WARNING - No viable dags retrieved from /home/dennismutia/.virtualenvs/wefarm/lib/python3.8/site-packages/airflow/example_dags/example_kubernetes_executor_config.py
[2021-07-23 16:21:42,594] {scheduler_job.py:189} INFO - Processing /home/dennismutia/.virtualenvs/wefarm/lib/python3.8/site-packages/airflow/example_dags/example_kubernetes_executor_config.py took 0.051 seconds
[2021-07-23 16:21:46,945] {scheduler_job.py:181} INFO - Started process (PID=3098) to work on /home/dennismutia/.virtualenvs/wefarm/lib/python3.8/site-packages/airflow/example_dags/example_kubernetes_executor_config.py
[2021-07-23 16:21:46,953] {scheduler_job.py:632} INFO - Processing file /home/dennismutia/.virtualenvs/wefarm/lib/python3.8/site-packages/airflow/example_dags/example_kubernetes_executor_config.py for tasks to queue
[2021-07-23 16:21:46,956] {logging_mixin.py:104} INFO - [2021-07-23 16:21:46,956] {dagbag.py:496} INFO - Filling up the DagBag from /home/dennismutia/.virtualenvs/wefarm/lib/python3.8/site-packages/airflow/example_dags/example_kubernetes_executor_config.py
[2021-07-23 16:21:46,974] {logging_mixin.py:104} INFO - [2021-07-23 16:21:46,974] {example_kubernetes_executor_config.py:175} WARNING - Could not import DAGs in example_kubernetes_executor_config.py: No module named 'kubernetes'
[2021-07-23 16:21:46,976] {logging_mixin.py:104} INFO - [2021-07-23 16:21:46,975] {example_kubernetes_executor_config.py:176} WARNING - Install kubernetes dependencies with: pip install apache-airflow['cncf.kubernetes']
[2021-07-23 16:21:46,978] {scheduler_job.py:644} WARNING - No viable dags retrieved from /home/dennismutia/.virtualenvs/wefarm/lib/python3.8/site-packages/airflow/example_dags/example_kubernetes_executor_config.py
[2021-07-23 16:21:47,019] {scheduler_job.py:189} INFO - Processing /home/dennismutia/.virtualenvs/wefarm/lib/python3.8/site-packages/airflow/example_dags/example_kubernetes_executor_config.py took 0.077 seconds
[2021-07-23 16:21:50,163] {scheduler_job.py:181} INFO - Started process (PID=3158) to work on /home/dennismutia/.virtualenvs/wefarm/lib/python3.8/site-packages/airflow/example_dags/example_kubernetes_executor_config.py
[2021-07-23 16:21:50,165] {scheduler_job.py:632} INFO - Processing file /home/dennismutia/.virtualenvs/wefarm/lib/python3.8/site-packages/airflow/example_dags/example_kubernetes_executor_config.py for tasks to queue
[2021-07-23 16:21:50,166] {logging_mixin.py:104} INFO - [2021-07-23 16:21:50,166] {dagbag.py:496} INFO - Filling up the DagBag from /home/dennismutia/.virtualenvs/wefarm/lib/python3.8/site-packages/airflow/example_dags/example_kubernetes_executor_config.py
[2021-07-23 16:21:50,176] {logging_mixin.py:104} INFO - [2021-07-23 16:21:50,176] {example_kubernetes_executor_config.py:175} WARNING - Could not import DAGs in example_kubernetes_executor_config.py: No module named 'kubernetes'
[2021-07-23 16:21:50,176] {logging_mixin.py:104} INFO - [2021-07-23 16:21:50,176] {example_kubernetes_executor_config.py:176} WARNING - Install kubernetes dependencies with: pip install apache-airflow['cncf.kubernetes']
[2021-07-23 16:21:50,177] {scheduler_job.py:644} WARNING - No viable dags retrieved from /home/dennismutia/.virtualenvs/wefarm/lib/python3.8/site-packages/airflow/example_dags/example_kubernetes_executor_config.py
[2021-07-23 16:21:50,215] {scheduler_job.py:189} INFO - Processing /home/dennismutia/.virtualenvs/wefarm/lib/python3.8/site-packages/airflow/example_dags/example_kubernetes_executor_config.py took 0.055 seconds
[2021-07-23 16:21:53,893] {scheduler_job.py:181} INFO - Started process (PID=3219) to work on /home/dennismutia/.virtualenvs/wefarm/lib/python3.8/site-packages/airflow/example_dags/example_kubernetes_executor_config.py
[2021-07-23 16:21:53,898] {scheduler_job.py:632} INFO - Processing file /home/dennismutia/.virtualenvs/wefarm/lib/python3.8/site-packages/airflow/example_dags/example_kubernetes_executor_config.py for tasks to queue
[2021-07-23 16:21:53,906] {logging_mixin.py:104} INFO - [2021-07-23 16:21:53,906] {dagbag.py:496} INFO - Filling up the DagBag from /home/dennismutia/.virtualenvs/wefarm/lib/python3.8/site-packages/airflow/example_dags/example_kubernetes_executor_config.py
[2021-07-23 16:21:53,914] {logging_mixin.py:104} INFO - [2021-07-23 16:21:53,914] {example_kubernetes_executor_config.py:175} WARNING - Could not import DAGs in example_kubernetes_executor_config.py: No module named 'kubernetes'
[2021-07-23 16:21:53,919] {logging_mixin.py:104} INFO - [2021-07-23 16:21:53,919] {example_kubernetes_executor_config.py:176} WARNING - Install kubernetes dependencies with: pip install apache-airflow['cncf.kubernetes']
[2021-07-23 16:21:53,919] {scheduler_job.py:644} WARNING - No viable dags retrieved from /home/dennismutia/.virtualenvs/wefarm/lib/python3.8/site-packages/airflow/example_dags/example_kubernetes_executor_config.py
[2021-07-23 16:21:53,950] {scheduler_job.py:189} INFO - Processing /home/dennismutia/.virtualenvs/wefarm/lib/python3.8/site-packages/airflow/example_dags/example_kubernetes_executor_config.py took 0.060 seconds
