[2021-07-23 16:19:57,632] {scheduler_job.py:181} INFO - Started process (PID=827) to work on /home/dennismutia/.virtualenvs/wefarm/lib/python3.8/site-packages/airflow/example_dags/example_branch_operator.py
[2021-07-23 16:19:57,633] {scheduler_job.py:632} INFO - Processing file /home/dennismutia/.virtualenvs/wefarm/lib/python3.8/site-packages/airflow/example_dags/example_branch_operator.py for tasks to queue
[2021-07-23 16:19:57,633] {logging_mixin.py:104} INFO - [2021-07-23 16:19:57,633] {dagbag.py:496} INFO - Filling up the DagBag from /home/dennismutia/.virtualenvs/wefarm/lib/python3.8/site-packages/airflow/example_dags/example_branch_operator.py
[2021-07-23 16:19:57,645] {scheduler_job.py:642} INFO - DAG(s) dict_keys(['example_branch_operator']) retrieved from /home/dennismutia/.virtualenvs/wefarm/lib/python3.8/site-packages/airflow/example_dags/example_branch_operator.py
[2021-07-23 16:19:57,845] {logging_mixin.py:104} INFO - [2021-07-23 16:19:57,845] {dag.py:1833} INFO - Sync 1 DAGs
[2021-07-23 16:19:57,856] {logging_mixin.py:104} INFO - [2021-07-23 16:19:57,856] {dag.py:2306} INFO - Setting next_dagrun for example_branch_operator to 2021-07-21 00:00:00+00:00
[2021-07-23 16:19:57,872] {scheduler_job.py:189} INFO - Processing /home/dennismutia/.virtualenvs/wefarm/lib/python3.8/site-packages/airflow/example_dags/example_branch_operator.py took 0.242 seconds
[2021-07-23 16:19:59,993] {scheduler_job.py:181} INFO - Started process (PID=890) to work on /home/dennismutia/.virtualenvs/wefarm/lib/python3.8/site-packages/airflow/example_dags/example_branch_operator.py
[2021-07-23 16:19:59,994] {scheduler_job.py:632} INFO - Processing file /home/dennismutia/.virtualenvs/wefarm/lib/python3.8/site-packages/airflow/example_dags/example_branch_operator.py for tasks to queue
[2021-07-23 16:19:59,994] {logging_mixin.py:104} INFO - [2021-07-23 16:19:59,994] {dagbag.py:496} INFO - Filling up the DagBag from /home/dennismutia/.virtualenvs/wefarm/lib/python3.8/site-packages/airflow/example_dags/example_branch_operator.py
[2021-07-23 16:20:00,010] {scheduler_job.py:642} INFO - DAG(s) dict_keys(['example_branch_operator']) retrieved from /home/dennismutia/.virtualenvs/wefarm/lib/python3.8/site-packages/airflow/example_dags/example_branch_operator.py
[2021-07-23 16:20:00,072] {logging_mixin.py:104} INFO - [2021-07-23 16:20:00,072] {dag.py:1833} INFO - Sync 1 DAGs
[2021-07-23 16:20:00,086] {logging_mixin.py:104} INFO - [2021-07-23 16:20:00,086] {dag.py:2306} INFO - Setting next_dagrun for example_branch_operator to 2021-07-21 00:00:00+00:00
[2021-07-23 16:20:00,099] {scheduler_job.py:189} INFO - Processing /home/dennismutia/.virtualenvs/wefarm/lib/python3.8/site-packages/airflow/example_dags/example_branch_operator.py took 0.108 seconds
[2021-07-23 16:20:01,894] {scheduler_job.py:181} INFO - Started process (PID=970) to work on /home/dennismutia/.virtualenvs/wefarm/lib/python3.8/site-packages/airflow/example_dags/example_branch_operator.py
[2021-07-23 16:20:01,895] {scheduler_job.py:632} INFO - Processing file /home/dennismutia/.virtualenvs/wefarm/lib/python3.8/site-packages/airflow/example_dags/example_branch_operator.py for tasks to queue
[2021-07-23 16:20:01,896] {logging_mixin.py:104} INFO - [2021-07-23 16:20:01,895] {dagbag.py:496} INFO - Filling up the DagBag from /home/dennismutia/.virtualenvs/wefarm/lib/python3.8/site-packages/airflow/example_dags/example_branch_operator.py
[2021-07-23 16:20:01,922] {scheduler_job.py:642} INFO - DAG(s) dict_keys(['example_branch_operator']) retrieved from /home/dennismutia/.virtualenvs/wefarm/lib/python3.8/site-packages/airflow/example_dags/example_branch_operator.py
[2021-07-23 16:20:02,017] {logging_mixin.py:104} INFO - [2021-07-23 16:20:02,016] {dag.py:1833} INFO - Sync 1 DAGs
[2021-07-23 16:20:02,035] {logging_mixin.py:104} INFO - [2021-07-23 16:20:02,035] {dag.py:2306} INFO - Setting next_dagrun for example_branch_operator to 2021-07-21 00:00:00+00:00
[2021-07-23 16:20:02,049] {scheduler_job.py:189} INFO - Processing /home/dennismutia/.virtualenvs/wefarm/lib/python3.8/site-packages/airflow/example_dags/example_branch_operator.py took 0.160 seconds
[2021-07-23 16:20:03,879] {scheduler_job.py:181} INFO - Started process (PID=1053) to work on /home/dennismutia/.virtualenvs/wefarm/lib/python3.8/site-packages/airflow/example_dags/example_branch_operator.py
[2021-07-23 16:20:03,880] {scheduler_job.py:632} INFO - Processing file /home/dennismutia/.virtualenvs/wefarm/lib/python3.8/site-packages/airflow/example_dags/example_branch_operator.py for tasks to queue
[2021-07-23 16:20:03,880] {logging_mixin.py:104} INFO - [2021-07-23 16:20:03,880] {dagbag.py:496} INFO - Filling up the DagBag from /home/dennismutia/.virtualenvs/wefarm/lib/python3.8/site-packages/airflow/example_dags/example_branch_operator.py
[2021-07-23 16:20:03,898] {scheduler_job.py:642} INFO - DAG(s) dict_keys(['example_branch_operator']) retrieved from /home/dennismutia/.virtualenvs/wefarm/lib/python3.8/site-packages/airflow/example_dags/example_branch_operator.py
[2021-07-23 16:20:03,984] {logging_mixin.py:104} INFO - [2021-07-23 16:20:03,984] {dag.py:1833} INFO - Sync 1 DAGs
[2021-07-23 16:20:03,997] {logging_mixin.py:104} INFO - [2021-07-23 16:20:03,997] {dag.py:2306} INFO - Setting next_dagrun for example_branch_operator to 2021-07-21 00:00:00+00:00
[2021-07-23 16:20:04,007] {scheduler_job.py:189} INFO - Processing /home/dennismutia/.virtualenvs/wefarm/lib/python3.8/site-packages/airflow/example_dags/example_branch_operator.py took 0.131 seconds
[2021-07-23 16:20:05,786] {scheduler_job.py:181} INFO - Started process (PID=1121) to work on /home/dennismutia/.virtualenvs/wefarm/lib/python3.8/site-packages/airflow/example_dags/example_branch_operator.py
[2021-07-23 16:20:05,787] {scheduler_job.py:632} INFO - Processing file /home/dennismutia/.virtualenvs/wefarm/lib/python3.8/site-packages/airflow/example_dags/example_branch_operator.py for tasks to queue
[2021-07-23 16:20:05,788] {logging_mixin.py:104} INFO - [2021-07-23 16:20:05,788] {dagbag.py:496} INFO - Filling up the DagBag from /home/dennismutia/.virtualenvs/wefarm/lib/python3.8/site-packages/airflow/example_dags/example_branch_operator.py
[2021-07-23 16:20:05,803] {scheduler_job.py:642} INFO - DAG(s) dict_keys(['example_branch_operator']) retrieved from /home/dennismutia/.virtualenvs/wefarm/lib/python3.8/site-packages/airflow/example_dags/example_branch_operator.py
[2021-07-23 16:20:05,861] {logging_mixin.py:104} INFO - [2021-07-23 16:20:05,861] {dag.py:1833} INFO - Sync 1 DAGs
[2021-07-23 16:20:05,875] {logging_mixin.py:104} INFO - [2021-07-23 16:20:05,875] {dag.py:2306} INFO - Setting next_dagrun for example_branch_operator to 2021-07-21 00:00:00+00:00
[2021-07-23 16:20:05,888] {scheduler_job.py:189} INFO - Processing /home/dennismutia/.virtualenvs/wefarm/lib/python3.8/site-packages/airflow/example_dags/example_branch_operator.py took 0.104 seconds
[2021-07-23 16:20:07,679] {scheduler_job.py:181} INFO - Started process (PID=1181) to work on /home/dennismutia/.virtualenvs/wefarm/lib/python3.8/site-packages/airflow/example_dags/example_branch_operator.py
[2021-07-23 16:20:07,682] {scheduler_job.py:632} INFO - Processing file /home/dennismutia/.virtualenvs/wefarm/lib/python3.8/site-packages/airflow/example_dags/example_branch_operator.py for tasks to queue
[2021-07-23 16:20:07,683] {logging_mixin.py:104} INFO - [2021-07-23 16:20:07,683] {dagbag.py:496} INFO - Filling up the DagBag from /home/dennismutia/.virtualenvs/wefarm/lib/python3.8/site-packages/airflow/example_dags/example_branch_operator.py
[2021-07-23 16:20:07,697] {scheduler_job.py:642} INFO - DAG(s) dict_keys(['example_branch_operator']) retrieved from /home/dennismutia/.virtualenvs/wefarm/lib/python3.8/site-packages/airflow/example_dags/example_branch_operator.py
[2021-07-23 16:20:07,762] {logging_mixin.py:104} INFO - [2021-07-23 16:20:07,761] {dag.py:1833} INFO - Sync 1 DAGs
[2021-07-23 16:20:07,775] {logging_mixin.py:104} INFO - [2021-07-23 16:20:07,775] {dag.py:2306} INFO - Setting next_dagrun for example_branch_operator to 2021-07-21 00:00:00+00:00
[2021-07-23 16:20:07,789] {scheduler_job.py:189} INFO - Processing /home/dennismutia/.virtualenvs/wefarm/lib/python3.8/site-packages/airflow/example_dags/example_branch_operator.py took 0.113 seconds
[2021-07-23 16:20:09,757] {scheduler_job.py:181} INFO - Started process (PID=1262) to work on /home/dennismutia/.virtualenvs/wefarm/lib/python3.8/site-packages/airflow/example_dags/example_branch_operator.py
[2021-07-23 16:20:09,758] {scheduler_job.py:632} INFO - Processing file /home/dennismutia/.virtualenvs/wefarm/lib/python3.8/site-packages/airflow/example_dags/example_branch_operator.py for tasks to queue
[2021-07-23 16:20:09,759] {logging_mixin.py:104} INFO - [2021-07-23 16:20:09,758] {dagbag.py:496} INFO - Filling up the DagBag from /home/dennismutia/.virtualenvs/wefarm/lib/python3.8/site-packages/airflow/example_dags/example_branch_operator.py
[2021-07-23 16:20:09,775] {scheduler_job.py:642} INFO - DAG(s) dict_keys(['example_branch_operator']) retrieved from /home/dennismutia/.virtualenvs/wefarm/lib/python3.8/site-packages/airflow/example_dags/example_branch_operator.py
[2021-07-23 16:20:09,842] {logging_mixin.py:104} INFO - [2021-07-23 16:20:09,842] {dag.py:1833} INFO - Sync 1 DAGs
[2021-07-23 16:20:09,854] {logging_mixin.py:104} INFO - [2021-07-23 16:20:09,854] {dag.py:2306} INFO - Setting next_dagrun for example_branch_operator to 2021-07-21 00:00:00+00:00
[2021-07-23 16:20:09,864] {scheduler_job.py:189} INFO - Processing /home/dennismutia/.virtualenvs/wefarm/lib/python3.8/site-packages/airflow/example_dags/example_branch_operator.py took 0.110 seconds
[2021-07-23 16:20:11,650] {scheduler_job.py:181} INFO - Started process (PID=1324) to work on /home/dennismutia/.virtualenvs/wefarm/lib/python3.8/site-packages/airflow/example_dags/example_branch_operator.py
[2021-07-23 16:20:11,652] {scheduler_job.py:632} INFO - Processing file /home/dennismutia/.virtualenvs/wefarm/lib/python3.8/site-packages/airflow/example_dags/example_branch_operator.py for tasks to queue
[2021-07-23 16:20:11,654] {logging_mixin.py:104} INFO - [2021-07-23 16:20:11,654] {dagbag.py:496} INFO - Filling up the DagBag from /home/dennismutia/.virtualenvs/wefarm/lib/python3.8/site-packages/airflow/example_dags/example_branch_operator.py
[2021-07-23 16:20:11,667] {scheduler_job.py:642} INFO - DAG(s) dict_keys(['example_branch_operator']) retrieved from /home/dennismutia/.virtualenvs/wefarm/lib/python3.8/site-packages/airflow/example_dags/example_branch_operator.py
[2021-07-23 16:20:11,737] {logging_mixin.py:104} INFO - [2021-07-23 16:20:11,737] {dag.py:1833} INFO - Sync 1 DAGs
[2021-07-23 16:20:11,749] {logging_mixin.py:104} INFO - [2021-07-23 16:20:11,748] {dag.py:2306} INFO - Setting next_dagrun for example_branch_operator to 2021-07-21 00:00:00+00:00
[2021-07-23 16:20:11,758] {scheduler_job.py:189} INFO - Processing /home/dennismutia/.virtualenvs/wefarm/lib/python3.8/site-packages/airflow/example_dags/example_branch_operator.py took 0.112 seconds
[2021-07-23 16:20:13,781] {scheduler_job.py:181} INFO - Started process (PID=1386) to work on /home/dennismutia/.virtualenvs/wefarm/lib/python3.8/site-packages/airflow/example_dags/example_branch_operator.py
[2021-07-23 16:20:13,782] {scheduler_job.py:632} INFO - Processing file /home/dennismutia/.virtualenvs/wefarm/lib/python3.8/site-packages/airflow/example_dags/example_branch_operator.py for tasks to queue
[2021-07-23 16:20:13,783] {logging_mixin.py:104} INFO - [2021-07-23 16:20:13,782] {dagbag.py:496} INFO - Filling up the DagBag from /home/dennismutia/.virtualenvs/wefarm/lib/python3.8/site-packages/airflow/example_dags/example_branch_operator.py
[2021-07-23 16:20:13,802] {scheduler_job.py:642} INFO - DAG(s) dict_keys(['example_branch_operator']) retrieved from /home/dennismutia/.virtualenvs/wefarm/lib/python3.8/site-packages/airflow/example_dags/example_branch_operator.py
[2021-07-23 16:20:13,881] {logging_mixin.py:104} INFO - [2021-07-23 16:20:13,881] {dag.py:1833} INFO - Sync 1 DAGs
[2021-07-23 16:20:13,899] {logging_mixin.py:104} INFO - [2021-07-23 16:20:13,899] {dag.py:2306} INFO - Setting next_dagrun for example_branch_operator to 2021-07-21 00:00:00+00:00
[2021-07-23 16:20:13,910] {scheduler_job.py:189} INFO - Processing /home/dennismutia/.virtualenvs/wefarm/lib/python3.8/site-packages/airflow/example_dags/example_branch_operator.py took 0.134 seconds
[2021-07-23 16:20:16,158] {scheduler_job.py:181} INFO - Started process (PID=1446) to work on /home/dennismutia/.virtualenvs/wefarm/lib/python3.8/site-packages/airflow/example_dags/example_branch_operator.py
[2021-07-23 16:20:16,159] {scheduler_job.py:632} INFO - Processing file /home/dennismutia/.virtualenvs/wefarm/lib/python3.8/site-packages/airflow/example_dags/example_branch_operator.py for tasks to queue
[2021-07-23 16:20:16,160] {logging_mixin.py:104} INFO - [2021-07-23 16:20:16,160] {dagbag.py:496} INFO - Filling up the DagBag from /home/dennismutia/.virtualenvs/wefarm/lib/python3.8/site-packages/airflow/example_dags/example_branch_operator.py
[2021-07-23 16:20:16,176] {scheduler_job.py:642} INFO - DAG(s) dict_keys(['example_branch_operator']) retrieved from /home/dennismutia/.virtualenvs/wefarm/lib/python3.8/site-packages/airflow/example_dags/example_branch_operator.py
[2021-07-23 16:20:16,267] {logging_mixin.py:104} INFO - [2021-07-23 16:20:16,267] {dag.py:1833} INFO - Sync 1 DAGs
[2021-07-23 16:20:16,287] {logging_mixin.py:104} INFO - [2021-07-23 16:20:16,286] {dag.py:2306} INFO - Setting next_dagrun for example_branch_operator to 2021-07-21 00:00:00+00:00
[2021-07-23 16:20:16,310] {scheduler_job.py:189} INFO - Processing /home/dennismutia/.virtualenvs/wefarm/lib/python3.8/site-packages/airflow/example_dags/example_branch_operator.py took 0.155 seconds
[2021-07-23 16:20:18,538] {scheduler_job.py:181} INFO - Started process (PID=1506) to work on /home/dennismutia/.virtualenvs/wefarm/lib/python3.8/site-packages/airflow/example_dags/example_branch_operator.py
[2021-07-23 16:20:18,539] {scheduler_job.py:632} INFO - Processing file /home/dennismutia/.virtualenvs/wefarm/lib/python3.8/site-packages/airflow/example_dags/example_branch_operator.py for tasks to queue
[2021-07-23 16:20:18,540] {logging_mixin.py:104} INFO - [2021-07-23 16:20:18,540] {dagbag.py:496} INFO - Filling up the DagBag from /home/dennismutia/.virtualenvs/wefarm/lib/python3.8/site-packages/airflow/example_dags/example_branch_operator.py
[2021-07-23 16:20:18,558] {scheduler_job.py:642} INFO - DAG(s) dict_keys(['example_branch_operator']) retrieved from /home/dennismutia/.virtualenvs/wefarm/lib/python3.8/site-packages/airflow/example_dags/example_branch_operator.py
[2021-07-23 16:20:18,642] {logging_mixin.py:104} INFO - [2021-07-23 16:20:18,642] {dag.py:1833} INFO - Sync 1 DAGs
[2021-07-23 16:20:18,667] {logging_mixin.py:104} INFO - [2021-07-23 16:20:18,666] {dag.py:2306} INFO - Setting next_dagrun for example_branch_operator to 2021-07-21 00:00:00+00:00
[2021-07-23 16:20:18,680] {scheduler_job.py:189} INFO - Processing /home/dennismutia/.virtualenvs/wefarm/lib/python3.8/site-packages/airflow/example_dags/example_branch_operator.py took 0.145 seconds
[2021-07-23 16:20:20,876] {scheduler_job.py:181} INFO - Started process (PID=1566) to work on /home/dennismutia/.virtualenvs/wefarm/lib/python3.8/site-packages/airflow/example_dags/example_branch_operator.py
[2021-07-23 16:20:20,879] {scheduler_job.py:632} INFO - Processing file /home/dennismutia/.virtualenvs/wefarm/lib/python3.8/site-packages/airflow/example_dags/example_branch_operator.py for tasks to queue
[2021-07-23 16:20:20,881] {logging_mixin.py:104} INFO - [2021-07-23 16:20:20,881] {dagbag.py:496} INFO - Filling up the DagBag from /home/dennismutia/.virtualenvs/wefarm/lib/python3.8/site-packages/airflow/example_dags/example_branch_operator.py
[2021-07-23 16:20:20,902] {scheduler_job.py:642} INFO - DAG(s) dict_keys(['example_branch_operator']) retrieved from /home/dennismutia/.virtualenvs/wefarm/lib/python3.8/site-packages/airflow/example_dags/example_branch_operator.py
[2021-07-23 16:20:20,976] {logging_mixin.py:104} INFO - [2021-07-23 16:20:20,975] {dag.py:1833} INFO - Sync 1 DAGs
[2021-07-23 16:20:20,992] {logging_mixin.py:104} INFO - [2021-07-23 16:20:20,992] {dag.py:2306} INFO - Setting next_dagrun for example_branch_operator to 2021-07-21 00:00:00+00:00
[2021-07-23 16:20:21,006] {scheduler_job.py:189} INFO - Processing /home/dennismutia/.virtualenvs/wefarm/lib/python3.8/site-packages/airflow/example_dags/example_branch_operator.py took 0.134 seconds
[2021-07-23 16:20:23,580] {scheduler_job.py:181} INFO - Started process (PID=1631) to work on /home/dennismutia/.virtualenvs/wefarm/lib/python3.8/site-packages/airflow/example_dags/example_branch_operator.py
[2021-07-23 16:20:23,585] {scheduler_job.py:632} INFO - Processing file /home/dennismutia/.virtualenvs/wefarm/lib/python3.8/site-packages/airflow/example_dags/example_branch_operator.py for tasks to queue
[2021-07-23 16:20:23,589] {logging_mixin.py:104} INFO - [2021-07-23 16:20:23,589] {dagbag.py:496} INFO - Filling up the DagBag from /home/dennismutia/.virtualenvs/wefarm/lib/python3.8/site-packages/airflow/example_dags/example_branch_operator.py
[2021-07-23 16:20:23,619] {scheduler_job.py:642} INFO - DAG(s) dict_keys(['example_branch_operator']) retrieved from /home/dennismutia/.virtualenvs/wefarm/lib/python3.8/site-packages/airflow/example_dags/example_branch_operator.py
[2021-07-23 16:20:23,705] {logging_mixin.py:104} INFO - [2021-07-23 16:20:23,705] {dag.py:1833} INFO - Sync 1 DAGs
[2021-07-23 16:20:23,728] {logging_mixin.py:104} INFO - [2021-07-23 16:20:23,728] {dag.py:2306} INFO - Setting next_dagrun for example_branch_operator to 2021-07-21 00:00:00+00:00
[2021-07-23 16:20:23,744] {scheduler_job.py:189} INFO - Processing /home/dennismutia/.virtualenvs/wefarm/lib/python3.8/site-packages/airflow/example_dags/example_branch_operator.py took 0.167 seconds
[2021-07-23 16:20:26,356] {scheduler_job.py:181} INFO - Started process (PID=1692) to work on /home/dennismutia/.virtualenvs/wefarm/lib/python3.8/site-packages/airflow/example_dags/example_branch_operator.py
[2021-07-23 16:20:26,362] {scheduler_job.py:632} INFO - Processing file /home/dennismutia/.virtualenvs/wefarm/lib/python3.8/site-packages/airflow/example_dags/example_branch_operator.py for tasks to queue
[2021-07-23 16:20:26,369] {logging_mixin.py:104} INFO - [2021-07-23 16:20:26,368] {dagbag.py:496} INFO - Filling up the DagBag from /home/dennismutia/.virtualenvs/wefarm/lib/python3.8/site-packages/airflow/example_dags/example_branch_operator.py
[2021-07-23 16:20:26,396] {scheduler_job.py:642} INFO - DAG(s) dict_keys(['example_branch_operator']) retrieved from /home/dennismutia/.virtualenvs/wefarm/lib/python3.8/site-packages/airflow/example_dags/example_branch_operator.py
[2021-07-23 16:20:26,493] {logging_mixin.py:104} INFO - [2021-07-23 16:20:26,492] {dag.py:1833} INFO - Sync 1 DAGs
[2021-07-23 16:20:26,517] {logging_mixin.py:104} INFO - [2021-07-23 16:20:26,517] {dag.py:2306} INFO - Setting next_dagrun for example_branch_operator to 2021-07-21 00:00:00+00:00
[2021-07-23 16:20:26,539] {scheduler_job.py:189} INFO - Processing /home/dennismutia/.virtualenvs/wefarm/lib/python3.8/site-packages/airflow/example_dags/example_branch_operator.py took 0.187 seconds
[2021-07-23 16:20:31,474] {scheduler_job.py:181} INFO - Started process (PID=1754) to work on /home/dennismutia/.virtualenvs/wefarm/lib/python3.8/site-packages/airflow/example_dags/example_branch_operator.py
[2021-07-23 16:20:31,486] {scheduler_job.py:632} INFO - Processing file /home/dennismutia/.virtualenvs/wefarm/lib/python3.8/site-packages/airflow/example_dags/example_branch_operator.py for tasks to queue
[2021-07-23 16:20:31,487] {logging_mixin.py:104} INFO - [2021-07-23 16:20:31,487] {dagbag.py:496} INFO - Filling up the DagBag from /home/dennismutia/.virtualenvs/wefarm/lib/python3.8/site-packages/airflow/example_dags/example_branch_operator.py
[2021-07-23 16:20:31,551] {scheduler_job.py:642} INFO - DAG(s) dict_keys(['example_branch_operator']) retrieved from /home/dennismutia/.virtualenvs/wefarm/lib/python3.8/site-packages/airflow/example_dags/example_branch_operator.py
[2021-07-23 16:20:31,749] {logging_mixin.py:104} INFO - [2021-07-23 16:20:31,749] {dag.py:1833} INFO - Sync 1 DAGs
[2021-07-23 16:20:31,794] {logging_mixin.py:104} INFO - [2021-07-23 16:20:31,794] {dag.py:2306} INFO - Setting next_dagrun for example_branch_operator to 2021-07-21 00:00:00+00:00
[2021-07-23 16:20:31,826] {scheduler_job.py:189} INFO - Processing /home/dennismutia/.virtualenvs/wefarm/lib/python3.8/site-packages/airflow/example_dags/example_branch_operator.py took 0.356 seconds
[2021-07-23 16:20:40,135] {scheduler_job.py:181} INFO - Started process (PID=1831) to work on /home/dennismutia/.virtualenvs/wefarm/lib/python3.8/site-packages/airflow/example_dags/example_branch_operator.py
[2021-07-23 16:20:40,136] {scheduler_job.py:632} INFO - Processing file /home/dennismutia/.virtualenvs/wefarm/lib/python3.8/site-packages/airflow/example_dags/example_branch_operator.py for tasks to queue
[2021-07-23 16:20:40,137] {logging_mixin.py:104} INFO - [2021-07-23 16:20:40,136] {dagbag.py:496} INFO - Filling up the DagBag from /home/dennismutia/.virtualenvs/wefarm/lib/python3.8/site-packages/airflow/example_dags/example_branch_operator.py
[2021-07-23 16:20:40,221] {scheduler_job.py:642} INFO - DAG(s) dict_keys(['example_branch_operator']) retrieved from /home/dennismutia/.virtualenvs/wefarm/lib/python3.8/site-packages/airflow/example_dags/example_branch_operator.py
[2021-07-23 16:20:40,391] {logging_mixin.py:104} INFO - [2021-07-23 16:20:40,390] {dag.py:1833} INFO - Sync 1 DAGs
[2021-07-23 16:20:40,485] {logging_mixin.py:104} INFO - [2021-07-23 16:20:40,485] {dag.py:2306} INFO - Setting next_dagrun for example_branch_operator to 2021-07-21 00:00:00+00:00
[2021-07-23 16:20:40,534] {scheduler_job.py:189} INFO - Processing /home/dennismutia/.virtualenvs/wefarm/lib/python3.8/site-packages/airflow/example_dags/example_branch_operator.py took 0.432 seconds
[2021-07-23 16:20:46,742] {scheduler_job.py:181} INFO - Started process (PID=1894) to work on /home/dennismutia/.virtualenvs/wefarm/lib/python3.8/site-packages/airflow/example_dags/example_branch_operator.py
[2021-07-23 16:20:46,744] {scheduler_job.py:632} INFO - Processing file /home/dennismutia/.virtualenvs/wefarm/lib/python3.8/site-packages/airflow/example_dags/example_branch_operator.py for tasks to queue
[2021-07-23 16:20:46,745] {logging_mixin.py:104} INFO - [2021-07-23 16:20:46,745] {dagbag.py:496} INFO - Filling up the DagBag from /home/dennismutia/.virtualenvs/wefarm/lib/python3.8/site-packages/airflow/example_dags/example_branch_operator.py
[2021-07-23 16:20:46,819] {scheduler_job.py:642} INFO - DAG(s) dict_keys(['example_branch_operator']) retrieved from /home/dennismutia/.virtualenvs/wefarm/lib/python3.8/site-packages/airflow/example_dags/example_branch_operator.py
[2021-07-23 16:20:47,138] {logging_mixin.py:104} INFO - [2021-07-23 16:20:47,138] {dag.py:1833} INFO - Sync 1 DAGs
[2021-07-23 16:20:47,184] {logging_mixin.py:104} INFO - [2021-07-23 16:20:47,184] {dag.py:2306} INFO - Setting next_dagrun for example_branch_operator to 2021-07-21 00:00:00+00:00
[2021-07-23 16:20:47,208] {scheduler_job.py:189} INFO - Processing /home/dennismutia/.virtualenvs/wefarm/lib/python3.8/site-packages/airflow/example_dags/example_branch_operator.py took 0.475 seconds
[2021-07-23 16:20:53,828] {scheduler_job.py:181} INFO - Started process (PID=1955) to work on /home/dennismutia/.virtualenvs/wefarm/lib/python3.8/site-packages/airflow/example_dags/example_branch_operator.py
[2021-07-23 16:20:53,829] {scheduler_job.py:632} INFO - Processing file /home/dennismutia/.virtualenvs/wefarm/lib/python3.8/site-packages/airflow/example_dags/example_branch_operator.py for tasks to queue
[2021-07-23 16:20:53,830] {logging_mixin.py:104} INFO - [2021-07-23 16:20:53,830] {dagbag.py:496} INFO - Filling up the DagBag from /home/dennismutia/.virtualenvs/wefarm/lib/python3.8/site-packages/airflow/example_dags/example_branch_operator.py
[2021-07-23 16:20:53,850] {scheduler_job.py:642} INFO - DAG(s) dict_keys(['example_branch_operator']) retrieved from /home/dennismutia/.virtualenvs/wefarm/lib/python3.8/site-packages/airflow/example_dags/example_branch_operator.py
[2021-07-23 16:20:54,056] {logging_mixin.py:104} INFO - [2021-07-23 16:20:54,055] {dag.py:1833} INFO - Sync 1 DAGs
[2021-07-23 16:20:54,085] {logging_mixin.py:104} INFO - [2021-07-23 16:20:54,085] {dag.py:2306} INFO - Setting next_dagrun for example_branch_operator to 2021-07-21 00:00:00+00:00
[2021-07-23 16:20:54,100] {scheduler_job.py:189} INFO - Processing /home/dennismutia/.virtualenvs/wefarm/lib/python3.8/site-packages/airflow/example_dags/example_branch_operator.py took 0.287 seconds
[2021-07-23 16:20:57,751] {scheduler_job.py:181} INFO - Started process (PID=2015) to work on /home/dennismutia/.virtualenvs/wefarm/lib/python3.8/site-packages/airflow/example_dags/example_branch_operator.py
[2021-07-23 16:20:57,754] {scheduler_job.py:632} INFO - Processing file /home/dennismutia/.virtualenvs/wefarm/lib/python3.8/site-packages/airflow/example_dags/example_branch_operator.py for tasks to queue
[2021-07-23 16:20:57,756] {logging_mixin.py:104} INFO - [2021-07-23 16:20:57,756] {dagbag.py:496} INFO - Filling up the DagBag from /home/dennismutia/.virtualenvs/wefarm/lib/python3.8/site-packages/airflow/example_dags/example_branch_operator.py
[2021-07-23 16:20:57,777] {scheduler_job.py:642} INFO - DAG(s) dict_keys(['example_branch_operator']) retrieved from /home/dennismutia/.virtualenvs/wefarm/lib/python3.8/site-packages/airflow/example_dags/example_branch_operator.py
[2021-07-23 16:20:57,898] {logging_mixin.py:104} INFO - [2021-07-23 16:20:57,898] {dag.py:1833} INFO - Sync 1 DAGs
[2021-07-23 16:20:57,921] {logging_mixin.py:104} INFO - [2021-07-23 16:20:57,921] {dag.py:2306} INFO - Setting next_dagrun for example_branch_operator to 2021-07-21 00:00:00+00:00
[2021-07-23 16:20:57,939] {scheduler_job.py:189} INFO - Processing /home/dennismutia/.virtualenvs/wefarm/lib/python3.8/site-packages/airflow/example_dags/example_branch_operator.py took 0.192 seconds
[2021-07-23 16:21:01,861] {scheduler_job.py:181} INFO - Started process (PID=2074) to work on /home/dennismutia/.virtualenvs/wefarm/lib/python3.8/site-packages/airflow/example_dags/example_branch_operator.py
[2021-07-23 16:21:01,862] {scheduler_job.py:632} INFO - Processing file /home/dennismutia/.virtualenvs/wefarm/lib/python3.8/site-packages/airflow/example_dags/example_branch_operator.py for tasks to queue
[2021-07-23 16:21:01,863] {logging_mixin.py:104} INFO - [2021-07-23 16:21:01,863] {dagbag.py:496} INFO - Filling up the DagBag from /home/dennismutia/.virtualenvs/wefarm/lib/python3.8/site-packages/airflow/example_dags/example_branch_operator.py
[2021-07-23 16:21:01,894] {scheduler_job.py:642} INFO - DAG(s) dict_keys(['example_branch_operator']) retrieved from /home/dennismutia/.virtualenvs/wefarm/lib/python3.8/site-packages/airflow/example_dags/example_branch_operator.py
[2021-07-23 16:21:02,011] {logging_mixin.py:104} INFO - [2021-07-23 16:21:02,011] {dag.py:1833} INFO - Sync 1 DAGs
[2021-07-23 16:21:02,043] {logging_mixin.py:104} INFO - [2021-07-23 16:21:02,043] {dag.py:2306} INFO - Setting next_dagrun for example_branch_operator to 2021-07-21 00:00:00+00:00
[2021-07-23 16:21:02,087] {scheduler_job.py:189} INFO - Processing /home/dennismutia/.virtualenvs/wefarm/lib/python3.8/site-packages/airflow/example_dags/example_branch_operator.py took 0.234 seconds
[2021-07-23 16:21:05,078] {scheduler_job.py:181} INFO - Started process (PID=2135) to work on /home/dennismutia/.virtualenvs/wefarm/lib/python3.8/site-packages/airflow/example_dags/example_branch_operator.py
[2021-07-23 16:21:05,079] {scheduler_job.py:632} INFO - Processing file /home/dennismutia/.virtualenvs/wefarm/lib/python3.8/site-packages/airflow/example_dags/example_branch_operator.py for tasks to queue
[2021-07-23 16:21:05,080] {logging_mixin.py:104} INFO - [2021-07-23 16:21:05,080] {dagbag.py:496} INFO - Filling up the DagBag from /home/dennismutia/.virtualenvs/wefarm/lib/python3.8/site-packages/airflow/example_dags/example_branch_operator.py
[2021-07-23 16:21:05,095] {scheduler_job.py:642} INFO - DAG(s) dict_keys(['example_branch_operator']) retrieved from /home/dennismutia/.virtualenvs/wefarm/lib/python3.8/site-packages/airflow/example_dags/example_branch_operator.py
[2021-07-23 16:21:05,171] {logging_mixin.py:104} INFO - [2021-07-23 16:21:05,171] {dag.py:1833} INFO - Sync 1 DAGs
[2021-07-23 16:21:05,190] {logging_mixin.py:104} INFO - [2021-07-23 16:21:05,190] {dag.py:2306} INFO - Setting next_dagrun for example_branch_operator to 2021-07-21 00:00:00+00:00
[2021-07-23 16:21:05,203] {scheduler_job.py:189} INFO - Processing /home/dennismutia/.virtualenvs/wefarm/lib/python3.8/site-packages/airflow/example_dags/example_branch_operator.py took 0.128 seconds
[2021-07-23 16:21:07,746] {scheduler_job.py:181} INFO - Started process (PID=2196) to work on /home/dennismutia/.virtualenvs/wefarm/lib/python3.8/site-packages/airflow/example_dags/example_branch_operator.py
[2021-07-23 16:21:07,748] {scheduler_job.py:632} INFO - Processing file /home/dennismutia/.virtualenvs/wefarm/lib/python3.8/site-packages/airflow/example_dags/example_branch_operator.py for tasks to queue
[2021-07-23 16:21:07,748] {logging_mixin.py:104} INFO - [2021-07-23 16:21:07,748] {dagbag.py:496} INFO - Filling up the DagBag from /home/dennismutia/.virtualenvs/wefarm/lib/python3.8/site-packages/airflow/example_dags/example_branch_operator.py
[2021-07-23 16:21:07,867] {scheduler_job.py:642} INFO - DAG(s) dict_keys(['example_branch_operator']) retrieved from /home/dennismutia/.virtualenvs/wefarm/lib/python3.8/site-packages/airflow/example_dags/example_branch_operator.py
[2021-07-23 16:21:07,900] {logging_mixin.py:104} INFO - [2021-07-23 16:21:07,899] {dag.py:1833} INFO - Sync 1 DAGs
[2021-07-23 16:21:07,926] {logging_mixin.py:104} INFO - [2021-07-23 16:21:07,926] {dag.py:2306} INFO - Setting next_dagrun for example_branch_operator to 2021-07-21 00:00:00+00:00
[2021-07-23 16:21:07,940] {scheduler_job.py:189} INFO - Processing /home/dennismutia/.virtualenvs/wefarm/lib/python3.8/site-packages/airflow/example_dags/example_branch_operator.py took 0.198 seconds
[2021-07-23 16:21:10,760] {scheduler_job.py:181} INFO - Started process (PID=2299) to work on /home/dennismutia/.virtualenvs/wefarm/lib/python3.8/site-packages/airflow/example_dags/example_branch_operator.py
[2021-07-23 16:21:10,761] {scheduler_job.py:632} INFO - Processing file /home/dennismutia/.virtualenvs/wefarm/lib/python3.8/site-packages/airflow/example_dags/example_branch_operator.py for tasks to queue
[2021-07-23 16:21:10,761] {logging_mixin.py:104} INFO - [2021-07-23 16:21:10,761] {dagbag.py:496} INFO - Filling up the DagBag from /home/dennismutia/.virtualenvs/wefarm/lib/python3.8/site-packages/airflow/example_dags/example_branch_operator.py
[2021-07-23 16:21:10,838] {scheduler_job.py:642} INFO - DAG(s) dict_keys(['example_branch_operator']) retrieved from /home/dennismutia/.virtualenvs/wefarm/lib/python3.8/site-packages/airflow/example_dags/example_branch_operator.py
[2021-07-23 16:21:10,876] {logging_mixin.py:104} INFO - [2021-07-23 16:21:10,876] {dag.py:1833} INFO - Sync 1 DAGs
[2021-07-23 16:21:10,930] {logging_mixin.py:104} INFO - [2021-07-23 16:21:10,930] {dag.py:2306} INFO - Setting next_dagrun for example_branch_operator to 2021-07-21 00:00:00+00:00
[2021-07-23 16:21:10,952] {scheduler_job.py:189} INFO - Processing /home/dennismutia/.virtualenvs/wefarm/lib/python3.8/site-packages/airflow/example_dags/example_branch_operator.py took 0.195 seconds
[2021-07-23 16:21:13,444] {scheduler_job.py:181} INFO - Started process (PID=2367) to work on /home/dennismutia/.virtualenvs/wefarm/lib/python3.8/site-packages/airflow/example_dags/example_branch_operator.py
[2021-07-23 16:21:13,445] {scheduler_job.py:632} INFO - Processing file /home/dennismutia/.virtualenvs/wefarm/lib/python3.8/site-packages/airflow/example_dags/example_branch_operator.py for tasks to queue
[2021-07-23 16:21:13,445] {logging_mixin.py:104} INFO - [2021-07-23 16:21:13,445] {dagbag.py:496} INFO - Filling up the DagBag from /home/dennismutia/.virtualenvs/wefarm/lib/python3.8/site-packages/airflow/example_dags/example_branch_operator.py
[2021-07-23 16:21:13,516] {scheduler_job.py:642} INFO - DAG(s) dict_keys(['example_branch_operator']) retrieved from /home/dennismutia/.virtualenvs/wefarm/lib/python3.8/site-packages/airflow/example_dags/example_branch_operator.py
[2021-07-23 16:21:13,547] {logging_mixin.py:104} INFO - [2021-07-23 16:21:13,547] {dag.py:1833} INFO - Sync 1 DAGs
[2021-07-23 16:21:13,570] {logging_mixin.py:104} INFO - [2021-07-23 16:21:13,570] {dag.py:2306} INFO - Setting next_dagrun for example_branch_operator to 2021-07-21 00:00:00+00:00
[2021-07-23 16:21:13,586] {scheduler_job.py:189} INFO - Processing /home/dennismutia/.virtualenvs/wefarm/lib/python3.8/site-packages/airflow/example_dags/example_branch_operator.py took 0.145 seconds
[2021-07-23 16:21:15,956] {scheduler_job.py:181} INFO - Started process (PID=2426) to work on /home/dennismutia/.virtualenvs/wefarm/lib/python3.8/site-packages/airflow/example_dags/example_branch_operator.py
[2021-07-23 16:21:15,959] {scheduler_job.py:632} INFO - Processing file /home/dennismutia/.virtualenvs/wefarm/lib/python3.8/site-packages/airflow/example_dags/example_branch_operator.py for tasks to queue
[2021-07-23 16:21:15,962] {logging_mixin.py:104} INFO - [2021-07-23 16:21:15,962] {dagbag.py:496} INFO - Filling up the DagBag from /home/dennismutia/.virtualenvs/wefarm/lib/python3.8/site-packages/airflow/example_dags/example_branch_operator.py
[2021-07-23 16:21:16,036] {scheduler_job.py:642} INFO - DAG(s) dict_keys(['example_branch_operator']) retrieved from /home/dennismutia/.virtualenvs/wefarm/lib/python3.8/site-packages/airflow/example_dags/example_branch_operator.py
[2021-07-23 16:21:16,070] {logging_mixin.py:104} INFO - [2021-07-23 16:21:16,070] {dag.py:1833} INFO - Sync 1 DAGs
[2021-07-23 16:21:16,088] {logging_mixin.py:104} INFO - [2021-07-23 16:21:16,088] {dag.py:2306} INFO - Setting next_dagrun for example_branch_operator to 2021-07-21 00:00:00+00:00
[2021-07-23 16:21:16,102] {scheduler_job.py:189} INFO - Processing /home/dennismutia/.virtualenvs/wefarm/lib/python3.8/site-packages/airflow/example_dags/example_branch_operator.py took 0.149 seconds
[2021-07-23 16:21:18,255] {scheduler_job.py:181} INFO - Started process (PID=2487) to work on /home/dennismutia/.virtualenvs/wefarm/lib/python3.8/site-packages/airflow/example_dags/example_branch_operator.py
[2021-07-23 16:21:18,257] {scheduler_job.py:632} INFO - Processing file /home/dennismutia/.virtualenvs/wefarm/lib/python3.8/site-packages/airflow/example_dags/example_branch_operator.py for tasks to queue
[2021-07-23 16:21:18,257] {logging_mixin.py:104} INFO - [2021-07-23 16:21:18,257] {dagbag.py:496} INFO - Filling up the DagBag from /home/dennismutia/.virtualenvs/wefarm/lib/python3.8/site-packages/airflow/example_dags/example_branch_operator.py
[2021-07-23 16:21:18,323] {scheduler_job.py:642} INFO - DAG(s) dict_keys(['example_branch_operator']) retrieved from /home/dennismutia/.virtualenvs/wefarm/lib/python3.8/site-packages/airflow/example_dags/example_branch_operator.py
[2021-07-23 16:21:18,351] {logging_mixin.py:104} INFO - [2021-07-23 16:21:18,351] {dag.py:1833} INFO - Sync 1 DAGs
[2021-07-23 16:21:18,369] {logging_mixin.py:104} INFO - [2021-07-23 16:21:18,369] {dag.py:2306} INFO - Setting next_dagrun for example_branch_operator to 2021-07-21 00:00:00+00:00
[2021-07-23 16:21:18,385] {scheduler_job.py:189} INFO - Processing /home/dennismutia/.virtualenvs/wefarm/lib/python3.8/site-packages/airflow/example_dags/example_branch_operator.py took 0.133 seconds
[2021-07-23 16:21:20,546] {scheduler_job.py:181} INFO - Started process (PID=2546) to work on /home/dennismutia/.virtualenvs/wefarm/lib/python3.8/site-packages/airflow/example_dags/example_branch_operator.py
[2021-07-23 16:21:20,548] {scheduler_job.py:632} INFO - Processing file /home/dennismutia/.virtualenvs/wefarm/lib/python3.8/site-packages/airflow/example_dags/example_branch_operator.py for tasks to queue
[2021-07-23 16:21:20,549] {logging_mixin.py:104} INFO - [2021-07-23 16:21:20,549] {dagbag.py:496} INFO - Filling up the DagBag from /home/dennismutia/.virtualenvs/wefarm/lib/python3.8/site-packages/airflow/example_dags/example_branch_operator.py
[2021-07-23 16:21:20,622] {scheduler_job.py:642} INFO - DAG(s) dict_keys(['example_branch_operator']) retrieved from /home/dennismutia/.virtualenvs/wefarm/lib/python3.8/site-packages/airflow/example_dags/example_branch_operator.py
[2021-07-23 16:21:20,648] {logging_mixin.py:104} INFO - [2021-07-23 16:21:20,648] {dag.py:1833} INFO - Sync 1 DAGs
[2021-07-23 16:21:20,668] {logging_mixin.py:104} INFO - [2021-07-23 16:21:20,668] {dag.py:2306} INFO - Setting next_dagrun for example_branch_operator to 2021-07-21 00:00:00+00:00
[2021-07-23 16:21:20,689] {scheduler_job.py:189} INFO - Processing /home/dennismutia/.virtualenvs/wefarm/lib/python3.8/site-packages/airflow/example_dags/example_branch_operator.py took 0.146 seconds
[2021-07-23 16:21:23,197] {scheduler_job.py:181} INFO - Started process (PID=2607) to work on /home/dennismutia/.virtualenvs/wefarm/lib/python3.8/site-packages/airflow/example_dags/example_branch_operator.py
[2021-07-23 16:21:23,204] {scheduler_job.py:632} INFO - Processing file /home/dennismutia/.virtualenvs/wefarm/lib/python3.8/site-packages/airflow/example_dags/example_branch_operator.py for tasks to queue
[2021-07-23 16:21:23,208] {logging_mixin.py:104} INFO - [2021-07-23 16:21:23,208] {dagbag.py:496} INFO - Filling up the DagBag from /home/dennismutia/.virtualenvs/wefarm/lib/python3.8/site-packages/airflow/example_dags/example_branch_operator.py
[2021-07-23 16:21:23,280] {scheduler_job.py:642} INFO - DAG(s) dict_keys(['example_branch_operator']) retrieved from /home/dennismutia/.virtualenvs/wefarm/lib/python3.8/site-packages/airflow/example_dags/example_branch_operator.py
[2021-07-23 16:21:23,316] {logging_mixin.py:104} INFO - [2021-07-23 16:21:23,316] {dag.py:1833} INFO - Sync 1 DAGs
[2021-07-23 16:21:23,341] {logging_mixin.py:104} INFO - [2021-07-23 16:21:23,341] {dag.py:2306} INFO - Setting next_dagrun for example_branch_operator to 2021-07-21 00:00:00+00:00
[2021-07-23 16:21:23,357] {scheduler_job.py:189} INFO - Processing /home/dennismutia/.virtualenvs/wefarm/lib/python3.8/site-packages/airflow/example_dags/example_branch_operator.py took 0.163 seconds
[2021-07-23 16:21:25,575] {scheduler_job.py:181} INFO - Started process (PID=2667) to work on /home/dennismutia/.virtualenvs/wefarm/lib/python3.8/site-packages/airflow/example_dags/example_branch_operator.py
[2021-07-23 16:21:25,579] {scheduler_job.py:632} INFO - Processing file /home/dennismutia/.virtualenvs/wefarm/lib/python3.8/site-packages/airflow/example_dags/example_branch_operator.py for tasks to queue
[2021-07-23 16:21:25,580] {logging_mixin.py:104} INFO - [2021-07-23 16:21:25,580] {dagbag.py:496} INFO - Filling up the DagBag from /home/dennismutia/.virtualenvs/wefarm/lib/python3.8/site-packages/airflow/example_dags/example_branch_operator.py
[2021-07-23 16:21:25,666] {scheduler_job.py:642} INFO - DAG(s) dict_keys(['example_branch_operator']) retrieved from /home/dennismutia/.virtualenvs/wefarm/lib/python3.8/site-packages/airflow/example_dags/example_branch_operator.py
[2021-07-23 16:21:25,699] {logging_mixin.py:104} INFO - [2021-07-23 16:21:25,699] {dag.py:1833} INFO - Sync 1 DAGs
[2021-07-23 16:21:25,720] {logging_mixin.py:104} INFO - [2021-07-23 16:21:25,720] {dag.py:2306} INFO - Setting next_dagrun for example_branch_operator to 2021-07-21 00:00:00+00:00
[2021-07-23 16:21:25,732] {scheduler_job.py:189} INFO - Processing /home/dennismutia/.virtualenvs/wefarm/lib/python3.8/site-packages/airflow/example_dags/example_branch_operator.py took 0.160 seconds
[2021-07-23 16:21:27,993] {scheduler_job.py:181} INFO - Started process (PID=2748) to work on /home/dennismutia/.virtualenvs/wefarm/lib/python3.8/site-packages/airflow/example_dags/example_branch_operator.py
[2021-07-23 16:21:27,995] {scheduler_job.py:632} INFO - Processing file /home/dennismutia/.virtualenvs/wefarm/lib/python3.8/site-packages/airflow/example_dags/example_branch_operator.py for tasks to queue
[2021-07-23 16:21:27,996] {logging_mixin.py:104} INFO - [2021-07-23 16:21:27,996] {dagbag.py:496} INFO - Filling up the DagBag from /home/dennismutia/.virtualenvs/wefarm/lib/python3.8/site-packages/airflow/example_dags/example_branch_operator.py
[2021-07-23 16:21:28,066] {scheduler_job.py:642} INFO - DAG(s) dict_keys(['example_branch_operator']) retrieved from /home/dennismutia/.virtualenvs/wefarm/lib/python3.8/site-packages/airflow/example_dags/example_branch_operator.py
[2021-07-23 16:21:28,106] {logging_mixin.py:104} INFO - [2021-07-23 16:21:28,106] {dag.py:1833} INFO - Sync 1 DAGs
[2021-07-23 16:21:28,122] {logging_mixin.py:104} INFO - [2021-07-23 16:21:28,121] {dag.py:2306} INFO - Setting next_dagrun for example_branch_operator to 2021-07-21 00:00:00+00:00
[2021-07-23 16:21:28,136] {scheduler_job.py:189} INFO - Processing /home/dennismutia/.virtualenvs/wefarm/lib/python3.8/site-packages/airflow/example_dags/example_branch_operator.py took 0.146 seconds
[2021-07-23 16:21:30,745] {scheduler_job.py:181} INFO - Started process (PID=2808) to work on /home/dennismutia/.virtualenvs/wefarm/lib/python3.8/site-packages/airflow/example_dags/example_branch_operator.py
[2021-07-23 16:21:30,746] {scheduler_job.py:632} INFO - Processing file /home/dennismutia/.virtualenvs/wefarm/lib/python3.8/site-packages/airflow/example_dags/example_branch_operator.py for tasks to queue
[2021-07-23 16:21:30,747] {logging_mixin.py:104} INFO - [2021-07-23 16:21:30,747] {dagbag.py:496} INFO - Filling up the DagBag from /home/dennismutia/.virtualenvs/wefarm/lib/python3.8/site-packages/airflow/example_dags/example_branch_operator.py
[2021-07-23 16:21:30,836] {scheduler_job.py:642} INFO - DAG(s) dict_keys(['example_branch_operator']) retrieved from /home/dennismutia/.virtualenvs/wefarm/lib/python3.8/site-packages/airflow/example_dags/example_branch_operator.py
[2021-07-23 16:21:30,918] {logging_mixin.py:104} INFO - [2021-07-23 16:21:30,918] {dag.py:1833} INFO - Sync 1 DAGs
[2021-07-23 16:21:30,944] {logging_mixin.py:104} INFO - [2021-07-23 16:21:30,944] {dag.py:2306} INFO - Setting next_dagrun for example_branch_operator to 2021-07-21 00:00:00+00:00
[2021-07-23 16:21:30,965] {scheduler_job.py:189} INFO - Processing /home/dennismutia/.virtualenvs/wefarm/lib/python3.8/site-packages/airflow/example_dags/example_branch_operator.py took 0.225 seconds
[2021-07-23 16:21:33,896] {scheduler_job.py:181} INFO - Started process (PID=2867) to work on /home/dennismutia/.virtualenvs/wefarm/lib/python3.8/site-packages/airflow/example_dags/example_branch_operator.py
[2021-07-23 16:21:33,897] {scheduler_job.py:632} INFO - Processing file /home/dennismutia/.virtualenvs/wefarm/lib/python3.8/site-packages/airflow/example_dags/example_branch_operator.py for tasks to queue
[2021-07-23 16:21:33,898] {logging_mixin.py:104} INFO - [2021-07-23 16:21:33,898] {dagbag.py:496} INFO - Filling up the DagBag from /home/dennismutia/.virtualenvs/wefarm/lib/python3.8/site-packages/airflow/example_dags/example_branch_operator.py
[2021-07-23 16:21:34,008] {scheduler_job.py:642} INFO - DAG(s) dict_keys(['example_branch_operator']) retrieved from /home/dennismutia/.virtualenvs/wefarm/lib/python3.8/site-packages/airflow/example_dags/example_branch_operator.py
[2021-07-23 16:21:34,060] {logging_mixin.py:104} INFO - [2021-07-23 16:21:34,060] {dag.py:1833} INFO - Sync 1 DAGs
[2021-07-23 16:21:34,087] {logging_mixin.py:104} INFO - [2021-07-23 16:21:34,086] {dag.py:2306} INFO - Setting next_dagrun for example_branch_operator to 2021-07-21 00:00:00+00:00
[2021-07-23 16:21:34,101] {scheduler_job.py:189} INFO - Processing /home/dennismutia/.virtualenvs/wefarm/lib/python3.8/site-packages/airflow/example_dags/example_branch_operator.py took 0.209 seconds
[2021-07-23 16:21:37,110] {scheduler_job.py:181} INFO - Started process (PID=2928) to work on /home/dennismutia/.virtualenvs/wefarm/lib/python3.8/site-packages/airflow/example_dags/example_branch_operator.py
[2021-07-23 16:21:37,112] {scheduler_job.py:632} INFO - Processing file /home/dennismutia/.virtualenvs/wefarm/lib/python3.8/site-packages/airflow/example_dags/example_branch_operator.py for tasks to queue
[2021-07-23 16:21:37,113] {logging_mixin.py:104} INFO - [2021-07-23 16:21:37,112] {dagbag.py:496} INFO - Filling up the DagBag from /home/dennismutia/.virtualenvs/wefarm/lib/python3.8/site-packages/airflow/example_dags/example_branch_operator.py
[2021-07-23 16:21:37,215] {scheduler_job.py:642} INFO - DAG(s) dict_keys(['example_branch_operator']) retrieved from /home/dennismutia/.virtualenvs/wefarm/lib/python3.8/site-packages/airflow/example_dags/example_branch_operator.py
[2021-07-23 16:21:37,247] {logging_mixin.py:104} INFO - [2021-07-23 16:21:37,246] {dag.py:1833} INFO - Sync 1 DAGs
[2021-07-23 16:21:37,277] {logging_mixin.py:104} INFO - [2021-07-23 16:21:37,277] {dag.py:2306} INFO - Setting next_dagrun for example_branch_operator to 2021-07-21 00:00:00+00:00
[2021-07-23 16:21:37,299] {scheduler_job.py:189} INFO - Processing /home/dennismutia/.virtualenvs/wefarm/lib/python3.8/site-packages/airflow/example_dags/example_branch_operator.py took 0.193 seconds
[2021-07-23 16:21:39,791] {scheduler_job.py:181} INFO - Started process (PID=2988) to work on /home/dennismutia/.virtualenvs/wefarm/lib/python3.8/site-packages/airflow/example_dags/example_branch_operator.py
[2021-07-23 16:21:39,792] {scheduler_job.py:632} INFO - Processing file /home/dennismutia/.virtualenvs/wefarm/lib/python3.8/site-packages/airflow/example_dags/example_branch_operator.py for tasks to queue
[2021-07-23 16:21:39,796] {logging_mixin.py:104} INFO - [2021-07-23 16:21:39,795] {dagbag.py:496} INFO - Filling up the DagBag from /home/dennismutia/.virtualenvs/wefarm/lib/python3.8/site-packages/airflow/example_dags/example_branch_operator.py
[2021-07-23 16:21:39,914] {scheduler_job.py:642} INFO - DAG(s) dict_keys(['example_branch_operator']) retrieved from /home/dennismutia/.virtualenvs/wefarm/lib/python3.8/site-packages/airflow/example_dags/example_branch_operator.py
[2021-07-23 16:21:39,954] {logging_mixin.py:104} INFO - [2021-07-23 16:21:39,954] {dag.py:1833} INFO - Sync 1 DAGs
[2021-07-23 16:21:40,006] {logging_mixin.py:104} INFO - [2021-07-23 16:21:40,006] {dag.py:2306} INFO - Setting next_dagrun for example_branch_operator to 2021-07-21 00:00:00+00:00
[2021-07-23 16:21:40,027] {scheduler_job.py:189} INFO - Processing /home/dennismutia/.virtualenvs/wefarm/lib/python3.8/site-packages/airflow/example_dags/example_branch_operator.py took 0.240 seconds
[2021-07-23 16:21:43,237] {scheduler_job.py:181} INFO - Started process (PID=3048) to work on /home/dennismutia/.virtualenvs/wefarm/lib/python3.8/site-packages/airflow/example_dags/example_branch_operator.py
[2021-07-23 16:21:43,253] {scheduler_job.py:632} INFO - Processing file /home/dennismutia/.virtualenvs/wefarm/lib/python3.8/site-packages/airflow/example_dags/example_branch_operator.py for tasks to queue
[2021-07-23 16:21:43,256] {logging_mixin.py:104} INFO - [2021-07-23 16:21:43,255] {dagbag.py:496} INFO - Filling up the DagBag from /home/dennismutia/.virtualenvs/wefarm/lib/python3.8/site-packages/airflow/example_dags/example_branch_operator.py
[2021-07-23 16:21:43,412] {scheduler_job.py:642} INFO - DAG(s) dict_keys(['example_branch_operator']) retrieved from /home/dennismutia/.virtualenvs/wefarm/lib/python3.8/site-packages/airflow/example_dags/example_branch_operator.py
[2021-07-23 16:21:43,488] {logging_mixin.py:104} INFO - [2021-07-23 16:21:43,488] {dag.py:1833} INFO - Sync 1 DAGs
[2021-07-23 16:21:43,527] {logging_mixin.py:104} INFO - [2021-07-23 16:21:43,527] {dag.py:2306} INFO - Setting next_dagrun for example_branch_operator to 2021-07-21 00:00:00+00:00
[2021-07-23 16:21:43,573] {scheduler_job.py:189} INFO - Processing /home/dennismutia/.virtualenvs/wefarm/lib/python3.8/site-packages/airflow/example_dags/example_branch_operator.py took 0.350 seconds
[2021-07-23 16:21:47,516] {scheduler_job.py:181} INFO - Started process (PID=3108) to work on /home/dennismutia/.virtualenvs/wefarm/lib/python3.8/site-packages/airflow/example_dags/example_branch_operator.py
[2021-07-23 16:21:47,517] {scheduler_job.py:632} INFO - Processing file /home/dennismutia/.virtualenvs/wefarm/lib/python3.8/site-packages/airflow/example_dags/example_branch_operator.py for tasks to queue
[2021-07-23 16:21:47,518] {logging_mixin.py:104} INFO - [2021-07-23 16:21:47,517] {dagbag.py:496} INFO - Filling up the DagBag from /home/dennismutia/.virtualenvs/wefarm/lib/python3.8/site-packages/airflow/example_dags/example_branch_operator.py
[2021-07-23 16:21:47,609] {scheduler_job.py:642} INFO - DAG(s) dict_keys(['example_branch_operator']) retrieved from /home/dennismutia/.virtualenvs/wefarm/lib/python3.8/site-packages/airflow/example_dags/example_branch_operator.py
[2021-07-23 16:21:47,661] {logging_mixin.py:104} INFO - [2021-07-23 16:21:47,661] {dag.py:1833} INFO - Sync 1 DAGs
[2021-07-23 16:21:47,683] {logging_mixin.py:104} INFO - [2021-07-23 16:21:47,683] {dag.py:2306} INFO - Setting next_dagrun for example_branch_operator to 2021-07-21 00:00:00+00:00
[2021-07-23 16:21:47,704] {scheduler_job.py:189} INFO - Processing /home/dennismutia/.virtualenvs/wefarm/lib/python3.8/site-packages/airflow/example_dags/example_branch_operator.py took 0.191 seconds
[2021-07-23 16:21:50,748] {scheduler_job.py:181} INFO - Started process (PID=3169) to work on /home/dennismutia/.virtualenvs/wefarm/lib/python3.8/site-packages/airflow/example_dags/example_branch_operator.py
[2021-07-23 16:21:50,752] {scheduler_job.py:632} INFO - Processing file /home/dennismutia/.virtualenvs/wefarm/lib/python3.8/site-packages/airflow/example_dags/example_branch_operator.py for tasks to queue
[2021-07-23 16:21:50,754] {logging_mixin.py:104} INFO - [2021-07-23 16:21:50,754] {dagbag.py:496} INFO - Filling up the DagBag from /home/dennismutia/.virtualenvs/wefarm/lib/python3.8/site-packages/airflow/example_dags/example_branch_operator.py
[2021-07-23 16:21:50,846] {scheduler_job.py:642} INFO - DAG(s) dict_keys(['example_branch_operator']) retrieved from /home/dennismutia/.virtualenvs/wefarm/lib/python3.8/site-packages/airflow/example_dags/example_branch_operator.py
[2021-07-23 16:21:50,882] {logging_mixin.py:104} INFO - [2021-07-23 16:21:50,882] {dag.py:1833} INFO - Sync 1 DAGs
[2021-07-23 16:21:50,910] {logging_mixin.py:104} INFO - [2021-07-23 16:21:50,910] {dag.py:2306} INFO - Setting next_dagrun for example_branch_operator to 2021-07-21 00:00:00+00:00
[2021-07-23 16:21:50,938] {scheduler_job.py:189} INFO - Processing /home/dennismutia/.virtualenvs/wefarm/lib/python3.8/site-packages/airflow/example_dags/example_branch_operator.py took 0.193 seconds
