[2021-07-23 16:19:55,205] {scheduler_job.py:181} INFO - Started process (PID=788) to work on /home/dennismutia/.virtualenvs/wefarm/lib/python3.8/site-packages/airflow/example_dags/tutorial.py
[2021-07-23 16:19:55,206] {scheduler_job.py:632} INFO - Processing file /home/dennismutia/.virtualenvs/wefarm/lib/python3.8/site-packages/airflow/example_dags/tutorial.py for tasks to queue
[2021-07-23 16:19:55,206] {logging_mixin.py:104} INFO - [2021-07-23 16:19:55,206] {dagbag.py:496} INFO - Filling up the DagBag from /home/dennismutia/.virtualenvs/wefarm/lib/python3.8/site-packages/airflow/example_dags/tutorial.py
[2021-07-23 16:19:55,218] {scheduler_job.py:642} INFO - DAG(s) dict_keys(['tutorial']) retrieved from /home/dennismutia/.virtualenvs/wefarm/lib/python3.8/site-packages/airflow/example_dags/tutorial.py
[2021-07-23 16:19:55,444] {logging_mixin.py:104} INFO - [2021-07-23 16:19:55,444] {dag.py:1833} INFO - Sync 1 DAGs
[2021-07-23 16:19:55,455] {logging_mixin.py:104} INFO - [2021-07-23 16:19:55,455] {dag.py:2306} INFO - Setting next_dagrun for tutorial to 2021-07-21 00:00:00+00:00
[2021-07-23 16:19:55,468] {scheduler_job.py:189} INFO - Processing /home/dennismutia/.virtualenvs/wefarm/lib/python3.8/site-packages/airflow/example_dags/tutorial.py took 0.265 seconds
[2021-07-23 16:19:58,925] {scheduler_job.py:181} INFO - Started process (PID=851) to work on /home/dennismutia/.virtualenvs/wefarm/lib/python3.8/site-packages/airflow/example_dags/tutorial.py
[2021-07-23 16:19:58,925] {scheduler_job.py:632} INFO - Processing file /home/dennismutia/.virtualenvs/wefarm/lib/python3.8/site-packages/airflow/example_dags/tutorial.py for tasks to queue
[2021-07-23 16:19:58,926] {logging_mixin.py:104} INFO - [2021-07-23 16:19:58,926] {dagbag.py:496} INFO - Filling up the DagBag from /home/dennismutia/.virtualenvs/wefarm/lib/python3.8/site-packages/airflow/example_dags/tutorial.py
[2021-07-23 16:19:58,937] {scheduler_job.py:642} INFO - DAG(s) dict_keys(['tutorial']) retrieved from /home/dennismutia/.virtualenvs/wefarm/lib/python3.8/site-packages/airflow/example_dags/tutorial.py
[2021-07-23 16:19:58,951] {logging_mixin.py:104} INFO - [2021-07-23 16:19:58,951] {dag.py:1833} INFO - Sync 1 DAGs
[2021-07-23 16:19:59,004] {logging_mixin.py:104} INFO - [2021-07-23 16:19:59,004] {dag.py:2306} INFO - Setting next_dagrun for tutorial to 2021-07-21 00:00:00+00:00
[2021-07-23 16:19:59,019] {scheduler_job.py:189} INFO - Processing /home/dennismutia/.virtualenvs/wefarm/lib/python3.8/site-packages/airflow/example_dags/tutorial.py took 0.097 seconds
[2021-07-23 16:20:00,663] {scheduler_job.py:181} INFO - Started process (PID=911) to work on /home/dennismutia/.virtualenvs/wefarm/lib/python3.8/site-packages/airflow/example_dags/tutorial.py
[2021-07-23 16:20:00,664] {scheduler_job.py:632} INFO - Processing file /home/dennismutia/.virtualenvs/wefarm/lib/python3.8/site-packages/airflow/example_dags/tutorial.py for tasks to queue
[2021-07-23 16:20:00,665] {logging_mixin.py:104} INFO - [2021-07-23 16:20:00,664] {dagbag.py:496} INFO - Filling up the DagBag from /home/dennismutia/.virtualenvs/wefarm/lib/python3.8/site-packages/airflow/example_dags/tutorial.py
[2021-07-23 16:20:00,677] {scheduler_job.py:642} INFO - DAG(s) dict_keys(['tutorial']) retrieved from /home/dennismutia/.virtualenvs/wefarm/lib/python3.8/site-packages/airflow/example_dags/tutorial.py
[2021-07-23 16:20:00,694] {logging_mixin.py:104} INFO - [2021-07-23 16:20:00,694] {dag.py:1833} INFO - Sync 1 DAGs
[2021-07-23 16:20:00,758] {logging_mixin.py:104} INFO - [2021-07-23 16:20:00,758] {dag.py:2306} INFO - Setting next_dagrun for tutorial to 2021-07-21 00:00:00+00:00
[2021-07-23 16:20:00,770] {scheduler_job.py:189} INFO - Processing /home/dennismutia/.virtualenvs/wefarm/lib/python3.8/site-packages/airflow/example_dags/tutorial.py took 0.110 seconds
[2021-07-23 16:20:02,758] {scheduler_job.py:181} INFO - Started process (PID=1015) to work on /home/dennismutia/.virtualenvs/wefarm/lib/python3.8/site-packages/airflow/example_dags/tutorial.py
[2021-07-23 16:20:02,758] {scheduler_job.py:632} INFO - Processing file /home/dennismutia/.virtualenvs/wefarm/lib/python3.8/site-packages/airflow/example_dags/tutorial.py for tasks to queue
[2021-07-23 16:20:02,759] {logging_mixin.py:104} INFO - [2021-07-23 16:20:02,759] {dagbag.py:496} INFO - Filling up the DagBag from /home/dennismutia/.virtualenvs/wefarm/lib/python3.8/site-packages/airflow/example_dags/tutorial.py
[2021-07-23 16:20:02,770] {scheduler_job.py:642} INFO - DAG(s) dict_keys(['tutorial']) retrieved from /home/dennismutia/.virtualenvs/wefarm/lib/python3.8/site-packages/airflow/example_dags/tutorial.py
[2021-07-23 16:20:02,790] {logging_mixin.py:104} INFO - [2021-07-23 16:20:02,790] {dag.py:1833} INFO - Sync 1 DAGs
[2021-07-23 16:20:02,841] {logging_mixin.py:104} INFO - [2021-07-23 16:20:02,841] {dag.py:2306} INFO - Setting next_dagrun for tutorial to 2021-07-21 00:00:00+00:00
[2021-07-23 16:20:02,856] {scheduler_job.py:189} INFO - Processing /home/dennismutia/.virtualenvs/wefarm/lib/python3.8/site-packages/airflow/example_dags/tutorial.py took 0.101 seconds
[2021-07-23 16:20:04,636] {scheduler_job.py:181} INFO - Started process (PID=1082) to work on /home/dennismutia/.virtualenvs/wefarm/lib/python3.8/site-packages/airflow/example_dags/tutorial.py
[2021-07-23 16:20:04,637] {scheduler_job.py:632} INFO - Processing file /home/dennismutia/.virtualenvs/wefarm/lib/python3.8/site-packages/airflow/example_dags/tutorial.py for tasks to queue
[2021-07-23 16:20:04,638] {logging_mixin.py:104} INFO - [2021-07-23 16:20:04,637] {dagbag.py:496} INFO - Filling up the DagBag from /home/dennismutia/.virtualenvs/wefarm/lib/python3.8/site-packages/airflow/example_dags/tutorial.py
[2021-07-23 16:20:04,659] {scheduler_job.py:642} INFO - DAG(s) dict_keys(['tutorial']) retrieved from /home/dennismutia/.virtualenvs/wefarm/lib/python3.8/site-packages/airflow/example_dags/tutorial.py
[2021-07-23 16:20:04,677] {logging_mixin.py:104} INFO - [2021-07-23 16:20:04,676] {dag.py:1833} INFO - Sync 1 DAGs
[2021-07-23 16:20:04,777] {logging_mixin.py:104} INFO - [2021-07-23 16:20:04,777] {dag.py:2306} INFO - Setting next_dagrun for tutorial to 2021-07-21 00:00:00+00:00
[2021-07-23 16:20:04,786] {scheduler_job.py:189} INFO - Processing /home/dennismutia/.virtualenvs/wefarm/lib/python3.8/site-packages/airflow/example_dags/tutorial.py took 0.157 seconds
[2021-07-23 16:20:06,428] {scheduler_job.py:181} INFO - Started process (PID=1142) to work on /home/dennismutia/.virtualenvs/wefarm/lib/python3.8/site-packages/airflow/example_dags/tutorial.py
[2021-07-23 16:20:06,429] {scheduler_job.py:632} INFO - Processing file /home/dennismutia/.virtualenvs/wefarm/lib/python3.8/site-packages/airflow/example_dags/tutorial.py for tasks to queue
[2021-07-23 16:20:06,430] {logging_mixin.py:104} INFO - [2021-07-23 16:20:06,430] {dagbag.py:496} INFO - Filling up the DagBag from /home/dennismutia/.virtualenvs/wefarm/lib/python3.8/site-packages/airflow/example_dags/tutorial.py
[2021-07-23 16:20:06,443] {scheduler_job.py:642} INFO - DAG(s) dict_keys(['tutorial']) retrieved from /home/dennismutia/.virtualenvs/wefarm/lib/python3.8/site-packages/airflow/example_dags/tutorial.py
[2021-07-23 16:20:06,459] {logging_mixin.py:104} INFO - [2021-07-23 16:20:06,459] {dag.py:1833} INFO - Sync 1 DAGs
[2021-07-23 16:20:06,532] {logging_mixin.py:104} INFO - [2021-07-23 16:20:06,532] {dag.py:2306} INFO - Setting next_dagrun for tutorial to 2021-07-21 00:00:00+00:00
[2021-07-23 16:20:06,549] {scheduler_job.py:189} INFO - Processing /home/dennismutia/.virtualenvs/wefarm/lib/python3.8/site-packages/airflow/example_dags/tutorial.py took 0.124 seconds
[2021-07-23 16:20:08,489] {scheduler_job.py:181} INFO - Started process (PID=1209) to work on /home/dennismutia/.virtualenvs/wefarm/lib/python3.8/site-packages/airflow/example_dags/tutorial.py
[2021-07-23 16:20:08,494] {scheduler_job.py:632} INFO - Processing file /home/dennismutia/.virtualenvs/wefarm/lib/python3.8/site-packages/airflow/example_dags/tutorial.py for tasks to queue
[2021-07-23 16:20:08,503] {logging_mixin.py:104} INFO - [2021-07-23 16:20:08,503] {dagbag.py:496} INFO - Filling up the DagBag from /home/dennismutia/.virtualenvs/wefarm/lib/python3.8/site-packages/airflow/example_dags/tutorial.py
[2021-07-23 16:20:08,520] {scheduler_job.py:642} INFO - DAG(s) dict_keys(['tutorial']) retrieved from /home/dennismutia/.virtualenvs/wefarm/lib/python3.8/site-packages/airflow/example_dags/tutorial.py
[2021-07-23 16:20:08,543] {logging_mixin.py:104} INFO - [2021-07-23 16:20:08,543] {dag.py:1833} INFO - Sync 1 DAGs
[2021-07-23 16:20:08,604] {logging_mixin.py:104} INFO - [2021-07-23 16:20:08,604] {dag.py:2306} INFO - Setting next_dagrun for tutorial to 2021-07-21 00:00:00+00:00
[2021-07-23 16:20:08,613] {scheduler_job.py:189} INFO - Processing /home/dennismutia/.virtualenvs/wefarm/lib/python3.8/site-packages/airflow/example_dags/tutorial.py took 0.127 seconds
[2021-07-23 16:20:10,503] {scheduler_job.py:181} INFO - Started process (PID=1286) to work on /home/dennismutia/.virtualenvs/wefarm/lib/python3.8/site-packages/airflow/example_dags/tutorial.py
[2021-07-23 16:20:10,504] {scheduler_job.py:632} INFO - Processing file /home/dennismutia/.virtualenvs/wefarm/lib/python3.8/site-packages/airflow/example_dags/tutorial.py for tasks to queue
[2021-07-23 16:20:10,505] {logging_mixin.py:104} INFO - [2021-07-23 16:20:10,505] {dagbag.py:496} INFO - Filling up the DagBag from /home/dennismutia/.virtualenvs/wefarm/lib/python3.8/site-packages/airflow/example_dags/tutorial.py
[2021-07-23 16:20:10,516] {scheduler_job.py:642} INFO - DAG(s) dict_keys(['tutorial']) retrieved from /home/dennismutia/.virtualenvs/wefarm/lib/python3.8/site-packages/airflow/example_dags/tutorial.py
[2021-07-23 16:20:10,542] {logging_mixin.py:104} INFO - [2021-07-23 16:20:10,542] {dag.py:1833} INFO - Sync 1 DAGs
[2021-07-23 16:20:10,605] {logging_mixin.py:104} INFO - [2021-07-23 16:20:10,605] {dag.py:2306} INFO - Setting next_dagrun for tutorial to 2021-07-21 00:00:00+00:00
[2021-07-23 16:20:10,616] {scheduler_job.py:189} INFO - Processing /home/dennismutia/.virtualenvs/wefarm/lib/python3.8/site-packages/airflow/example_dags/tutorial.py took 0.115 seconds
[2021-07-23 16:20:12,374] {scheduler_job.py:181} INFO - Started process (PID=1347) to work on /home/dennismutia/.virtualenvs/wefarm/lib/python3.8/site-packages/airflow/example_dags/tutorial.py
[2021-07-23 16:20:12,376] {scheduler_job.py:632} INFO - Processing file /home/dennismutia/.virtualenvs/wefarm/lib/python3.8/site-packages/airflow/example_dags/tutorial.py for tasks to queue
[2021-07-23 16:20:12,378] {logging_mixin.py:104} INFO - [2021-07-23 16:20:12,378] {dagbag.py:496} INFO - Filling up the DagBag from /home/dennismutia/.virtualenvs/wefarm/lib/python3.8/site-packages/airflow/example_dags/tutorial.py
[2021-07-23 16:20:12,394] {scheduler_job.py:642} INFO - DAG(s) dict_keys(['tutorial']) retrieved from /home/dennismutia/.virtualenvs/wefarm/lib/python3.8/site-packages/airflow/example_dags/tutorial.py
[2021-07-23 16:20:12,412] {logging_mixin.py:104} INFO - [2021-07-23 16:20:12,412] {dag.py:1833} INFO - Sync 1 DAGs
[2021-07-23 16:20:12,478] {logging_mixin.py:104} INFO - [2021-07-23 16:20:12,478] {dag.py:2306} INFO - Setting next_dagrun for tutorial to 2021-07-21 00:00:00+00:00
[2021-07-23 16:20:12,492] {scheduler_job.py:189} INFO - Processing /home/dennismutia/.virtualenvs/wefarm/lib/python3.8/site-packages/airflow/example_dags/tutorial.py took 0.121 seconds
[2021-07-23 16:20:14,620] {scheduler_job.py:181} INFO - Started process (PID=1407) to work on /home/dennismutia/.virtualenvs/wefarm/lib/python3.8/site-packages/airflow/example_dags/tutorial.py
[2021-07-23 16:20:14,623] {scheduler_job.py:632} INFO - Processing file /home/dennismutia/.virtualenvs/wefarm/lib/python3.8/site-packages/airflow/example_dags/tutorial.py for tasks to queue
[2021-07-23 16:20:14,626] {logging_mixin.py:104} INFO - [2021-07-23 16:20:14,625] {dagbag.py:496} INFO - Filling up the DagBag from /home/dennismutia/.virtualenvs/wefarm/lib/python3.8/site-packages/airflow/example_dags/tutorial.py
[2021-07-23 16:20:14,644] {scheduler_job.py:642} INFO - DAG(s) dict_keys(['tutorial']) retrieved from /home/dennismutia/.virtualenvs/wefarm/lib/python3.8/site-packages/airflow/example_dags/tutorial.py
[2021-07-23 16:20:14,667] {logging_mixin.py:104} INFO - [2021-07-23 16:20:14,667] {dag.py:1833} INFO - Sync 1 DAGs
[2021-07-23 16:20:14,741] {logging_mixin.py:104} INFO - [2021-07-23 16:20:14,740] {dag.py:2306} INFO - Setting next_dagrun for tutorial to 2021-07-21 00:00:00+00:00
[2021-07-23 16:20:14,759] {scheduler_job.py:189} INFO - Processing /home/dennismutia/.virtualenvs/wefarm/lib/python3.8/site-packages/airflow/example_dags/tutorial.py took 0.142 seconds
[2021-07-23 16:20:17,092] {scheduler_job.py:181} INFO - Started process (PID=1467) to work on /home/dennismutia/.virtualenvs/wefarm/lib/python3.8/site-packages/airflow/example_dags/tutorial.py
[2021-07-23 16:20:17,093] {scheduler_job.py:632} INFO - Processing file /home/dennismutia/.virtualenvs/wefarm/lib/python3.8/site-packages/airflow/example_dags/tutorial.py for tasks to queue
[2021-07-23 16:20:17,094] {logging_mixin.py:104} INFO - [2021-07-23 16:20:17,094] {dagbag.py:496} INFO - Filling up the DagBag from /home/dennismutia/.virtualenvs/wefarm/lib/python3.8/site-packages/airflow/example_dags/tutorial.py
[2021-07-23 16:20:17,110] {scheduler_job.py:642} INFO - DAG(s) dict_keys(['tutorial']) retrieved from /home/dennismutia/.virtualenvs/wefarm/lib/python3.8/site-packages/airflow/example_dags/tutorial.py
[2021-07-23 16:20:17,142] {logging_mixin.py:104} INFO - [2021-07-23 16:20:17,142] {dag.py:1833} INFO - Sync 1 DAGs
[2021-07-23 16:20:17,239] {logging_mixin.py:104} INFO - [2021-07-23 16:20:17,239] {dag.py:2306} INFO - Setting next_dagrun for tutorial to 2021-07-21 00:00:00+00:00
[2021-07-23 16:20:17,251] {scheduler_job.py:189} INFO - Processing /home/dennismutia/.virtualenvs/wefarm/lib/python3.8/site-packages/airflow/example_dags/tutorial.py took 0.164 seconds
[2021-07-23 16:20:19,422] {scheduler_job.py:181} INFO - Started process (PID=1528) to work on /home/dennismutia/.virtualenvs/wefarm/lib/python3.8/site-packages/airflow/example_dags/tutorial.py
[2021-07-23 16:20:19,424] {scheduler_job.py:632} INFO - Processing file /home/dennismutia/.virtualenvs/wefarm/lib/python3.8/site-packages/airflow/example_dags/tutorial.py for tasks to queue
[2021-07-23 16:20:19,427] {logging_mixin.py:104} INFO - [2021-07-23 16:20:19,426] {dagbag.py:496} INFO - Filling up the DagBag from /home/dennismutia/.virtualenvs/wefarm/lib/python3.8/site-packages/airflow/example_dags/tutorial.py
[2021-07-23 16:20:19,445] {scheduler_job.py:642} INFO - DAG(s) dict_keys(['tutorial']) retrieved from /home/dennismutia/.virtualenvs/wefarm/lib/python3.8/site-packages/airflow/example_dags/tutorial.py
[2021-07-23 16:20:19,470] {logging_mixin.py:104} INFO - [2021-07-23 16:20:19,470] {dag.py:1833} INFO - Sync 1 DAGs
[2021-07-23 16:20:19,560] {logging_mixin.py:104} INFO - [2021-07-23 16:20:19,559] {dag.py:2306} INFO - Setting next_dagrun for tutorial to 2021-07-21 00:00:00+00:00
[2021-07-23 16:20:19,577] {scheduler_job.py:189} INFO - Processing /home/dennismutia/.virtualenvs/wefarm/lib/python3.8/site-packages/airflow/example_dags/tutorial.py took 0.159 seconds
[2021-07-23 16:20:21,752] {scheduler_job.py:181} INFO - Started process (PID=1587) to work on /home/dennismutia/.virtualenvs/wefarm/lib/python3.8/site-packages/airflow/example_dags/tutorial.py
[2021-07-23 16:20:21,753] {scheduler_job.py:632} INFO - Processing file /home/dennismutia/.virtualenvs/wefarm/lib/python3.8/site-packages/airflow/example_dags/tutorial.py for tasks to queue
[2021-07-23 16:20:21,754] {logging_mixin.py:104} INFO - [2021-07-23 16:20:21,754] {dagbag.py:496} INFO - Filling up the DagBag from /home/dennismutia/.virtualenvs/wefarm/lib/python3.8/site-packages/airflow/example_dags/tutorial.py
[2021-07-23 16:20:21,767] {scheduler_job.py:642} INFO - DAG(s) dict_keys(['tutorial']) retrieved from /home/dennismutia/.virtualenvs/wefarm/lib/python3.8/site-packages/airflow/example_dags/tutorial.py
[2021-07-23 16:20:21,791] {logging_mixin.py:104} INFO - [2021-07-23 16:20:21,791] {dag.py:1833} INFO - Sync 1 DAGs
[2021-07-23 16:20:21,868] {logging_mixin.py:104} INFO - [2021-07-23 16:20:21,868] {dag.py:2306} INFO - Setting next_dagrun for tutorial to 2021-07-21 00:00:00+00:00
[2021-07-23 16:20:21,885] {scheduler_job.py:189} INFO - Processing /home/dennismutia/.virtualenvs/wefarm/lib/python3.8/site-packages/airflow/example_dags/tutorial.py took 0.136 seconds
[2021-07-23 16:20:24,630] {scheduler_job.py:181} INFO - Started process (PID=1653) to work on /home/dennismutia/.virtualenvs/wefarm/lib/python3.8/site-packages/airflow/example_dags/tutorial.py
[2021-07-23 16:20:24,633] {scheduler_job.py:632} INFO - Processing file /home/dennismutia/.virtualenvs/wefarm/lib/python3.8/site-packages/airflow/example_dags/tutorial.py for tasks to queue
[2021-07-23 16:20:24,635] {logging_mixin.py:104} INFO - [2021-07-23 16:20:24,635] {dagbag.py:496} INFO - Filling up the DagBag from /home/dennismutia/.virtualenvs/wefarm/lib/python3.8/site-packages/airflow/example_dags/tutorial.py
[2021-07-23 16:20:24,652] {scheduler_job.py:642} INFO - DAG(s) dict_keys(['tutorial']) retrieved from /home/dennismutia/.virtualenvs/wefarm/lib/python3.8/site-packages/airflow/example_dags/tutorial.py
[2021-07-23 16:20:24,689] {logging_mixin.py:104} INFO - [2021-07-23 16:20:24,689] {dag.py:1833} INFO - Sync 1 DAGs
[2021-07-23 16:20:24,774] {logging_mixin.py:104} INFO - [2021-07-23 16:20:24,774] {dag.py:2306} INFO - Setting next_dagrun for tutorial to 2021-07-21 00:00:00+00:00
[2021-07-23 16:20:24,789] {scheduler_job.py:189} INFO - Processing /home/dennismutia/.virtualenvs/wefarm/lib/python3.8/site-packages/airflow/example_dags/tutorial.py took 0.162 seconds
[2021-07-23 16:20:27,386] {scheduler_job.py:181} INFO - Started process (PID=1714) to work on /home/dennismutia/.virtualenvs/wefarm/lib/python3.8/site-packages/airflow/example_dags/tutorial.py
[2021-07-23 16:20:27,391] {scheduler_job.py:632} INFO - Processing file /home/dennismutia/.virtualenvs/wefarm/lib/python3.8/site-packages/airflow/example_dags/tutorial.py for tasks to queue
[2021-07-23 16:20:27,396] {logging_mixin.py:104} INFO - [2021-07-23 16:20:27,396] {dagbag.py:496} INFO - Filling up the DagBag from /home/dennismutia/.virtualenvs/wefarm/lib/python3.8/site-packages/airflow/example_dags/tutorial.py
[2021-07-23 16:20:27,416] {scheduler_job.py:642} INFO - DAG(s) dict_keys(['tutorial']) retrieved from /home/dennismutia/.virtualenvs/wefarm/lib/python3.8/site-packages/airflow/example_dags/tutorial.py
[2021-07-23 16:20:27,503] {logging_mixin.py:104} INFO - [2021-07-23 16:20:27,503] {dag.py:1833} INFO - Sync 1 DAGs
[2021-07-23 16:20:27,520] {logging_mixin.py:104} INFO - [2021-07-23 16:20:27,520] {dag.py:2306} INFO - Setting next_dagrun for tutorial to 2021-07-21 00:00:00+00:00
[2021-07-23 16:20:27,535] {scheduler_job.py:189} INFO - Processing /home/dennismutia/.virtualenvs/wefarm/lib/python3.8/site-packages/airflow/example_dags/tutorial.py took 0.152 seconds
[2021-07-23 16:20:35,206] {scheduler_job.py:181} INFO - Started process (PID=1780) to work on /home/dennismutia/.virtualenvs/wefarm/lib/python3.8/site-packages/airflow/example_dags/tutorial.py
[2021-07-23 16:20:35,207] {scheduler_job.py:632} INFO - Processing file /home/dennismutia/.virtualenvs/wefarm/lib/python3.8/site-packages/airflow/example_dags/tutorial.py for tasks to queue
[2021-07-23 16:20:35,208] {logging_mixin.py:104} INFO - [2021-07-23 16:20:35,208] {dagbag.py:496} INFO - Filling up the DagBag from /home/dennismutia/.virtualenvs/wefarm/lib/python3.8/site-packages/airflow/example_dags/tutorial.py
[2021-07-23 16:20:35,302] {scheduler_job.py:642} INFO - DAG(s) dict_keys(['tutorial']) retrieved from /home/dennismutia/.virtualenvs/wefarm/lib/python3.8/site-packages/airflow/example_dags/tutorial.py
[2021-07-23 16:20:35,900] {logging_mixin.py:104} INFO - [2021-07-23 16:20:35,900] {dag.py:1833} INFO - Sync 1 DAGs
[2021-07-23 16:20:35,989] {logging_mixin.py:104} INFO - [2021-07-23 16:20:35,988] {dag.py:2306} INFO - Setting next_dagrun for tutorial to 2021-07-21 00:00:00+00:00
[2021-07-23 16:20:36,067] {scheduler_job.py:189} INFO - Processing /home/dennismutia/.virtualenvs/wefarm/lib/python3.8/site-packages/airflow/example_dags/tutorial.py took 0.877 seconds
[2021-07-23 16:20:42,099] {scheduler_job.py:181} INFO - Started process (PID=1855) to work on /home/dennismutia/.virtualenvs/wefarm/lib/python3.8/site-packages/airflow/example_dags/tutorial.py
[2021-07-23 16:20:42,101] {scheduler_job.py:632} INFO - Processing file /home/dennismutia/.virtualenvs/wefarm/lib/python3.8/site-packages/airflow/example_dags/tutorial.py for tasks to queue
[2021-07-23 16:20:42,102] {logging_mixin.py:104} INFO - [2021-07-23 16:20:42,101] {dagbag.py:496} INFO - Filling up the DagBag from /home/dennismutia/.virtualenvs/wefarm/lib/python3.8/site-packages/airflow/example_dags/tutorial.py
[2021-07-23 16:20:42,140] {scheduler_job.py:642} INFO - DAG(s) dict_keys(['tutorial']) retrieved from /home/dennismutia/.virtualenvs/wefarm/lib/python3.8/site-packages/airflow/example_dags/tutorial.py
[2021-07-23 16:20:42,372] {logging_mixin.py:104} INFO - [2021-07-23 16:20:42,372] {dag.py:1833} INFO - Sync 1 DAGs
[2021-07-23 16:20:42,414] {logging_mixin.py:104} INFO - [2021-07-23 16:20:42,413] {dag.py:2306} INFO - Setting next_dagrun for tutorial to 2021-07-21 00:00:00+00:00
[2021-07-23 16:20:42,442] {scheduler_job.py:189} INFO - Processing /home/dennismutia/.virtualenvs/wefarm/lib/python3.8/site-packages/airflow/example_dags/tutorial.py took 0.358 seconds
[2021-07-23 16:20:50,008] {scheduler_job.py:181} INFO - Started process (PID=1916) to work on /home/dennismutia/.virtualenvs/wefarm/lib/python3.8/site-packages/airflow/example_dags/tutorial.py
[2021-07-23 16:20:50,037] {scheduler_job.py:632} INFO - Processing file /home/dennismutia/.virtualenvs/wefarm/lib/python3.8/site-packages/airflow/example_dags/tutorial.py for tasks to queue
[2021-07-23 16:20:50,038] {logging_mixin.py:104} INFO - [2021-07-23 16:20:50,038] {dagbag.py:496} INFO - Filling up the DagBag from /home/dennismutia/.virtualenvs/wefarm/lib/python3.8/site-packages/airflow/example_dags/tutorial.py
[2021-07-23 16:20:50,076] {scheduler_job.py:642} INFO - DAG(s) dict_keys(['tutorial']) retrieved from /home/dennismutia/.virtualenvs/wefarm/lib/python3.8/site-packages/airflow/example_dags/tutorial.py
[2021-07-23 16:20:50,310] {logging_mixin.py:104} INFO - [2021-07-23 16:20:50,310] {dag.py:1833} INFO - Sync 1 DAGs
[2021-07-23 16:20:50,348] {logging_mixin.py:104} INFO - [2021-07-23 16:20:50,348] {dag.py:2306} INFO - Setting next_dagrun for tutorial to 2021-07-21 00:00:00+00:00
[2021-07-23 16:20:50,379] {scheduler_job.py:189} INFO - Processing /home/dennismutia/.virtualenvs/wefarm/lib/python3.8/site-packages/airflow/example_dags/tutorial.py took 0.375 seconds
[2021-07-23 16:20:55,329] {scheduler_job.py:181} INFO - Started process (PID=1976) to work on /home/dennismutia/.virtualenvs/wefarm/lib/python3.8/site-packages/airflow/example_dags/tutorial.py
[2021-07-23 16:20:55,331] {scheduler_job.py:632} INFO - Processing file /home/dennismutia/.virtualenvs/wefarm/lib/python3.8/site-packages/airflow/example_dags/tutorial.py for tasks to queue
[2021-07-23 16:20:55,332] {logging_mixin.py:104} INFO - [2021-07-23 16:20:55,332] {dagbag.py:496} INFO - Filling up the DagBag from /home/dennismutia/.virtualenvs/wefarm/lib/python3.8/site-packages/airflow/example_dags/tutorial.py
[2021-07-23 16:20:55,354] {scheduler_job.py:642} INFO - DAG(s) dict_keys(['tutorial']) retrieved from /home/dennismutia/.virtualenvs/wefarm/lib/python3.8/site-packages/airflow/example_dags/tutorial.py
[2021-07-23 16:20:55,510] {logging_mixin.py:104} INFO - [2021-07-23 16:20:55,510] {dag.py:1833} INFO - Sync 1 DAGs
[2021-07-23 16:20:55,533] {logging_mixin.py:104} INFO - [2021-07-23 16:20:55,533] {dag.py:2306} INFO - Setting next_dagrun for tutorial to 2021-07-21 00:00:00+00:00
[2021-07-23 16:20:55,555] {scheduler_job.py:189} INFO - Processing /home/dennismutia/.virtualenvs/wefarm/lib/python3.8/site-packages/airflow/example_dags/tutorial.py took 0.232 seconds
[2021-07-23 16:20:58,742] {scheduler_job.py:181} INFO - Started process (PID=2036) to work on /home/dennismutia/.virtualenvs/wefarm/lib/python3.8/site-packages/airflow/example_dags/tutorial.py
[2021-07-23 16:20:58,745] {scheduler_job.py:632} INFO - Processing file /home/dennismutia/.virtualenvs/wefarm/lib/python3.8/site-packages/airflow/example_dags/tutorial.py for tasks to queue
[2021-07-23 16:20:58,748] {logging_mixin.py:104} INFO - [2021-07-23 16:20:58,747] {dagbag.py:496} INFO - Filling up the DagBag from /home/dennismutia/.virtualenvs/wefarm/lib/python3.8/site-packages/airflow/example_dags/tutorial.py
[2021-07-23 16:20:58,764] {scheduler_job.py:642} INFO - DAG(s) dict_keys(['tutorial']) retrieved from /home/dennismutia/.virtualenvs/wefarm/lib/python3.8/site-packages/airflow/example_dags/tutorial.py
[2021-07-23 16:20:58,873] {logging_mixin.py:104} INFO - [2021-07-23 16:20:58,873] {dag.py:1833} INFO - Sync 1 DAGs
[2021-07-23 16:20:58,898] {logging_mixin.py:104} INFO - [2021-07-23 16:20:58,898] {dag.py:2306} INFO - Setting next_dagrun for tutorial to 2021-07-21 00:00:00+00:00
[2021-07-23 16:20:58,922] {scheduler_job.py:189} INFO - Processing /home/dennismutia/.virtualenvs/wefarm/lib/python3.8/site-packages/airflow/example_dags/tutorial.py took 0.184 seconds
[2021-07-23 16:21:03,485] {scheduler_job.py:181} INFO - Started process (PID=2097) to work on /home/dennismutia/.virtualenvs/wefarm/lib/python3.8/site-packages/airflow/example_dags/tutorial.py
[2021-07-23 16:21:03,489] {scheduler_job.py:632} INFO - Processing file /home/dennismutia/.virtualenvs/wefarm/lib/python3.8/site-packages/airflow/example_dags/tutorial.py for tasks to queue
[2021-07-23 16:21:03,491] {logging_mixin.py:104} INFO - [2021-07-23 16:21:03,491] {dagbag.py:496} INFO - Filling up the DagBag from /home/dennismutia/.virtualenvs/wefarm/lib/python3.8/site-packages/airflow/example_dags/tutorial.py
[2021-07-23 16:21:03,507] {scheduler_job.py:642} INFO - DAG(s) dict_keys(['tutorial']) retrieved from /home/dennismutia/.virtualenvs/wefarm/lib/python3.8/site-packages/airflow/example_dags/tutorial.py
[2021-07-23 16:21:03,585] {logging_mixin.py:104} INFO - [2021-07-23 16:21:03,585] {dag.py:1833} INFO - Sync 1 DAGs
[2021-07-23 16:21:03,601] {logging_mixin.py:104} INFO - [2021-07-23 16:21:03,601] {dag.py:2306} INFO - Setting next_dagrun for tutorial to 2021-07-21 00:00:00+00:00
[2021-07-23 16:21:03,611] {scheduler_job.py:189} INFO - Processing /home/dennismutia/.virtualenvs/wefarm/lib/python3.8/site-packages/airflow/example_dags/tutorial.py took 0.130 seconds
[2021-07-23 16:21:05,941] {scheduler_job.py:181} INFO - Started process (PID=2157) to work on /home/dennismutia/.virtualenvs/wefarm/lib/python3.8/site-packages/airflow/example_dags/tutorial.py
[2021-07-23 16:21:05,942] {scheduler_job.py:632} INFO - Processing file /home/dennismutia/.virtualenvs/wefarm/lib/python3.8/site-packages/airflow/example_dags/tutorial.py for tasks to queue
[2021-07-23 16:21:05,943] {logging_mixin.py:104} INFO - [2021-07-23 16:21:05,943] {dagbag.py:496} INFO - Filling up the DagBag from /home/dennismutia/.virtualenvs/wefarm/lib/python3.8/site-packages/airflow/example_dags/tutorial.py
[2021-07-23 16:21:05,955] {scheduler_job.py:642} INFO - DAG(s) dict_keys(['tutorial']) retrieved from /home/dennismutia/.virtualenvs/wefarm/lib/python3.8/site-packages/airflow/example_dags/tutorial.py
[2021-07-23 16:21:06,058] {logging_mixin.py:104} INFO - [2021-07-23 16:21:06,058] {dag.py:1833} INFO - Sync 1 DAGs
[2021-07-23 16:21:06,077] {logging_mixin.py:104} INFO - [2021-07-23 16:21:06,076] {dag.py:2306} INFO - Setting next_dagrun for tutorial to 2021-07-21 00:00:00+00:00
[2021-07-23 16:21:06,094] {scheduler_job.py:189} INFO - Processing /home/dennismutia/.virtualenvs/wefarm/lib/python3.8/site-packages/airflow/example_dags/tutorial.py took 0.157 seconds
[2021-07-23 16:21:08,724] {scheduler_job.py:181} INFO - Started process (PID=2217) to work on /home/dennismutia/.virtualenvs/wefarm/lib/python3.8/site-packages/airflow/example_dags/tutorial.py
[2021-07-23 16:21:08,725] {scheduler_job.py:632} INFO - Processing file /home/dennismutia/.virtualenvs/wefarm/lib/python3.8/site-packages/airflow/example_dags/tutorial.py for tasks to queue
[2021-07-23 16:21:08,726] {logging_mixin.py:104} INFO - [2021-07-23 16:21:08,726] {dagbag.py:496} INFO - Filling up the DagBag from /home/dennismutia/.virtualenvs/wefarm/lib/python3.8/site-packages/airflow/example_dags/tutorial.py
[2021-07-23 16:21:08,749] {scheduler_job.py:642} INFO - DAG(s) dict_keys(['tutorial']) retrieved from /home/dennismutia/.virtualenvs/wefarm/lib/python3.8/site-packages/airflow/example_dags/tutorial.py
[2021-07-23 16:21:08,985] {logging_mixin.py:104} INFO - [2021-07-23 16:21:08,984] {dag.py:1833} INFO - Sync 1 DAGs
[2021-07-23 16:21:09,028] {logging_mixin.py:104} INFO - [2021-07-23 16:21:09,026] {dag.py:2306} INFO - Setting next_dagrun for tutorial to 2021-07-21 00:00:00+00:00
[2021-07-23 16:21:09,054] {scheduler_job.py:189} INFO - Processing /home/dennismutia/.virtualenvs/wefarm/lib/python3.8/site-packages/airflow/example_dags/tutorial.py took 0.334 seconds
[2021-07-23 16:21:11,894] {scheduler_job.py:181} INFO - Started process (PID=2328) to work on /home/dennismutia/.virtualenvs/wefarm/lib/python3.8/site-packages/airflow/example_dags/tutorial.py
[2021-07-23 16:21:11,895] {scheduler_job.py:632} INFO - Processing file /home/dennismutia/.virtualenvs/wefarm/lib/python3.8/site-packages/airflow/example_dags/tutorial.py for tasks to queue
[2021-07-23 16:21:11,896] {logging_mixin.py:104} INFO - [2021-07-23 16:21:11,896] {dagbag.py:496} INFO - Filling up the DagBag from /home/dennismutia/.virtualenvs/wefarm/lib/python3.8/site-packages/airflow/example_dags/tutorial.py
[2021-07-23 16:21:11,922] {scheduler_job.py:642} INFO - DAG(s) dict_keys(['tutorial']) retrieved from /home/dennismutia/.virtualenvs/wefarm/lib/python3.8/site-packages/airflow/example_dags/tutorial.py
[2021-07-23 16:21:12,008] {logging_mixin.py:104} INFO - [2021-07-23 16:21:12,008] {dag.py:1833} INFO - Sync 1 DAGs
[2021-07-23 16:21:12,024] {logging_mixin.py:104} INFO - [2021-07-23 16:21:12,023] {dag.py:2306} INFO - Setting next_dagrun for tutorial to 2021-07-21 00:00:00+00:00
[2021-07-23 16:21:12,042] {scheduler_job.py:189} INFO - Processing /home/dennismutia/.virtualenvs/wefarm/lib/python3.8/site-packages/airflow/example_dags/tutorial.py took 0.151 seconds
[2021-07-23 16:21:14,326] {scheduler_job.py:181} INFO - Started process (PID=2388) to work on /home/dennismutia/.virtualenvs/wefarm/lib/python3.8/site-packages/airflow/example_dags/tutorial.py
[2021-07-23 16:21:14,330] {scheduler_job.py:632} INFO - Processing file /home/dennismutia/.virtualenvs/wefarm/lib/python3.8/site-packages/airflow/example_dags/tutorial.py for tasks to queue
[2021-07-23 16:21:14,335] {logging_mixin.py:104} INFO - [2021-07-23 16:21:14,334] {dagbag.py:496} INFO - Filling up the DagBag from /home/dennismutia/.virtualenvs/wefarm/lib/python3.8/site-packages/airflow/example_dags/tutorial.py
[2021-07-23 16:21:14,355] {scheduler_job.py:642} INFO - DAG(s) dict_keys(['tutorial']) retrieved from /home/dennismutia/.virtualenvs/wefarm/lib/python3.8/site-packages/airflow/example_dags/tutorial.py
[2021-07-23 16:21:14,446] {logging_mixin.py:104} INFO - [2021-07-23 16:21:14,446] {dag.py:1833} INFO - Sync 1 DAGs
[2021-07-23 16:21:14,464] {logging_mixin.py:104} INFO - [2021-07-23 16:21:14,464] {dag.py:2306} INFO - Setting next_dagrun for tutorial to 2021-07-21 00:00:00+00:00
[2021-07-23 16:21:14,485] {scheduler_job.py:189} INFO - Processing /home/dennismutia/.virtualenvs/wefarm/lib/python3.8/site-packages/airflow/example_dags/tutorial.py took 0.162 seconds
[2021-07-23 16:21:16,811] {scheduler_job.py:181} INFO - Started process (PID=2448) to work on /home/dennismutia/.virtualenvs/wefarm/lib/python3.8/site-packages/airflow/example_dags/tutorial.py
[2021-07-23 16:21:16,812] {scheduler_job.py:632} INFO - Processing file /home/dennismutia/.virtualenvs/wefarm/lib/python3.8/site-packages/airflow/example_dags/tutorial.py for tasks to queue
[2021-07-23 16:21:16,813] {logging_mixin.py:104} INFO - [2021-07-23 16:21:16,813] {dagbag.py:496} INFO - Filling up the DagBag from /home/dennismutia/.virtualenvs/wefarm/lib/python3.8/site-packages/airflow/example_dags/tutorial.py
[2021-07-23 16:21:16,826] {scheduler_job.py:642} INFO - DAG(s) dict_keys(['tutorial']) retrieved from /home/dennismutia/.virtualenvs/wefarm/lib/python3.8/site-packages/airflow/example_dags/tutorial.py
[2021-07-23 16:21:16,917] {logging_mixin.py:104} INFO - [2021-07-23 16:21:16,917] {dag.py:1833} INFO - Sync 1 DAGs
[2021-07-23 16:21:16,932] {logging_mixin.py:104} INFO - [2021-07-23 16:21:16,931] {dag.py:2306} INFO - Setting next_dagrun for tutorial to 2021-07-21 00:00:00+00:00
[2021-07-23 16:21:16,944] {scheduler_job.py:189} INFO - Processing /home/dennismutia/.virtualenvs/wefarm/lib/python3.8/site-packages/airflow/example_dags/tutorial.py took 0.136 seconds
[2021-07-23 16:21:19,074] {scheduler_job.py:181} INFO - Started process (PID=2508) to work on /home/dennismutia/.virtualenvs/wefarm/lib/python3.8/site-packages/airflow/example_dags/tutorial.py
[2021-07-23 16:21:19,075] {scheduler_job.py:632} INFO - Processing file /home/dennismutia/.virtualenvs/wefarm/lib/python3.8/site-packages/airflow/example_dags/tutorial.py for tasks to queue
[2021-07-23 16:21:19,076] {logging_mixin.py:104} INFO - [2021-07-23 16:21:19,076] {dagbag.py:496} INFO - Filling up the DagBag from /home/dennismutia/.virtualenvs/wefarm/lib/python3.8/site-packages/airflow/example_dags/tutorial.py
[2021-07-23 16:21:19,090] {scheduler_job.py:642} INFO - DAG(s) dict_keys(['tutorial']) retrieved from /home/dennismutia/.virtualenvs/wefarm/lib/python3.8/site-packages/airflow/example_dags/tutorial.py
[2021-07-23 16:21:19,162] {logging_mixin.py:104} INFO - [2021-07-23 16:21:19,162] {dag.py:1833} INFO - Sync 1 DAGs
[2021-07-23 16:21:19,177] {logging_mixin.py:104} INFO - [2021-07-23 16:21:19,177] {dag.py:2306} INFO - Setting next_dagrun for tutorial to 2021-07-21 00:00:00+00:00
[2021-07-23 16:21:19,193] {scheduler_job.py:189} INFO - Processing /home/dennismutia/.virtualenvs/wefarm/lib/python3.8/site-packages/airflow/example_dags/tutorial.py took 0.121 seconds
[2021-07-23 16:21:21,548] {scheduler_job.py:181} INFO - Started process (PID=2568) to work on /home/dennismutia/.virtualenvs/wefarm/lib/python3.8/site-packages/airflow/example_dags/tutorial.py
[2021-07-23 16:21:21,549] {scheduler_job.py:632} INFO - Processing file /home/dennismutia/.virtualenvs/wefarm/lib/python3.8/site-packages/airflow/example_dags/tutorial.py for tasks to queue
[2021-07-23 16:21:21,550] {logging_mixin.py:104} INFO - [2021-07-23 16:21:21,550] {dagbag.py:496} INFO - Filling up the DagBag from /home/dennismutia/.virtualenvs/wefarm/lib/python3.8/site-packages/airflow/example_dags/tutorial.py
[2021-07-23 16:21:21,569] {scheduler_job.py:642} INFO - DAG(s) dict_keys(['tutorial']) retrieved from /home/dennismutia/.virtualenvs/wefarm/lib/python3.8/site-packages/airflow/example_dags/tutorial.py
[2021-07-23 16:21:21,666] {logging_mixin.py:104} INFO - [2021-07-23 16:21:21,666] {dag.py:1833} INFO - Sync 1 DAGs
[2021-07-23 16:21:21,692] {logging_mixin.py:104} INFO - [2021-07-23 16:21:21,692] {dag.py:2306} INFO - Setting next_dagrun for tutorial to 2021-07-21 00:00:00+00:00
[2021-07-23 16:21:21,705] {scheduler_job.py:189} INFO - Processing /home/dennismutia/.virtualenvs/wefarm/lib/python3.8/site-packages/airflow/example_dags/tutorial.py took 0.161 seconds
[2021-07-23 16:21:24,035] {scheduler_job.py:181} INFO - Started process (PID=2628) to work on /home/dennismutia/.virtualenvs/wefarm/lib/python3.8/site-packages/airflow/example_dags/tutorial.py
[2021-07-23 16:21:24,036] {scheduler_job.py:632} INFO - Processing file /home/dennismutia/.virtualenvs/wefarm/lib/python3.8/site-packages/airflow/example_dags/tutorial.py for tasks to queue
[2021-07-23 16:21:24,037] {logging_mixin.py:104} INFO - [2021-07-23 16:21:24,037] {dagbag.py:496} INFO - Filling up the DagBag from /home/dennismutia/.virtualenvs/wefarm/lib/python3.8/site-packages/airflow/example_dags/tutorial.py
[2021-07-23 16:21:24,053] {scheduler_job.py:642} INFO - DAG(s) dict_keys(['tutorial']) retrieved from /home/dennismutia/.virtualenvs/wefarm/lib/python3.8/site-packages/airflow/example_dags/tutorial.py
[2021-07-23 16:21:24,150] {logging_mixin.py:104} INFO - [2021-07-23 16:21:24,150] {dag.py:1833} INFO - Sync 1 DAGs
[2021-07-23 16:21:24,165] {logging_mixin.py:104} INFO - [2021-07-23 16:21:24,165] {dag.py:2306} INFO - Setting next_dagrun for tutorial to 2021-07-21 00:00:00+00:00
[2021-07-23 16:21:24,178] {scheduler_job.py:189} INFO - Processing /home/dennismutia/.virtualenvs/wefarm/lib/python3.8/site-packages/airflow/example_dags/tutorial.py took 0.146 seconds
[2021-07-23 16:21:26,504] {scheduler_job.py:181} INFO - Started process (PID=2707) to work on /home/dennismutia/.virtualenvs/wefarm/lib/python3.8/site-packages/airflow/example_dags/tutorial.py
[2021-07-23 16:21:26,505] {scheduler_job.py:632} INFO - Processing file /home/dennismutia/.virtualenvs/wefarm/lib/python3.8/site-packages/airflow/example_dags/tutorial.py for tasks to queue
[2021-07-23 16:21:26,505] {logging_mixin.py:104} INFO - [2021-07-23 16:21:26,505] {dagbag.py:496} INFO - Filling up the DagBag from /home/dennismutia/.virtualenvs/wefarm/lib/python3.8/site-packages/airflow/example_dags/tutorial.py
[2021-07-23 16:21:26,520] {scheduler_job.py:642} INFO - DAG(s) dict_keys(['tutorial']) retrieved from /home/dennismutia/.virtualenvs/wefarm/lib/python3.8/site-packages/airflow/example_dags/tutorial.py
[2021-07-23 16:21:26,608] {logging_mixin.py:104} INFO - [2021-07-23 16:21:26,608] {dag.py:1833} INFO - Sync 1 DAGs
[2021-07-23 16:21:26,623] {logging_mixin.py:104} INFO - [2021-07-23 16:21:26,622] {dag.py:2306} INFO - Setting next_dagrun for tutorial to 2021-07-21 00:00:00+00:00
[2021-07-23 16:21:26,648] {scheduler_job.py:189} INFO - Processing /home/dennismutia/.virtualenvs/wefarm/lib/python3.8/site-packages/airflow/example_dags/tutorial.py took 0.149 seconds
[2021-07-23 16:21:28,938] {scheduler_job.py:181} INFO - Started process (PID=2769) to work on /home/dennismutia/.virtualenvs/wefarm/lib/python3.8/site-packages/airflow/example_dags/tutorial.py
[2021-07-23 16:21:28,940] {scheduler_job.py:632} INFO - Processing file /home/dennismutia/.virtualenvs/wefarm/lib/python3.8/site-packages/airflow/example_dags/tutorial.py for tasks to queue
[2021-07-23 16:21:28,940] {logging_mixin.py:104} INFO - [2021-07-23 16:21:28,940] {dagbag.py:496} INFO - Filling up the DagBag from /home/dennismutia/.virtualenvs/wefarm/lib/python3.8/site-packages/airflow/example_dags/tutorial.py
[2021-07-23 16:21:28,956] {scheduler_job.py:642} INFO - DAG(s) dict_keys(['tutorial']) retrieved from /home/dennismutia/.virtualenvs/wefarm/lib/python3.8/site-packages/airflow/example_dags/tutorial.py
[2021-07-23 16:21:29,040] {logging_mixin.py:104} INFO - [2021-07-23 16:21:29,040] {dag.py:1833} INFO - Sync 1 DAGs
[2021-07-23 16:21:29,054] {logging_mixin.py:104} INFO - [2021-07-23 16:21:29,054] {dag.py:2306} INFO - Setting next_dagrun for tutorial to 2021-07-21 00:00:00+00:00
[2021-07-23 16:21:29,066] {scheduler_job.py:189} INFO - Processing /home/dennismutia/.virtualenvs/wefarm/lib/python3.8/site-packages/airflow/example_dags/tutorial.py took 0.131 seconds
[2021-07-23 16:21:31,743] {scheduler_job.py:181} INFO - Started process (PID=2829) to work on /home/dennismutia/.virtualenvs/wefarm/lib/python3.8/site-packages/airflow/example_dags/tutorial.py
[2021-07-23 16:21:31,746] {scheduler_job.py:632} INFO - Processing file /home/dennismutia/.virtualenvs/wefarm/lib/python3.8/site-packages/airflow/example_dags/tutorial.py for tasks to queue
[2021-07-23 16:21:31,749] {logging_mixin.py:104} INFO - [2021-07-23 16:21:31,749] {dagbag.py:496} INFO - Filling up the DagBag from /home/dennismutia/.virtualenvs/wefarm/lib/python3.8/site-packages/airflow/example_dags/tutorial.py
[2021-07-23 16:21:31,767] {scheduler_job.py:642} INFO - DAG(s) dict_keys(['tutorial']) retrieved from /home/dennismutia/.virtualenvs/wefarm/lib/python3.8/site-packages/airflow/example_dags/tutorial.py
[2021-07-23 16:21:31,865] {logging_mixin.py:104} INFO - [2021-07-23 16:21:31,865] {dag.py:1833} INFO - Sync 1 DAGs
[2021-07-23 16:21:31,880] {logging_mixin.py:104} INFO - [2021-07-23 16:21:31,880] {dag.py:2306} INFO - Setting next_dagrun for tutorial to 2021-07-21 00:00:00+00:00
[2021-07-23 16:21:31,892] {scheduler_job.py:189} INFO - Processing /home/dennismutia/.virtualenvs/wefarm/lib/python3.8/site-packages/airflow/example_dags/tutorial.py took 0.154 seconds
[2021-07-23 16:21:35,087] {scheduler_job.py:181} INFO - Started process (PID=2890) to work on /home/dennismutia/.virtualenvs/wefarm/lib/python3.8/site-packages/airflow/example_dags/tutorial.py
[2021-07-23 16:21:35,088] {scheduler_job.py:632} INFO - Processing file /home/dennismutia/.virtualenvs/wefarm/lib/python3.8/site-packages/airflow/example_dags/tutorial.py for tasks to queue
[2021-07-23 16:21:35,089] {logging_mixin.py:104} INFO - [2021-07-23 16:21:35,089] {dagbag.py:496} INFO - Filling up the DagBag from /home/dennismutia/.virtualenvs/wefarm/lib/python3.8/site-packages/airflow/example_dags/tutorial.py
[2021-07-23 16:21:35,118] {scheduler_job.py:642} INFO - DAG(s) dict_keys(['tutorial']) retrieved from /home/dennismutia/.virtualenvs/wefarm/lib/python3.8/site-packages/airflow/example_dags/tutorial.py
[2021-07-23 16:21:35,241] {logging_mixin.py:104} INFO - [2021-07-23 16:21:35,241] {dag.py:1833} INFO - Sync 1 DAGs
[2021-07-23 16:21:35,265] {logging_mixin.py:104} INFO - [2021-07-23 16:21:35,265] {dag.py:2306} INFO - Setting next_dagrun for tutorial to 2021-07-21 00:00:00+00:00
[2021-07-23 16:21:35,284] {scheduler_job.py:189} INFO - Processing /home/dennismutia/.virtualenvs/wefarm/lib/python3.8/site-packages/airflow/example_dags/tutorial.py took 0.203 seconds
[2021-07-23 16:21:38,246] {scheduler_job.py:181} INFO - Started process (PID=2949) to work on /home/dennismutia/.virtualenvs/wefarm/lib/python3.8/site-packages/airflow/example_dags/tutorial.py
[2021-07-23 16:21:38,248] {scheduler_job.py:632} INFO - Processing file /home/dennismutia/.virtualenvs/wefarm/lib/python3.8/site-packages/airflow/example_dags/tutorial.py for tasks to queue
[2021-07-23 16:21:38,249] {logging_mixin.py:104} INFO - [2021-07-23 16:21:38,249] {dagbag.py:496} INFO - Filling up the DagBag from /home/dennismutia/.virtualenvs/wefarm/lib/python3.8/site-packages/airflow/example_dags/tutorial.py
[2021-07-23 16:21:38,271] {scheduler_job.py:642} INFO - DAG(s) dict_keys(['tutorial']) retrieved from /home/dennismutia/.virtualenvs/wefarm/lib/python3.8/site-packages/airflow/example_dags/tutorial.py
[2021-07-23 16:21:38,350] {logging_mixin.py:104} INFO - [2021-07-23 16:21:38,350] {dag.py:1833} INFO - Sync 1 DAGs
[2021-07-23 16:21:38,363] {logging_mixin.py:104} INFO - [2021-07-23 16:21:38,363] {dag.py:2306} INFO - Setting next_dagrun for tutorial to 2021-07-21 00:00:00+00:00
[2021-07-23 16:21:38,377] {scheduler_job.py:189} INFO - Processing /home/dennismutia/.virtualenvs/wefarm/lib/python3.8/site-packages/airflow/example_dags/tutorial.py took 0.134 seconds
[2021-07-23 16:21:40,893] {scheduler_job.py:181} INFO - Started process (PID=3009) to work on /home/dennismutia/.virtualenvs/wefarm/lib/python3.8/site-packages/airflow/example_dags/tutorial.py
[2021-07-23 16:21:40,895] {scheduler_job.py:632} INFO - Processing file /home/dennismutia/.virtualenvs/wefarm/lib/python3.8/site-packages/airflow/example_dags/tutorial.py for tasks to queue
[2021-07-23 16:21:40,898] {logging_mixin.py:104} INFO - [2021-07-23 16:21:40,897] {dagbag.py:496} INFO - Filling up the DagBag from /home/dennismutia/.virtualenvs/wefarm/lib/python3.8/site-packages/airflow/example_dags/tutorial.py
[2021-07-23 16:21:40,915] {scheduler_job.py:642} INFO - DAG(s) dict_keys(['tutorial']) retrieved from /home/dennismutia/.virtualenvs/wefarm/lib/python3.8/site-packages/airflow/example_dags/tutorial.py
[2021-07-23 16:21:40,998] {logging_mixin.py:104} INFO - [2021-07-23 16:21:40,998] {dag.py:1833} INFO - Sync 1 DAGs
[2021-07-23 16:21:41,014] {logging_mixin.py:104} INFO - [2021-07-23 16:21:41,013] {dag.py:2306} INFO - Setting next_dagrun for tutorial to 2021-07-21 00:00:00+00:00
[2021-07-23 16:21:41,029] {scheduler_job.py:189} INFO - Processing /home/dennismutia/.virtualenvs/wefarm/lib/python3.8/site-packages/airflow/example_dags/tutorial.py took 0.139 seconds
[2021-07-23 16:21:45,040] {scheduler_job.py:181} INFO - Started process (PID=3070) to work on /home/dennismutia/.virtualenvs/wefarm/lib/python3.8/site-packages/airflow/example_dags/tutorial.py
[2021-07-23 16:21:45,041] {scheduler_job.py:632} INFO - Processing file /home/dennismutia/.virtualenvs/wefarm/lib/python3.8/site-packages/airflow/example_dags/tutorial.py for tasks to queue
[2021-07-23 16:21:45,042] {logging_mixin.py:104} INFO - [2021-07-23 16:21:45,041] {dagbag.py:496} INFO - Filling up the DagBag from /home/dennismutia/.virtualenvs/wefarm/lib/python3.8/site-packages/airflow/example_dags/tutorial.py
[2021-07-23 16:21:45,065] {scheduler_job.py:642} INFO - DAG(s) dict_keys(['tutorial']) retrieved from /home/dennismutia/.virtualenvs/wefarm/lib/python3.8/site-packages/airflow/example_dags/tutorial.py
[2021-07-23 16:21:45,213] {logging_mixin.py:104} INFO - [2021-07-23 16:21:45,213] {dag.py:1833} INFO - Sync 1 DAGs
[2021-07-23 16:21:45,243] {logging_mixin.py:104} INFO - [2021-07-23 16:21:45,243] {dag.py:2306} INFO - Setting next_dagrun for tutorial to 2021-07-21 00:00:00+00:00
[2021-07-23 16:21:45,273] {scheduler_job.py:189} INFO - Processing /home/dennismutia/.virtualenvs/wefarm/lib/python3.8/site-packages/airflow/example_dags/tutorial.py took 0.237 seconds
[2021-07-23 16:21:48,784] {scheduler_job.py:181} INFO - Started process (PID=3130) to work on /home/dennismutia/.virtualenvs/wefarm/lib/python3.8/site-packages/airflow/example_dags/tutorial.py
[2021-07-23 16:21:48,790] {scheduler_job.py:632} INFO - Processing file /home/dennismutia/.virtualenvs/wefarm/lib/python3.8/site-packages/airflow/example_dags/tutorial.py for tasks to queue
[2021-07-23 16:21:48,795] {logging_mixin.py:104} INFO - [2021-07-23 16:21:48,795] {dagbag.py:496} INFO - Filling up the DagBag from /home/dennismutia/.virtualenvs/wefarm/lib/python3.8/site-packages/airflow/example_dags/tutorial.py
[2021-07-23 16:21:48,816] {scheduler_job.py:642} INFO - DAG(s) dict_keys(['tutorial']) retrieved from /home/dennismutia/.virtualenvs/wefarm/lib/python3.8/site-packages/airflow/example_dags/tutorial.py
[2021-07-23 16:21:48,925] {logging_mixin.py:104} INFO - [2021-07-23 16:21:48,925] {dag.py:1833} INFO - Sync 1 DAGs
[2021-07-23 16:21:48,943] {logging_mixin.py:104} INFO - [2021-07-23 16:21:48,943] {dag.py:2306} INFO - Setting next_dagrun for tutorial to 2021-07-21 00:00:00+00:00
[2021-07-23 16:21:48,966] {scheduler_job.py:189} INFO - Processing /home/dennismutia/.virtualenvs/wefarm/lib/python3.8/site-packages/airflow/example_dags/tutorial.py took 0.185 seconds
[2021-07-23 16:21:52,187] {scheduler_job.py:181} INFO - Started process (PID=3190) to work on /home/dennismutia/.virtualenvs/wefarm/lib/python3.8/site-packages/airflow/example_dags/tutorial.py
[2021-07-23 16:21:52,190] {scheduler_job.py:632} INFO - Processing file /home/dennismutia/.virtualenvs/wefarm/lib/python3.8/site-packages/airflow/example_dags/tutorial.py for tasks to queue
[2021-07-23 16:21:52,193] {logging_mixin.py:104} INFO - [2021-07-23 16:21:52,193] {dagbag.py:496} INFO - Filling up the DagBag from /home/dennismutia/.virtualenvs/wefarm/lib/python3.8/site-packages/airflow/example_dags/tutorial.py
[2021-07-23 16:21:52,208] {scheduler_job.py:642} INFO - DAG(s) dict_keys(['tutorial']) retrieved from /home/dennismutia/.virtualenvs/wefarm/lib/python3.8/site-packages/airflow/example_dags/tutorial.py
[2021-07-23 16:21:52,310] {logging_mixin.py:104} INFO - [2021-07-23 16:21:52,310] {dag.py:1833} INFO - Sync 1 DAGs
[2021-07-23 16:21:52,326] {logging_mixin.py:104} INFO - [2021-07-23 16:21:52,326] {dag.py:2306} INFO - Setting next_dagrun for tutorial to 2021-07-21 00:00:00+00:00
[2021-07-23 16:21:52,342] {scheduler_job.py:189} INFO - Processing /home/dennismutia/.virtualenvs/wefarm/lib/python3.8/site-packages/airflow/example_dags/tutorial.py took 0.159 seconds
