[2021-07-23 16:19:54,704] {scheduler_job.py:181} INFO - Started process (PID=782) to work on /home/dennismutia/.virtualenvs/wefarm/lib/python3.8/site-packages/airflow/example_dags/tutorial_etl_dag.py
[2021-07-23 16:19:54,705] {scheduler_job.py:632} INFO - Processing file /home/dennismutia/.virtualenvs/wefarm/lib/python3.8/site-packages/airflow/example_dags/tutorial_etl_dag.py for tasks to queue
[2021-07-23 16:19:54,705] {logging_mixin.py:104} INFO - [2021-07-23 16:19:54,705] {dagbag.py:496} INFO - Filling up the DagBag from /home/dennismutia/.virtualenvs/wefarm/lib/python3.8/site-packages/airflow/example_dags/tutorial_etl_dag.py
[2021-07-23 16:19:54,715] {scheduler_job.py:642} INFO - DAG(s) dict_keys(['tutorial_etl_dag']) retrieved from /home/dennismutia/.virtualenvs/wefarm/lib/python3.8/site-packages/airflow/example_dags/tutorial_etl_dag.py
[2021-07-23 16:19:54,868] {logging_mixin.py:104} INFO - [2021-07-23 16:19:54,867] {dag.py:1833} INFO - Sync 1 DAGs
[2021-07-23 16:19:54,875] {logging_mixin.py:104} INFO - [2021-07-23 16:19:54,875] {dag.py:2306} INFO - Setting next_dagrun for tutorial_etl_dag to None
[2021-07-23 16:19:54,886] {scheduler_job.py:189} INFO - Processing /home/dennismutia/.virtualenvs/wefarm/lib/python3.8/site-packages/airflow/example_dags/tutorial_etl_dag.py took 0.184 seconds
[2021-07-23 16:19:58,797] {scheduler_job.py:181} INFO - Started process (PID=846) to work on /home/dennismutia/.virtualenvs/wefarm/lib/python3.8/site-packages/airflow/example_dags/tutorial_etl_dag.py
[2021-07-23 16:19:58,797] {scheduler_job.py:632} INFO - Processing file /home/dennismutia/.virtualenvs/wefarm/lib/python3.8/site-packages/airflow/example_dags/tutorial_etl_dag.py for tasks to queue
[2021-07-23 16:19:58,798] {logging_mixin.py:104} INFO - [2021-07-23 16:19:58,798] {dagbag.py:496} INFO - Filling up the DagBag from /home/dennismutia/.virtualenvs/wefarm/lib/python3.8/site-packages/airflow/example_dags/tutorial_etl_dag.py
[2021-07-23 16:19:58,808] {scheduler_job.py:642} INFO - DAG(s) dict_keys(['tutorial_etl_dag']) retrieved from /home/dennismutia/.virtualenvs/wefarm/lib/python3.8/site-packages/airflow/example_dags/tutorial_etl_dag.py
[2021-07-23 16:19:58,823] {logging_mixin.py:104} INFO - [2021-07-23 16:19:58,822] {dag.py:1833} INFO - Sync 1 DAGs
[2021-07-23 16:19:58,872] {logging_mixin.py:104} INFO - [2021-07-23 16:19:58,872] {dag.py:2306} INFO - Setting next_dagrun for tutorial_etl_dag to None
[2021-07-23 16:19:58,881] {scheduler_job.py:189} INFO - Processing /home/dennismutia/.virtualenvs/wefarm/lib/python3.8/site-packages/airflow/example_dags/tutorial_etl_dag.py took 0.086 seconds
[2021-07-23 16:20:00,523] {scheduler_job.py:181} INFO - Started process (PID=906) to work on /home/dennismutia/.virtualenvs/wefarm/lib/python3.8/site-packages/airflow/example_dags/tutorial_etl_dag.py
[2021-07-23 16:20:00,524] {scheduler_job.py:632} INFO - Processing file /home/dennismutia/.virtualenvs/wefarm/lib/python3.8/site-packages/airflow/example_dags/tutorial_etl_dag.py for tasks to queue
[2021-07-23 16:20:00,525] {logging_mixin.py:104} INFO - [2021-07-23 16:20:00,525] {dagbag.py:496} INFO - Filling up the DagBag from /home/dennismutia/.virtualenvs/wefarm/lib/python3.8/site-packages/airflow/example_dags/tutorial_etl_dag.py
[2021-07-23 16:20:00,537] {scheduler_job.py:642} INFO - DAG(s) dict_keys(['tutorial_etl_dag']) retrieved from /home/dennismutia/.virtualenvs/wefarm/lib/python3.8/site-packages/airflow/example_dags/tutorial_etl_dag.py
[2021-07-23 16:20:00,560] {logging_mixin.py:104} INFO - [2021-07-23 16:20:00,560] {dag.py:1833} INFO - Sync 1 DAGs
[2021-07-23 16:20:00,626] {logging_mixin.py:104} INFO - [2021-07-23 16:20:00,626] {dag.py:2306} INFO - Setting next_dagrun for tutorial_etl_dag to None
[2021-07-23 16:20:00,637] {scheduler_job.py:189} INFO - Processing /home/dennismutia/.virtualenvs/wefarm/lib/python3.8/site-packages/airflow/example_dags/tutorial_etl_dag.py took 0.118 seconds
[2021-07-23 16:20:02,519] {scheduler_job.py:181} INFO - Started process (PID=1008) to work on /home/dennismutia/.virtualenvs/wefarm/lib/python3.8/site-packages/airflow/example_dags/tutorial_etl_dag.py
[2021-07-23 16:20:02,520] {scheduler_job.py:632} INFO - Processing file /home/dennismutia/.virtualenvs/wefarm/lib/python3.8/site-packages/airflow/example_dags/tutorial_etl_dag.py for tasks to queue
[2021-07-23 16:20:02,520] {logging_mixin.py:104} INFO - [2021-07-23 16:20:02,520] {dagbag.py:496} INFO - Filling up the DagBag from /home/dennismutia/.virtualenvs/wefarm/lib/python3.8/site-packages/airflow/example_dags/tutorial_etl_dag.py
[2021-07-23 16:20:02,531] {scheduler_job.py:642} INFO - DAG(s) dict_keys(['tutorial_etl_dag']) retrieved from /home/dennismutia/.virtualenvs/wefarm/lib/python3.8/site-packages/airflow/example_dags/tutorial_etl_dag.py
[2021-07-23 16:20:02,555] {logging_mixin.py:104} INFO - [2021-07-23 16:20:02,555] {dag.py:1833} INFO - Sync 1 DAGs
[2021-07-23 16:20:02,620] {logging_mixin.py:104} INFO - [2021-07-23 16:20:02,620] {dag.py:2306} INFO - Setting next_dagrun for tutorial_etl_dag to None
[2021-07-23 16:20:02,632] {scheduler_job.py:189} INFO - Processing /home/dennismutia/.virtualenvs/wefarm/lib/python3.8/site-packages/airflow/example_dags/tutorial_etl_dag.py took 0.118 seconds
[2021-07-23 16:20:04,503] {scheduler_job.py:181} INFO - Started process (PID=1077) to work on /home/dennismutia/.virtualenvs/wefarm/lib/python3.8/site-packages/airflow/example_dags/tutorial_etl_dag.py
[2021-07-23 16:20:04,504] {scheduler_job.py:632} INFO - Processing file /home/dennismutia/.virtualenvs/wefarm/lib/python3.8/site-packages/airflow/example_dags/tutorial_etl_dag.py for tasks to queue
[2021-07-23 16:20:04,504] {logging_mixin.py:104} INFO - [2021-07-23 16:20:04,504] {dagbag.py:496} INFO - Filling up the DagBag from /home/dennismutia/.virtualenvs/wefarm/lib/python3.8/site-packages/airflow/example_dags/tutorial_etl_dag.py
[2021-07-23 16:20:04,516] {scheduler_job.py:642} INFO - DAG(s) dict_keys(['tutorial_etl_dag']) retrieved from /home/dennismutia/.virtualenvs/wefarm/lib/python3.8/site-packages/airflow/example_dags/tutorial_etl_dag.py
[2021-07-23 16:20:04,544] {logging_mixin.py:104} INFO - [2021-07-23 16:20:04,544] {dag.py:1833} INFO - Sync 1 DAGs
[2021-07-23 16:20:04,602] {logging_mixin.py:104} INFO - [2021-07-23 16:20:04,602] {dag.py:2306} INFO - Setting next_dagrun for tutorial_etl_dag to None
[2021-07-23 16:20:04,613] {scheduler_job.py:189} INFO - Processing /home/dennismutia/.virtualenvs/wefarm/lib/python3.8/site-packages/airflow/example_dags/tutorial_etl_dag.py took 0.113 seconds
[2021-07-23 16:20:06,256] {scheduler_job.py:181} INFO - Started process (PID=1137) to work on /home/dennismutia/.virtualenvs/wefarm/lib/python3.8/site-packages/airflow/example_dags/tutorial_etl_dag.py
[2021-07-23 16:20:06,256] {scheduler_job.py:632} INFO - Processing file /home/dennismutia/.virtualenvs/wefarm/lib/python3.8/site-packages/airflow/example_dags/tutorial_etl_dag.py for tasks to queue
[2021-07-23 16:20:06,257] {logging_mixin.py:104} INFO - [2021-07-23 16:20:06,257] {dagbag.py:496} INFO - Filling up the DagBag from /home/dennismutia/.virtualenvs/wefarm/lib/python3.8/site-packages/airflow/example_dags/tutorial_etl_dag.py
[2021-07-23 16:20:06,267] {scheduler_job.py:642} INFO - DAG(s) dict_keys(['tutorial_etl_dag']) retrieved from /home/dennismutia/.virtualenvs/wefarm/lib/python3.8/site-packages/airflow/example_dags/tutorial_etl_dag.py
[2021-07-23 16:20:06,289] {logging_mixin.py:104} INFO - [2021-07-23 16:20:06,289] {dag.py:1833} INFO - Sync 1 DAGs
[2021-07-23 16:20:06,360] {logging_mixin.py:104} INFO - [2021-07-23 16:20:06,360] {dag.py:2306} INFO - Setting next_dagrun for tutorial_etl_dag to None
[2021-07-23 16:20:06,376] {scheduler_job.py:189} INFO - Processing /home/dennismutia/.virtualenvs/wefarm/lib/python3.8/site-packages/airflow/example_dags/tutorial_etl_dag.py took 0.122 seconds
[2021-07-23 16:20:08,322] {scheduler_job.py:181} INFO - Started process (PID=1198) to work on /home/dennismutia/.virtualenvs/wefarm/lib/python3.8/site-packages/airflow/example_dags/tutorial_etl_dag.py
[2021-07-23 16:20:08,323] {scheduler_job.py:632} INFO - Processing file /home/dennismutia/.virtualenvs/wefarm/lib/python3.8/site-packages/airflow/example_dags/tutorial_etl_dag.py for tasks to queue
[2021-07-23 16:20:08,324] {logging_mixin.py:104} INFO - [2021-07-23 16:20:08,324] {dagbag.py:496} INFO - Filling up the DagBag from /home/dennismutia/.virtualenvs/wefarm/lib/python3.8/site-packages/airflow/example_dags/tutorial_etl_dag.py
[2021-07-23 16:20:08,338] {scheduler_job.py:642} INFO - DAG(s) dict_keys(['tutorial_etl_dag']) retrieved from /home/dennismutia/.virtualenvs/wefarm/lib/python3.8/site-packages/airflow/example_dags/tutorial_etl_dag.py
[2021-07-23 16:20:08,371] {logging_mixin.py:104} INFO - [2021-07-23 16:20:08,371] {dag.py:1833} INFO - Sync 1 DAGs
[2021-07-23 16:20:08,450] {logging_mixin.py:104} INFO - [2021-07-23 16:20:08,449] {dag.py:2306} INFO - Setting next_dagrun for tutorial_etl_dag to None
[2021-07-23 16:20:08,459] {scheduler_job.py:189} INFO - Processing /home/dennismutia/.virtualenvs/wefarm/lib/python3.8/site-packages/airflow/example_dags/tutorial_etl_dag.py took 0.140 seconds
[2021-07-23 16:20:10,272] {scheduler_job.py:181} INFO - Started process (PID=1279) to work on /home/dennismutia/.virtualenvs/wefarm/lib/python3.8/site-packages/airflow/example_dags/tutorial_etl_dag.py
[2021-07-23 16:20:10,273] {scheduler_job.py:632} INFO - Processing file /home/dennismutia/.virtualenvs/wefarm/lib/python3.8/site-packages/airflow/example_dags/tutorial_etl_dag.py for tasks to queue
[2021-07-23 16:20:10,274] {logging_mixin.py:104} INFO - [2021-07-23 16:20:10,274] {dagbag.py:496} INFO - Filling up the DagBag from /home/dennismutia/.virtualenvs/wefarm/lib/python3.8/site-packages/airflow/example_dags/tutorial_etl_dag.py
[2021-07-23 16:20:10,285] {scheduler_job.py:642} INFO - DAG(s) dict_keys(['tutorial_etl_dag']) retrieved from /home/dennismutia/.virtualenvs/wefarm/lib/python3.8/site-packages/airflow/example_dags/tutorial_etl_dag.py
[2021-07-23 16:20:10,311] {logging_mixin.py:104} INFO - [2021-07-23 16:20:10,311] {dag.py:1833} INFO - Sync 1 DAGs
[2021-07-23 16:20:10,368] {logging_mixin.py:104} INFO - [2021-07-23 16:20:10,368] {dag.py:2306} INFO - Setting next_dagrun for tutorial_etl_dag to None
[2021-07-23 16:20:10,381] {scheduler_job.py:189} INFO - Processing /home/dennismutia/.virtualenvs/wefarm/lib/python3.8/site-packages/airflow/example_dags/tutorial_etl_dag.py took 0.111 seconds
[2021-07-23 16:20:12,169] {scheduler_job.py:181} INFO - Started process (PID=1342) to work on /home/dennismutia/.virtualenvs/wefarm/lib/python3.8/site-packages/airflow/example_dags/tutorial_etl_dag.py
[2021-07-23 16:20:12,171] {scheduler_job.py:632} INFO - Processing file /home/dennismutia/.virtualenvs/wefarm/lib/python3.8/site-packages/airflow/example_dags/tutorial_etl_dag.py for tasks to queue
[2021-07-23 16:20:12,173] {logging_mixin.py:104} INFO - [2021-07-23 16:20:12,173] {dagbag.py:496} INFO - Filling up the DagBag from /home/dennismutia/.virtualenvs/wefarm/lib/python3.8/site-packages/airflow/example_dags/tutorial_etl_dag.py
[2021-07-23 16:20:12,190] {scheduler_job.py:642} INFO - DAG(s) dict_keys(['tutorial_etl_dag']) retrieved from /home/dennismutia/.virtualenvs/wefarm/lib/python3.8/site-packages/airflow/example_dags/tutorial_etl_dag.py
[2021-07-23 16:20:12,211] {logging_mixin.py:104} INFO - [2021-07-23 16:20:12,211] {dag.py:1833} INFO - Sync 1 DAGs
[2021-07-23 16:20:12,278] {logging_mixin.py:104} INFO - [2021-07-23 16:20:12,278] {dag.py:2306} INFO - Setting next_dagrun for tutorial_etl_dag to None
[2021-07-23 16:20:12,302] {scheduler_job.py:189} INFO - Processing /home/dennismutia/.virtualenvs/wefarm/lib/python3.8/site-packages/airflow/example_dags/tutorial_etl_dag.py took 0.137 seconds
[2021-07-23 16:20:14,409] {scheduler_job.py:181} INFO - Started process (PID=1402) to work on /home/dennismutia/.virtualenvs/wefarm/lib/python3.8/site-packages/airflow/example_dags/tutorial_etl_dag.py
[2021-07-23 16:20:14,411] {scheduler_job.py:632} INFO - Processing file /home/dennismutia/.virtualenvs/wefarm/lib/python3.8/site-packages/airflow/example_dags/tutorial_etl_dag.py for tasks to queue
[2021-07-23 16:20:14,411] {logging_mixin.py:104} INFO - [2021-07-23 16:20:14,411] {dagbag.py:496} INFO - Filling up the DagBag from /home/dennismutia/.virtualenvs/wefarm/lib/python3.8/site-packages/airflow/example_dags/tutorial_etl_dag.py
[2021-07-23 16:20:14,425] {scheduler_job.py:642} INFO - DAG(s) dict_keys(['tutorial_etl_dag']) retrieved from /home/dennismutia/.virtualenvs/wefarm/lib/python3.8/site-packages/airflow/example_dags/tutorial_etl_dag.py
[2021-07-23 16:20:14,457] {logging_mixin.py:104} INFO - [2021-07-23 16:20:14,457] {dag.py:1833} INFO - Sync 1 DAGs
[2021-07-23 16:20:14,527] {logging_mixin.py:104} INFO - [2021-07-23 16:20:14,527] {dag.py:2306} INFO - Setting next_dagrun for tutorial_etl_dag to None
[2021-07-23 16:20:14,547] {scheduler_job.py:189} INFO - Processing /home/dennismutia/.virtualenvs/wefarm/lib/python3.8/site-packages/airflow/example_dags/tutorial_etl_dag.py took 0.141 seconds
[2021-07-23 16:20:16,885] {scheduler_job.py:181} INFO - Started process (PID=1462) to work on /home/dennismutia/.virtualenvs/wefarm/lib/python3.8/site-packages/airflow/example_dags/tutorial_etl_dag.py
[2021-07-23 16:20:16,888] {scheduler_job.py:632} INFO - Processing file /home/dennismutia/.virtualenvs/wefarm/lib/python3.8/site-packages/airflow/example_dags/tutorial_etl_dag.py for tasks to queue
[2021-07-23 16:20:16,890] {logging_mixin.py:104} INFO - [2021-07-23 16:20:16,890] {dagbag.py:496} INFO - Filling up the DagBag from /home/dennismutia/.virtualenvs/wefarm/lib/python3.8/site-packages/airflow/example_dags/tutorial_etl_dag.py
[2021-07-23 16:20:16,913] {scheduler_job.py:642} INFO - DAG(s) dict_keys(['tutorial_etl_dag']) retrieved from /home/dennismutia/.virtualenvs/wefarm/lib/python3.8/site-packages/airflow/example_dags/tutorial_etl_dag.py
[2021-07-23 16:20:16,945] {logging_mixin.py:104} INFO - [2021-07-23 16:20:16,945] {dag.py:1833} INFO - Sync 1 DAGs
[2021-07-23 16:20:17,035] {logging_mixin.py:104} INFO - [2021-07-23 16:20:17,035] {dag.py:2306} INFO - Setting next_dagrun for tutorial_etl_dag to None
[2021-07-23 16:20:17,048] {scheduler_job.py:189} INFO - Processing /home/dennismutia/.virtualenvs/wefarm/lib/python3.8/site-packages/airflow/example_dags/tutorial_etl_dag.py took 0.166 seconds
[2021-07-23 16:20:19,166] {scheduler_job.py:181} INFO - Started process (PID=1522) to work on /home/dennismutia/.virtualenvs/wefarm/lib/python3.8/site-packages/airflow/example_dags/tutorial_etl_dag.py
[2021-07-23 16:20:19,168] {scheduler_job.py:632} INFO - Processing file /home/dennismutia/.virtualenvs/wefarm/lib/python3.8/site-packages/airflow/example_dags/tutorial_etl_dag.py for tasks to queue
[2021-07-23 16:20:19,168] {logging_mixin.py:104} INFO - [2021-07-23 16:20:19,168] {dagbag.py:496} INFO - Filling up the DagBag from /home/dennismutia/.virtualenvs/wefarm/lib/python3.8/site-packages/airflow/example_dags/tutorial_etl_dag.py
[2021-07-23 16:20:19,184] {scheduler_job.py:642} INFO - DAG(s) dict_keys(['tutorial_etl_dag']) retrieved from /home/dennismutia/.virtualenvs/wefarm/lib/python3.8/site-packages/airflow/example_dags/tutorial_etl_dag.py
[2021-07-23 16:20:19,207] {logging_mixin.py:104} INFO - [2021-07-23 16:20:19,207] {dag.py:1833} INFO - Sync 1 DAGs
[2021-07-23 16:20:19,283] {logging_mixin.py:104} INFO - [2021-07-23 16:20:19,282] {dag.py:2306} INFO - Setting next_dagrun for tutorial_etl_dag to None
[2021-07-23 16:20:19,294] {scheduler_job.py:189} INFO - Processing /home/dennismutia/.virtualenvs/wefarm/lib/python3.8/site-packages/airflow/example_dags/tutorial_etl_dag.py took 0.130 seconds
[2021-07-23 16:20:21,531] {scheduler_job.py:181} INFO - Started process (PID=1582) to work on /home/dennismutia/.virtualenvs/wefarm/lib/python3.8/site-packages/airflow/example_dags/tutorial_etl_dag.py
[2021-07-23 16:20:21,532] {scheduler_job.py:632} INFO - Processing file /home/dennismutia/.virtualenvs/wefarm/lib/python3.8/site-packages/airflow/example_dags/tutorial_etl_dag.py for tasks to queue
[2021-07-23 16:20:21,533] {logging_mixin.py:104} INFO - [2021-07-23 16:20:21,533] {dagbag.py:496} INFO - Filling up the DagBag from /home/dennismutia/.virtualenvs/wefarm/lib/python3.8/site-packages/airflow/example_dags/tutorial_etl_dag.py
[2021-07-23 16:20:21,547] {scheduler_job.py:642} INFO - DAG(s) dict_keys(['tutorial_etl_dag']) retrieved from /home/dennismutia/.virtualenvs/wefarm/lib/python3.8/site-packages/airflow/example_dags/tutorial_etl_dag.py
[2021-07-23 16:20:21,566] {logging_mixin.py:104} INFO - [2021-07-23 16:20:21,566] {dag.py:1833} INFO - Sync 1 DAGs
[2021-07-23 16:20:21,640] {logging_mixin.py:104} INFO - [2021-07-23 16:20:21,640] {dag.py:2306} INFO - Setting next_dagrun for tutorial_etl_dag to None
[2021-07-23 16:20:21,659] {scheduler_job.py:189} INFO - Processing /home/dennismutia/.virtualenvs/wefarm/lib/python3.8/site-packages/airflow/example_dags/tutorial_etl_dag.py took 0.132 seconds
[2021-07-23 16:20:24,322] {scheduler_job.py:181} INFO - Started process (PID=1647) to work on /home/dennismutia/.virtualenvs/wefarm/lib/python3.8/site-packages/airflow/example_dags/tutorial_etl_dag.py
[2021-07-23 16:20:24,327] {scheduler_job.py:632} INFO - Processing file /home/dennismutia/.virtualenvs/wefarm/lib/python3.8/site-packages/airflow/example_dags/tutorial_etl_dag.py for tasks to queue
[2021-07-23 16:20:24,331] {logging_mixin.py:104} INFO - [2021-07-23 16:20:24,331] {dagbag.py:496} INFO - Filling up the DagBag from /home/dennismutia/.virtualenvs/wefarm/lib/python3.8/site-packages/airflow/example_dags/tutorial_etl_dag.py
[2021-07-23 16:20:24,350] {scheduler_job.py:642} INFO - DAG(s) dict_keys(['tutorial_etl_dag']) retrieved from /home/dennismutia/.virtualenvs/wefarm/lib/python3.8/site-packages/airflow/example_dags/tutorial_etl_dag.py
[2021-07-23 16:20:24,379] {logging_mixin.py:104} INFO - [2021-07-23 16:20:24,378] {dag.py:1833} INFO - Sync 1 DAGs
[2021-07-23 16:20:24,464] {logging_mixin.py:104} INFO - [2021-07-23 16:20:24,464] {dag.py:2306} INFO - Setting next_dagrun for tutorial_etl_dag to None
[2021-07-23 16:20:24,476] {scheduler_job.py:189} INFO - Processing /home/dennismutia/.virtualenvs/wefarm/lib/python3.8/site-packages/airflow/example_dags/tutorial_etl_dag.py took 0.158 seconds
[2021-07-23 16:20:27,128] {scheduler_job.py:181} INFO - Started process (PID=1709) to work on /home/dennismutia/.virtualenvs/wefarm/lib/python3.8/site-packages/airflow/example_dags/tutorial_etl_dag.py
[2021-07-23 16:20:27,131] {scheduler_job.py:632} INFO - Processing file /home/dennismutia/.virtualenvs/wefarm/lib/python3.8/site-packages/airflow/example_dags/tutorial_etl_dag.py for tasks to queue
[2021-07-23 16:20:27,134] {logging_mixin.py:104} INFO - [2021-07-23 16:20:27,134] {dagbag.py:496} INFO - Filling up the DagBag from /home/dennismutia/.virtualenvs/wefarm/lib/python3.8/site-packages/airflow/example_dags/tutorial_etl_dag.py
[2021-07-23 16:20:27,155] {scheduler_job.py:642} INFO - DAG(s) dict_keys(['tutorial_etl_dag']) retrieved from /home/dennismutia/.virtualenvs/wefarm/lib/python3.8/site-packages/airflow/example_dags/tutorial_etl_dag.py
[2021-07-23 16:20:27,252] {logging_mixin.py:104} INFO - [2021-07-23 16:20:27,252] {dag.py:1833} INFO - Sync 1 DAGs
[2021-07-23 16:20:27,271] {logging_mixin.py:104} INFO - [2021-07-23 16:20:27,271] {dag.py:2306} INFO - Setting next_dagrun for tutorial_etl_dag to None
[2021-07-23 16:20:27,286] {scheduler_job.py:189} INFO - Processing /home/dennismutia/.virtualenvs/wefarm/lib/python3.8/site-packages/airflow/example_dags/tutorial_etl_dag.py took 0.162 seconds
[2021-07-23 16:20:34,051] {scheduler_job.py:181} INFO - Started process (PID=1771) to work on /home/dennismutia/.virtualenvs/wefarm/lib/python3.8/site-packages/airflow/example_dags/tutorial_etl_dag.py
[2021-07-23 16:20:34,056] {scheduler_job.py:632} INFO - Processing file /home/dennismutia/.virtualenvs/wefarm/lib/python3.8/site-packages/airflow/example_dags/tutorial_etl_dag.py for tasks to queue
[2021-07-23 16:20:34,058] {logging_mixin.py:104} INFO - [2021-07-23 16:20:34,058] {dagbag.py:496} INFO - Filling up the DagBag from /home/dennismutia/.virtualenvs/wefarm/lib/python3.8/site-packages/airflow/example_dags/tutorial_etl_dag.py
[2021-07-23 16:20:34,095] {scheduler_job.py:642} INFO - DAG(s) dict_keys(['tutorial_etl_dag']) retrieved from /home/dennismutia/.virtualenvs/wefarm/lib/python3.8/site-packages/airflow/example_dags/tutorial_etl_dag.py
[2021-07-23 16:20:34,313] {logging_mixin.py:104} INFO - [2021-07-23 16:20:34,313] {dag.py:1833} INFO - Sync 1 DAGs
[2021-07-23 16:20:34,365] {logging_mixin.py:104} INFO - [2021-07-23 16:20:34,365] {dag.py:2306} INFO - Setting next_dagrun for tutorial_etl_dag to None
[2021-07-23 16:20:34,557] {scheduler_job.py:189} INFO - Processing /home/dennismutia/.virtualenvs/wefarm/lib/python3.8/site-packages/airflow/example_dags/tutorial_etl_dag.py took 0.514 seconds
[2021-07-23 16:20:41,621] {scheduler_job.py:181} INFO - Started process (PID=1848) to work on /home/dennismutia/.virtualenvs/wefarm/lib/python3.8/site-packages/airflow/example_dags/tutorial_etl_dag.py
[2021-07-23 16:20:41,631] {scheduler_job.py:632} INFO - Processing file /home/dennismutia/.virtualenvs/wefarm/lib/python3.8/site-packages/airflow/example_dags/tutorial_etl_dag.py for tasks to queue
[2021-07-23 16:20:41,632] {logging_mixin.py:104} INFO - [2021-07-23 16:20:41,632] {dagbag.py:496} INFO - Filling up the DagBag from /home/dennismutia/.virtualenvs/wefarm/lib/python3.8/site-packages/airflow/example_dags/tutorial_etl_dag.py
[2021-07-23 16:20:41,670] {scheduler_job.py:642} INFO - DAG(s) dict_keys(['tutorial_etl_dag']) retrieved from /home/dennismutia/.virtualenvs/wefarm/lib/python3.8/site-packages/airflow/example_dags/tutorial_etl_dag.py
[2021-07-23 16:20:41,917] {logging_mixin.py:104} INFO - [2021-07-23 16:20:41,917] {dag.py:1833} INFO - Sync 1 DAGs
[2021-07-23 16:20:41,966] {logging_mixin.py:104} INFO - [2021-07-23 16:20:41,966] {dag.py:2306} INFO - Setting next_dagrun for tutorial_etl_dag to None
[2021-07-23 16:20:41,988] {scheduler_job.py:189} INFO - Processing /home/dennismutia/.virtualenvs/wefarm/lib/python3.8/site-packages/airflow/example_dags/tutorial_etl_dag.py took 0.371 seconds
[2021-07-23 16:20:49,377] {scheduler_job.py:181} INFO - Started process (PID=1911) to work on /home/dennismutia/.virtualenvs/wefarm/lib/python3.8/site-packages/airflow/example_dags/tutorial_etl_dag.py
[2021-07-23 16:20:49,398] {scheduler_job.py:632} INFO - Processing file /home/dennismutia/.virtualenvs/wefarm/lib/python3.8/site-packages/airflow/example_dags/tutorial_etl_dag.py for tasks to queue
[2021-07-23 16:20:49,399] {logging_mixin.py:104} INFO - [2021-07-23 16:20:49,399] {dagbag.py:496} INFO - Filling up the DagBag from /home/dennismutia/.virtualenvs/wefarm/lib/python3.8/site-packages/airflow/example_dags/tutorial_etl_dag.py
[2021-07-23 16:20:49,415] {scheduler_job.py:642} INFO - DAG(s) dict_keys(['tutorial_etl_dag']) retrieved from /home/dennismutia/.virtualenvs/wefarm/lib/python3.8/site-packages/airflow/example_dags/tutorial_etl_dag.py
[2021-07-23 16:20:49,639] {logging_mixin.py:104} INFO - [2021-07-23 16:20:49,639] {dag.py:1833} INFO - Sync 1 DAGs
[2021-07-23 16:20:49,679] {logging_mixin.py:104} INFO - [2021-07-23 16:20:49,679] {dag.py:2306} INFO - Setting next_dagrun for tutorial_etl_dag to None
[2021-07-23 16:20:49,707] {scheduler_job.py:189} INFO - Processing /home/dennismutia/.virtualenvs/wefarm/lib/python3.8/site-packages/airflow/example_dags/tutorial_etl_dag.py took 0.334 seconds
[2021-07-23 16:20:55,080] {scheduler_job.py:181} INFO - Started process (PID=1971) to work on /home/dennismutia/.virtualenvs/wefarm/lib/python3.8/site-packages/airflow/example_dags/tutorial_etl_dag.py
[2021-07-23 16:20:55,081] {scheduler_job.py:632} INFO - Processing file /home/dennismutia/.virtualenvs/wefarm/lib/python3.8/site-packages/airflow/example_dags/tutorial_etl_dag.py for tasks to queue
[2021-07-23 16:20:55,082] {logging_mixin.py:104} INFO - [2021-07-23 16:20:55,082] {dagbag.py:496} INFO - Filling up the DagBag from /home/dennismutia/.virtualenvs/wefarm/lib/python3.8/site-packages/airflow/example_dags/tutorial_etl_dag.py
[2021-07-23 16:20:55,099] {scheduler_job.py:642} INFO - DAG(s) dict_keys(['tutorial_etl_dag']) retrieved from /home/dennismutia/.virtualenvs/wefarm/lib/python3.8/site-packages/airflow/example_dags/tutorial_etl_dag.py
[2021-07-23 16:20:55,220] {logging_mixin.py:104} INFO - [2021-07-23 16:20:55,220] {dag.py:1833} INFO - Sync 1 DAGs
[2021-07-23 16:20:55,237] {logging_mixin.py:104} INFO - [2021-07-23 16:20:55,237] {dag.py:2306} INFO - Setting next_dagrun for tutorial_etl_dag to None
[2021-07-23 16:20:55,251] {scheduler_job.py:189} INFO - Processing /home/dennismutia/.virtualenvs/wefarm/lib/python3.8/site-packages/airflow/example_dags/tutorial_etl_dag.py took 0.174 seconds
[2021-07-23 16:20:58,478] {scheduler_job.py:181} INFO - Started process (PID=2030) to work on /home/dennismutia/.virtualenvs/wefarm/lib/python3.8/site-packages/airflow/example_dags/tutorial_etl_dag.py
[2021-07-23 16:20:58,479] {scheduler_job.py:632} INFO - Processing file /home/dennismutia/.virtualenvs/wefarm/lib/python3.8/site-packages/airflow/example_dags/tutorial_etl_dag.py for tasks to queue
[2021-07-23 16:20:58,480] {logging_mixin.py:104} INFO - [2021-07-23 16:20:58,480] {dagbag.py:496} INFO - Filling up the DagBag from /home/dennismutia/.virtualenvs/wefarm/lib/python3.8/site-packages/airflow/example_dags/tutorial_etl_dag.py
[2021-07-23 16:20:58,500] {scheduler_job.py:642} INFO - DAG(s) dict_keys(['tutorial_etl_dag']) retrieved from /home/dennismutia/.virtualenvs/wefarm/lib/python3.8/site-packages/airflow/example_dags/tutorial_etl_dag.py
[2021-07-23 16:20:58,602] {logging_mixin.py:104} INFO - [2021-07-23 16:20:58,602] {dag.py:1833} INFO - Sync 1 DAGs
[2021-07-23 16:20:58,619] {logging_mixin.py:104} INFO - [2021-07-23 16:20:58,619] {dag.py:2306} INFO - Setting next_dagrun for tutorial_etl_dag to None
[2021-07-23 16:20:58,631] {scheduler_job.py:189} INFO - Processing /home/dennismutia/.virtualenvs/wefarm/lib/python3.8/site-packages/airflow/example_dags/tutorial_etl_dag.py took 0.158 seconds
[2021-07-23 16:21:02,975] {scheduler_job.py:181} INFO - Started process (PID=2090) to work on /home/dennismutia/.virtualenvs/wefarm/lib/python3.8/site-packages/airflow/example_dags/tutorial_etl_dag.py
[2021-07-23 16:21:02,977] {scheduler_job.py:632} INFO - Processing file /home/dennismutia/.virtualenvs/wefarm/lib/python3.8/site-packages/airflow/example_dags/tutorial_etl_dag.py for tasks to queue
[2021-07-23 16:21:02,977] {logging_mixin.py:104} INFO - [2021-07-23 16:21:02,977] {dagbag.py:496} INFO - Filling up the DagBag from /home/dennismutia/.virtualenvs/wefarm/lib/python3.8/site-packages/airflow/example_dags/tutorial_etl_dag.py
[2021-07-23 16:21:03,005] {scheduler_job.py:642} INFO - DAG(s) dict_keys(['tutorial_etl_dag']) retrieved from /home/dennismutia/.virtualenvs/wefarm/lib/python3.8/site-packages/airflow/example_dags/tutorial_etl_dag.py
[2021-07-23 16:21:03,177] {logging_mixin.py:104} INFO - [2021-07-23 16:21:03,177] {dag.py:1833} INFO - Sync 1 DAGs
[2021-07-23 16:21:03,207] {logging_mixin.py:104} INFO - [2021-07-23 16:21:03,207] {dag.py:2306} INFO - Setting next_dagrun for tutorial_etl_dag to None
[2021-07-23 16:21:03,229] {scheduler_job.py:189} INFO - Processing /home/dennismutia/.virtualenvs/wefarm/lib/python3.8/site-packages/airflow/example_dags/tutorial_etl_dag.py took 0.259 seconds
[2021-07-23 16:21:05,700] {scheduler_job.py:181} INFO - Started process (PID=2151) to work on /home/dennismutia/.virtualenvs/wefarm/lib/python3.8/site-packages/airflow/example_dags/tutorial_etl_dag.py
[2021-07-23 16:21:05,702] {scheduler_job.py:632} INFO - Processing file /home/dennismutia/.virtualenvs/wefarm/lib/python3.8/site-packages/airflow/example_dags/tutorial_etl_dag.py for tasks to queue
[2021-07-23 16:21:05,702] {logging_mixin.py:104} INFO - [2021-07-23 16:21:05,702] {dagbag.py:496} INFO - Filling up the DagBag from /home/dennismutia/.virtualenvs/wefarm/lib/python3.8/site-packages/airflow/example_dags/tutorial_etl_dag.py
[2021-07-23 16:21:05,716] {scheduler_job.py:642} INFO - DAG(s) dict_keys(['tutorial_etl_dag']) retrieved from /home/dennismutia/.virtualenvs/wefarm/lib/python3.8/site-packages/airflow/example_dags/tutorial_etl_dag.py
[2021-07-23 16:21:05,799] {logging_mixin.py:104} INFO - [2021-07-23 16:21:05,799] {dag.py:1833} INFO - Sync 1 DAGs
[2021-07-23 16:21:05,813] {logging_mixin.py:104} INFO - [2021-07-23 16:21:05,812] {dag.py:2306} INFO - Setting next_dagrun for tutorial_etl_dag to None
[2021-07-23 16:21:05,829] {scheduler_job.py:189} INFO - Processing /home/dennismutia/.virtualenvs/wefarm/lib/python3.8/site-packages/airflow/example_dags/tutorial_etl_dag.py took 0.132 seconds
[2021-07-23 16:21:08,487] {scheduler_job.py:181} INFO - Started process (PID=2212) to work on /home/dennismutia/.virtualenvs/wefarm/lib/python3.8/site-packages/airflow/example_dags/tutorial_etl_dag.py
[2021-07-23 16:21:08,489] {scheduler_job.py:632} INFO - Processing file /home/dennismutia/.virtualenvs/wefarm/lib/python3.8/site-packages/airflow/example_dags/tutorial_etl_dag.py for tasks to queue
[2021-07-23 16:21:08,492] {logging_mixin.py:104} INFO - [2021-07-23 16:21:08,492] {dagbag.py:496} INFO - Filling up the DagBag from /home/dennismutia/.virtualenvs/wefarm/lib/python3.8/site-packages/airflow/example_dags/tutorial_etl_dag.py
[2021-07-23 16:21:08,506] {scheduler_job.py:642} INFO - DAG(s) dict_keys(['tutorial_etl_dag']) retrieved from /home/dennismutia/.virtualenvs/wefarm/lib/python3.8/site-packages/airflow/example_dags/tutorial_etl_dag.py
[2021-07-23 16:21:08,614] {logging_mixin.py:104} INFO - [2021-07-23 16:21:08,614] {dag.py:1833} INFO - Sync 1 DAGs
[2021-07-23 16:21:08,630] {logging_mixin.py:104} INFO - [2021-07-23 16:21:08,630] {dag.py:2306} INFO - Setting next_dagrun for tutorial_etl_dag to None
[2021-07-23 16:21:08,647] {scheduler_job.py:189} INFO - Processing /home/dennismutia/.virtualenvs/wefarm/lib/python3.8/site-packages/airflow/example_dags/tutorial_etl_dag.py took 0.163 seconds
[2021-07-23 16:21:11,694] {scheduler_job.py:181} INFO - Started process (PID=2317) to work on /home/dennismutia/.virtualenvs/wefarm/lib/python3.8/site-packages/airflow/example_dags/tutorial_etl_dag.py
[2021-07-23 16:21:11,695] {scheduler_job.py:632} INFO - Processing file /home/dennismutia/.virtualenvs/wefarm/lib/python3.8/site-packages/airflow/example_dags/tutorial_etl_dag.py for tasks to queue
[2021-07-23 16:21:11,696] {logging_mixin.py:104} INFO - [2021-07-23 16:21:11,696] {dagbag.py:496} INFO - Filling up the DagBag from /home/dennismutia/.virtualenvs/wefarm/lib/python3.8/site-packages/airflow/example_dags/tutorial_etl_dag.py
[2021-07-23 16:21:11,729] {scheduler_job.py:642} INFO - DAG(s) dict_keys(['tutorial_etl_dag']) retrieved from /home/dennismutia/.virtualenvs/wefarm/lib/python3.8/site-packages/airflow/example_dags/tutorial_etl_dag.py
[2021-07-23 16:21:11,831] {logging_mixin.py:104} INFO - [2021-07-23 16:21:11,831] {dag.py:1833} INFO - Sync 1 DAGs
[2021-07-23 16:21:11,846] {logging_mixin.py:104} INFO - [2021-07-23 16:21:11,846] {dag.py:2306} INFO - Setting next_dagrun for tutorial_etl_dag to None
[2021-07-23 16:21:11,861] {scheduler_job.py:189} INFO - Processing /home/dennismutia/.virtualenvs/wefarm/lib/python3.8/site-packages/airflow/example_dags/tutorial_etl_dag.py took 0.170 seconds
[2021-07-23 16:21:14,118] {scheduler_job.py:181} INFO - Started process (PID=2382) to work on /home/dennismutia/.virtualenvs/wefarm/lib/python3.8/site-packages/airflow/example_dags/tutorial_etl_dag.py
[2021-07-23 16:21:14,119] {scheduler_job.py:632} INFO - Processing file /home/dennismutia/.virtualenvs/wefarm/lib/python3.8/site-packages/airflow/example_dags/tutorial_etl_dag.py for tasks to queue
[2021-07-23 16:21:14,120] {logging_mixin.py:104} INFO - [2021-07-23 16:21:14,119] {dagbag.py:496} INFO - Filling up the DagBag from /home/dennismutia/.virtualenvs/wefarm/lib/python3.8/site-packages/airflow/example_dags/tutorial_etl_dag.py
[2021-07-23 16:21:14,133] {scheduler_job.py:642} INFO - DAG(s) dict_keys(['tutorial_etl_dag']) retrieved from /home/dennismutia/.virtualenvs/wefarm/lib/python3.8/site-packages/airflow/example_dags/tutorial_etl_dag.py
[2021-07-23 16:21:14,215] {logging_mixin.py:104} INFO - [2021-07-23 16:21:14,215] {dag.py:1833} INFO - Sync 1 DAGs
[2021-07-23 16:21:14,230] {logging_mixin.py:104} INFO - [2021-07-23 16:21:14,230] {dag.py:2306} INFO - Setting next_dagrun for tutorial_etl_dag to None
[2021-07-23 16:21:14,244] {scheduler_job.py:189} INFO - Processing /home/dennismutia/.virtualenvs/wefarm/lib/python3.8/site-packages/airflow/example_dags/tutorial_etl_dag.py took 0.131 seconds
[2021-07-23 16:21:16,609] {scheduler_job.py:181} INFO - Started process (PID=2442) to work on /home/dennismutia/.virtualenvs/wefarm/lib/python3.8/site-packages/airflow/example_dags/tutorial_etl_dag.py
[2021-07-23 16:21:16,610] {scheduler_job.py:632} INFO - Processing file /home/dennismutia/.virtualenvs/wefarm/lib/python3.8/site-packages/airflow/example_dags/tutorial_etl_dag.py for tasks to queue
[2021-07-23 16:21:16,610] {logging_mixin.py:104} INFO - [2021-07-23 16:21:16,610] {dagbag.py:496} INFO - Filling up the DagBag from /home/dennismutia/.virtualenvs/wefarm/lib/python3.8/site-packages/airflow/example_dags/tutorial_etl_dag.py
[2021-07-23 16:21:16,624] {scheduler_job.py:642} INFO - DAG(s) dict_keys(['tutorial_etl_dag']) retrieved from /home/dennismutia/.virtualenvs/wefarm/lib/python3.8/site-packages/airflow/example_dags/tutorial_etl_dag.py
[2021-07-23 16:21:16,701] {logging_mixin.py:104} INFO - [2021-07-23 16:21:16,701] {dag.py:1833} INFO - Sync 1 DAGs
[2021-07-23 16:21:16,713] {logging_mixin.py:104} INFO - [2021-07-23 16:21:16,713] {dag.py:2306} INFO - Setting next_dagrun for tutorial_etl_dag to None
[2021-07-23 16:21:16,725] {scheduler_job.py:189} INFO - Processing /home/dennismutia/.virtualenvs/wefarm/lib/python3.8/site-packages/airflow/example_dags/tutorial_etl_dag.py took 0.119 seconds
[2021-07-23 16:21:18,885] {scheduler_job.py:181} INFO - Started process (PID=2503) to work on /home/dennismutia/.virtualenvs/wefarm/lib/python3.8/site-packages/airflow/example_dags/tutorial_etl_dag.py
[2021-07-23 16:21:18,886] {scheduler_job.py:632} INFO - Processing file /home/dennismutia/.virtualenvs/wefarm/lib/python3.8/site-packages/airflow/example_dags/tutorial_etl_dag.py for tasks to queue
[2021-07-23 16:21:18,887] {logging_mixin.py:104} INFO - [2021-07-23 16:21:18,887] {dagbag.py:496} INFO - Filling up the DagBag from /home/dennismutia/.virtualenvs/wefarm/lib/python3.8/site-packages/airflow/example_dags/tutorial_etl_dag.py
[2021-07-23 16:21:18,901] {scheduler_job.py:642} INFO - DAG(s) dict_keys(['tutorial_etl_dag']) retrieved from /home/dennismutia/.virtualenvs/wefarm/lib/python3.8/site-packages/airflow/example_dags/tutorial_etl_dag.py
[2021-07-23 16:21:18,996] {logging_mixin.py:104} INFO - [2021-07-23 16:21:18,996] {dag.py:1833} INFO - Sync 1 DAGs
[2021-07-23 16:21:19,009] {logging_mixin.py:104} INFO - [2021-07-23 16:21:19,009] {dag.py:2306} INFO - Setting next_dagrun for tutorial_etl_dag to None
[2021-07-23 16:21:19,020] {scheduler_job.py:189} INFO - Processing /home/dennismutia/.virtualenvs/wefarm/lib/python3.8/site-packages/airflow/example_dags/tutorial_etl_dag.py took 0.138 seconds
[2021-07-23 16:21:21,360] {scheduler_job.py:181} INFO - Started process (PID=2563) to work on /home/dennismutia/.virtualenvs/wefarm/lib/python3.8/site-packages/airflow/example_dags/tutorial_etl_dag.py
[2021-07-23 16:21:21,361] {scheduler_job.py:632} INFO - Processing file /home/dennismutia/.virtualenvs/wefarm/lib/python3.8/site-packages/airflow/example_dags/tutorial_etl_dag.py for tasks to queue
[2021-07-23 16:21:21,363] {logging_mixin.py:104} INFO - [2021-07-23 16:21:21,362] {dagbag.py:496} INFO - Filling up the DagBag from /home/dennismutia/.virtualenvs/wefarm/lib/python3.8/site-packages/airflow/example_dags/tutorial_etl_dag.py
[2021-07-23 16:21:21,385] {scheduler_job.py:642} INFO - DAG(s) dict_keys(['tutorial_etl_dag']) retrieved from /home/dennismutia/.virtualenvs/wefarm/lib/python3.8/site-packages/airflow/example_dags/tutorial_etl_dag.py
[2021-07-23 16:21:21,486] {logging_mixin.py:104} INFO - [2021-07-23 16:21:21,485] {dag.py:1833} INFO - Sync 1 DAGs
[2021-07-23 16:21:21,502] {logging_mixin.py:104} INFO - [2021-07-23 16:21:21,502] {dag.py:2306} INFO - Setting next_dagrun for tutorial_etl_dag to None
[2021-07-23 16:21:21,525] {scheduler_job.py:189} INFO - Processing /home/dennismutia/.virtualenvs/wefarm/lib/python3.8/site-packages/airflow/example_dags/tutorial_etl_dag.py took 0.170 seconds
[2021-07-23 16:21:23,815] {scheduler_job.py:181} INFO - Started process (PID=2623) to work on /home/dennismutia/.virtualenvs/wefarm/lib/python3.8/site-packages/airflow/example_dags/tutorial_etl_dag.py
[2021-07-23 16:21:23,817] {scheduler_job.py:632} INFO - Processing file /home/dennismutia/.virtualenvs/wefarm/lib/python3.8/site-packages/airflow/example_dags/tutorial_etl_dag.py for tasks to queue
[2021-07-23 16:21:23,818] {logging_mixin.py:104} INFO - [2021-07-23 16:21:23,818] {dagbag.py:496} INFO - Filling up the DagBag from /home/dennismutia/.virtualenvs/wefarm/lib/python3.8/site-packages/airflow/example_dags/tutorial_etl_dag.py
[2021-07-23 16:21:23,832] {scheduler_job.py:642} INFO - DAG(s) dict_keys(['tutorial_etl_dag']) retrieved from /home/dennismutia/.virtualenvs/wefarm/lib/python3.8/site-packages/airflow/example_dags/tutorial_etl_dag.py
[2021-07-23 16:21:23,948] {logging_mixin.py:104} INFO - [2021-07-23 16:21:23,948] {dag.py:1833} INFO - Sync 1 DAGs
[2021-07-23 16:21:23,963] {logging_mixin.py:104} INFO - [2021-07-23 16:21:23,963] {dag.py:2306} INFO - Setting next_dagrun for tutorial_etl_dag to None
[2021-07-23 16:21:23,975] {scheduler_job.py:189} INFO - Processing /home/dennismutia/.virtualenvs/wefarm/lib/python3.8/site-packages/airflow/example_dags/tutorial_etl_dag.py took 0.163 seconds
[2021-07-23 16:21:26,282] {scheduler_job.py:181} INFO - Started process (PID=2689) to work on /home/dennismutia/.virtualenvs/wefarm/lib/python3.8/site-packages/airflow/example_dags/tutorial_etl_dag.py
[2021-07-23 16:21:26,287] {scheduler_job.py:632} INFO - Processing file /home/dennismutia/.virtualenvs/wefarm/lib/python3.8/site-packages/airflow/example_dags/tutorial_etl_dag.py for tasks to queue
[2021-07-23 16:21:26,291] {logging_mixin.py:104} INFO - [2021-07-23 16:21:26,291] {dagbag.py:496} INFO - Filling up the DagBag from /home/dennismutia/.virtualenvs/wefarm/lib/python3.8/site-packages/airflow/example_dags/tutorial_etl_dag.py
[2021-07-23 16:21:26,312] {scheduler_job.py:642} INFO - DAG(s) dict_keys(['tutorial_etl_dag']) retrieved from /home/dennismutia/.virtualenvs/wefarm/lib/python3.8/site-packages/airflow/example_dags/tutorial_etl_dag.py
[2021-07-23 16:21:26,425] {logging_mixin.py:104} INFO - [2021-07-23 16:21:26,425] {dag.py:1833} INFO - Sync 1 DAGs
[2021-07-23 16:21:26,443] {logging_mixin.py:104} INFO - [2021-07-23 16:21:26,443] {dag.py:2306} INFO - Setting next_dagrun for tutorial_etl_dag to None
[2021-07-23 16:21:26,462] {scheduler_job.py:189} INFO - Processing /home/dennismutia/.virtualenvs/wefarm/lib/python3.8/site-packages/airflow/example_dags/tutorial_etl_dag.py took 0.182 seconds
[2021-07-23 16:21:28,713] {scheduler_job.py:181} INFO - Started process (PID=2763) to work on /home/dennismutia/.virtualenvs/wefarm/lib/python3.8/site-packages/airflow/example_dags/tutorial_etl_dag.py
[2021-07-23 16:21:28,718] {scheduler_job.py:632} INFO - Processing file /home/dennismutia/.virtualenvs/wefarm/lib/python3.8/site-packages/airflow/example_dags/tutorial_etl_dag.py for tasks to queue
[2021-07-23 16:21:28,721] {logging_mixin.py:104} INFO - [2021-07-23 16:21:28,721] {dagbag.py:496} INFO - Filling up the DagBag from /home/dennismutia/.virtualenvs/wefarm/lib/python3.8/site-packages/airflow/example_dags/tutorial_etl_dag.py
[2021-07-23 16:21:28,741] {scheduler_job.py:642} INFO - DAG(s) dict_keys(['tutorial_etl_dag']) retrieved from /home/dennismutia/.virtualenvs/wefarm/lib/python3.8/site-packages/airflow/example_dags/tutorial_etl_dag.py
[2021-07-23 16:21:28,836] {logging_mixin.py:104} INFO - [2021-07-23 16:21:28,836] {dag.py:1833} INFO - Sync 1 DAGs
[2021-07-23 16:21:28,849] {logging_mixin.py:104} INFO - [2021-07-23 16:21:28,849] {dag.py:2306} INFO - Setting next_dagrun for tutorial_etl_dag to None
[2021-07-23 16:21:28,862] {scheduler_job.py:189} INFO - Processing /home/dennismutia/.virtualenvs/wefarm/lib/python3.8/site-packages/airflow/example_dags/tutorial_etl_dag.py took 0.152 seconds
[2021-07-23 16:21:31,524] {scheduler_job.py:181} INFO - Started process (PID=2824) to work on /home/dennismutia/.virtualenvs/wefarm/lib/python3.8/site-packages/airflow/example_dags/tutorial_etl_dag.py
[2021-07-23 16:21:31,525] {scheduler_job.py:632} INFO - Processing file /home/dennismutia/.virtualenvs/wefarm/lib/python3.8/site-packages/airflow/example_dags/tutorial_etl_dag.py for tasks to queue
[2021-07-23 16:21:31,526] {logging_mixin.py:104} INFO - [2021-07-23 16:21:31,525] {dagbag.py:496} INFO - Filling up the DagBag from /home/dennismutia/.virtualenvs/wefarm/lib/python3.8/site-packages/airflow/example_dags/tutorial_etl_dag.py
[2021-07-23 16:21:31,540] {scheduler_job.py:642} INFO - DAG(s) dict_keys(['tutorial_etl_dag']) retrieved from /home/dennismutia/.virtualenvs/wefarm/lib/python3.8/site-packages/airflow/example_dags/tutorial_etl_dag.py
[2021-07-23 16:21:31,631] {logging_mixin.py:104} INFO - [2021-07-23 16:21:31,631] {dag.py:1833} INFO - Sync 1 DAGs
[2021-07-23 16:21:31,647] {logging_mixin.py:104} INFO - [2021-07-23 16:21:31,647] {dag.py:2306} INFO - Setting next_dagrun for tutorial_etl_dag to None
[2021-07-23 16:21:31,660] {scheduler_job.py:189} INFO - Processing /home/dennismutia/.virtualenvs/wefarm/lib/python3.8/site-packages/airflow/example_dags/tutorial_etl_dag.py took 0.140 seconds
[2021-07-23 16:21:34,735] {scheduler_job.py:181} INFO - Started process (PID=2883) to work on /home/dennismutia/.virtualenvs/wefarm/lib/python3.8/site-packages/airflow/example_dags/tutorial_etl_dag.py
[2021-07-23 16:21:34,736] {scheduler_job.py:632} INFO - Processing file /home/dennismutia/.virtualenvs/wefarm/lib/python3.8/site-packages/airflow/example_dags/tutorial_etl_dag.py for tasks to queue
[2021-07-23 16:21:34,736] {logging_mixin.py:104} INFO - [2021-07-23 16:21:34,736] {dagbag.py:496} INFO - Filling up the DagBag from /home/dennismutia/.virtualenvs/wefarm/lib/python3.8/site-packages/airflow/example_dags/tutorial_etl_dag.py
[2021-07-23 16:21:34,751] {scheduler_job.py:642} INFO - DAG(s) dict_keys(['tutorial_etl_dag']) retrieved from /home/dennismutia/.virtualenvs/wefarm/lib/python3.8/site-packages/airflow/example_dags/tutorial_etl_dag.py
[2021-07-23 16:21:34,872] {logging_mixin.py:104} INFO - [2021-07-23 16:21:34,872] {dag.py:1833} INFO - Sync 1 DAGs
[2021-07-23 16:21:34,891] {logging_mixin.py:104} INFO - [2021-07-23 16:21:34,891] {dag.py:2306} INFO - Setting next_dagrun for tutorial_etl_dag to None
[2021-07-23 16:21:34,911] {scheduler_job.py:189} INFO - Processing /home/dennismutia/.virtualenvs/wefarm/lib/python3.8/site-packages/airflow/example_dags/tutorial_etl_dag.py took 0.180 seconds
[2021-07-23 16:21:38,027] {scheduler_job.py:181} INFO - Started process (PID=2944) to work on /home/dennismutia/.virtualenvs/wefarm/lib/python3.8/site-packages/airflow/example_dags/tutorial_etl_dag.py
[2021-07-23 16:21:38,028] {scheduler_job.py:632} INFO - Processing file /home/dennismutia/.virtualenvs/wefarm/lib/python3.8/site-packages/airflow/example_dags/tutorial_etl_dag.py for tasks to queue
[2021-07-23 16:21:38,029] {logging_mixin.py:104} INFO - [2021-07-23 16:21:38,028] {dagbag.py:496} INFO - Filling up the DagBag from /home/dennismutia/.virtualenvs/wefarm/lib/python3.8/site-packages/airflow/example_dags/tutorial_etl_dag.py
[2021-07-23 16:21:38,044] {scheduler_job.py:642} INFO - DAG(s) dict_keys(['tutorial_etl_dag']) retrieved from /home/dennismutia/.virtualenvs/wefarm/lib/python3.8/site-packages/airflow/example_dags/tutorial_etl_dag.py
[2021-07-23 16:21:38,124] {logging_mixin.py:104} INFO - [2021-07-23 16:21:38,124] {dag.py:1833} INFO - Sync 1 DAGs
[2021-07-23 16:21:38,141] {logging_mixin.py:104} INFO - [2021-07-23 16:21:38,141] {dag.py:2306} INFO - Setting next_dagrun for tutorial_etl_dag to None
[2021-07-23 16:21:38,154] {scheduler_job.py:189} INFO - Processing /home/dennismutia/.virtualenvs/wefarm/lib/python3.8/site-packages/airflow/example_dags/tutorial_etl_dag.py took 0.131 seconds
[2021-07-23 16:21:40,641] {scheduler_job.py:181} INFO - Started process (PID=3004) to work on /home/dennismutia/.virtualenvs/wefarm/lib/python3.8/site-packages/airflow/example_dags/tutorial_etl_dag.py
[2021-07-23 16:21:40,642] {scheduler_job.py:632} INFO - Processing file /home/dennismutia/.virtualenvs/wefarm/lib/python3.8/site-packages/airflow/example_dags/tutorial_etl_dag.py for tasks to queue
[2021-07-23 16:21:40,643] {logging_mixin.py:104} INFO - [2021-07-23 16:21:40,643] {dagbag.py:496} INFO - Filling up the DagBag from /home/dennismutia/.virtualenvs/wefarm/lib/python3.8/site-packages/airflow/example_dags/tutorial_etl_dag.py
[2021-07-23 16:21:40,663] {scheduler_job.py:642} INFO - DAG(s) dict_keys(['tutorial_etl_dag']) retrieved from /home/dennismutia/.virtualenvs/wefarm/lib/python3.8/site-packages/airflow/example_dags/tutorial_etl_dag.py
[2021-07-23 16:21:40,771] {logging_mixin.py:104} INFO - [2021-07-23 16:21:40,770] {dag.py:1833} INFO - Sync 1 DAGs
[2021-07-23 16:21:40,788] {logging_mixin.py:104} INFO - [2021-07-23 16:21:40,788] {dag.py:2306} INFO - Setting next_dagrun for tutorial_etl_dag to None
[2021-07-23 16:21:40,799] {scheduler_job.py:189} INFO - Processing /home/dennismutia/.virtualenvs/wefarm/lib/python3.8/site-packages/airflow/example_dags/tutorial_etl_dag.py took 0.162 seconds
[2021-07-23 16:21:44,445] {scheduler_job.py:181} INFO - Started process (PID=3063) to work on /home/dennismutia/.virtualenvs/wefarm/lib/python3.8/site-packages/airflow/example_dags/tutorial_etl_dag.py
[2021-07-23 16:21:44,452] {scheduler_job.py:632} INFO - Processing file /home/dennismutia/.virtualenvs/wefarm/lib/python3.8/site-packages/airflow/example_dags/tutorial_etl_dag.py for tasks to queue
[2021-07-23 16:21:44,452] {logging_mixin.py:104} INFO - [2021-07-23 16:21:44,452] {dagbag.py:496} INFO - Filling up the DagBag from /home/dennismutia/.virtualenvs/wefarm/lib/python3.8/site-packages/airflow/example_dags/tutorial_etl_dag.py
[2021-07-23 16:21:44,468] {scheduler_job.py:642} INFO - DAG(s) dict_keys(['tutorial_etl_dag']) retrieved from /home/dennismutia/.virtualenvs/wefarm/lib/python3.8/site-packages/airflow/example_dags/tutorial_etl_dag.py
[2021-07-23 16:21:44,637] {logging_mixin.py:104} INFO - [2021-07-23 16:21:44,637] {dag.py:1833} INFO - Sync 1 DAGs
[2021-07-23 16:21:44,669] {logging_mixin.py:104} INFO - [2021-07-23 16:21:44,669] {dag.py:2306} INFO - Setting next_dagrun for tutorial_etl_dag to None
[2021-07-23 16:21:44,691] {scheduler_job.py:189} INFO - Processing /home/dennismutia/.virtualenvs/wefarm/lib/python3.8/site-packages/airflow/example_dags/tutorial_etl_dag.py took 0.249 seconds
[2021-07-23 16:21:48,470] {scheduler_job.py:181} INFO - Started process (PID=3124) to work on /home/dennismutia/.virtualenvs/wefarm/lib/python3.8/site-packages/airflow/example_dags/tutorial_etl_dag.py
[2021-07-23 16:21:48,473] {scheduler_job.py:632} INFO - Processing file /home/dennismutia/.virtualenvs/wefarm/lib/python3.8/site-packages/airflow/example_dags/tutorial_etl_dag.py for tasks to queue
[2021-07-23 16:21:48,477] {logging_mixin.py:104} INFO - [2021-07-23 16:21:48,476] {dagbag.py:496} INFO - Filling up the DagBag from /home/dennismutia/.virtualenvs/wefarm/lib/python3.8/site-packages/airflow/example_dags/tutorial_etl_dag.py
[2021-07-23 16:21:48,496] {scheduler_job.py:642} INFO - DAG(s) dict_keys(['tutorial_etl_dag']) retrieved from /home/dennismutia/.virtualenvs/wefarm/lib/python3.8/site-packages/airflow/example_dags/tutorial_etl_dag.py
[2021-07-23 16:21:48,635] {logging_mixin.py:104} INFO - [2021-07-23 16:21:48,634] {dag.py:1833} INFO - Sync 1 DAGs
[2021-07-23 16:21:48,659] {logging_mixin.py:104} INFO - [2021-07-23 16:21:48,659] {dag.py:2306} INFO - Setting next_dagrun for tutorial_etl_dag to None
[2021-07-23 16:21:48,680] {scheduler_job.py:189} INFO - Processing /home/dennismutia/.virtualenvs/wefarm/lib/python3.8/site-packages/airflow/example_dags/tutorial_etl_dag.py took 0.213 seconds
[2021-07-23 16:21:51,913] {scheduler_job.py:181} INFO - Started process (PID=3185) to work on /home/dennismutia/.virtualenvs/wefarm/lib/python3.8/site-packages/airflow/example_dags/tutorial_etl_dag.py
[2021-07-23 16:21:51,914] {scheduler_job.py:632} INFO - Processing file /home/dennismutia/.virtualenvs/wefarm/lib/python3.8/site-packages/airflow/example_dags/tutorial_etl_dag.py for tasks to queue
[2021-07-23 16:21:51,915] {logging_mixin.py:104} INFO - [2021-07-23 16:21:51,915] {dagbag.py:496} INFO - Filling up the DagBag from /home/dennismutia/.virtualenvs/wefarm/lib/python3.8/site-packages/airflow/example_dags/tutorial_etl_dag.py
[2021-07-23 16:21:51,929] {scheduler_job.py:642} INFO - DAG(s) dict_keys(['tutorial_etl_dag']) retrieved from /home/dennismutia/.virtualenvs/wefarm/lib/python3.8/site-packages/airflow/example_dags/tutorial_etl_dag.py
[2021-07-23 16:21:52,043] {logging_mixin.py:104} INFO - [2021-07-23 16:21:52,043] {dag.py:1833} INFO - Sync 1 DAGs
[2021-07-23 16:21:52,062] {logging_mixin.py:104} INFO - [2021-07-23 16:21:52,062] {dag.py:2306} INFO - Setting next_dagrun for tutorial_etl_dag to None
[2021-07-23 16:21:52,072] {scheduler_job.py:189} INFO - Processing /home/dennismutia/.virtualenvs/wefarm/lib/python3.8/site-packages/airflow/example_dags/tutorial_etl_dag.py took 0.164 seconds
