[2021-07-23 16:24:41,778] {taskinstance.py:896} INFO - Dependencies all met for <TaskInstance: hello_world.hello_task 2021-07-23T13:24:39.052037+00:00 [queued]>
[2021-07-23 16:24:41,805] {taskinstance.py:896} INFO - Dependencies all met for <TaskInstance: hello_world.hello_task 2021-07-23T13:24:39.052037+00:00 [queued]>
[2021-07-23 16:24:41,805] {taskinstance.py:1087} INFO - 
--------------------------------------------------------------------------------
[2021-07-23 16:24:41,805] {taskinstance.py:1088} INFO - Starting attempt 1 of 2
[2021-07-23 16:24:41,805] {taskinstance.py:1089} INFO - 
--------------------------------------------------------------------------------
[2021-07-23 16:24:41,817] {taskinstance.py:1107} INFO - Executing <Task(PythonOperator): hello_task> on 2021-07-23T13:24:39.052037+00:00
[2021-07-23 16:24:41,820] {standard_task_runner.py:52} INFO - Started process 3935 to run task
[2021-07-23 16:24:41,829] {standard_task_runner.py:76} INFO - Running: ['airflow', 'tasks', 'run', 'hello_world', 'hello_task', '2021-07-23T13:24:39.052037+00:00', '--job-id', '14', '--pool', 'default_pool', '--raw', '--subdir', 'DAGS_FOLDER/simple_dag.py', '--cfg-path', '/tmp/tmp6ghlr4nj', '--error-file', '/tmp/tmpz_rwto4m']
[2021-07-23 16:24:41,829] {standard_task_runner.py:77} INFO - Job 14: Subtask hello_task
[2021-07-23 16:24:41,897] {logging_mixin.py:104} INFO - Running <TaskInstance: hello_world.hello_task 2021-07-23T13:24:39.052037+00:00 [running]> on host DESKTOP-JHC8U0L.localdomain
[2021-07-23 16:24:42,038] {taskinstance.py:1300} INFO - Exporting the following env vars:
AIRFLOW_CTX_DAG_EMAIL=airflow@example.com
AIRFLOW_CTX_DAG_OWNER=airflow
AIRFLOW_CTX_DAG_ID=hello_world
AIRFLOW_CTX_TASK_ID=hello_task
AIRFLOW_CTX_EXECUTION_DATE=2021-07-23T13:24:39.052037+00:00
AIRFLOW_CTX_DAG_RUN_ID=manual__2021-07-23T13:24:39.052037+00:00
[2021-07-23 16:24:42,041] {python.py:151} INFO - Done. Returned value was: Hello world!
[2021-07-23 16:24:42,092] {taskinstance.py:1204} INFO - Marking task as SUCCESS. dag_id=hello_world, task_id=hello_task, execution_date=20210723T132439, start_date=20210723T132441, end_date=20210723T132442
[2021-07-23 16:24:42,130] {taskinstance.py:1265} INFO - 0 downstream tasks scheduled from follow-on schedule check
[2021-07-23 16:24:42,161] {local_task_job.py:149} INFO - Task exited with return code 0
