[2021-07-23 16:55:41,723] {taskinstance.py:896} INFO - Dependencies all met for <TaskInstance: hello_world.hello_task 2021-07-23T13:55:38.704560+00:00 [queued]>
[2021-07-23 16:55:41,735] {taskinstance.py:896} INFO - Dependencies all met for <TaskInstance: hello_world.hello_task 2021-07-23T13:55:38.704560+00:00 [queued]>
[2021-07-23 16:55:41,735] {taskinstance.py:1087} INFO - 
--------------------------------------------------------------------------------
[2021-07-23 16:55:41,735] {taskinstance.py:1088} INFO - Starting attempt 1 of 2
[2021-07-23 16:55:41,735] {taskinstance.py:1089} INFO - 
--------------------------------------------------------------------------------
[2021-07-23 16:55:41,761] {taskinstance.py:1107} INFO - Executing <Task(PythonOperator): hello_task> on 2021-07-23T13:55:38.704560+00:00
[2021-07-23 16:55:41,765] {standard_task_runner.py:52} INFO - Started process 6820 to run task
[2021-07-23 16:55:41,770] {standard_task_runner.py:76} INFO - Running: ['airflow', 'tasks', 'run', 'hello_world', 'hello_task', '2021-07-23T13:55:38.704560+00:00', '--job-id', '48', '--pool', 'default_pool', '--raw', '--subdir', 'DAGS_FOLDER/simple_dag.py', '--cfg-path', '/tmp/tmpqpzl2lo8', '--error-file', '/tmp/tmpivylzp81']
[2021-07-23 16:55:41,771] {standard_task_runner.py:77} INFO - Job 48: Subtask hello_task
[2021-07-23 16:55:41,831] {logging_mixin.py:104} INFO - Running <TaskInstance: hello_world.hello_task 2021-07-23T13:55:38.704560+00:00 [running]> on host DESKTOP-JHC8U0L.localdomain
[2021-07-23 16:55:41,922] {taskinstance.py:1300} INFO - Exporting the following env vars:
AIRFLOW_CTX_DAG_EMAIL=airflow@example.com
AIRFLOW_CTX_DAG_OWNER=airflow
AIRFLOW_CTX_DAG_ID=hello_world
AIRFLOW_CTX_TASK_ID=hello_task
AIRFLOW_CTX_EXECUTION_DATE=2021-07-23T13:55:38.704560+00:00
AIRFLOW_CTX_DAG_RUN_ID=manual__2021-07-23T13:55:38.704560+00:00
[2021-07-23 16:55:41,925] {python.py:151} INFO - Done. Returned value was: Hello world!
[2021-07-23 16:55:41,964] {taskinstance.py:1204} INFO - Marking task as SUCCESS. dag_id=hello_world, task_id=hello_task, execution_date=20210723T135538, start_date=20210723T135541, end_date=20210723T135541
[2021-07-23 16:55:42,023] {taskinstance.py:1265} INFO - 1 downstream tasks scheduled from follow-on schedule check
[2021-07-23 16:55:42,066] {local_task_job.py:149} INFO - Task exited with return code 0
