[2021-07-23 17:07:21,090] {taskinstance.py:896} INFO - Dependencies all met for <TaskInstance: hello_world.hello_task 2021-07-23T14:07:17.686307+00:00 [queued]>
[2021-07-23 17:07:21,102] {taskinstance.py:896} INFO - Dependencies all met for <TaskInstance: hello_world.hello_task 2021-07-23T14:07:17.686307+00:00 [queued]>
[2021-07-23 17:07:21,105] {taskinstance.py:1087} INFO - 
--------------------------------------------------------------------------------
[2021-07-23 17:07:21,106] {taskinstance.py:1088} INFO - Starting attempt 1 of 2
[2021-07-23 17:07:21,106] {taskinstance.py:1089} INFO - 
--------------------------------------------------------------------------------
[2021-07-23 17:07:21,148] {taskinstance.py:1107} INFO - Executing <Task(PythonOperator): hello_task> on 2021-07-23T14:07:17.686307+00:00
[2021-07-23 17:07:21,151] {standard_task_runner.py:52} INFO - Started process 22061 to run task
[2021-07-23 17:07:21,161] {standard_task_runner.py:76} INFO - Running: ['airflow', 'tasks', 'run', 'hello_world', 'hello_task', '2021-07-23T14:07:17.686307+00:00', '--job-id', '52', '--pool', 'default_pool', '--raw', '--subdir', 'DAGS_FOLDER/simple_dag.py', '--cfg-path', '/tmp/tmpn8xre6v9', '--error-file', '/tmp/tmp4bvs7k_j']
[2021-07-23 17:07:21,163] {standard_task_runner.py:77} INFO - Job 52: Subtask hello_task
[2021-07-23 17:07:21,226] {logging_mixin.py:104} INFO - Running <TaskInstance: hello_world.hello_task 2021-07-23T14:07:17.686307+00:00 [running]> on host DESKTOP-JHC8U0L.localdomain
[2021-07-23 17:07:21,352] {taskinstance.py:1300} INFO - Exporting the following env vars:
AIRFLOW_CTX_DAG_EMAIL=airflow@example.com
AIRFLOW_CTX_DAG_OWNER=airflow
AIRFLOW_CTX_DAG_ID=hello_world
AIRFLOW_CTX_TASK_ID=hello_task
AIRFLOW_CTX_EXECUTION_DATE=2021-07-23T14:07:17.686307+00:00
AIRFLOW_CTX_DAG_RUN_ID=manual__2021-07-23T14:07:17.686307+00:00
[2021-07-23 17:07:21,353] {python.py:151} INFO - Done. Returned value was: Hello world!
[2021-07-23 17:07:21,407] {taskinstance.py:1204} INFO - Marking task as SUCCESS. dag_id=hello_world, task_id=hello_task, execution_date=20210723T140717, start_date=20210723T140721, end_date=20210723T140721
[2021-07-23 17:07:21,469] {taskinstance.py:1265} INFO - 1 downstream tasks scheduled from follow-on schedule check
[2021-07-23 17:07:21,495] {local_task_job.py:149} INFO - Task exited with return code 0
