[2021-07-23 16:19:56,293] {scheduler_job.py:181} INFO - Started process (PID=803) to work on /home/dennismutia/.virtualenvs/wefarm/lib/python3.8/site-packages/airflow/example_dags/subdags/subdag.py
[2021-07-23 16:19:56,294] {scheduler_job.py:632} INFO - Processing file /home/dennismutia/.virtualenvs/wefarm/lib/python3.8/site-packages/airflow/example_dags/subdags/subdag.py for tasks to queue
[2021-07-23 16:19:56,295] {logging_mixin.py:104} INFO - [2021-07-23 16:19:56,294] {dagbag.py:496} INFO - Filling up the DagBag from /home/dennismutia/.virtualenvs/wefarm/lib/python3.8/site-packages/airflow/example_dags/subdags/subdag.py
[2021-07-23 16:19:56,298] {scheduler_job.py:644} WARNING - No viable dags retrieved from /home/dennismutia/.virtualenvs/wefarm/lib/python3.8/site-packages/airflow/example_dags/subdags/subdag.py
[2021-07-23 16:19:56,317] {scheduler_job.py:189} INFO - Processing /home/dennismutia/.virtualenvs/wefarm/lib/python3.8/site-packages/airflow/example_dags/subdags/subdag.py took 0.028 seconds
[2021-07-23 16:19:59,338] {scheduler_job.py:181} INFO - Started process (PID=866) to work on /home/dennismutia/.virtualenvs/wefarm/lib/python3.8/site-packages/airflow/example_dags/subdags/subdag.py
[2021-07-23 16:19:59,339] {scheduler_job.py:632} INFO - Processing file /home/dennismutia/.virtualenvs/wefarm/lib/python3.8/site-packages/airflow/example_dags/subdags/subdag.py for tasks to queue
[2021-07-23 16:19:59,340] {logging_mixin.py:104} INFO - [2021-07-23 16:19:59,340] {dagbag.py:496} INFO - Filling up the DagBag from /home/dennismutia/.virtualenvs/wefarm/lib/python3.8/site-packages/airflow/example_dags/subdags/subdag.py
[2021-07-23 16:19:59,342] {scheduler_job.py:644} WARNING - No viable dags retrieved from /home/dennismutia/.virtualenvs/wefarm/lib/python3.8/site-packages/airflow/example_dags/subdags/subdag.py
[2021-07-23 16:19:59,361] {scheduler_job.py:189} INFO - Processing /home/dennismutia/.virtualenvs/wefarm/lib/python3.8/site-packages/airflow/example_dags/subdags/subdag.py took 0.026 seconds
[2021-07-23 16:20:01,152] {scheduler_job.py:181} INFO - Started process (PID=926) to work on /home/dennismutia/.virtualenvs/wefarm/lib/python3.8/site-packages/airflow/example_dags/subdags/subdag.py
[2021-07-23 16:20:01,152] {scheduler_job.py:632} INFO - Processing file /home/dennismutia/.virtualenvs/wefarm/lib/python3.8/site-packages/airflow/example_dags/subdags/subdag.py for tasks to queue
[2021-07-23 16:20:01,153] {logging_mixin.py:104} INFO - [2021-07-23 16:20:01,153] {dagbag.py:496} INFO - Filling up the DagBag from /home/dennismutia/.virtualenvs/wefarm/lib/python3.8/site-packages/airflow/example_dags/subdags/subdag.py
[2021-07-23 16:20:01,155] {scheduler_job.py:644} WARNING - No viable dags retrieved from /home/dennismutia/.virtualenvs/wefarm/lib/python3.8/site-packages/airflow/example_dags/subdags/subdag.py
[2021-07-23 16:20:01,172] {scheduler_job.py:189} INFO - Processing /home/dennismutia/.virtualenvs/wefarm/lib/python3.8/site-packages/airflow/example_dags/subdags/subdag.py took 0.023 seconds
[2021-07-23 16:20:03,191] {scheduler_job.py:181} INFO - Started process (PID=1028) to work on /home/dennismutia/.virtualenvs/wefarm/lib/python3.8/site-packages/airflow/example_dags/subdags/subdag.py
[2021-07-23 16:20:03,192] {scheduler_job.py:632} INFO - Processing file /home/dennismutia/.virtualenvs/wefarm/lib/python3.8/site-packages/airflow/example_dags/subdags/subdag.py for tasks to queue
[2021-07-23 16:20:03,193] {logging_mixin.py:104} INFO - [2021-07-23 16:20:03,193] {dagbag.py:496} INFO - Filling up the DagBag from /home/dennismutia/.virtualenvs/wefarm/lib/python3.8/site-packages/airflow/example_dags/subdags/subdag.py
[2021-07-23 16:20:03,195] {scheduler_job.py:644} WARNING - No viable dags retrieved from /home/dennismutia/.virtualenvs/wefarm/lib/python3.8/site-packages/airflow/example_dags/subdags/subdag.py
[2021-07-23 16:20:03,212] {scheduler_job.py:189} INFO - Processing /home/dennismutia/.virtualenvs/wefarm/lib/python3.8/site-packages/airflow/example_dags/subdags/subdag.py took 0.025 seconds
[2021-07-23 16:20:05,137] {scheduler_job.py:181} INFO - Started process (PID=1097) to work on /home/dennismutia/.virtualenvs/wefarm/lib/python3.8/site-packages/airflow/example_dags/subdags/subdag.py
[2021-07-23 16:20:05,138] {scheduler_job.py:632} INFO - Processing file /home/dennismutia/.virtualenvs/wefarm/lib/python3.8/site-packages/airflow/example_dags/subdags/subdag.py for tasks to queue
[2021-07-23 16:20:05,139] {logging_mixin.py:104} INFO - [2021-07-23 16:20:05,139] {dagbag.py:496} INFO - Filling up the DagBag from /home/dennismutia/.virtualenvs/wefarm/lib/python3.8/site-packages/airflow/example_dags/subdags/subdag.py
[2021-07-23 16:20:05,141] {scheduler_job.py:644} WARNING - No viable dags retrieved from /home/dennismutia/.virtualenvs/wefarm/lib/python3.8/site-packages/airflow/example_dags/subdags/subdag.py
[2021-07-23 16:20:05,178] {scheduler_job.py:189} INFO - Processing /home/dennismutia/.virtualenvs/wefarm/lib/python3.8/site-packages/airflow/example_dags/subdags/subdag.py took 0.044 seconds
[2021-07-23 16:20:06,908] {scheduler_job.py:181} INFO - Started process (PID=1156) to work on /home/dennismutia/.virtualenvs/wefarm/lib/python3.8/site-packages/airflow/example_dags/subdags/subdag.py
[2021-07-23 16:20:06,909] {scheduler_job.py:632} INFO - Processing file /home/dennismutia/.virtualenvs/wefarm/lib/python3.8/site-packages/airflow/example_dags/subdags/subdag.py for tasks to queue
[2021-07-23 16:20:06,910] {logging_mixin.py:104} INFO - [2021-07-23 16:20:06,910] {dagbag.py:496} INFO - Filling up the DagBag from /home/dennismutia/.virtualenvs/wefarm/lib/python3.8/site-packages/airflow/example_dags/subdags/subdag.py
[2021-07-23 16:20:06,913] {scheduler_job.py:644} WARNING - No viable dags retrieved from /home/dennismutia/.virtualenvs/wefarm/lib/python3.8/site-packages/airflow/example_dags/subdags/subdag.py
[2021-07-23 16:20:06,941] {scheduler_job.py:189} INFO - Processing /home/dennismutia/.virtualenvs/wefarm/lib/python3.8/site-packages/airflow/example_dags/subdags/subdag.py took 0.036 seconds
[2021-07-23 16:20:08,994] {scheduler_job.py:181} INFO - Started process (PID=1238) to work on /home/dennismutia/.virtualenvs/wefarm/lib/python3.8/site-packages/airflow/example_dags/subdags/subdag.py
[2021-07-23 16:20:08,994] {scheduler_job.py:632} INFO - Processing file /home/dennismutia/.virtualenvs/wefarm/lib/python3.8/site-packages/airflow/example_dags/subdags/subdag.py for tasks to queue
[2021-07-23 16:20:08,995] {logging_mixin.py:104} INFO - [2021-07-23 16:20:08,995] {dagbag.py:496} INFO - Filling up the DagBag from /home/dennismutia/.virtualenvs/wefarm/lib/python3.8/site-packages/airflow/example_dags/subdags/subdag.py
[2021-07-23 16:20:08,997] {scheduler_job.py:644} WARNING - No viable dags retrieved from /home/dennismutia/.virtualenvs/wefarm/lib/python3.8/site-packages/airflow/example_dags/subdags/subdag.py
[2021-07-23 16:20:09,013] {scheduler_job.py:189} INFO - Processing /home/dennismutia/.virtualenvs/wefarm/lib/python3.8/site-packages/airflow/example_dags/subdags/subdag.py took 0.022 seconds
[2021-07-23 16:20:10,930] {scheduler_job.py:181} INFO - Started process (PID=1299) to work on /home/dennismutia/.virtualenvs/wefarm/lib/python3.8/site-packages/airflow/example_dags/subdags/subdag.py
[2021-07-23 16:20:10,932] {scheduler_job.py:632} INFO - Processing file /home/dennismutia/.virtualenvs/wefarm/lib/python3.8/site-packages/airflow/example_dags/subdags/subdag.py for tasks to queue
[2021-07-23 16:20:10,936] {logging_mixin.py:104} INFO - [2021-07-23 16:20:10,936] {dagbag.py:496} INFO - Filling up the DagBag from /home/dennismutia/.virtualenvs/wefarm/lib/python3.8/site-packages/airflow/example_dags/subdags/subdag.py
[2021-07-23 16:20:10,940] {scheduler_job.py:644} WARNING - No viable dags retrieved from /home/dennismutia/.virtualenvs/wefarm/lib/python3.8/site-packages/airflow/example_dags/subdags/subdag.py
[2021-07-23 16:20:10,957] {scheduler_job.py:189} INFO - Processing /home/dennismutia/.virtualenvs/wefarm/lib/python3.8/site-packages/airflow/example_dags/subdags/subdag.py took 0.029 seconds
[2021-07-23 16:20:12,916] {scheduler_job.py:181} INFO - Started process (PID=1361) to work on /home/dennismutia/.virtualenvs/wefarm/lib/python3.8/site-packages/airflow/example_dags/subdags/subdag.py
[2021-07-23 16:20:12,917] {scheduler_job.py:632} INFO - Processing file /home/dennismutia/.virtualenvs/wefarm/lib/python3.8/site-packages/airflow/example_dags/subdags/subdag.py for tasks to queue
[2021-07-23 16:20:12,917] {logging_mixin.py:104} INFO - [2021-07-23 16:20:12,917] {dagbag.py:496} INFO - Filling up the DagBag from /home/dennismutia/.virtualenvs/wefarm/lib/python3.8/site-packages/airflow/example_dags/subdags/subdag.py
[2021-07-23 16:20:12,920] {scheduler_job.py:644} WARNING - No viable dags retrieved from /home/dennismutia/.virtualenvs/wefarm/lib/python3.8/site-packages/airflow/example_dags/subdags/subdag.py
[2021-07-23 16:20:12,939] {scheduler_job.py:189} INFO - Processing /home/dennismutia/.virtualenvs/wefarm/lib/python3.8/site-packages/airflow/example_dags/subdags/subdag.py took 0.026 seconds
[2021-07-23 16:20:15,295] {scheduler_job.py:181} INFO - Started process (PID=1422) to work on /home/dennismutia/.virtualenvs/wefarm/lib/python3.8/site-packages/airflow/example_dags/subdags/subdag.py
[2021-07-23 16:20:15,296] {scheduler_job.py:632} INFO - Processing file /home/dennismutia/.virtualenvs/wefarm/lib/python3.8/site-packages/airflow/example_dags/subdags/subdag.py for tasks to queue
[2021-07-23 16:20:15,297] {logging_mixin.py:104} INFO - [2021-07-23 16:20:15,297] {dagbag.py:496} INFO - Filling up the DagBag from /home/dennismutia/.virtualenvs/wefarm/lib/python3.8/site-packages/airflow/example_dags/subdags/subdag.py
[2021-07-23 16:20:15,300] {scheduler_job.py:644} WARNING - No viable dags retrieved from /home/dennismutia/.virtualenvs/wefarm/lib/python3.8/site-packages/airflow/example_dags/subdags/subdag.py
[2021-07-23 16:20:15,325] {scheduler_job.py:189} INFO - Processing /home/dennismutia/.virtualenvs/wefarm/lib/python3.8/site-packages/airflow/example_dags/subdags/subdag.py took 0.034 seconds
[2021-07-23 16:20:17,725] {scheduler_job.py:181} INFO - Started process (PID=1482) to work on /home/dennismutia/.virtualenvs/wefarm/lib/python3.8/site-packages/airflow/example_dags/subdags/subdag.py
[2021-07-23 16:20:17,726] {scheduler_job.py:632} INFO - Processing file /home/dennismutia/.virtualenvs/wefarm/lib/python3.8/site-packages/airflow/example_dags/subdags/subdag.py for tasks to queue
[2021-07-23 16:20:17,727] {logging_mixin.py:104} INFO - [2021-07-23 16:20:17,726] {dagbag.py:496} INFO - Filling up the DagBag from /home/dennismutia/.virtualenvs/wefarm/lib/python3.8/site-packages/airflow/example_dags/subdags/subdag.py
[2021-07-23 16:20:17,729] {scheduler_job.py:644} WARNING - No viable dags retrieved from /home/dennismutia/.virtualenvs/wefarm/lib/python3.8/site-packages/airflow/example_dags/subdags/subdag.py
[2021-07-23 16:20:17,747] {scheduler_job.py:189} INFO - Processing /home/dennismutia/.virtualenvs/wefarm/lib/python3.8/site-packages/airflow/example_dags/subdags/subdag.py took 0.026 seconds
[2021-07-23 16:20:20,056] {scheduler_job.py:181} INFO - Started process (PID=1541) to work on /home/dennismutia/.virtualenvs/wefarm/lib/python3.8/site-packages/airflow/example_dags/subdags/subdag.py
[2021-07-23 16:20:20,059] {scheduler_job.py:632} INFO - Processing file /home/dennismutia/.virtualenvs/wefarm/lib/python3.8/site-packages/airflow/example_dags/subdags/subdag.py for tasks to queue
[2021-07-23 16:20:20,062] {logging_mixin.py:104} INFO - [2021-07-23 16:20:20,061] {dagbag.py:496} INFO - Filling up the DagBag from /home/dennismutia/.virtualenvs/wefarm/lib/python3.8/site-packages/airflow/example_dags/subdags/subdag.py
[2021-07-23 16:20:20,065] {scheduler_job.py:644} WARNING - No viable dags retrieved from /home/dennismutia/.virtualenvs/wefarm/lib/python3.8/site-packages/airflow/example_dags/subdags/subdag.py
[2021-07-23 16:20:20,083] {scheduler_job.py:189} INFO - Processing /home/dennismutia/.virtualenvs/wefarm/lib/python3.8/site-packages/airflow/example_dags/subdags/subdag.py took 0.031 seconds
[2021-07-23 16:20:22,437] {scheduler_job.py:181} INFO - Started process (PID=1603) to work on /home/dennismutia/.virtualenvs/wefarm/lib/python3.8/site-packages/airflow/example_dags/subdags/subdag.py
[2021-07-23 16:20:22,440] {scheduler_job.py:632} INFO - Processing file /home/dennismutia/.virtualenvs/wefarm/lib/python3.8/site-packages/airflow/example_dags/subdags/subdag.py for tasks to queue
[2021-07-23 16:20:22,442] {logging_mixin.py:104} INFO - [2021-07-23 16:20:22,442] {dagbag.py:496} INFO - Filling up the DagBag from /home/dennismutia/.virtualenvs/wefarm/lib/python3.8/site-packages/airflow/example_dags/subdags/subdag.py
[2021-07-23 16:20:22,447] {scheduler_job.py:644} WARNING - No viable dags retrieved from /home/dennismutia/.virtualenvs/wefarm/lib/python3.8/site-packages/airflow/example_dags/subdags/subdag.py
[2021-07-23 16:20:22,474] {scheduler_job.py:189} INFO - Processing /home/dennismutia/.virtualenvs/wefarm/lib/python3.8/site-packages/airflow/example_dags/subdags/subdag.py took 0.040 seconds
[2021-07-23 16:20:25,319] {scheduler_job.py:181} INFO - Started process (PID=1667) to work on /home/dennismutia/.virtualenvs/wefarm/lib/python3.8/site-packages/airflow/example_dags/subdags/subdag.py
[2021-07-23 16:20:25,324] {scheduler_job.py:632} INFO - Processing file /home/dennismutia/.virtualenvs/wefarm/lib/python3.8/site-packages/airflow/example_dags/subdags/subdag.py for tasks to queue
[2021-07-23 16:20:25,326] {logging_mixin.py:104} INFO - [2021-07-23 16:20:25,326] {dagbag.py:496} INFO - Filling up the DagBag from /home/dennismutia/.virtualenvs/wefarm/lib/python3.8/site-packages/airflow/example_dags/subdags/subdag.py
[2021-07-23 16:20:25,330] {scheduler_job.py:644} WARNING - No viable dags retrieved from /home/dennismutia/.virtualenvs/wefarm/lib/python3.8/site-packages/airflow/example_dags/subdags/subdag.py
[2021-07-23 16:20:25,365] {scheduler_job.py:189} INFO - Processing /home/dennismutia/.virtualenvs/wefarm/lib/python3.8/site-packages/airflow/example_dags/subdags/subdag.py took 0.052 seconds
[2021-07-23 16:20:28,486] {scheduler_job.py:181} INFO - Started process (PID=1728) to work on /home/dennismutia/.virtualenvs/wefarm/lib/python3.8/site-packages/airflow/example_dags/subdags/subdag.py
[2021-07-23 16:20:28,489] {scheduler_job.py:632} INFO - Processing file /home/dennismutia/.virtualenvs/wefarm/lib/python3.8/site-packages/airflow/example_dags/subdags/subdag.py for tasks to queue
[2021-07-23 16:20:28,491] {logging_mixin.py:104} INFO - [2021-07-23 16:20:28,491] {dagbag.py:496} INFO - Filling up the DagBag from /home/dennismutia/.virtualenvs/wefarm/lib/python3.8/site-packages/airflow/example_dags/subdags/subdag.py
[2021-07-23 16:20:28,496] {scheduler_job.py:644} WARNING - No viable dags retrieved from /home/dennismutia/.virtualenvs/wefarm/lib/python3.8/site-packages/airflow/example_dags/subdags/subdag.py
[2021-07-23 16:20:28,533] {scheduler_job.py:189} INFO - Processing /home/dennismutia/.virtualenvs/wefarm/lib/python3.8/site-packages/airflow/example_dags/subdags/subdag.py took 0.053 seconds
[2021-07-23 16:20:37,645] {scheduler_job.py:181} INFO - Started process (PID=1807) to work on /home/dennismutia/.virtualenvs/wefarm/lib/python3.8/site-packages/airflow/example_dags/subdags/subdag.py
[2021-07-23 16:20:37,659] {scheduler_job.py:632} INFO - Processing file /home/dennismutia/.virtualenvs/wefarm/lib/python3.8/site-packages/airflow/example_dags/subdags/subdag.py for tasks to queue
[2021-07-23 16:20:37,659] {logging_mixin.py:104} INFO - [2021-07-23 16:20:37,659] {dagbag.py:496} INFO - Filling up the DagBag from /home/dennismutia/.virtualenvs/wefarm/lib/python3.8/site-packages/airflow/example_dags/subdags/subdag.py
[2021-07-23 16:20:37,663] {scheduler_job.py:644} WARNING - No viable dags retrieved from /home/dennismutia/.virtualenvs/wefarm/lib/python3.8/site-packages/airflow/example_dags/subdags/subdag.py
[2021-07-23 16:20:37,710] {scheduler_job.py:189} INFO - Processing /home/dennismutia/.virtualenvs/wefarm/lib/python3.8/site-packages/airflow/example_dags/subdags/subdag.py took 0.068 seconds
[2021-07-23 16:20:44,236] {scheduler_job.py:181} INFO - Started process (PID=1870) to work on /home/dennismutia/.virtualenvs/wefarm/lib/python3.8/site-packages/airflow/example_dags/subdags/subdag.py
[2021-07-23 16:20:44,238] {scheduler_job.py:632} INFO - Processing file /home/dennismutia/.virtualenvs/wefarm/lib/python3.8/site-packages/airflow/example_dags/subdags/subdag.py for tasks to queue
[2021-07-23 16:20:44,250] {logging_mixin.py:104} INFO - [2021-07-23 16:20:44,250] {dagbag.py:496} INFO - Filling up the DagBag from /home/dennismutia/.virtualenvs/wefarm/lib/python3.8/site-packages/airflow/example_dags/subdags/subdag.py
[2021-07-23 16:20:44,253] {scheduler_job.py:644} WARNING - No viable dags retrieved from /home/dennismutia/.virtualenvs/wefarm/lib/python3.8/site-packages/airflow/example_dags/subdags/subdag.py
[2021-07-23 16:20:44,316] {scheduler_job.py:189} INFO - Processing /home/dennismutia/.virtualenvs/wefarm/lib/python3.8/site-packages/airflow/example_dags/subdags/subdag.py took 0.083 seconds
[2021-07-23 16:20:51,212] {scheduler_job.py:181} INFO - Started process (PID=1930) to work on /home/dennismutia/.virtualenvs/wefarm/lib/python3.8/site-packages/airflow/example_dags/subdags/subdag.py
[2021-07-23 16:20:51,229] {scheduler_job.py:632} INFO - Processing file /home/dennismutia/.virtualenvs/wefarm/lib/python3.8/site-packages/airflow/example_dags/subdags/subdag.py for tasks to queue
[2021-07-23 16:20:51,230] {logging_mixin.py:104} INFO - [2021-07-23 16:20:51,230] {dagbag.py:496} INFO - Filling up the DagBag from /home/dennismutia/.virtualenvs/wefarm/lib/python3.8/site-packages/airflow/example_dags/subdags/subdag.py
[2021-07-23 16:20:51,233] {scheduler_job.py:644} WARNING - No viable dags retrieved from /home/dennismutia/.virtualenvs/wefarm/lib/python3.8/site-packages/airflow/example_dags/subdags/subdag.py
[2021-07-23 16:20:51,290] {scheduler_job.py:189} INFO - Processing /home/dennismutia/.virtualenvs/wefarm/lib/python3.8/site-packages/airflow/example_dags/subdags/subdag.py took 0.082 seconds
[2021-07-23 16:20:56,746] {scheduler_job.py:181} INFO - Started process (PID=1991) to work on /home/dennismutia/.virtualenvs/wefarm/lib/python3.8/site-packages/airflow/example_dags/subdags/subdag.py
[2021-07-23 16:20:56,748] {scheduler_job.py:632} INFO - Processing file /home/dennismutia/.virtualenvs/wefarm/lib/python3.8/site-packages/airflow/example_dags/subdags/subdag.py for tasks to queue
[2021-07-23 16:20:56,749] {logging_mixin.py:104} INFO - [2021-07-23 16:20:56,749] {dagbag.py:496} INFO - Filling up the DagBag from /home/dennismutia/.virtualenvs/wefarm/lib/python3.8/site-packages/airflow/example_dags/subdags/subdag.py
[2021-07-23 16:20:56,752] {scheduler_job.py:644} WARNING - No viable dags retrieved from /home/dennismutia/.virtualenvs/wefarm/lib/python3.8/site-packages/airflow/example_dags/subdags/subdag.py
[2021-07-23 16:20:56,806] {scheduler_job.py:189} INFO - Processing /home/dennismutia/.virtualenvs/wefarm/lib/python3.8/site-packages/airflow/example_dags/subdags/subdag.py took 0.068 seconds
[2021-07-23 16:20:59,900] {scheduler_job.py:181} INFO - Started process (PID=2050) to work on /home/dennismutia/.virtualenvs/wefarm/lib/python3.8/site-packages/airflow/example_dags/subdags/subdag.py
[2021-07-23 16:20:59,901] {scheduler_job.py:632} INFO - Processing file /home/dennismutia/.virtualenvs/wefarm/lib/python3.8/site-packages/airflow/example_dags/subdags/subdag.py for tasks to queue
[2021-07-23 16:20:59,901] {logging_mixin.py:104} INFO - [2021-07-23 16:20:59,901] {dagbag.py:496} INFO - Filling up the DagBag from /home/dennismutia/.virtualenvs/wefarm/lib/python3.8/site-packages/airflow/example_dags/subdags/subdag.py
[2021-07-23 16:20:59,905] {scheduler_job.py:644} WARNING - No viable dags retrieved from /home/dennismutia/.virtualenvs/wefarm/lib/python3.8/site-packages/airflow/example_dags/subdags/subdag.py
[2021-07-23 16:20:59,933] {scheduler_job.py:189} INFO - Processing /home/dennismutia/.virtualenvs/wefarm/lib/python3.8/site-packages/airflow/example_dags/subdags/subdag.py took 0.037 seconds
[2021-07-23 16:21:04,023] {scheduler_job.py:181} INFO - Started process (PID=2110) to work on /home/dennismutia/.virtualenvs/wefarm/lib/python3.8/site-packages/airflow/example_dags/subdags/subdag.py
[2021-07-23 16:21:04,025] {scheduler_job.py:632} INFO - Processing file /home/dennismutia/.virtualenvs/wefarm/lib/python3.8/site-packages/airflow/example_dags/subdags/subdag.py for tasks to queue
[2021-07-23 16:21:04,028] {logging_mixin.py:104} INFO - [2021-07-23 16:21:04,028] {dagbag.py:496} INFO - Filling up the DagBag from /home/dennismutia/.virtualenvs/wefarm/lib/python3.8/site-packages/airflow/example_dags/subdags/subdag.py
[2021-07-23 16:21:04,031] {scheduler_job.py:644} WARNING - No viable dags retrieved from /home/dennismutia/.virtualenvs/wefarm/lib/python3.8/site-packages/airflow/example_dags/subdags/subdag.py
[2021-07-23 16:21:04,055] {scheduler_job.py:189} INFO - Processing /home/dennismutia/.virtualenvs/wefarm/lib/python3.8/site-packages/airflow/example_dags/subdags/subdag.py took 0.036 seconds
[2021-07-23 16:21:06,633] {scheduler_job.py:181} INFO - Started process (PID=2171) to work on /home/dennismutia/.virtualenvs/wefarm/lib/python3.8/site-packages/airflow/example_dags/subdags/subdag.py
[2021-07-23 16:21:06,634] {scheduler_job.py:632} INFO - Processing file /home/dennismutia/.virtualenvs/wefarm/lib/python3.8/site-packages/airflow/example_dags/subdags/subdag.py for tasks to queue
[2021-07-23 16:21:06,635] {logging_mixin.py:104} INFO - [2021-07-23 16:21:06,635] {dagbag.py:496} INFO - Filling up the DagBag from /home/dennismutia/.virtualenvs/wefarm/lib/python3.8/site-packages/airflow/example_dags/subdags/subdag.py
[2021-07-23 16:21:06,637] {scheduler_job.py:644} WARNING - No viable dags retrieved from /home/dennismutia/.virtualenvs/wefarm/lib/python3.8/site-packages/airflow/example_dags/subdags/subdag.py
[2021-07-23 16:21:06,673] {scheduler_job.py:189} INFO - Processing /home/dennismutia/.virtualenvs/wefarm/lib/python3.8/site-packages/airflow/example_dags/subdags/subdag.py took 0.043 seconds
[2021-07-23 16:21:09,809] {scheduler_job.py:181} INFO - Started process (PID=2275) to work on /home/dennismutia/.virtualenvs/wefarm/lib/python3.8/site-packages/airflow/example_dags/subdags/subdag.py
[2021-07-23 16:21:09,811] {scheduler_job.py:632} INFO - Processing file /home/dennismutia/.virtualenvs/wefarm/lib/python3.8/site-packages/airflow/example_dags/subdags/subdag.py for tasks to queue
[2021-07-23 16:21:09,811] {logging_mixin.py:104} INFO - [2021-07-23 16:21:09,811] {dagbag.py:496} INFO - Filling up the DagBag from /home/dennismutia/.virtualenvs/wefarm/lib/python3.8/site-packages/airflow/example_dags/subdags/subdag.py
[2021-07-23 16:21:09,814] {scheduler_job.py:644} WARNING - No viable dags retrieved from /home/dennismutia/.virtualenvs/wefarm/lib/python3.8/site-packages/airflow/example_dags/subdags/subdag.py
[2021-07-23 16:21:09,834] {scheduler_job.py:189} INFO - Processing /home/dennismutia/.virtualenvs/wefarm/lib/python3.8/site-packages/airflow/example_dags/subdags/subdag.py took 0.028 seconds
[2021-07-23 16:21:12,571] {scheduler_job.py:181} INFO - Started process (PID=2343) to work on /home/dennismutia/.virtualenvs/wefarm/lib/python3.8/site-packages/airflow/example_dags/subdags/subdag.py
[2021-07-23 16:21:12,572] {scheduler_job.py:632} INFO - Processing file /home/dennismutia/.virtualenvs/wefarm/lib/python3.8/site-packages/airflow/example_dags/subdags/subdag.py for tasks to queue
[2021-07-23 16:21:12,573] {logging_mixin.py:104} INFO - [2021-07-23 16:21:12,573] {dagbag.py:496} INFO - Filling up the DagBag from /home/dennismutia/.virtualenvs/wefarm/lib/python3.8/site-packages/airflow/example_dags/subdags/subdag.py
[2021-07-23 16:21:12,576] {scheduler_job.py:644} WARNING - No viable dags retrieved from /home/dennismutia/.virtualenvs/wefarm/lib/python3.8/site-packages/airflow/example_dags/subdags/subdag.py
[2021-07-23 16:21:12,613] {scheduler_job.py:189} INFO - Processing /home/dennismutia/.virtualenvs/wefarm/lib/python3.8/site-packages/airflow/example_dags/subdags/subdag.py took 0.045 seconds
[2021-07-23 16:21:15,005] {scheduler_job.py:181} INFO - Started process (PID=2403) to work on /home/dennismutia/.virtualenvs/wefarm/lib/python3.8/site-packages/airflow/example_dags/subdags/subdag.py
[2021-07-23 16:21:15,006] {scheduler_job.py:632} INFO - Processing file /home/dennismutia/.virtualenvs/wefarm/lib/python3.8/site-packages/airflow/example_dags/subdags/subdag.py for tasks to queue
[2021-07-23 16:21:15,006] {logging_mixin.py:104} INFO - [2021-07-23 16:21:15,006] {dagbag.py:496} INFO - Filling up the DagBag from /home/dennismutia/.virtualenvs/wefarm/lib/python3.8/site-packages/airflow/example_dags/subdags/subdag.py
[2021-07-23 16:21:15,019] {scheduler_job.py:644} WARNING - No viable dags retrieved from /home/dennismutia/.virtualenvs/wefarm/lib/python3.8/site-packages/airflow/example_dags/subdags/subdag.py
[2021-07-23 16:21:15,052] {scheduler_job.py:189} INFO - Processing /home/dennismutia/.virtualenvs/wefarm/lib/python3.8/site-packages/airflow/example_dags/subdags/subdag.py took 0.051 seconds
[2021-07-23 16:21:17,391] {scheduler_job.py:181} INFO - Started process (PID=2463) to work on /home/dennismutia/.virtualenvs/wefarm/lib/python3.8/site-packages/airflow/example_dags/subdags/subdag.py
[2021-07-23 16:21:17,392] {scheduler_job.py:632} INFO - Processing file /home/dennismutia/.virtualenvs/wefarm/lib/python3.8/site-packages/airflow/example_dags/subdags/subdag.py for tasks to queue
[2021-07-23 16:21:17,393] {logging_mixin.py:104} INFO - [2021-07-23 16:21:17,393] {dagbag.py:496} INFO - Filling up the DagBag from /home/dennismutia/.virtualenvs/wefarm/lib/python3.8/site-packages/airflow/example_dags/subdags/subdag.py
[2021-07-23 16:21:17,396] {scheduler_job.py:644} WARNING - No viable dags retrieved from /home/dennismutia/.virtualenvs/wefarm/lib/python3.8/site-packages/airflow/example_dags/subdags/subdag.py
[2021-07-23 16:21:17,443] {scheduler_job.py:189} INFO - Processing /home/dennismutia/.virtualenvs/wefarm/lib/python3.8/site-packages/airflow/example_dags/subdags/subdag.py took 0.054 seconds
[2021-07-23 16:21:19,665] {scheduler_job.py:181} INFO - Started process (PID=2523) to work on /home/dennismutia/.virtualenvs/wefarm/lib/python3.8/site-packages/airflow/example_dags/subdags/subdag.py
[2021-07-23 16:21:19,666] {scheduler_job.py:632} INFO - Processing file /home/dennismutia/.virtualenvs/wefarm/lib/python3.8/site-packages/airflow/example_dags/subdags/subdag.py for tasks to queue
[2021-07-23 16:21:19,667] {logging_mixin.py:104} INFO - [2021-07-23 16:21:19,667] {dagbag.py:496} INFO - Filling up the DagBag from /home/dennismutia/.virtualenvs/wefarm/lib/python3.8/site-packages/airflow/example_dags/subdags/subdag.py
[2021-07-23 16:21:19,670] {scheduler_job.py:644} WARNING - No viable dags retrieved from /home/dennismutia/.virtualenvs/wefarm/lib/python3.8/site-packages/airflow/example_dags/subdags/subdag.py
[2021-07-23 16:21:19,706] {scheduler_job.py:189} INFO - Processing /home/dennismutia/.virtualenvs/wefarm/lib/python3.8/site-packages/airflow/example_dags/subdags/subdag.py took 0.045 seconds
[2021-07-23 16:21:22,226] {scheduler_job.py:181} INFO - Started process (PID=2583) to work on /home/dennismutia/.virtualenvs/wefarm/lib/python3.8/site-packages/airflow/example_dags/subdags/subdag.py
[2021-07-23 16:21:22,227] {scheduler_job.py:632} INFO - Processing file /home/dennismutia/.virtualenvs/wefarm/lib/python3.8/site-packages/airflow/example_dags/subdags/subdag.py for tasks to queue
[2021-07-23 16:21:22,228] {logging_mixin.py:104} INFO - [2021-07-23 16:21:22,228] {dagbag.py:496} INFO - Filling up the DagBag from /home/dennismutia/.virtualenvs/wefarm/lib/python3.8/site-packages/airflow/example_dags/subdags/subdag.py
[2021-07-23 16:21:22,231] {scheduler_job.py:644} WARNING - No viable dags retrieved from /home/dennismutia/.virtualenvs/wefarm/lib/python3.8/site-packages/airflow/example_dags/subdags/subdag.py
[2021-07-23 16:21:22,258] {scheduler_job.py:189} INFO - Processing /home/dennismutia/.virtualenvs/wefarm/lib/python3.8/site-packages/airflow/example_dags/subdags/subdag.py took 0.036 seconds
[2021-07-23 16:21:24,640] {scheduler_job.py:181} INFO - Started process (PID=2643) to work on /home/dennismutia/.virtualenvs/wefarm/lib/python3.8/site-packages/airflow/example_dags/subdags/subdag.py
[2021-07-23 16:21:24,642] {scheduler_job.py:632} INFO - Processing file /home/dennismutia/.virtualenvs/wefarm/lib/python3.8/site-packages/airflow/example_dags/subdags/subdag.py for tasks to queue
[2021-07-23 16:21:24,643] {logging_mixin.py:104} INFO - [2021-07-23 16:21:24,643] {dagbag.py:496} INFO - Filling up the DagBag from /home/dennismutia/.virtualenvs/wefarm/lib/python3.8/site-packages/airflow/example_dags/subdags/subdag.py
[2021-07-23 16:21:24,649] {scheduler_job.py:644} WARNING - No viable dags retrieved from /home/dennismutia/.virtualenvs/wefarm/lib/python3.8/site-packages/airflow/example_dags/subdags/subdag.py
[2021-07-23 16:21:24,681] {scheduler_job.py:189} INFO - Processing /home/dennismutia/.virtualenvs/wefarm/lib/python3.8/site-packages/airflow/example_dags/subdags/subdag.py took 0.044 seconds
[2021-07-23 16:21:27,139] {scheduler_job.py:181} INFO - Started process (PID=2724) to work on /home/dennismutia/.virtualenvs/wefarm/lib/python3.8/site-packages/airflow/example_dags/subdags/subdag.py
[2021-07-23 16:21:27,141] {scheduler_job.py:632} INFO - Processing file /home/dennismutia/.virtualenvs/wefarm/lib/python3.8/site-packages/airflow/example_dags/subdags/subdag.py for tasks to queue
[2021-07-23 16:21:27,144] {logging_mixin.py:104} INFO - [2021-07-23 16:21:27,143] {dagbag.py:496} INFO - Filling up the DagBag from /home/dennismutia/.virtualenvs/wefarm/lib/python3.8/site-packages/airflow/example_dags/subdags/subdag.py
[2021-07-23 16:21:27,150] {scheduler_job.py:644} WARNING - No viable dags retrieved from /home/dennismutia/.virtualenvs/wefarm/lib/python3.8/site-packages/airflow/example_dags/subdags/subdag.py
[2021-07-23 16:21:27,177] {scheduler_job.py:189} INFO - Processing /home/dennismutia/.virtualenvs/wefarm/lib/python3.8/site-packages/airflow/example_dags/subdags/subdag.py took 0.041 seconds
[2021-07-23 16:21:29,823] {scheduler_job.py:181} INFO - Started process (PID=2784) to work on /home/dennismutia/.virtualenvs/wefarm/lib/python3.8/site-packages/airflow/example_dags/subdags/subdag.py
[2021-07-23 16:21:29,824] {scheduler_job.py:632} INFO - Processing file /home/dennismutia/.virtualenvs/wefarm/lib/python3.8/site-packages/airflow/example_dags/subdags/subdag.py for tasks to queue
[2021-07-23 16:21:29,825] {logging_mixin.py:104} INFO - [2021-07-23 16:21:29,825] {dagbag.py:496} INFO - Filling up the DagBag from /home/dennismutia/.virtualenvs/wefarm/lib/python3.8/site-packages/airflow/example_dags/subdags/subdag.py
[2021-07-23 16:21:29,827] {scheduler_job.py:644} WARNING - No viable dags retrieved from /home/dennismutia/.virtualenvs/wefarm/lib/python3.8/site-packages/airflow/example_dags/subdags/subdag.py
[2021-07-23 16:21:29,858] {scheduler_job.py:189} INFO - Processing /home/dennismutia/.virtualenvs/wefarm/lib/python3.8/site-packages/airflow/example_dags/subdags/subdag.py took 0.039 seconds
[2021-07-23 16:21:32,561] {scheduler_job.py:181} INFO - Started process (PID=2844) to work on /home/dennismutia/.virtualenvs/wefarm/lib/python3.8/site-packages/airflow/example_dags/subdags/subdag.py
[2021-07-23 16:21:32,563] {scheduler_job.py:632} INFO - Processing file /home/dennismutia/.virtualenvs/wefarm/lib/python3.8/site-packages/airflow/example_dags/subdags/subdag.py for tasks to queue
[2021-07-23 16:21:32,565] {logging_mixin.py:104} INFO - [2021-07-23 16:21:32,565] {dagbag.py:496} INFO - Filling up the DagBag from /home/dennismutia/.virtualenvs/wefarm/lib/python3.8/site-packages/airflow/example_dags/subdags/subdag.py
[2021-07-23 16:21:32,570] {scheduler_job.py:644} WARNING - No viable dags retrieved from /home/dennismutia/.virtualenvs/wefarm/lib/python3.8/site-packages/airflow/example_dags/subdags/subdag.py
[2021-07-23 16:21:32,602] {scheduler_job.py:189} INFO - Processing /home/dennismutia/.virtualenvs/wefarm/lib/python3.8/site-packages/airflow/example_dags/subdags/subdag.py took 0.044 seconds
[2021-07-23 16:21:35,912] {scheduler_job.py:181} INFO - Started process (PID=2904) to work on /home/dennismutia/.virtualenvs/wefarm/lib/python3.8/site-packages/airflow/example_dags/subdags/subdag.py
[2021-07-23 16:21:35,913] {scheduler_job.py:632} INFO - Processing file /home/dennismutia/.virtualenvs/wefarm/lib/python3.8/site-packages/airflow/example_dags/subdags/subdag.py for tasks to queue
[2021-07-23 16:21:35,914] {logging_mixin.py:104} INFO - [2021-07-23 16:21:35,914] {dagbag.py:496} INFO - Filling up the DagBag from /home/dennismutia/.virtualenvs/wefarm/lib/python3.8/site-packages/airflow/example_dags/subdags/subdag.py
[2021-07-23 16:21:35,925] {scheduler_job.py:644} WARNING - No viable dags retrieved from /home/dennismutia/.virtualenvs/wefarm/lib/python3.8/site-packages/airflow/example_dags/subdags/subdag.py
[2021-07-23 16:21:35,961] {scheduler_job.py:189} INFO - Processing /home/dennismutia/.virtualenvs/wefarm/lib/python3.8/site-packages/airflow/example_dags/subdags/subdag.py took 0.054 seconds
[2021-07-23 16:21:38,839] {scheduler_job.py:181} INFO - Started process (PID=2964) to work on /home/dennismutia/.virtualenvs/wefarm/lib/python3.8/site-packages/airflow/example_dags/subdags/subdag.py
[2021-07-23 16:21:38,842] {scheduler_job.py:632} INFO - Processing file /home/dennismutia/.virtualenvs/wefarm/lib/python3.8/site-packages/airflow/example_dags/subdags/subdag.py for tasks to queue
[2021-07-23 16:21:38,843] {logging_mixin.py:104} INFO - [2021-07-23 16:21:38,843] {dagbag.py:496} INFO - Filling up the DagBag from /home/dennismutia/.virtualenvs/wefarm/lib/python3.8/site-packages/airflow/example_dags/subdags/subdag.py
[2021-07-23 16:21:38,846] {scheduler_job.py:644} WARNING - No viable dags retrieved from /home/dennismutia/.virtualenvs/wefarm/lib/python3.8/site-packages/airflow/example_dags/subdags/subdag.py
[2021-07-23 16:21:38,869] {scheduler_job.py:189} INFO - Processing /home/dennismutia/.virtualenvs/wefarm/lib/python3.8/site-packages/airflow/example_dags/subdags/subdag.py took 0.035 seconds
[2021-07-23 16:21:41,577] {scheduler_job.py:181} INFO - Started process (PID=3024) to work on /home/dennismutia/.virtualenvs/wefarm/lib/python3.8/site-packages/airflow/example_dags/subdags/subdag.py
[2021-07-23 16:21:41,578] {scheduler_job.py:632} INFO - Processing file /home/dennismutia/.virtualenvs/wefarm/lib/python3.8/site-packages/airflow/example_dags/subdags/subdag.py for tasks to queue
[2021-07-23 16:21:41,579] {logging_mixin.py:104} INFO - [2021-07-23 16:21:41,578] {dagbag.py:496} INFO - Filling up the DagBag from /home/dennismutia/.virtualenvs/wefarm/lib/python3.8/site-packages/airflow/example_dags/subdags/subdag.py
[2021-07-23 16:21:41,582] {scheduler_job.py:644} WARNING - No viable dags retrieved from /home/dennismutia/.virtualenvs/wefarm/lib/python3.8/site-packages/airflow/example_dags/subdags/subdag.py
[2021-07-23 16:21:41,613] {scheduler_job.py:189} INFO - Processing /home/dennismutia/.virtualenvs/wefarm/lib/python3.8/site-packages/airflow/example_dags/subdags/subdag.py took 0.040 seconds
[2021-07-23 16:21:46,010] {scheduler_job.py:181} INFO - Started process (PID=3084) to work on /home/dennismutia/.virtualenvs/wefarm/lib/python3.8/site-packages/airflow/example_dags/subdags/subdag.py
[2021-07-23 16:21:46,011] {scheduler_job.py:632} INFO - Processing file /home/dennismutia/.virtualenvs/wefarm/lib/python3.8/site-packages/airflow/example_dags/subdags/subdag.py for tasks to queue
[2021-07-23 16:21:46,012] {logging_mixin.py:104} INFO - [2021-07-23 16:21:46,012] {dagbag.py:496} INFO - Filling up the DagBag from /home/dennismutia/.virtualenvs/wefarm/lib/python3.8/site-packages/airflow/example_dags/subdags/subdag.py
[2021-07-23 16:21:46,021] {scheduler_job.py:644} WARNING - No viable dags retrieved from /home/dennismutia/.virtualenvs/wefarm/lib/python3.8/site-packages/airflow/example_dags/subdags/subdag.py
[2021-07-23 16:21:46,065] {scheduler_job.py:189} INFO - Processing /home/dennismutia/.virtualenvs/wefarm/lib/python3.8/site-packages/airflow/example_dags/subdags/subdag.py took 0.058 seconds
[2021-07-23 16:21:49,527] {scheduler_job.py:181} INFO - Started process (PID=3144) to work on /home/dennismutia/.virtualenvs/wefarm/lib/python3.8/site-packages/airflow/example_dags/subdags/subdag.py
[2021-07-23 16:21:49,529] {scheduler_job.py:632} INFO - Processing file /home/dennismutia/.virtualenvs/wefarm/lib/python3.8/site-packages/airflow/example_dags/subdags/subdag.py for tasks to queue
[2021-07-23 16:21:49,530] {logging_mixin.py:104} INFO - [2021-07-23 16:21:49,530] {dagbag.py:496} INFO - Filling up the DagBag from /home/dennismutia/.virtualenvs/wefarm/lib/python3.8/site-packages/airflow/example_dags/subdags/subdag.py
[2021-07-23 16:21:49,544] {scheduler_job.py:644} WARNING - No viable dags retrieved from /home/dennismutia/.virtualenvs/wefarm/lib/python3.8/site-packages/airflow/example_dags/subdags/subdag.py
[2021-07-23 16:21:49,590] {scheduler_job.py:189} INFO - Processing /home/dennismutia/.virtualenvs/wefarm/lib/python3.8/site-packages/airflow/example_dags/subdags/subdag.py took 0.070 seconds
[2021-07-23 16:21:53,171] {scheduler_job.py:181} INFO - Started process (PID=3204) to work on /home/dennismutia/.virtualenvs/wefarm/lib/python3.8/site-packages/airflow/example_dags/subdags/subdag.py
[2021-07-23 16:21:53,175] {scheduler_job.py:632} INFO - Processing file /home/dennismutia/.virtualenvs/wefarm/lib/python3.8/site-packages/airflow/example_dags/subdags/subdag.py for tasks to queue
[2021-07-23 16:21:53,176] {logging_mixin.py:104} INFO - [2021-07-23 16:21:53,176] {dagbag.py:496} INFO - Filling up the DagBag from /home/dennismutia/.virtualenvs/wefarm/lib/python3.8/site-packages/airflow/example_dags/subdags/subdag.py
[2021-07-23 16:21:53,186] {scheduler_job.py:644} WARNING - No viable dags retrieved from /home/dennismutia/.virtualenvs/wefarm/lib/python3.8/site-packages/airflow/example_dags/subdags/subdag.py
[2021-07-23 16:21:53,223] {scheduler_job.py:189} INFO - Processing /home/dennismutia/.virtualenvs/wefarm/lib/python3.8/site-packages/airflow/example_dags/subdags/subdag.py took 0.060 seconds
